

================================================================
== Vitis HLS Report for 'matrix_mult'
================================================================
* Date:           Mon May 25 14:49:35 2026

* Version:        2022.2 (Build 3670227 on Oct 13 2022)
* Project:        matrix_mult_prj
* Solution:       solution4 (Vivado IP Flow Target)
* Product family: zynq
* Target device:  xc7z020-clg484-1


================================================================
== Performance Estimates
================================================================
+ Timing: 
    * Summary: 
    +--------+---------+----------+------------+
    |  Clock |  Target | Estimated| Uncertainty|
    +--------+---------+----------+------------+
    |ap_clk  |  5.00 ns|  3.570 ns|     1.35 ns|
    +--------+---------+----------+------------+

+ Latency: 
    * Summary: 
    +---------+---------+----------+----------+-----+-----+---------+
    |  Latency (cycles) |  Latency (absolute) |  Interval | Pipeline|
    |   min   |   max   |    min   |    max   | min | max |   Type  |
    +---------+---------+----------+----------+-----+-----+---------+
    |       61|       61|  0.305 us|  0.305 us|   62|   62|       no|
    +---------+---------+----------+----------+-----+-----+---------+

    + Detail: 
        * Instance: 
        N/A

        * Loop: 
        +-----------+---------+---------+----------+-----------+-----------+------+----------+
        |           |  Latency (cycles) | Iteration|  Initiation Interval  | Trip |          |
        | Loop Name |   min   |   max   |  Latency |  achieved |   target  | Count| Pipelined|
        +-----------+---------+---------+----------+-----------+-----------+------+----------+
        |- Row_Col  |       59|       59|        12|          2|          1|    25|       yes|
        +-----------+---------+---------+----------+-----------+-----------+------+----------+

============================================================
+ Verbose Summary: Synthesis Manager
============================================================
InlineROM: 1
ExposeGlobal: 0
============================================================
+ Verbose Summary: CDFG Model
============================================================
IsTopModel: 1
ResetActiveHigh: 1
IsCombinational: 0
IsDatapathOnly: 0
HasWiredReturn: 1
HasMFsm: 2
HasVarLatency: 1
IsPipeline: 0
IsRtlPipelined: 0
IsInstanceOverlapped: 0
IsDontTouch: 0
HasImplIP: 0
IsGatedGlobalClock: 0

+ Individual pipeline summary: 
  * Pipeline-0: initiation interval (II) = 2, depth = 12


============================================================
+ Verbose Summary: Schedule
============================================================
* Number of FSM states : 12
* Pipeline : 1
  Pipeline-0 : II = 2, D = 12, States = { 1 2 3 4 5 6 7 8 9 10 11 12 }
* Dataflow Pipeline: 0

* FSM state transitions: 
1 --> 2 
2 --> 3 
3 --> 4 
4 --> 5 
5 --> 6 
6 --> 7 
7 --> 8 
8 --> 9 
9 --> 10 
10 --> 11 
11 --> 12 
12 --> 

* FSM state operations: 

State 1 <SV = 0> <Delay = 2.63>
ST_1 : Operation 15 [1/1] (0.00ns)   --->   "%j = alloca i32 1"   --->   Operation 15 'alloca' 'j' <Predicate = true> <Delay = 0.00>
ST_1 : Operation 16 [1/1] (0.00ns)   --->   "%i = alloca i32 1"   --->   Operation 16 'alloca' 'i' <Predicate = true> <Delay = 0.00>
ST_1 : Operation 17 [1/1] (0.00ns)   --->   "%indvar_flatten = alloca i32 1"   --->   Operation 17 'alloca' 'indvar_flatten' <Predicate = true> <Delay = 0.00>
ST_1 : Operation 18 [1/1] (0.00ns)   --->   "%spectopmodule_ln0 = spectopmodule void @_ssdm_op_SpecTopModule, void @empty_1"   --->   Operation 18 'spectopmodule' 'spectopmodule_ln0' <Predicate = true> <Delay = 0.00>
ST_1 : Operation 19 [1/1] (0.00ns)   --->   "%specinterface_ln0 = specinterface void @_ssdm_op_SpecInterface, i40 %a, void @empty, i32 0, i32 0, void @empty_0, i32 4294967295, i32 0, void @empty_0, void @empty_0, void @empty_0, i32 0, i32 0, i32 0, i32 0, void @empty_0, void @empty_0, i32 4294967295, i32 0"   --->   Operation 19 'specinterface' 'specinterface_ln0' <Predicate = true> <Delay = 0.00>
ST_1 : Operation 20 [1/1] (0.00ns)   --->   "%specbitsmap_ln0 = specbitsmap void @_ssdm_op_SpecBitsMap, i40 %a"   --->   Operation 20 'specbitsmap' 'specbitsmap_ln0' <Predicate = true> <Delay = 0.00>
ST_1 : Operation 21 [1/1] (0.00ns)   --->   "%specinterface_ln0 = specinterface void @_ssdm_op_SpecInterface, i40 %b, void @empty, i32 0, i32 0, void @empty_0, i32 4294967295, i32 0, void @empty_0, void @empty_0, void @empty_0, i32 0, i32 0, i32 0, i32 0, void @empty_0, void @empty_0, i32 4294967295, i32 0"   --->   Operation 21 'specinterface' 'specinterface_ln0' <Predicate = true> <Delay = 0.00>
ST_1 : Operation 22 [1/1] (0.00ns)   --->   "%specbitsmap_ln0 = specbitsmap void @_ssdm_op_SpecBitsMap, i40 %b"   --->   Operation 22 'specbitsmap' 'specbitsmap_ln0' <Predicate = true> <Delay = 0.00>
ST_1 : Operation 23 [1/1] (0.00ns)   --->   "%specinterface_ln0 = specinterface void @_ssdm_op_SpecInterface, i16 %prod, void @empty, i32 0, i32 0, void @empty_0, i32 4294967295, i32 0, void @empty_0, void @empty_0, void @empty_0, i32 0, i32 0, i32 0, i32 0, void @empty_0, void @empty_0, i32 4294967295, i32 0"   --->   Operation 23 'specinterface' 'specinterface_ln0' <Predicate = true> <Delay = 0.00>
ST_1 : Operation 24 [1/1] (0.00ns)   --->   "%specbitsmap_ln0 = specbitsmap void @_ssdm_op_SpecBitsMap, i16 %prod"   --->   Operation 24 'specbitsmap' 'specbitsmap_ln0' <Predicate = true> <Delay = 0.00>
ST_1 : Operation 25 [1/1] (1.58ns)   --->   "%store_ln10 = store i5 0, i5 %indvar_flatten" [matrix_mult.cpp:10]   --->   Operation 25 'store' 'store_ln10' <Predicate = true> <Delay = 1.58>
ST_1 : Operation 26 [1/1] (1.58ns)   --->   "%store_ln10 = store i3 0, i3 %i" [matrix_mult.cpp:10]   --->   Operation 26 'store' 'store_ln10' <Predicate = true> <Delay = 1.58>
ST_1 : Operation 27 [1/1] (1.58ns)   --->   "%store_ln10 = store i3 0, i3 %j" [matrix_mult.cpp:10]   --->   Operation 27 'store' 'store_ln10' <Predicate = true> <Delay = 1.58>
ST_1 : Operation 28 [1/1] (0.00ns)   --->   "%br_ln10 = br void %for.inc" [matrix_mult.cpp:10]   --->   Operation 28 'br' 'br_ln10' <Predicate = true> <Delay = 0.00>
ST_1 : Operation 29 [1/1] (0.00ns)   --->   "%i_1 = load i3 %i" [matrix_mult.cpp:10]   --->   Operation 29 'load' 'i_1' <Predicate = true> <Delay = 0.00>
ST_1 : Operation 30 [1/1] (0.00ns)   --->   "%indvar_flatten_load = load i5 %indvar_flatten" [matrix_mult.cpp:10]   --->   Operation 30 'load' 'indvar_flatten_load' <Predicate = true> <Delay = 0.00>
ST_1 : Operation 31 [1/1] (0.00ns)   --->   "%zext_ln10 = zext i3 %i_1" [matrix_mult.cpp:10]   --->   Operation 31 'zext' 'zext_ln10' <Predicate = true> <Delay = 0.00>
ST_1 : Operation 32 [1/1] (0.00ns)   --->   "%a_addr = getelementptr i40 %a, i64 0, i64 %zext_ln10" [matrix_mult.cpp:10]   --->   Operation 32 'getelementptr' 'a_addr' <Predicate = true> <Delay = 0.00>
ST_1 : Operation 33 [2/2] (2.32ns)   --->   "%a_load = load i3 %a_addr" [matrix_mult.cpp:10]   --->   Operation 33 'load' 'a_load' <Predicate = true> <Delay = 2.32> <CoreInst = "RAM">   --->   Core 82 'RAM' <Latency = 1> <II = 1> <Delay = 2.32> <Storage> <Opcode : 'load' 'store'> <Ports = 2> <Width = 40> <Depth = 5> <RAM>
ST_1 : Operation 34 [1/1] (1.36ns)   --->   "%icmp_ln10 = icmp_eq  i5 %indvar_flatten_load, i5 25" [matrix_mult.cpp:10]   --->   Operation 34 'icmp' 'icmp_ln10' <Predicate = true> <Delay = 1.36> <CoreInst = "Cmp">   --->   Core 9 'Cmp' <Latency = 0> <II = 1> <Delay = 1.36> <FuncUnit> <Opcode : 'icmp'> <InPorts = 2> <OutPorts = 1>
ST_1 : Operation 35 [1/1] (0.00ns)   --->   "%br_ln10 = br i1 %icmp_ln10, void %for.inc29, void %for.end31" [matrix_mult.cpp:10]   --->   Operation 35 'br' 'br_ln10' <Predicate = true> <Delay = 0.00>
ST_1 : Operation 36 [1/1] (0.00ns)   --->   "%j_load = load i3 %j" [matrix_mult.cpp:12]   --->   Operation 36 'load' 'j_load' <Predicate = (!icmp_ln10)> <Delay = 0.00>
ST_1 : Operation 37 [1/1] (1.65ns)   --->   "%add_ln10 = add i3 %i_1, i3 1" [matrix_mult.cpp:10]   --->   Operation 37 'add' 'add_ln10' <Predicate = (!icmp_ln10)> <Delay = 1.65> <CoreInst = "Adder">   --->   Core 1 'Adder' <Latency = 0> <II = 1> <Delay = 1.65> <FuncUnit> <Opcode : 'add' 'sub'> <InPorts = 2> <OutPorts = 1>
ST_1 : Operation 38 [1/1] (1.13ns)   --->   "%icmp_ln12 = icmp_eq  i3 %j_load, i3 5" [matrix_mult.cpp:12]   --->   Operation 38 'icmp' 'icmp_ln12' <Predicate = (!icmp_ln10)> <Delay = 1.13> <CoreInst = "Cmp">   --->   Core 9 'Cmp' <Latency = 0> <II = 1> <Delay = 1.13> <FuncUnit> <Opcode : 'icmp'> <InPorts = 2> <OutPorts = 1>
ST_1 : Operation 39 [1/1] (0.98ns)   --->   "%select_ln10 = select i1 %icmp_ln12, i3 0, i3 %j_load" [matrix_mult.cpp:10]   --->   Operation 39 'select' 'select_ln10' <Predicate = (!icmp_ln10)> <Delay = 0.98> <CoreInst = "Sel">   --->   Core 73 'Sel' <Latency = 0> <II = 1> <Delay = 0.98> <FuncUnit> <Opcode : 'select'> <InPorts = 3> <OutPorts = 1>
ST_1 : Operation 40 [1/1] (0.98ns)   --->   "%select_ln10_1 = select i1 %icmp_ln12, i3 %add_ln10, i3 %i_1" [matrix_mult.cpp:10]   --->   Operation 40 'select' 'select_ln10_1' <Predicate = (!icmp_ln10)> <Delay = 0.98> <CoreInst = "Sel">   --->   Core 73 'Sel' <Latency = 0> <II = 1> <Delay = 0.98> <FuncUnit> <Opcode : 'select'> <InPorts = 3> <OutPorts = 1>

State 2 <SV = 1> <Delay = 3.40>
ST_2 : Operation 41 [1/2] (2.32ns)   --->   "%a_load = load i3 %a_addr" [matrix_mult.cpp:10]   --->   Operation 41 'load' 'a_load' <Predicate = true> <Delay = 2.32> <CoreInst = "RAM">   --->   Core 82 'RAM' <Latency = 1> <II = 1> <Delay = 2.32> <Storage> <Opcode : 'load' 'store'> <Ports = 2> <Width = 40> <Depth = 5> <RAM>
ST_2 : Operation 42 [1/1] (0.00ns)   --->   "%tmp = partselect i8 @_ssdm_op_PartSelect.i8.i40.i32.i32, i40 %a_load, i32 8, i32 15" [matrix_mult.cpp:10]   --->   Operation 42 'partselect' 'tmp' <Predicate = (!icmp_ln12)> <Delay = 0.00>
ST_2 : Operation 43 [1/1] (0.00ns)   --->   "%tmp_s = partselect i8 @_ssdm_op_PartSelect.i8.i40.i32.i32, i40 %a_load, i32 16, i32 23" [matrix_mult.cpp:10]   --->   Operation 43 'partselect' 'tmp_s' <Predicate = (!icmp_ln12)> <Delay = 0.00>
ST_2 : Operation 44 [1/1] (0.00ns)   --->   "%tmp_1 = partselect i8 @_ssdm_op_PartSelect.i8.i40.i32.i32, i40 %a_load, i32 24, i32 31" [matrix_mult.cpp:10]   --->   Operation 44 'partselect' 'tmp_1' <Predicate = (!icmp_ln12)> <Delay = 0.00>
ST_2 : Operation 45 [1/1] (0.00ns)   --->   "%tmp_2 = partselect i8 @_ssdm_op_PartSelect.i8.i40.i32.i32, i40 %a_load, i32 32, i32 39" [matrix_mult.cpp:10]   --->   Operation 45 'partselect' 'tmp_2' <Predicate = (!icmp_ln12)> <Delay = 0.00>
ST_2 : Operation 46 [1/1] (1.78ns)   --->   "%add_ln10_1 = add i5 %indvar_flatten_load, i5 1" [matrix_mult.cpp:10]   --->   Operation 46 'add' 'add_ln10_1' <Predicate = true> <Delay = 1.78> <CoreInst = "Adder">   --->   Core 1 'Adder' <Latency = 0> <II = 1> <Delay = 1.78> <FuncUnit> <Opcode : 'add' 'sub'> <InPorts = 2> <OutPorts = 1>
ST_2 : Operation 47 [1/1] (0.00ns)   --->   "%zext_ln10_1 = zext i3 %add_ln10" [matrix_mult.cpp:10]   --->   Operation 47 'zext' 'zext_ln10_1' <Predicate = (!icmp_ln10)> <Delay = 0.00>
ST_2 : Operation 48 [1/1] (0.00ns)   --->   "%zext_ln16 = zext i3 %select_ln10_1" [matrix_mult.cpp:16]   --->   Operation 48 'zext' 'zext_ln16' <Predicate = (!icmp_ln10)> <Delay = 0.00>
ST_2 : Operation 49 [1/1] (0.00ns)   --->   "%tmp_8 = bitconcatenate i5 @_ssdm_op_BitConcatenate.i5.i3.i2, i3 %select_ln10_1, i2 0" [matrix_mult.cpp:16]   --->   Operation 49 'bitconcatenate' 'tmp_8' <Predicate = (!icmp_ln10)> <Delay = 0.00>
ST_2 : Operation 50 [1/1] (0.00ns) (grouped into TernaryAdder)   --->   "%add_ln16_4 = add i5 %tmp_8, i5 %zext_ln16" [matrix_mult.cpp:16]   --->   Operation 50 'add' 'add_ln16_4' <Predicate = (!icmp_ln10)> <Delay = 0.00> <CoreInst = "TAddSub">   --->   Core 10 'TAddSub' <Latency = 0> <II = 1> <Delay = 1.70> <IPBlock> <Opcode : 'add' 'sub'> <InPorts = 3> <OutPorts = 1> <Sync> <CReg>
ST_2 : Operation 51 [1/1] (0.00ns)   --->   "%a_addr_1 = getelementptr i40 %a, i64 0, i64 %zext_ln10_1" [matrix_mult.cpp:10]   --->   Operation 51 'getelementptr' 'a_addr_1' <Predicate = (!icmp_ln10)> <Delay = 0.00>
ST_2 : Operation 52 [2/2] (2.32ns)   --->   "%a_load_1 = load i3 %a_addr_1" [matrix_mult.cpp:10]   --->   Operation 52 'load' 'a_load_1' <Predicate = (!icmp_ln10)> <Delay = 2.32> <CoreInst = "RAM">   --->   Core 82 'RAM' <Latency = 1> <II = 1> <Delay = 2.32> <Storage> <Opcode : 'load' 'store'> <Ports = 2> <Width = 40> <Depth = 5> <RAM>
ST_2 : Operation 53 [1/1] (0.00ns)   --->   "%trunc_ln10_1 = trunc i40 %a_load" [matrix_mult.cpp:10]   --->   Operation 53 'trunc' 'trunc_ln10_1' <Predicate = (!icmp_ln10 & !icmp_ln12)> <Delay = 0.00>
ST_2 : Operation 54 [1/1] (0.00ns)   --->   "%zext_ln12 = zext i3 %select_ln10" [matrix_mult.cpp:12]   --->   Operation 54 'zext' 'zext_ln12' <Predicate = (!icmp_ln10)> <Delay = 0.00>
ST_2 : Operation 55 [1/1] (0.00ns)   --->   "%zext_ln16_1 = zext i3 %select_ln10" [matrix_mult.cpp:16]   --->   Operation 55 'zext' 'zext_ln16_1' <Predicate = (!icmp_ln10)> <Delay = 0.00>
ST_2 : Operation 56 [1/1] (3.40ns) (root node of TernaryAdder)   --->   "%add_ln16_5 = add i5 %add_ln16_4, i5 %zext_ln16_1" [matrix_mult.cpp:16]   --->   Operation 56 'add' 'add_ln16_5' <Predicate = (!icmp_ln10)> <Delay = 3.40> <CoreInst = "TAddSub">   --->   Core 10 'TAddSub' <Latency = 0> <II = 1> <Delay = 1.70> <IPBlock> <Opcode : 'add' 'sub'> <InPorts = 3> <OutPorts = 1> <Sync> <CReg>
ST_2 : Operation 57 [1/1] (0.00ns)   --->   "%b_addr = getelementptr i40 %b, i64 0, i64 %zext_ln12" [matrix_mult.cpp:16]   --->   Operation 57 'getelementptr' 'b_addr' <Predicate = (!icmp_ln10)> <Delay = 0.00>
ST_2 : Operation 58 [2/2] (2.32ns)   --->   "%b_load = load i3 %b_addr" [matrix_mult.cpp:16]   --->   Operation 58 'load' 'b_load' <Predicate = (!icmp_ln10)> <Delay = 2.32> <CoreInst = "RAM">   --->   Core 82 'RAM' <Latency = 1> <II = 1> <Delay = 2.32> <Storage> <Opcode : 'load' 'store'> <Ports = 2> <Width = 40> <Depth = 5> <RAM>
ST_2 : Operation 59 [1/1] (1.65ns)   --->   "%add_ln12 = add i3 %select_ln10, i3 1" [matrix_mult.cpp:12]   --->   Operation 59 'add' 'add_ln12' <Predicate = (!icmp_ln10)> <Delay = 1.65> <CoreInst = "Adder">   --->   Core 1 'Adder' <Latency = 0> <II = 1> <Delay = 1.65> <FuncUnit> <Opcode : 'add' 'sub'> <InPorts = 2> <OutPorts = 1>
ST_2 : Operation 60 [1/1] (1.58ns)   --->   "%store_ln12 = store i5 %add_ln10_1, i5 %indvar_flatten" [matrix_mult.cpp:12]   --->   Operation 60 'store' 'store_ln12' <Predicate = (!icmp_ln10)> <Delay = 1.58>
ST_2 : Operation 61 [1/1] (1.58ns)   --->   "%store_ln12 = store i3 %select_ln10_1, i3 %i" [matrix_mult.cpp:12]   --->   Operation 61 'store' 'store_ln12' <Predicate = (!icmp_ln10)> <Delay = 1.58>
ST_2 : Operation 62 [1/1] (1.58ns)   --->   "%store_ln12 = store i3 %add_ln12, i3 %j" [matrix_mult.cpp:12]   --->   Operation 62 'store' 'store_ln12' <Predicate = (!icmp_ln10)> <Delay = 1.58>

State 3 <SV = 2> <Delay = 3.57>
ST_3 : Operation 63 [1/2] (2.32ns)   --->   "%a_load_1 = load i3 %a_addr_1" [matrix_mult.cpp:10]   --->   Operation 63 'load' 'a_load_1' <Predicate = true> <Delay = 2.32> <CoreInst = "RAM">   --->   Core 82 'RAM' <Latency = 1> <II = 1> <Delay = 2.32> <Storage> <Opcode : 'load' 'store'> <Ports = 2> <Width = 40> <Depth = 5> <RAM>
ST_3 : Operation 64 [1/1] (0.00ns)   --->   "%trunc_ln10 = trunc i40 %a_load_1" [matrix_mult.cpp:10]   --->   Operation 64 'trunc' 'trunc_ln10' <Predicate = (icmp_ln12)> <Delay = 0.00>
ST_3 : Operation 65 [1/1] (1.24ns)   --->   "%select_ln10_2 = select i1 %icmp_ln12, i8 %trunc_ln10, i8 %trunc_ln10_1" [matrix_mult.cpp:10]   --->   Operation 65 'select' 'select_ln10_2' <Predicate = true> <Delay = 1.24> <CoreInst = "Sel">   --->   Core 73 'Sel' <Latency = 0> <II = 1> <Delay = 1.24> <FuncUnit> <Opcode : 'select'> <InPorts = 3> <OutPorts = 1>
ST_3 : Operation 66 [1/1] (0.00ns)   --->   "%tmp_mid = partselect i8 @_ssdm_op_PartSelect.i8.i40.i32.i32, i40 %a_load_1, i32 8, i32 15" [matrix_mult.cpp:10]   --->   Operation 66 'partselect' 'tmp_mid' <Predicate = (icmp_ln12)> <Delay = 0.00>
ST_3 : Operation 67 [1/1] (1.24ns)   --->   "%select_ln10_3 = select i1 %icmp_ln12, i8 %tmp_mid, i8 %tmp" [matrix_mult.cpp:10]   --->   Operation 67 'select' 'select_ln10_3' <Predicate = true> <Delay = 1.24> <CoreInst = "Sel">   --->   Core 73 'Sel' <Latency = 0> <II = 1> <Delay = 1.24> <FuncUnit> <Opcode : 'select'> <InPorts = 3> <OutPorts = 1>
ST_3 : Operation 68 [1/1] (0.00ns)   --->   "%tmp_1_mid = partselect i8 @_ssdm_op_PartSelect.i8.i40.i32.i32, i40 %a_load_1, i32 16, i32 23" [matrix_mult.cpp:10]   --->   Operation 68 'partselect' 'tmp_1_mid' <Predicate = (icmp_ln12)> <Delay = 0.00>
ST_3 : Operation 69 [1/1] (1.24ns)   --->   "%select_ln10_4 = select i1 %icmp_ln12, i8 %tmp_1_mid, i8 %tmp_s" [matrix_mult.cpp:10]   --->   Operation 69 'select' 'select_ln10_4' <Predicate = true> <Delay = 1.24> <CoreInst = "Sel">   --->   Core 73 'Sel' <Latency = 0> <II = 1> <Delay = 1.24> <FuncUnit> <Opcode : 'select'> <InPorts = 3> <OutPorts = 1>
ST_3 : Operation 70 [1/1] (0.00ns)   --->   "%tmp_2_mid = partselect i8 @_ssdm_op_PartSelect.i8.i40.i32.i32, i40 %a_load_1, i32 24, i32 31" [matrix_mult.cpp:10]   --->   Operation 70 'partselect' 'tmp_2_mid' <Predicate = (icmp_ln12)> <Delay = 0.00>
ST_3 : Operation 71 [1/1] (1.24ns)   --->   "%select_ln10_5 = select i1 %icmp_ln12, i8 %tmp_2_mid, i8 %tmp_1" [matrix_mult.cpp:10]   --->   Operation 71 'select' 'select_ln10_5' <Predicate = true> <Delay = 1.24> <CoreInst = "Sel">   --->   Core 73 'Sel' <Latency = 0> <II = 1> <Delay = 1.24> <FuncUnit> <Opcode : 'select'> <InPorts = 3> <OutPorts = 1>
ST_3 : Operation 72 [1/1] (0.00ns)   --->   "%tmp_3_mid = partselect i8 @_ssdm_op_PartSelect.i8.i40.i32.i32, i40 %a_load_1, i32 32, i32 39" [matrix_mult.cpp:10]   --->   Operation 72 'partselect' 'tmp_3_mid' <Predicate = (icmp_ln12)> <Delay = 0.00>
ST_3 : Operation 73 [1/1] (1.24ns)   --->   "%select_ln10_6 = select i1 %icmp_ln12, i8 %tmp_3_mid, i8 %tmp_2" [matrix_mult.cpp:10]   --->   Operation 73 'select' 'select_ln10_6' <Predicate = true> <Delay = 1.24> <CoreInst = "Sel">   --->   Core 73 'Sel' <Latency = 0> <II = 1> <Delay = 1.24> <FuncUnit> <Opcode : 'select'> <InPorts = 3> <OutPorts = 1>
ST_3 : Operation 74 [1/2] (2.32ns)   --->   "%b_load = load i3 %b_addr" [matrix_mult.cpp:16]   --->   Operation 74 'load' 'b_load' <Predicate = true> <Delay = 2.32> <CoreInst = "RAM">   --->   Core 82 'RAM' <Latency = 1> <II = 1> <Delay = 2.32> <Storage> <Opcode : 'load' 'store'> <Ports = 2> <Width = 40> <Depth = 5> <RAM>
ST_3 : Operation 75 [1/1] (0.00ns)   --->   "%trunc_ln16 = trunc i40 %b_load" [matrix_mult.cpp:16]   --->   Operation 75 'trunc' 'trunc_ln16' <Predicate = true> <Delay = 0.00>
ST_3 : Operation 76 [1/1] (0.00ns)   --->   "%tmp_3 = partselect i8 @_ssdm_op_PartSelect.i8.i40.i32.i32, i40 %b_load, i32 8, i32 15" [matrix_mult.cpp:16]   --->   Operation 76 'partselect' 'tmp_3' <Predicate = true> <Delay = 0.00>
ST_3 : Operation 77 [1/1] (0.00ns)   --->   "%tmp_4 = partselect i8 @_ssdm_op_PartSelect.i8.i40.i32.i32, i40 %b_load, i32 16, i32 23" [matrix_mult.cpp:16]   --->   Operation 77 'partselect' 'tmp_4' <Predicate = true> <Delay = 0.00>
ST_3 : Operation 78 [1/1] (0.00ns)   --->   "%tmp_5 = partselect i8 @_ssdm_op_PartSelect.i8.i40.i32.i32, i40 %b_load, i32 24, i32 31" [matrix_mult.cpp:16]   --->   Operation 78 'partselect' 'tmp_5' <Predicate = true> <Delay = 0.00>
ST_3 : Operation 79 [1/1] (0.00ns)   --->   "%tmp_6 = partselect i8 @_ssdm_op_PartSelect.i8.i40.i32.i32, i40 %b_load, i32 32, i32 39" [matrix_mult.cpp:16]   --->   Operation 79 'partselect' 'tmp_6' <Predicate = true> <Delay = 0.00>

State 4 <SV = 3> <Delay = 2.93>
ST_4 : Operation 80 [1/1] (0.00ns)   --->   "%sext_ln10_3 = sext i8 %select_ln10_5" [matrix_mult.cpp:10]   --->   Operation 80 'sext' 'sext_ln10_3' <Predicate = true> <Delay = 0.00>
ST_4 : Operation 81 [1/1] (0.00ns)   --->   "%sext_ln16_3 = sext i8 %tmp_5" [matrix_mult.cpp:16]   --->   Operation 81 'sext' 'sext_ln16_3' <Predicate = true> <Delay = 0.00>
ST_4 : Operation 82 [3/3] (2.93ns)   --->   "%mul_ln16_3 = mul i16 %sext_ln16_3, i16 %sext_ln10_3" [matrix_mult.cpp:16]   --->   Operation 82 'mul' 'mul_ln16_3' <Predicate = true> <Delay = 2.93> <CoreInst = "Mul_DSP">   --->   Core 5 'Mul_DSP' <Latency = 2> <II = 1> <Delay = 2.93> <FuncUnit> <Opcode : 'mul'> <InPorts = 2> <OutPorts = 1>

State 5 <SV = 4> <Delay = 2.93>
ST_5 : Operation 83 [1/1] (0.00ns)   --->   "%sext_ln10_1 = sext i8 %select_ln10_3" [matrix_mult.cpp:10]   --->   Operation 83 'sext' 'sext_ln10_1' <Predicate = true> <Delay = 0.00>
ST_5 : Operation 84 [1/1] (0.00ns)   --->   "%sext_ln10_4 = sext i8 %select_ln10_6" [matrix_mult.cpp:10]   --->   Operation 84 'sext' 'sext_ln10_4' <Predicate = true> <Delay = 0.00>
ST_5 : Operation 85 [1/1] (0.00ns)   --->   "%sext_ln16_1 = sext i8 %tmp_3" [matrix_mult.cpp:16]   --->   Operation 85 'sext' 'sext_ln16_1' <Predicate = true> <Delay = 0.00>
ST_5 : Operation 86 [3/3] (2.93ns)   --->   "%mul_ln16_1 = mul i16 %sext_ln16_1, i16 %sext_ln10_1" [matrix_mult.cpp:16]   --->   Operation 86 'mul' 'mul_ln16_1' <Predicate = true> <Delay = 2.93> <CoreInst = "Mul_DSP">   --->   Core 5 'Mul_DSP' <Latency = 2> <II = 1> <Delay = 2.93> <FuncUnit> <Opcode : 'mul'> <InPorts = 2> <OutPorts = 1>
ST_5 : Operation 87 [2/3] (2.93ns)   --->   "%mul_ln16_3 = mul i16 %sext_ln16_3, i16 %sext_ln10_3" [matrix_mult.cpp:16]   --->   Operation 87 'mul' 'mul_ln16_3' <Predicate = true> <Delay = 2.93> <CoreInst = "Mul_DSP">   --->   Core 5 'Mul_DSP' <Latency = 2> <II = 1> <Delay = 2.93> <FuncUnit> <Opcode : 'mul'> <InPorts = 2> <OutPorts = 1>
ST_5 : Operation 88 [1/1] (0.00ns)   --->   "%sext_ln16_4 = sext i8 %tmp_6" [matrix_mult.cpp:16]   --->   Operation 88 'sext' 'sext_ln16_4' <Predicate = true> <Delay = 0.00>
ST_5 : Operation 89 [3/3] (1.05ns) (grouped into DSP with root node add_ln16_1)   --->   "%mul_ln16_4 = mul i16 %sext_ln16_4, i16 %sext_ln10_4" [matrix_mult.cpp:16]   --->   Operation 89 'mul' 'mul_ln16_4' <Predicate = true> <Delay = 1.05> <CoreInst = "DSP48">   --->   Core 119 'DSP48' <Latency = 3> <II = 1> <Delay = 2.15> <IPBlock> <Opcode : 'mul' 'add' 'sub' 'select'> <InPorts = 0> <OutPorts = 1> <Sync> <CReg>

State 6 <SV = 5> <Delay = 2.93>
ST_6 : Operation 90 [1/1] (0.00ns)   --->   "%sext_ln10 = sext i8 %select_ln10_2" [matrix_mult.cpp:10]   --->   Operation 90 'sext' 'sext_ln10' <Predicate = true> <Delay = 0.00>
ST_6 : Operation 91 [1/1] (0.00ns)   --->   "%sext_ln16 = sext i8 %trunc_ln16" [matrix_mult.cpp:16]   --->   Operation 91 'sext' 'sext_ln16' <Predicate = true> <Delay = 0.00>
ST_6 : Operation 92 [3/3] (1.05ns) (grouped into DSP with root node add_ln16)   --->   "%mul_ln16 = mul i16 %sext_ln16, i16 %sext_ln10" [matrix_mult.cpp:16]   --->   Operation 92 'mul' 'mul_ln16' <Predicate = true> <Delay = 1.05> <CoreInst = "DSP48">   --->   Core 119 'DSP48' <Latency = 3> <II = 1> <Delay = 2.15> <IPBlock> <Opcode : 'mul' 'add' 'sub' 'select'> <InPorts = 0> <OutPorts = 1> <Sync> <CReg>
ST_6 : Operation 93 [2/3] (2.93ns)   --->   "%mul_ln16_1 = mul i16 %sext_ln16_1, i16 %sext_ln10_1" [matrix_mult.cpp:16]   --->   Operation 93 'mul' 'mul_ln16_1' <Predicate = true> <Delay = 2.93> <CoreInst = "Mul_DSP">   --->   Core 5 'Mul_DSP' <Latency = 2> <II = 1> <Delay = 2.93> <FuncUnit> <Opcode : 'mul'> <InPorts = 2> <OutPorts = 1>
ST_6 : Operation 94 [1/3] (2.93ns)   --->   "%mul_ln16_3 = mul i16 %sext_ln16_3, i16 %sext_ln10_3" [matrix_mult.cpp:16]   --->   Operation 94 'mul' 'mul_ln16_3' <Predicate = true> <Delay = 2.93> <CoreInst = "Mul_DSP">   --->   Core 5 'Mul_DSP' <Latency = 2> <II = 1> <Delay = 2.93> <FuncUnit> <Opcode : 'mul'> <InPorts = 2> <OutPorts = 1>
ST_6 : Operation 95 [2/3] (1.05ns) (grouped into DSP with root node add_ln16_1)   --->   "%mul_ln16_4 = mul i16 %sext_ln16_4, i16 %sext_ln10_4" [matrix_mult.cpp:16]   --->   Operation 95 'mul' 'mul_ln16_4' <Predicate = true> <Delay = 1.05> <CoreInst = "DSP48">   --->   Core 119 'DSP48' <Latency = 3> <II = 1> <Delay = 2.15> <IPBlock> <Opcode : 'mul' 'add' 'sub' 'select'> <InPorts = 0> <OutPorts = 1> <Sync> <CReg>

State 7 <SV = 6> <Delay = 2.93>
ST_7 : Operation 96 [1/1] (0.00ns)   --->   "%sext_ln10_2 = sext i8 %select_ln10_4" [matrix_mult.cpp:10]   --->   Operation 96 'sext' 'sext_ln10_2' <Predicate = true> <Delay = 0.00>
ST_7 : Operation 97 [2/3] (1.05ns) (grouped into DSP with root node add_ln16)   --->   "%mul_ln16 = mul i16 %sext_ln16, i16 %sext_ln10" [matrix_mult.cpp:16]   --->   Operation 97 'mul' 'mul_ln16' <Predicate = true> <Delay = 1.05> <CoreInst = "DSP48">   --->   Core 119 'DSP48' <Latency = 3> <II = 1> <Delay = 2.15> <IPBlock> <Opcode : 'mul' 'add' 'sub' 'select'> <InPorts = 0> <OutPorts = 1> <Sync> <CReg>
ST_7 : Operation 98 [1/3] (2.93ns)   --->   "%mul_ln16_1 = mul i16 %sext_ln16_1, i16 %sext_ln10_1" [matrix_mult.cpp:16]   --->   Operation 98 'mul' 'mul_ln16_1' <Predicate = true> <Delay = 2.93> <CoreInst = "Mul_DSP">   --->   Core 5 'Mul_DSP' <Latency = 2> <II = 1> <Delay = 2.93> <FuncUnit> <Opcode : 'mul'> <InPorts = 2> <OutPorts = 1>
ST_7 : Operation 99 [1/1] (0.00ns)   --->   "%sext_ln16_2 = sext i8 %tmp_4" [matrix_mult.cpp:16]   --->   Operation 99 'sext' 'sext_ln16_2' <Predicate = true> <Delay = 0.00>
ST_7 : Operation 100 [3/3] (1.05ns) (grouped into DSP with root node add_ln16_2)   --->   "%mul_ln16_2 = mul i16 %sext_ln16_2, i16 %sext_ln10_2" [matrix_mult.cpp:16]   --->   Operation 100 'mul' 'mul_ln16_2' <Predicate = true> <Delay = 1.05> <CoreInst = "DSP48">   --->   Core 119 'DSP48' <Latency = 3> <II = 1> <Delay = 2.15> <IPBlock> <Opcode : 'mul' 'add' 'sub' 'select'> <InPorts = 0> <OutPorts = 1> <Sync> <CReg>
ST_7 : Operation 101 [1/3] (0.00ns) (grouped into DSP with root node add_ln16_1)   --->   "%mul_ln16_4 = mul i16 %sext_ln16_4, i16 %sext_ln10_4" [matrix_mult.cpp:16]   --->   Operation 101 'mul' 'mul_ln16_4' <Predicate = true> <Delay = 0.00> <CoreInst = "DSP48">   --->   Core 119 'DSP48' <Latency = 3> <II = 1> <Delay = 2.15> <IPBlock> <Opcode : 'mul' 'add' 'sub' 'select'> <InPorts = 0> <OutPorts = 1> <Sync> <CReg>
ST_7 : Operation 102 [2/2] (2.10ns) (root node of the DSP)   --->   "%add_ln16_1 = add i16 %mul_ln16_3, i16 %mul_ln16_4" [matrix_mult.cpp:16]   --->   Operation 102 'add' 'add_ln16_1' <Predicate = true> <Delay = 2.10> <CoreInst = "DSP48">   --->   Core 119 'DSP48' <Latency = 3> <II = 1> <Delay = 2.15> <IPBlock> <Opcode : 'mul' 'add' 'sub' 'select'> <InPorts = 0> <OutPorts = 1> <Sync> <CReg>

State 8 <SV = 7> <Delay = 2.10>
ST_8 : Operation 103 [1/3] (0.00ns) (grouped into DSP with root node add_ln16)   --->   "%mul_ln16 = mul i16 %sext_ln16, i16 %sext_ln10" [matrix_mult.cpp:16]   --->   Operation 103 'mul' 'mul_ln16' <Predicate = true> <Delay = 0.00> <CoreInst = "DSP48">   --->   Core 119 'DSP48' <Latency = 3> <II = 1> <Delay = 2.15> <IPBlock> <Opcode : 'mul' 'add' 'sub' 'select'> <InPorts = 0> <OutPorts = 1> <Sync> <CReg>
ST_8 : Operation 104 [2/3] (1.05ns) (grouped into DSP with root node add_ln16_2)   --->   "%mul_ln16_2 = mul i16 %sext_ln16_2, i16 %sext_ln10_2" [matrix_mult.cpp:16]   --->   Operation 104 'mul' 'mul_ln16_2' <Predicate = true> <Delay = 1.05> <CoreInst = "DSP48">   --->   Core 119 'DSP48' <Latency = 3> <II = 1> <Delay = 2.15> <IPBlock> <Opcode : 'mul' 'add' 'sub' 'select'> <InPorts = 0> <OutPorts = 1> <Sync> <CReg>
ST_8 : Operation 105 [2/2] (2.10ns) (root node of the DSP)   --->   "%add_ln16 = add i16 %mul_ln16_1, i16 %mul_ln16" [matrix_mult.cpp:16]   --->   Operation 105 'add' 'add_ln16' <Predicate = true> <Delay = 2.10> <CoreInst = "DSP48">   --->   Core 119 'DSP48' <Latency = 3> <II = 1> <Delay = 2.15> <IPBlock> <Opcode : 'mul' 'add' 'sub' 'select'> <InPorts = 0> <OutPorts = 1> <Sync> <CReg>
ST_8 : Operation 106 [1/2] (2.10ns) (root node of the DSP)   --->   "%add_ln16_1 = add i16 %mul_ln16_3, i16 %mul_ln16_4" [matrix_mult.cpp:16]   --->   Operation 106 'add' 'add_ln16_1' <Predicate = true> <Delay = 2.10> <CoreInst = "DSP48">   --->   Core 119 'DSP48' <Latency = 3> <II = 1> <Delay = 2.15> <IPBlock> <Opcode : 'mul' 'add' 'sub' 'select'> <InPorts = 0> <OutPorts = 1> <Sync> <CReg>

State 9 <SV = 8> <Delay = 2.10>
ST_9 : Operation 107 [1/3] (0.00ns) (grouped into DSP with root node add_ln16_2)   --->   "%mul_ln16_2 = mul i16 %sext_ln16_2, i16 %sext_ln10_2" [matrix_mult.cpp:16]   --->   Operation 107 'mul' 'mul_ln16_2' <Predicate = true> <Delay = 0.00> <CoreInst = "DSP48">   --->   Core 119 'DSP48' <Latency = 3> <II = 1> <Delay = 2.15> <IPBlock> <Opcode : 'mul' 'add' 'sub' 'select'> <InPorts = 0> <OutPorts = 1> <Sync> <CReg>
ST_9 : Operation 108 [1/2] (2.10ns) (root node of the DSP)   --->   "%add_ln16 = add i16 %mul_ln16_1, i16 %mul_ln16" [matrix_mult.cpp:16]   --->   Operation 108 'add' 'add_ln16' <Predicate = true> <Delay = 2.10> <CoreInst = "DSP48">   --->   Core 119 'DSP48' <Latency = 3> <II = 1> <Delay = 2.15> <IPBlock> <Opcode : 'mul' 'add' 'sub' 'select'> <InPorts = 0> <OutPorts = 1> <Sync> <CReg>
ST_9 : Operation 109 [2/2] (2.10ns) (root node of the DSP)   --->   "%add_ln16_2 = add i16 %add_ln16_1, i16 %mul_ln16_2" [matrix_mult.cpp:16]   --->   Operation 109 'add' 'add_ln16_2' <Predicate = true> <Delay = 2.10> <CoreInst = "DSP48">   --->   Core 119 'DSP48' <Latency = 3> <II = 1> <Delay = 2.15> <IPBlock> <Opcode : 'mul' 'add' 'sub' 'select'> <InPorts = 0> <OutPorts = 1> <Sync> <CReg>

State 10 <SV = 9> <Delay = 2.10>
ST_10 : Operation 110 [1/2] (2.10ns) (root node of the DSP)   --->   "%add_ln16_2 = add i16 %add_ln16_1, i16 %mul_ln16_2" [matrix_mult.cpp:16]   --->   Operation 110 'add' 'add_ln16_2' <Predicate = true> <Delay = 2.10> <CoreInst = "DSP48">   --->   Core 119 'DSP48' <Latency = 3> <II = 1> <Delay = 2.15> <IPBlock> <Opcode : 'mul' 'add' 'sub' 'select'> <InPorts = 0> <OutPorts = 1> <Sync> <CReg>
ST_10 : Operation 120 [1/1] (0.00ns)   --->   "%ret_ln21 = ret" [matrix_mult.cpp:21]   --->   Operation 120 'ret' 'ret_ln21' <Predicate = (icmp_ln10)> <Delay = 0.00>

State 11 <SV = 10> <Delay = 2.07>
ST_11 : Operation 111 [1/1] (2.07ns)   --->   "%add_ln16_3 = add i16 %add_ln16_2, i16 %add_ln16" [matrix_mult.cpp:16]   --->   Operation 111 'add' 'add_ln16_3' <Predicate = true> <Delay = 2.07> <CoreInst = "Adder">   --->   Core 1 'Adder' <Latency = 0> <II = 1> <Delay = 2.07> <FuncUnit> <Opcode : 'add' 'sub'> <InPorts = 2> <OutPorts = 1>

State 12 <SV = 11> <Delay = 2.32>
ST_12 : Operation 112 [1/1] (0.00ns)   --->   "%specloopname_ln0 = specloopname void @_ssdm_op_SpecLoopName, void @Row_Col_str"   --->   Operation 112 'specloopname' 'specloopname_ln0' <Predicate = true> <Delay = 0.00>
ST_12 : Operation 113 [1/1] (0.00ns)   --->   "%empty = speclooptripcount i32 @_ssdm_op_SpecLoopTripCount, i64 25, i64 25, i64 25"   --->   Operation 113 'speclooptripcount' 'empty' <Predicate = true> <Delay = 0.00>
ST_12 : Operation 114 [1/1] (0.00ns)   --->   "%zext_ln16_2 = zext i5 %add_ln16_5" [matrix_mult.cpp:16]   --->   Operation 114 'zext' 'zext_ln16_2' <Predicate = true> <Delay = 0.00>
ST_12 : Operation 115 [1/1] (0.00ns)   --->   "%prod_addr = getelementptr i16 %prod, i64 0, i64 %zext_ln16_2" [matrix_mult.cpp:16]   --->   Operation 115 'getelementptr' 'prod_addr' <Predicate = true> <Delay = 0.00>
ST_12 : Operation 116 [1/1] (0.00ns)   --->   "%specpipeline_ln7 = specpipeline void @_ssdm_op_SpecPipeline, i32 4294967295, i32 0, i32 0, i32 0, void @empty_0" [C:/HOC/HW_SW/zynq-book-master/hls/tut3A/matrix_mult_prj/solution4/directives.tcl:7]   --->   Operation 116 'specpipeline' 'specpipeline_ln7' <Predicate = true> <Delay = 0.00>
ST_12 : Operation 117 [1/1] (0.00ns)   --->   "%specloopname_ln12 = specloopname void @_ssdm_op_SpecLoopName, void @empty_2" [matrix_mult.cpp:12]   --->   Operation 117 'specloopname' 'specloopname_ln12' <Predicate = true> <Delay = 0.00>
ST_12 : Operation 118 [1/1] (2.32ns)   --->   "%store_ln16 = store i16 %add_ln16_3, i5 %prod_addr" [matrix_mult.cpp:16]   --->   Operation 118 'store' 'store_ln16' <Predicate = true> <Delay = 2.32> <CoreInst = "RAM">   --->   Core 82 'RAM' <Latency = 1> <II = 1> <Delay = 2.32> <Storage> <Opcode : 'load' 'store'> <Ports = 2> <Width = 16> <Depth = 25> <RAM>
ST_12 : Operation 119 [1/1] (0.00ns)   --->   "%br_ln12 = br void %for.inc" [matrix_mult.cpp:12]   --->   Operation 119 'br' 'br_ln12' <Predicate = true> <Delay = 0.00>


============================================================
+ Verbose Summary: Timing violations
============================================================
Target clock period: 5ns, clock uncertainty: 1.35ns.

 <State 1>: 2.63ns
The critical path consists of the following:
	'alloca' operation ('i') [5]  (0 ns)
	'load' operation ('i', matrix_mult.cpp:10) on local variable 'i' [19]  (0 ns)
	'add' operation ('add_ln10', matrix_mult.cpp:10) [33]  (1.65 ns)
	'select' operation ('select_ln10_1', matrix_mult.cpp:10) [39]  (0.98 ns)

 <State 2>: 3.4ns
The critical path consists of the following:
	'add' operation ('add_ln16_4', matrix_mult.cpp:16) [42]  (0 ns)
	'add' operation ('add_ln16_5', matrix_mult.cpp:16) [63]  (3.4 ns)

 <State 3>: 3.57ns
The critical path consists of the following:
	'load' operation ('a_load_1', matrix_mult.cpp:10) on array 'a' [44]  (2.32 ns)
	'select' operation ('select_ln10_2', matrix_mult.cpp:10) [47]  (1.25 ns)

 <State 4>: 2.94ns
The critical path consists of the following:
	'mul' operation ('mul_ln16_3', matrix_mult.cpp:16) [81]  (2.94 ns)

 <State 5>: 2.94ns
The critical path consists of the following:
	'mul' operation ('mul_ln16_1', matrix_mult.cpp:16) [75]  (2.94 ns)

 <State 6>: 2.94ns
The critical path consists of the following:
	'mul' operation ('mul_ln16_1', matrix_mult.cpp:16) [75]  (2.94 ns)

 <State 7>: 2.94ns
The critical path consists of the following:
	'mul' operation ('mul_ln16_1', matrix_mult.cpp:16) [75]  (2.94 ns)

 <State 8>: 2.1ns
The critical path consists of the following:
	'mul' operation of DSP[85] ('mul_ln16', matrix_mult.cpp:16) [72]  (0 ns)
	'add' operation of DSP[85] ('add_ln16', matrix_mult.cpp:16) [85]  (2.1 ns)

 <State 9>: 2.1ns
The critical path consists of the following:
	'add' operation of DSP[85] ('add_ln16', matrix_mult.cpp:16) [85]  (2.1 ns)

 <State 10>: 2.1ns
The critical path consists of the following:
	'add' operation of DSP[87] ('add_ln16_2', matrix_mult.cpp:16) [87]  (2.1 ns)

 <State 11>: 2.08ns
The critical path consists of the following:
	'add' operation ('add_ln16_3', matrix_mult.cpp:16) [88]  (2.08 ns)

 <State 12>: 2.32ns
The critical path consists of the following:
	'getelementptr' operation ('prod_addr', matrix_mult.cpp:16) [65]  (0 ns)
	'store' operation ('store_ln16', matrix_mult.cpp:16) of variable 'add_ln16_3', matrix_mult.cpp:16 on array 'prod' [89]  (2.32 ns)


============================================================
+ Verbose Summary: Binding
============================================================
N/A
* FSMD analyzer results:
  - Output states:
 - Input state : 
  - Chain level:
	State 1
	State 2
	State 3
	State 4
	State 5
	State 6
	State 7
	State 8
	State 9
	State 10
	State 11
	State 12


============================================================
+ Verbose Summary: Datapath Resource usage 
============================================================
N/A
