

================================================================
== Synthesis Summary Report of 'matrix_mult'
================================================================
+ General Information: 
    * Date:           Mon May 25 14:07:49 2026
    * Version:        2022.2 (Build 3670227 on Oct 13 2022)
    * Project:        matrix_mult_prj
    * Solution:       solution2 (Vivado IP Flow Target)
    * Product family: zynq
    * Target device:  xc7z020-clg484-1
    

+ Performance & Resource Estimates: 
    
    PS: '+' for module; 'o' for loop; '*' for dataflow
    +--------------------+------+------+---------+-----------+----------+---------+------+----------+------+---------+-----------+-----------+-----+
    |       Modules      | Issue|      | Latency |  Latency  | Iteration|         | Trip |          |      |         |           |           |     |
    |       & Loops      | Type | Slack| (cycles)|    (ns)   |  Latency | Interval| Count| Pipelined| BRAM |   DSP   |     FF    |    LUT    | URAM|
    +--------------------+------+------+---------+-----------+----------+---------+------+----------+------+---------+-----------+-----------+-----+
    |+ matrix_mult       |     -|  0.04|      258|  1.290e+03|         -|      259|     -|        no|     -|  1 (~0%)|  383 (~0%)|  507 (~0%)|    -|
    | o Row_Col_Product  |    II|  3.65|      256|  1.280e+03|         9|        2|   125|       yes|     -|        -|          -|          -|    -|
    +--------------------+------+------+---------+-----------+----------+---------+------+----------+------+---------+-----------+-----------+-----+


================================================================
== HW Interfaces
================================================================
* AP_MEMORY
+---------------+----------+
| Interface     | Bitwidth |
+---------------+----------+
| a_address0    | 5        |
| a_q0          | 8        |
| b_address0    | 5        |
| b_q0          | 8        |
| prod_address0 | 5        |
| prod_d0       | 16       |
+---------------+----------+

* TOP LEVEL CONTROL
+-----------+------------+-----------------------------------+
| Interface | Type       | Ports                             |
+-----------+------------+-----------------------------------+
| ap_clk    | clock      | ap_clk                            |
| ap_rst    | reset      | ap_rst                            |
| ap_ctrl   | ap_ctrl_hs | ap_done ap_idle ap_ready ap_start |
+-----------+------------+-----------------------------------+


================================================================
== SW I/O Information
================================================================
* Top Function Arguments
+----------+-----------+----------+
| Argument | Direction | Datatype |
+----------+-----------+----------+
| a        | in        | char*    |
| b        | in        | char*    |
| prod     | out       | short*   |
+----------+-----------+----------+

* SW-to-HW Mapping
+----------+---------------+---------+----------+
| Argument | HW Interface  | HW Type | HW Usage |
+----------+---------------+---------+----------+
| a        | a_address0    | port    | offset   |
| a        | a_ce0         | port    |          |
| a        | a_q0          | port    |          |
| b        | b_address0    | port    | offset   |
| b        | b_ce0         | port    |          |
| b        | b_q0          | port    |          |
| prod     | prod_address0 | port    | offset   |
| prod     | prod_ce0      | port    |          |
| prod     | prod_we0      | port    |          |
| prod     | prod_d0       | port    |          |
+----------+---------------+---------+----------+


================================================================
== Bind Op Report
================================================================
+-----------------------------------+-----+--------+------------+-----+--------+---------+
| Name                              | DSP | Pragma | Variable   | Op  | Impl   | Latency |
+-----------------------------------+-----+--------+------------+-----+--------+---------+
| + matrix_mult                     | 1   |        |            |     |        |         |
|   add_ln10_1_fu_170_p2            | -   |        | add_ln10_1 | add | fabric | 0       |
|   add_ln10_fu_182_p2              | -   |        | add_ln10   | add | fabric | 0       |
|   add_ln16_1_fu_257_p2            | -   |        | add_ln16_1 | add | fabric | 0       |
|   add_ln12_fu_263_p2              | -   |        | add_ln12   | add | fabric | 0       |
|   add_ln13_fu_316_p2              | -   |        | add_ln13   | add | fabric | 0       |
|   add_ln16_2_fu_286_p2            | -   |        | add_ln16_2 | add | fabric | 0       |
|   mac_muladd_8s_8s_16ns_16_4_1_U1 | 1   |        | mul_ln16   | mul | dsp48  | 3       |
|   mac_muladd_8s_8s_16ns_16_4_1_U1 | 1   |        | add_ln16   | add | dsp48  | 3       |
|   add_ln15_fu_292_p2              | -   |        | add_ln15   | add | fabric | 0       |
|   add_ln12_1_fu_226_p2            | -   |        | add_ln12_1 | add | fabric | 0       |
+-----------------------------------+-----+--------+------------+-----+--------+---------+


================================================================
== Bind Storage Report
================================================================
  No bind storage info in design

================================================================
== Pragma Report
================================================================
* Valid Pragma Syntax
+----------+---------+-----------------------------------------------------------+
| Type     | Options | Location                                                  |
+----------+---------+-----------------------------------------------------------+
| pipeline |         | matrix_mult_prj/solution2/directives.tcl:7 in matrix_mult |
+----------+---------+-----------------------------------------------------------+


