#-----------------------------------------------------------
# xsim v2022.2 (64-bit)
# SW Build 3671981 on Fri Oct 14 05:00:03 MDT 2022
# IP Build 3669848 on Fri Oct 14 08:30:02 MDT 2022
# Start of session at: Fri May 29 07:18:32 2026
# Process ID: 23904
# Current directory: C:/HOC/HW_SW/zynq-book-master/hls/tut3A/matrix_mult_prj/solution2/sim/vhdl
# Command line: xsim.exe -mode tcl -source {xsim.dir/matrix_mult/xsim_script.tcl}
# Log file: C:/HOC/HW_SW/zynq-book-master/hls/tut3A/matrix_mult_prj/solution2/sim/vhdl/xsim.log
# Journal file: C:/HOC/HW_SW/zynq-book-master/hls/tut3A/matrix_mult_prj/solution2/sim/vhdl\xsim.jou
# Running On: DESKTOP-GV6BOLL, OS: Windows, CPU Frequency: 3793 MHz, CPU Physical cores: 16, Host memory: 16438 MB
#-----------------------------------------------------------
source xsim.dir/matrix_mult/xsim_script.tcl
# xsim {matrix_mult} -autoloadwcfg -tclbatch {matrix_mult.tcl}
Time resolution is 1 ps
source matrix_mult.tcl
## run all
Note: simulation done!
Time: 1437500 ps  Iteration: 1  Process: /apatb_matrix_mult_top/generate_sim_done_proc  File: C:/HOC/HW_SW/zynq-book-master/hls/tut3A/matrix_mult_prj/solution2/sim/vhdl/matrix_mult.autotb.vhd
Failure: NORMAL EXIT (note: failure is to force the simulator to stop)
Time: 1437500 ps  Iteration: 1  Process: /apatb_matrix_mult_top/generate_sim_done_proc  File: C:/HOC/HW_SW/zynq-book-master/hls/tut3A/matrix_mult_prj/solution2/sim/vhdl/matrix_mult.autotb.vhd
$finish called at time : 1437500 ps
## quit
INFO: [Common 17-206] Exiting xsim at Fri May 29 07:18:35 2026...
