05/25/26 13:53:39: Running xcd server. This server was built by gradle.
05/25/26 13:53:39: Server was asked to start on port: '59937'
05/25/26 13:53:39: Server is using token UUID: '5029ee56-6181-47c9-9450-fb5cad2cfd3e'
05/25/26 13:53:39: SESSION_MGR: creating session with session uuid: '6d04a3e9-ade5-4ab9-8d63-1f78fcd2ec76' and name 'default'
05/25/26 13:53:39: Attempting to start server on port '59937'
05/25/26 13:53:39: Running Dispatch Server
05/25/26 13:53:39: Version 2.2.0
05/25/26 13:53:48: Dispatch Server: Accepted socket connection from client
05/25/26 13:53:48: Starting Socket connection
05/25/26 13:53:48: EXCHANGE_TOKEN received, server token: 5029ee56-6181-47c9-9450-fb5cad2cfd3e, passed token: 5029ee56-6181-47c9-9450-fb5cad2cfd3e
05/25/26 13:53:48: SESSION_MGR: creating session with session uuid: 'c6d42798-5241-419d-8c40-f601a7b3ebe0' and name 'vitis_hls'
05/25/26 13:53:48: KERNEL_SVC: creating session with uuid: 'c6d42798-5241-419d-8c40-f601a7b3ebe0' and name 'vitis_hls'
05/25/26 13:53:48: GUIDANCE_SMGR: creating guidance session with uuid: 'c6d42798-5241-419d-8c40-f601a7b3ebe0' and name 'vitis_hls'
05/25/26 13:54:01: STOP_SERVER received, server token: 5029ee56-6181-47c9-9450-fb5cad2cfd3e, passed token: 5029ee56-6181-47c9-9450-fb5cad2cfd3e
05/25/26 13:54:01: Socket received request to stop server.
05/25/26 13:54:01: Dispatch Server: do_await_stop
05/25/26 13:54:01: SERVER: destructor for server bound to port 59937
05/25/26 13:54:01: Server exiting with status 0.
05/25/26 13:54:01: Closing log file.
05/25/26 14:01:04: Running xcd server. This server was built by gradle.
05/25/26 14:01:04: Server was asked to start on port: '54725'
05/25/26 14:01:04: Server is using token UUID: '6485bc25-7496-45a1-9e8c-1e9fcf6563a7'
05/25/26 14:01:04: SESSION_MGR: creating session with session uuid: '6d04a3e9-ade5-4ab9-8d63-1f78fcd2ec76' and name 'default'
05/25/26 14:01:04: Attempting to start server on port '54725'
05/25/26 14:01:04: Running Dispatch Server
05/25/26 14:01:04: Version 2.2.0
05/25/26 14:01:13: Dispatch Server: Accepted socket connection from client
05/25/26 14:01:13: Starting Socket connection
05/25/26 14:01:13: EXCHANGE_TOKEN received, server token: 6485bc25-7496-45a1-9e8c-1e9fcf6563a7, passed token: 6485bc25-7496-45a1-9e8c-1e9fcf6563a7
05/25/26 14:01:13: SESSION_MGR: creating session with session uuid: '68eb479b-b454-4df6-8c7e-1594ef69073f' and name 'vitis_hls'
05/25/26 14:01:13: KERNEL_SVC: creating session with uuid: '68eb479b-b454-4df6-8c7e-1594ef69073f' and name 'vitis_hls'
05/25/26 14:01:13: GUIDANCE_SMGR: creating guidance session with uuid: '68eb479b-b454-4df6-8c7e-1594ef69073f' and name 'vitis_hls'
05/25/26 14:01:40: STOP_SERVER received, server token: 6485bc25-7496-45a1-9e8c-1e9fcf6563a7, passed token: 6485bc25-7496-45a1-9e8c-1e9fcf6563a7
05/25/26 14:01:40: Socket received request to stop server.
05/25/26 14:01:40: Dispatch Server: do_await_stop
05/25/26 14:01:40: SERVER: destructor for server bound to port 54725
05/25/26 14:01:40: Server exiting with status 0.
05/25/26 14:01:40: Closing log file.
05/25/26 15:33:16: Running xcd server. This server was built by gradle.
05/25/26 15:33:16: Server was asked to start on port: '51969'
05/25/26 15:33:16: Server is using token UUID: 'c95b8052-3a43-4ece-87ba-116d4639423a'
05/25/26 15:33:16: SESSION_MGR: creating session with session uuid: '6d04a3e9-ade5-4ab9-8d63-1f78fcd2ec76' and name 'default'
05/25/26 15:33:16: Attempting to start server on port '51969'
05/25/26 15:33:16: Running Dispatch Server
05/25/26 15:33:16: Version 2.2.0
05/25/26 15:33:25: Dispatch Server: Accepted socket connection from client
05/25/26 15:33:25: Starting Socket connection
05/25/26 15:33:25: EXCHANGE_TOKEN received, server token: c95b8052-3a43-4ece-87ba-116d4639423a, passed token: c95b8052-3a43-4ece-87ba-116d4639423a
05/25/26 15:33:25: SESSION_MGR: creating session with session uuid: 'df68d47b-aedb-4a1b-8737-e6f826e3fcab' and name 'vitis_hls'
05/25/26 15:33:25: KERNEL_SVC: creating session with uuid: 'df68d47b-aedb-4a1b-8737-e6f826e3fcab' and name 'vitis_hls'
05/25/26 15:33:25: GUIDANCE_SMGR: creating guidance session with uuid: 'df68d47b-aedb-4a1b-8737-e6f826e3fcab' and name 'vitis_hls'
05/25/26 15:34:03: Dispatch Server: Accepted socket connection from client
05/25/26 15:34:03: Starting Socket connection
05/25/26 15:34:38: Dispatch Server: Accepted socket connection from client
05/25/26 15:34:38: Starting Socket connection
05/25/26 15:35:16: STOP_SERVER received, server token: c95b8052-3a43-4ece-87ba-116d4639423a, passed token: c95b8052-3a43-4ece-87ba-116d4639423a
05/25/26 15:35:16: Socket received request to stop server.
05/25/26 15:35:16: Dispatch Server: do_await_stop
05/25/26 15:35:16: SERVER: destructor for server bound to port 51969
05/25/26 15:35:16: Server exiting with status 0.
05/25/26 15:35:16: Closing log file.
