Copyright 1986-2022 Xilinx, Inc. All Rights Reserved.
---------------------------------------------------------------------------------------------
| Tool Version : Vivado v.2022.2 (win64) Build 3671981 Fri Oct 14 05:00:03 MDT 2022
| Date         : Mon May 25 15:45:46 2026
| Host         : DESKTOP-GV6BOLL running 64-bit major release  (build 9200)
| Command      : report_design_analysis -file ./report/matrix_mult_design_analysis_synth.rpt
| Design       : bd_0_wrapper
| Device       : xc7z020
| Design State : Synthesized
---------------------------------------------------------------------------------------------

Report Design Analysis

Table of Contents
-----------------
1. Setup Path Characteristics 1-1
2. Logic Level Distribution
3. Placer Final Level Congestion Reporting
4. SLR Net Crossing Reporting

1. Setup Path Characteristics 1-1
---------------------------------

+---------------------------+------------------------------------------+
|      Characteristics      |                  Path #1                 |
+---------------------------+------------------------------------------+
| Requirement               | 5.000                                    |
| Path Delay                | 2.583                                    |
| Logic Delay               | 0.813(32%)                               |
| Net Delay                 | 1.770(68%)                               |
| Clock Skew                | -0.049                                   |
| Slack                     | 1.809                                    |
| Clock Uncertainty         | 0.035                                    |
| Clock Relationship        | Safely Timed                             |
| Clock Delay Group         | Same Clock                               |
| Logic Levels              | 1                                        |
| Routes                    | NA                                       |
| Logical Path              | FDRE/C-(2)-LUT6-(3)-FDRE/R               |
| Start Point Clock         | ap_clk                                   |
| End Point Clock           | ap_clk                                   |
| DSP Block                 | None                                     |
| RAM Registers             | None-None                                |
| IO Crossings              | 0                                        |
| Config Crossings          | 0                                        |
| SLR Crossings             | 0                                        |
| PBlocks                   | 0                                        |
| High Fanout               | 3                                        |
| Dont Touch                | 0                                        |
| Mark Debug                | 0                                        |
| Start Point Pin Primitive | FDRE/C                                   |
| End Point Pin Primitive   | FDRE/R                                   |
| Start Point Pin           | icmp_ln10_reg_552_pp0_iter2_reg_reg[0]/C |
| End Point Pin             | ap_loop_exit_ready_pp0_iter1_reg_reg/R   |
+---------------------------+------------------------------------------+
* Bounding box calculated as % of dimensions for the target device (308, 299)


2. Logic Level Distribution
---------------------------

+-----------------+-------------+-----+-----+----+---+---+---+
| End Point Clock | Requirement |  0  |  1  |  2 | 3 | 4 | 5 |
+-----------------+-------------+-----+-----+----+---+---+---+
| ap_clk          | 5.000ns     | 242 | 155 | 33 | 4 | 4 | 4 |
+-----------------+-------------+-----+-----+----+---+---+---+
* Columns represent the logic levels per end point clock
** Distribution is for top worst 442 paths


3. Placer Final Level Congestion Reporting
------------------------------------------

+-----------+------+-------+------------+--------+---------------+---------------+-----+--------+------+------+------+-----+-------+-----+------------+
| Direction | Type | Level | Congestion | Window | Combined LUTs | Avg LUT Input | LUT | LUTRAM | Flop | MUXF | RAMB | DSP | CARRY | SRL | Cell Names |
+-----------+------+-------+------------+--------+---------------+---------------+-----+--------+------+------+------+-----+-------+-----+------------+
* The design has not been placed, hence congestion data is not available. The command report_design_analysis -congestion should be run only after place_design has completed.


4. SLR Net Crossing Reporting
-----------------------------

+------------+-----------------------------+
| Cell Names | Number of Nets crossing SLR |
+------------+-----------------------------+
* The current part is not an SSI device


