Copyright 1986-2022 Xilinx, Inc. All Rights Reserved.
-----------------------------------------------------------------------------------------------
| Tool Version : Vivado v.2022.2 (win64) Build 3671981 Fri Oct 14 05:00:03 MDT 2022
| Date         : Mon May 25 15:45:46 2026
| Host         : DESKTOP-GV6BOLL running 64-bit major release  (build 9200)
| Command      : report_timing -max_paths 10 -file ./report/matrix_mult_timing_paths_synth.rpt
| Design       : bd_0_wrapper
| Device       : 7z020-clg484
| Speed File   : -1  PRODUCTION 1.12 2019-11-22
-----------------------------------------------------------------------------------------------

Timing Report

Slack (MET) :             1.809ns  (required time - arrival time)
  Source:                 bd_0_i/hls_inst/inst/icmp_ln10_reg_552_pp0_iter2_reg_reg[0]/C
                            (rising edge-triggered cell FDRE clocked by ap_clk  {rise@0.000ns fall@2.500ns period=5.000ns})
  Destination:            bd_0_i/hls_inst/inst/ap_loop_exit_ready_pp0_iter1_reg_reg/R
                            (rising edge-triggered cell FDRE clocked by ap_clk  {rise@0.000ns fall@2.500ns period=5.000ns})
  Path Group:             ap_clk
  Path Type:              Setup (Max at Slow Process Corner)
  Requirement:            5.000ns  (ap_clk rise@5.000ns - ap_clk rise@0.000ns)
  Data Path Delay:        2.583ns  (logic 0.813ns (31.475%)  route 1.770ns (68.525%))
  Logic Levels:           1  (LUT6=1)
  Clock Path Skew:        -0.049ns (DCD - SCD + CPR)
    Destination Clock Delay (DCD):    0.924ns = ( 5.924 - 5.000 ) 
    Source Clock Delay      (SCD):    0.973ns
    Clock Pessimism Removal (CPR):    0.000ns
  Clock Uncertainty:      0.035ns  ((TSJ^2 + TIJ^2)^1/2 + DJ) / 2 + PE
    Total System Jitter     (TSJ):    0.071ns
    Total Input Jitter      (TIJ):    0.000ns
    Discrete Jitter          (DJ):    0.000ns
    Phase Error              (PE):    0.000ns

    Location             Delay type                Incr(ns)  Path(ns)    Netlist Resource(s)
  -------------------------------------------------------------------    -------------------
                         (clock ap_clk rise edge)     0.000     0.000 r  
                                                      0.000     0.000 r  ap_clk (IN)
                         net (fo=165, unset)          0.973     0.973    bd_0_i/hls_inst/inst/ap_clk
                         FDRE                                         r  bd_0_i/hls_inst/inst/icmp_ln10_reg_552_pp0_iter2_reg_reg[0]/C
  -------------------------------------------------------------------    -------------------
                         FDRE (Prop_fdre_C_Q)         0.518     1.491 r  bd_0_i/hls_inst/inst/icmp_ln10_reg_552_pp0_iter2_reg_reg[0]/Q
                         net (fo=2, unplaced)         0.976     2.467    bd_0_i/hls_inst/inst/icmp_ln10_reg_552_pp0_iter2_reg
                         LUT6 (Prop_lut6_I0_O)        0.295     2.762 r  bd_0_i/hls_inst/inst/ap_loop_exit_ready_pp0_iter1_reg_i_1/O
                         net (fo=3, unplaced)         0.794     3.556    bd_0_i/hls_inst/inst/ap_NS_fsm14_out
                         FDRE                                         r  bd_0_i/hls_inst/inst/ap_loop_exit_ready_pp0_iter1_reg_reg/R
  -------------------------------------------------------------------    -------------------

                         (clock ap_clk rise edge)     5.000     5.000 r  
                                                      0.000     5.000 r  ap_clk (IN)
                         net (fo=165, unset)          0.924     5.924    bd_0_i/hls_inst/inst/ap_clk
                         FDRE                                         r  bd_0_i/hls_inst/inst/ap_loop_exit_ready_pp0_iter1_reg_reg/C
                         clock pessimism              0.000     5.924    
                         clock uncertainty           -0.035     5.889    
                         FDRE (Setup_fdre_C_R)       -0.524     5.365    bd_0_i/hls_inst/inst/ap_loop_exit_ready_pp0_iter1_reg_reg
  -------------------------------------------------------------------
                         required time                          5.365    
                         arrival time                          -3.556    
  -------------------------------------------------------------------
                         slack                                  1.809    

Slack (MET) :             1.809ns  (required time - arrival time)
  Source:                 bd_0_i/hls_inst/inst/icmp_ln10_reg_552_pp0_iter2_reg_reg[0]/C
                            (rising edge-triggered cell FDRE clocked by ap_clk  {rise@0.000ns fall@2.500ns period=5.000ns})
  Destination:            bd_0_i/hls_inst/inst/ap_loop_exit_ready_pp0_iter2_reg_reg/R
                            (rising edge-triggered cell FDRE clocked by ap_clk  {rise@0.000ns fall@2.500ns period=5.000ns})
  Path Group:             ap_clk
  Path Type:              Setup (Max at Slow Process Corner)
  Requirement:            5.000ns  (ap_clk rise@5.000ns - ap_clk rise@0.000ns)
  Data Path Delay:        2.583ns  (logic 0.813ns (31.475%)  route 1.770ns (68.525%))
  Logic Levels:           1  (LUT6=1)
  Clock Path Skew:        -0.049ns (DCD - SCD + CPR)
    Destination Clock Delay (DCD):    0.924ns = ( 5.924 - 5.000 ) 
    Source Clock Delay      (SCD):    0.973ns
    Clock Pessimism Removal (CPR):    0.000ns
  Clock Uncertainty:      0.035ns  ((TSJ^2 + TIJ^2)^1/2 + DJ) / 2 + PE
    Total System Jitter     (TSJ):    0.071ns
    Total Input Jitter      (TIJ):    0.000ns
    Discrete Jitter          (DJ):    0.000ns
    Phase Error              (PE):    0.000ns

    Location             Delay type                Incr(ns)  Path(ns)    Netlist Resource(s)
  -------------------------------------------------------------------    -------------------
                         (clock ap_clk rise edge)     0.000     0.000 r  
                                                      0.000     0.000 r  ap_clk (IN)
                         net (fo=165, unset)          0.973     0.973    bd_0_i/hls_inst/inst/ap_clk
                         FDRE                                         r  bd_0_i/hls_inst/inst/icmp_ln10_reg_552_pp0_iter2_reg_reg[0]/C
  -------------------------------------------------------------------    -------------------
                         FDRE (Prop_fdre_C_Q)         0.518     1.491 r  bd_0_i/hls_inst/inst/icmp_ln10_reg_552_pp0_iter2_reg_reg[0]/Q
                         net (fo=2, unplaced)         0.976     2.467    bd_0_i/hls_inst/inst/icmp_ln10_reg_552_pp0_iter2_reg
                         LUT6 (Prop_lut6_I0_O)        0.295     2.762 r  bd_0_i/hls_inst/inst/ap_loop_exit_ready_pp0_iter1_reg_i_1/O
                         net (fo=3, unplaced)         0.794     3.556    bd_0_i/hls_inst/inst/ap_NS_fsm14_out
                         FDRE                                         r  bd_0_i/hls_inst/inst/ap_loop_exit_ready_pp0_iter2_reg_reg/R
  -------------------------------------------------------------------    -------------------

                         (clock ap_clk rise edge)     5.000     5.000 r  
                                                      0.000     5.000 r  ap_clk (IN)
                         net (fo=165, unset)          0.924     5.924    bd_0_i/hls_inst/inst/ap_clk
                         FDRE                                         r  bd_0_i/hls_inst/inst/ap_loop_exit_ready_pp0_iter2_reg_reg/C
                         clock pessimism              0.000     5.924    
                         clock uncertainty           -0.035     5.889    
                         FDRE (Setup_fdre_C_R)       -0.524     5.365    bd_0_i/hls_inst/inst/ap_loop_exit_ready_pp0_iter2_reg_reg
  -------------------------------------------------------------------
                         required time                          5.365    
                         arrival time                          -3.556    
  -------------------------------------------------------------------
                         slack                                  1.809    

Slack (MET) :             1.809ns  (required time - arrival time)
  Source:                 bd_0_i/hls_inst/inst/icmp_ln10_reg_552_pp0_iter2_reg_reg[0]/C
                            (rising edge-triggered cell FDRE clocked by ap_clk  {rise@0.000ns fall@2.500ns period=5.000ns})
  Destination:            bd_0_i/hls_inst/inst/ap_loop_exit_ready_pp0_iter3_reg_reg/R
                            (rising edge-triggered cell FDRE clocked by ap_clk  {rise@0.000ns fall@2.500ns period=5.000ns})
  Path Group:             ap_clk
  Path Type:              Setup (Max at Slow Process Corner)
  Requirement:            5.000ns  (ap_clk rise@5.000ns - ap_clk rise@0.000ns)
  Data Path Delay:        2.583ns  (logic 0.813ns (31.475%)  route 1.770ns (68.525%))
  Logic Levels:           1  (LUT6=1)
  Clock Path Skew:        -0.049ns (DCD - SCD + CPR)
    Destination Clock Delay (DCD):    0.924ns = ( 5.924 - 5.000 ) 
    Source Clock Delay      (SCD):    0.973ns
    Clock Pessimism Removal (CPR):    0.000ns
  Clock Uncertainty:      0.035ns  ((TSJ^2 + TIJ^2)^1/2 + DJ) / 2 + PE
    Total System Jitter     (TSJ):    0.071ns
    Total Input Jitter      (TIJ):    0.000ns
    Discrete Jitter          (DJ):    0.000ns
    Phase Error              (PE):    0.000ns

    Location             Delay type                Incr(ns)  Path(ns)    Netlist Resource(s)
  -------------------------------------------------------------------    -------------------
                         (clock ap_clk rise edge)     0.000     0.000 r  
                                                      0.000     0.000 r  ap_clk (IN)
                         net (fo=165, unset)          0.973     0.973    bd_0_i/hls_inst/inst/ap_clk
                         FDRE                                         r  bd_0_i/hls_inst/inst/icmp_ln10_reg_552_pp0_iter2_reg_reg[0]/C
  -------------------------------------------------------------------    -------------------
                         FDRE (Prop_fdre_C_Q)         0.518     1.491 r  bd_0_i/hls_inst/inst/icmp_ln10_reg_552_pp0_iter2_reg_reg[0]/Q
                         net (fo=2, unplaced)         0.976     2.467    bd_0_i/hls_inst/inst/icmp_ln10_reg_552_pp0_iter2_reg
                         LUT6 (Prop_lut6_I0_O)        0.295     2.762 r  bd_0_i/hls_inst/inst/ap_loop_exit_ready_pp0_iter1_reg_i_1/O
                         net (fo=3, unplaced)         0.794     3.556    bd_0_i/hls_inst/inst/ap_NS_fsm14_out
                         FDRE                                         r  bd_0_i/hls_inst/inst/ap_loop_exit_ready_pp0_iter3_reg_reg/R
  -------------------------------------------------------------------    -------------------

                         (clock ap_clk rise edge)     5.000     5.000 r  
                                                      0.000     5.000 r  ap_clk (IN)
                         net (fo=165, unset)          0.924     5.924    bd_0_i/hls_inst/inst/ap_clk
                         FDRE                                         r  bd_0_i/hls_inst/inst/ap_loop_exit_ready_pp0_iter3_reg_reg/C
                         clock pessimism              0.000     5.924    
                         clock uncertainty           -0.035     5.889    
                         FDRE (Setup_fdre_C_R)       -0.524     5.365    bd_0_i/hls_inst/inst/ap_loop_exit_ready_pp0_iter3_reg_reg
  -------------------------------------------------------------------
                         required time                          5.365    
                         arrival time                          -3.556    
  -------------------------------------------------------------------
                         slack                                  1.809    

Slack (MET) :             1.919ns  (required time - arrival time)
  Source:                 bd_0_i/hls_inst/inst/ap_CS_fsm_reg[0]/C
                            (rising edge-triggered cell FDSE clocked by ap_clk  {rise@0.000ns fall@2.500ns period=5.000ns})
  Destination:            bd_0_i/hls_inst/inst/i_fu_72_reg[0]/R
                            (rising edge-triggered cell FDRE clocked by ap_clk  {rise@0.000ns fall@2.500ns period=5.000ns})
  Path Group:             ap_clk
  Path Type:              Setup (Max at Slow Process Corner)
  Requirement:            5.000ns  (ap_clk rise@5.000ns - ap_clk rise@0.000ns)
  Data Path Delay:        2.473ns  (logic 0.837ns (33.846%)  route 1.636ns (66.154%))
  Logic Levels:           1  (LUT3=1)
  Clock Path Skew:        -0.049ns (DCD - SCD + CPR)
    Destination Clock Delay (DCD):    0.924ns = ( 5.924 - 5.000 ) 
    Source Clock Delay      (SCD):    0.973ns
    Clock Pessimism Removal (CPR):    0.000ns
  Clock Uncertainty:      0.035ns  ((TSJ^2 + TIJ^2)^1/2 + DJ) / 2 + PE
    Total System Jitter     (TSJ):    0.071ns
    Total Input Jitter      (TIJ):    0.000ns
    Discrete Jitter          (DJ):    0.000ns
    Phase Error              (PE):    0.000ns

    Location             Delay type                Incr(ns)  Path(ns)    Netlist Resource(s)
  -------------------------------------------------------------------    -------------------
                         (clock ap_clk rise edge)     0.000     0.000 r  
                                                      0.000     0.000 r  ap_clk (IN)
                         net (fo=165, unset)          0.973     0.973    bd_0_i/hls_inst/inst/ap_clk
                         FDSE                                         r  bd_0_i/hls_inst/inst/ap_CS_fsm_reg[0]/C
  -------------------------------------------------------------------    -------------------
                         FDSE (Prop_fdse_C_Q)         0.518     1.491 r  bd_0_i/hls_inst/inst/ap_CS_fsm_reg[0]/Q
                         net (fo=60, unplaced)        0.828     2.319    bd_0_i/hls_inst/inst/flow_control_loop_pipe_U/Q[0]
                         LUT3 (Prop_lut3_I0_O)        0.319     2.638 r  bd_0_i/hls_inst/inst/flow_control_loop_pipe_U/j_fu_68[2]_i_1/O
                         net (fo=6, unplaced)         0.808     3.446    bd_0_i/hls_inst/inst/flow_control_loop_pipe_U_n_11
                         FDRE                                         r  bd_0_i/hls_inst/inst/i_fu_72_reg[0]/R
  -------------------------------------------------------------------    -------------------

                         (clock ap_clk rise edge)     5.000     5.000 r  
                                                      0.000     5.000 r  ap_clk (IN)
                         net (fo=165, unset)          0.924     5.924    bd_0_i/hls_inst/inst/ap_clk
                         FDRE                                         r  bd_0_i/hls_inst/inst/i_fu_72_reg[0]/C
                         clock pessimism              0.000     5.924    
                         clock uncertainty           -0.035     5.889    
                         FDRE (Setup_fdre_C_R)       -0.524     5.365    bd_0_i/hls_inst/inst/i_fu_72_reg[0]
  -------------------------------------------------------------------
                         required time                          5.365    
                         arrival time                          -3.446    
  -------------------------------------------------------------------
                         slack                                  1.919    

Slack (MET) :             1.919ns  (required time - arrival time)
  Source:                 bd_0_i/hls_inst/inst/ap_CS_fsm_reg[0]/C
                            (rising edge-triggered cell FDSE clocked by ap_clk  {rise@0.000ns fall@2.500ns period=5.000ns})
  Destination:            bd_0_i/hls_inst/inst/i_fu_72_reg[1]/R
                            (rising edge-triggered cell FDRE clocked by ap_clk  {rise@0.000ns fall@2.500ns period=5.000ns})
  Path Group:             ap_clk
  Path Type:              Setup (Max at Slow Process Corner)
  Requirement:            5.000ns  (ap_clk rise@5.000ns - ap_clk rise@0.000ns)
  Data Path Delay:        2.473ns  (logic 0.837ns (33.846%)  route 1.636ns (66.154%))
  Logic Levels:           1  (LUT3=1)
  Clock Path Skew:        -0.049ns (DCD - SCD + CPR)
    Destination Clock Delay (DCD):    0.924ns = ( 5.924 - 5.000 ) 
    Source Clock Delay      (SCD):    0.973ns
    Clock Pessimism Removal (CPR):    0.000ns
  Clock Uncertainty:      0.035ns  ((TSJ^2 + TIJ^2)^1/2 + DJ) / 2 + PE
    Total System Jitter     (TSJ):    0.071ns
    Total Input Jitter      (TIJ):    0.000ns
    Discrete Jitter          (DJ):    0.000ns
    Phase Error              (PE):    0.000ns

    Location             Delay type                Incr(ns)  Path(ns)    Netlist Resource(s)
  -------------------------------------------------------------------    -------------------
                         (clock ap_clk rise edge)     0.000     0.000 r  
                                                      0.000     0.000 r  ap_clk (IN)
                         net (fo=165, unset)          0.973     0.973    bd_0_i/hls_inst/inst/ap_clk
                         FDSE                                         r  bd_0_i/hls_inst/inst/ap_CS_fsm_reg[0]/C
  -------------------------------------------------------------------    -------------------
                         FDSE (Prop_fdse_C_Q)         0.518     1.491 r  bd_0_i/hls_inst/inst/ap_CS_fsm_reg[0]/Q
                         net (fo=60, unplaced)        0.828     2.319    bd_0_i/hls_inst/inst/flow_control_loop_pipe_U/Q[0]
                         LUT3 (Prop_lut3_I0_O)        0.319     2.638 r  bd_0_i/hls_inst/inst/flow_control_loop_pipe_U/j_fu_68[2]_i_1/O
                         net (fo=6, unplaced)         0.808     3.446    bd_0_i/hls_inst/inst/flow_control_loop_pipe_U_n_11
                         FDRE                                         r  bd_0_i/hls_inst/inst/i_fu_72_reg[1]/R
  -------------------------------------------------------------------    -------------------

                         (clock ap_clk rise edge)     5.000     5.000 r  
                                                      0.000     5.000 r  ap_clk (IN)
                         net (fo=165, unset)          0.924     5.924    bd_0_i/hls_inst/inst/ap_clk
                         FDRE                                         r  bd_0_i/hls_inst/inst/i_fu_72_reg[1]/C
                         clock pessimism              0.000     5.924    
                         clock uncertainty           -0.035     5.889    
                         FDRE (Setup_fdre_C_R)       -0.524     5.365    bd_0_i/hls_inst/inst/i_fu_72_reg[1]
  -------------------------------------------------------------------
                         required time                          5.365    
                         arrival time                          -3.446    
  -------------------------------------------------------------------
                         slack                                  1.919    

Slack (MET) :             1.919ns  (required time - arrival time)
  Source:                 bd_0_i/hls_inst/inst/ap_CS_fsm_reg[0]/C
                            (rising edge-triggered cell FDSE clocked by ap_clk  {rise@0.000ns fall@2.500ns period=5.000ns})
  Destination:            bd_0_i/hls_inst/inst/i_fu_72_reg[2]/R
                            (rising edge-triggered cell FDRE clocked by ap_clk  {rise@0.000ns fall@2.500ns period=5.000ns})
  Path Group:             ap_clk
  Path Type:              Setup (Max at Slow Process Corner)
  Requirement:            5.000ns  (ap_clk rise@5.000ns - ap_clk rise@0.000ns)
  Data Path Delay:        2.473ns  (logic 0.837ns (33.846%)  route 1.636ns (66.154%))
  Logic Levels:           1  (LUT3=1)
  Clock Path Skew:        -0.049ns (DCD - SCD + CPR)
    Destination Clock Delay (DCD):    0.924ns = ( 5.924 - 5.000 ) 
    Source Clock Delay      (SCD):    0.973ns
    Clock Pessimism Removal (CPR):    0.000ns
  Clock Uncertainty:      0.035ns  ((TSJ^2 + TIJ^2)^1/2 + DJ) / 2 + PE
    Total System Jitter     (TSJ):    0.071ns
    Total Input Jitter      (TIJ):    0.000ns
    Discrete Jitter          (DJ):    0.000ns
    Phase Error              (PE):    0.000ns

    Location             Delay type                Incr(ns)  Path(ns)    Netlist Resource(s)
  -------------------------------------------------------------------    -------------------
                         (clock ap_clk rise edge)     0.000     0.000 r  
                                                      0.000     0.000 r  ap_clk (IN)
                         net (fo=165, unset)          0.973     0.973    bd_0_i/hls_inst/inst/ap_clk
                         FDSE                                         r  bd_0_i/hls_inst/inst/ap_CS_fsm_reg[0]/C
  -------------------------------------------------------------------    -------------------
                         FDSE (Prop_fdse_C_Q)         0.518     1.491 r  bd_0_i/hls_inst/inst/ap_CS_fsm_reg[0]/Q
                         net (fo=60, unplaced)        0.828     2.319    bd_0_i/hls_inst/inst/flow_control_loop_pipe_U/Q[0]
                         LUT3 (Prop_lut3_I0_O)        0.319     2.638 r  bd_0_i/hls_inst/inst/flow_control_loop_pipe_U/j_fu_68[2]_i_1/O
                         net (fo=6, unplaced)         0.808     3.446    bd_0_i/hls_inst/inst/flow_control_loop_pipe_U_n_11
                         FDRE                                         r  bd_0_i/hls_inst/inst/i_fu_72_reg[2]/R
  -------------------------------------------------------------------    -------------------

                         (clock ap_clk rise edge)     5.000     5.000 r  
                                                      0.000     5.000 r  ap_clk (IN)
                         net (fo=165, unset)          0.924     5.924    bd_0_i/hls_inst/inst/ap_clk
                         FDRE                                         r  bd_0_i/hls_inst/inst/i_fu_72_reg[2]/C
                         clock pessimism              0.000     5.924    
                         clock uncertainty           -0.035     5.889    
                         FDRE (Setup_fdre_C_R)       -0.524     5.365    bd_0_i/hls_inst/inst/i_fu_72_reg[2]
  -------------------------------------------------------------------
                         required time                          5.365    
                         arrival time                          -3.446    
  -------------------------------------------------------------------
                         slack                                  1.919    

Slack (MET) :             1.919ns  (required time - arrival time)
  Source:                 bd_0_i/hls_inst/inst/ap_CS_fsm_reg[0]/C
                            (rising edge-triggered cell FDSE clocked by ap_clk  {rise@0.000ns fall@2.500ns period=5.000ns})
  Destination:            bd_0_i/hls_inst/inst/j_fu_68_reg[0]/R
                            (rising edge-triggered cell FDRE clocked by ap_clk  {rise@0.000ns fall@2.500ns period=5.000ns})
  Path Group:             ap_clk
  Path Type:              Setup (Max at Slow Process Corner)
  Requirement:            5.000ns  (ap_clk rise@5.000ns - ap_clk rise@0.000ns)
  Data Path Delay:        2.473ns  (logic 0.837ns (33.846%)  route 1.636ns (66.154%))
  Logic Levels:           1  (LUT3=1)
  Clock Path Skew:        -0.049ns (DCD - SCD + CPR)
    Destination Clock Delay (DCD):    0.924ns = ( 5.924 - 5.000 ) 
    Source Clock Delay      (SCD):    0.973ns
    Clock Pessimism Removal (CPR):    0.000ns
  Clock Uncertainty:      0.035ns  ((TSJ^2 + TIJ^2)^1/2 + DJ) / 2 + PE
    Total System Jitter     (TSJ):    0.071ns
    Total Input Jitter      (TIJ):    0.000ns
    Discrete Jitter          (DJ):    0.000ns
    Phase Error              (PE):    0.000ns

    Location             Delay type                Incr(ns)  Path(ns)    Netlist Resource(s)
  -------------------------------------------------------------------    -------------------
                         (clock ap_clk rise edge)     0.000     0.000 r  
                                                      0.000     0.000 r  ap_clk (IN)
                         net (fo=165, unset)          0.973     0.973    bd_0_i/hls_inst/inst/ap_clk
                         FDSE                                         r  bd_0_i/hls_inst/inst/ap_CS_fsm_reg[0]/C
  -------------------------------------------------------------------    -------------------
                         FDSE (Prop_fdse_C_Q)         0.518     1.491 r  bd_0_i/hls_inst/inst/ap_CS_fsm_reg[0]/Q
                         net (fo=60, unplaced)        0.828     2.319    bd_0_i/hls_inst/inst/flow_control_loop_pipe_U/Q[0]
                         LUT3 (Prop_lut3_I0_O)        0.319     2.638 r  bd_0_i/hls_inst/inst/flow_control_loop_pipe_U/j_fu_68[2]_i_1/O
                         net (fo=6, unplaced)         0.808     3.446    bd_0_i/hls_inst/inst/flow_control_loop_pipe_U_n_11
                         FDRE                                         r  bd_0_i/hls_inst/inst/j_fu_68_reg[0]/R
  -------------------------------------------------------------------    -------------------

                         (clock ap_clk rise edge)     5.000     5.000 r  
                                                      0.000     5.000 r  ap_clk (IN)
                         net (fo=165, unset)          0.924     5.924    bd_0_i/hls_inst/inst/ap_clk
                         FDRE                                         r  bd_0_i/hls_inst/inst/j_fu_68_reg[0]/C
                         clock pessimism              0.000     5.924    
                         clock uncertainty           -0.035     5.889    
                         FDRE (Setup_fdre_C_R)       -0.524     5.365    bd_0_i/hls_inst/inst/j_fu_68_reg[0]
  -------------------------------------------------------------------
                         required time                          5.365    
                         arrival time                          -3.446    
  -------------------------------------------------------------------
                         slack                                  1.919    

Slack (MET) :             1.919ns  (required time - arrival time)
  Source:                 bd_0_i/hls_inst/inst/ap_CS_fsm_reg[0]/C
                            (rising edge-triggered cell FDSE clocked by ap_clk  {rise@0.000ns fall@2.500ns period=5.000ns})
  Destination:            bd_0_i/hls_inst/inst/j_fu_68_reg[1]/R
                            (rising edge-triggered cell FDRE clocked by ap_clk  {rise@0.000ns fall@2.500ns period=5.000ns})
  Path Group:             ap_clk
  Path Type:              Setup (Max at Slow Process Corner)
  Requirement:            5.000ns  (ap_clk rise@5.000ns - ap_clk rise@0.000ns)
  Data Path Delay:        2.473ns  (logic 0.837ns (33.846%)  route 1.636ns (66.154%))
  Logic Levels:           1  (LUT3=1)
  Clock Path Skew:        -0.049ns (DCD - SCD + CPR)
    Destination Clock Delay (DCD):    0.924ns = ( 5.924 - 5.000 ) 
    Source Clock Delay      (SCD):    0.973ns
    Clock Pessimism Removal (CPR):    0.000ns
  Clock Uncertainty:      0.035ns  ((TSJ^2 + TIJ^2)^1/2 + DJ) / 2 + PE
    Total System Jitter     (TSJ):    0.071ns
    Total Input Jitter      (TIJ):    0.000ns
    Discrete Jitter          (DJ):    0.000ns
    Phase Error              (PE):    0.000ns

    Location             Delay type                Incr(ns)  Path(ns)    Netlist Resource(s)
  -------------------------------------------------------------------    -------------------
                         (clock ap_clk rise edge)     0.000     0.000 r  
                                                      0.000     0.000 r  ap_clk (IN)
                         net (fo=165, unset)          0.973     0.973    bd_0_i/hls_inst/inst/ap_clk
                         FDSE                                         r  bd_0_i/hls_inst/inst/ap_CS_fsm_reg[0]/C
  -------------------------------------------------------------------    -------------------
                         FDSE (Prop_fdse_C_Q)         0.518     1.491 r  bd_0_i/hls_inst/inst/ap_CS_fsm_reg[0]/Q
                         net (fo=60, unplaced)        0.828     2.319    bd_0_i/hls_inst/inst/flow_control_loop_pipe_U/Q[0]
                         LUT3 (Prop_lut3_I0_O)        0.319     2.638 r  bd_0_i/hls_inst/inst/flow_control_loop_pipe_U/j_fu_68[2]_i_1/O
                         net (fo=6, unplaced)         0.808     3.446    bd_0_i/hls_inst/inst/flow_control_loop_pipe_U_n_11
                         FDRE                                         r  bd_0_i/hls_inst/inst/j_fu_68_reg[1]/R
  -------------------------------------------------------------------    -------------------

                         (clock ap_clk rise edge)     5.000     5.000 r  
                                                      0.000     5.000 r  ap_clk (IN)
                         net (fo=165, unset)          0.924     5.924    bd_0_i/hls_inst/inst/ap_clk
                         FDRE                                         r  bd_0_i/hls_inst/inst/j_fu_68_reg[1]/C
                         clock pessimism              0.000     5.924    
                         clock uncertainty           -0.035     5.889    
                         FDRE (Setup_fdre_C_R)       -0.524     5.365    bd_0_i/hls_inst/inst/j_fu_68_reg[1]
  -------------------------------------------------------------------
                         required time                          5.365    
                         arrival time                          -3.446    
  -------------------------------------------------------------------
                         slack                                  1.919    

Slack (MET) :             1.919ns  (required time - arrival time)
  Source:                 bd_0_i/hls_inst/inst/ap_CS_fsm_reg[0]/C
                            (rising edge-triggered cell FDSE clocked by ap_clk  {rise@0.000ns fall@2.500ns period=5.000ns})
  Destination:            bd_0_i/hls_inst/inst/j_fu_68_reg[2]/R
                            (rising edge-triggered cell FDRE clocked by ap_clk  {rise@0.000ns fall@2.500ns period=5.000ns})
  Path Group:             ap_clk
  Path Type:              Setup (Max at Slow Process Corner)
  Requirement:            5.000ns  (ap_clk rise@5.000ns - ap_clk rise@0.000ns)
  Data Path Delay:        2.473ns  (logic 0.837ns (33.846%)  route 1.636ns (66.154%))
  Logic Levels:           1  (LUT3=1)
  Clock Path Skew:        -0.049ns (DCD - SCD + CPR)
    Destination Clock Delay (DCD):    0.924ns = ( 5.924 - 5.000 ) 
    Source Clock Delay      (SCD):    0.973ns
    Clock Pessimism Removal (CPR):    0.000ns
  Clock Uncertainty:      0.035ns  ((TSJ^2 + TIJ^2)^1/2 + DJ) / 2 + PE
    Total System Jitter     (TSJ):    0.071ns
    Total Input Jitter      (TIJ):    0.000ns
    Discrete Jitter          (DJ):    0.000ns
    Phase Error              (PE):    0.000ns

    Location             Delay type                Incr(ns)  Path(ns)    Netlist Resource(s)
  -------------------------------------------------------------------    -------------------
                         (clock ap_clk rise edge)     0.000     0.000 r  
                                                      0.000     0.000 r  ap_clk (IN)
                         net (fo=165, unset)          0.973     0.973    bd_0_i/hls_inst/inst/ap_clk
                         FDSE                                         r  bd_0_i/hls_inst/inst/ap_CS_fsm_reg[0]/C
  -------------------------------------------------------------------    -------------------
                         FDSE (Prop_fdse_C_Q)         0.518     1.491 r  bd_0_i/hls_inst/inst/ap_CS_fsm_reg[0]/Q
                         net (fo=60, unplaced)        0.828     2.319    bd_0_i/hls_inst/inst/flow_control_loop_pipe_U/Q[0]
                         LUT3 (Prop_lut3_I0_O)        0.319     2.638 r  bd_0_i/hls_inst/inst/flow_control_loop_pipe_U/j_fu_68[2]_i_1/O
                         net (fo=6, unplaced)         0.808     3.446    bd_0_i/hls_inst/inst/flow_control_loop_pipe_U_n_11
                         FDRE                                         r  bd_0_i/hls_inst/inst/j_fu_68_reg[2]/R
  -------------------------------------------------------------------    -------------------

                         (clock ap_clk rise edge)     5.000     5.000 r  
                                                      0.000     5.000 r  ap_clk (IN)
                         net (fo=165, unset)          0.924     5.924    bd_0_i/hls_inst/inst/ap_clk
                         FDRE                                         r  bd_0_i/hls_inst/inst/j_fu_68_reg[2]/C
                         clock pessimism              0.000     5.924    
                         clock uncertainty           -0.035     5.889    
                         FDRE (Setup_fdre_C_R)       -0.524     5.365    bd_0_i/hls_inst/inst/j_fu_68_reg[2]
  -------------------------------------------------------------------
                         required time                          5.365    
                         arrival time                          -3.446    
  -------------------------------------------------------------------
                         slack                                  1.919    

Slack (MET) :             1.961ns  (required time - arrival time)
  Source:                 bd_0_i/hls_inst/inst/ap_CS_fsm_reg[0]/C
                            (rising edge-triggered cell FDSE clocked by ap_clk  {rise@0.000ns fall@2.500ns period=5.000ns})
  Destination:            bd_0_i/hls_inst/inst/mac_muladd_8s_8s_16s_16_4_1_U3/matrix_mult_mac_muladd_8s_8s_16s_16_4_1_DSP48_0_U/p_reg_reg/CEB1
                            (rising edge-triggered cell DSP48E1 clocked by ap_clk  {rise@0.000ns fall@2.500ns period=5.000ns})
  Path Group:             ap_clk
  Path Type:              Setup (Max at Slow Process Corner)
  Requirement:            5.000ns  (ap_clk rise@5.000ns - ap_clk rise@0.000ns)
  Data Path Delay:        2.441ns  (logic 0.813ns (33.310%)  route 1.628ns (66.690%))
  Logic Levels:           1  (LUT3=1)
  Clock Path Skew:        -0.049ns (DCD - SCD + CPR)
    Destination Clock Delay (DCD):    0.924ns = ( 5.924 - 5.000 ) 
    Source Clock Delay      (SCD):    0.973ns
    Clock Pessimism Removal (CPR):    0.000ns
  Clock Uncertainty:      0.035ns  ((TSJ^2 + TIJ^2)^1/2 + DJ) / 2 + PE
    Total System Jitter     (TSJ):    0.071ns
    Total Input Jitter      (TIJ):    0.000ns
    Discrete Jitter          (DJ):    0.000ns
    Phase Error              (PE):    0.000ns

    Location             Delay type                Incr(ns)  Path(ns)    Netlist Resource(s)
  -------------------------------------------------------------------    -------------------
                         (clock ap_clk rise edge)     0.000     0.000 r  
                                                      0.000     0.000 r  ap_clk (IN)
                         net (fo=165, unset)          0.973     0.973    bd_0_i/hls_inst/inst/ap_clk
                         FDSE                                         r  bd_0_i/hls_inst/inst/ap_CS_fsm_reg[0]/C
  -------------------------------------------------------------------    -------------------
                         FDSE (Prop_fdse_C_Q)         0.518     1.491 r  bd_0_i/hls_inst/inst/ap_CS_fsm_reg[0]/Q
                         net (fo=60, unplaced)        0.828     2.319    bd_0_i/hls_inst/inst/mac_muladd_8s_8s_16s_16_4_1_U3/matrix_mult_mac_muladd_8s_8s_16s_16_4_1_DSP48_0_U/Q[0]
                         LUT3 (Prop_lut3_I0_O)        0.295     2.614 r  bd_0_i/hls_inst/inst/mac_muladd_8s_8s_16s_16_4_1_U3/matrix_mult_mac_muladd_8s_8s_16s_16_4_1_DSP48_0_U/buff0_reg_i_1/O
                         net (fo=4, unplaced)         0.800     3.414    bd_0_i/hls_inst/inst/mac_muladd_8s_8s_16s_16_4_1_U3/matrix_mult_mac_muladd_8s_8s_16s_16_4_1_DSP48_0_U/reg_1950
                         DSP48E1                                      r  bd_0_i/hls_inst/inst/mac_muladd_8s_8s_16s_16_4_1_U3/matrix_mult_mac_muladd_8s_8s_16s_16_4_1_DSP48_0_U/p_reg_reg/CEB1
  -------------------------------------------------------------------    -------------------

                         (clock ap_clk rise edge)     5.000     5.000 r  
                                                      0.000     5.000 r  ap_clk (IN)
                         net (fo=165, unset)          0.924     5.924    bd_0_i/hls_inst/inst/mac_muladd_8s_8s_16s_16_4_1_U3/matrix_mult_mac_muladd_8s_8s_16s_16_4_1_DSP48_0_U/ap_clk
                         DSP48E1                                      r  bd_0_i/hls_inst/inst/mac_muladd_8s_8s_16s_16_4_1_U3/matrix_mult_mac_muladd_8s_8s_16s_16_4_1_DSP48_0_U/p_reg_reg/CLK
                         clock pessimism              0.000     5.924    
                         clock uncertainty           -0.035     5.889    
                         DSP48E1 (Setup_dsp48e1_CLK_CEB1)
                                                     -0.514     5.375    bd_0_i/hls_inst/inst/mac_muladd_8s_8s_16s_16_4_1_U3/matrix_mult_mac_muladd_8s_8s_16s_16_4_1_DSP48_0_U/p_reg_reg
  -------------------------------------------------------------------
                         required time                          5.375    
                         arrival time                          -3.414    
  -------------------------------------------------------------------
                         slack                                  1.961    




