

================================================================
== Vitis HLS Report for 'matrix_mult'
================================================================
* Date:           Mon May 25 14:36:33 2026

* Version:        2022.2 (Build 3670227 on Oct 13 2022)
* Project:        matrix_mult_prj
* Solution:       solution3 (Vivado IP Flow Target)
* Product family: zynq
* Target device:  xc7z020-clg484-1


================================================================
== Performance Estimates
================================================================
+ Timing: 
    * Summary: 
    +--------+---------+----------+------------+
    |  Clock |  Target | Estimated| Uncertainty|
    +--------+---------+----------+------------+
    |ap_clk  |  5.00 ns|  3.430 ns|     1.35 ns|
    +--------+---------+----------+------------+

+ Latency: 
    * Summary: 
    +---------+---------+----------+----------+-----+-----+---------+
    |  Latency (cycles) |  Latency (absolute) |  Interval | Pipeline|
    |   min   |   max   |    min   |    max   | min | max |   Type  |
    +---------+---------+----------+----------+-----+-----+---------+
    |       86|       86|  0.430 us|  0.430 us|   87|   87|       no|
    +---------+---------+----------+----------+-----+-----+---------+

    + Detail: 
        * Instance: 
        N/A

        * Loop: 
        +-----------+---------+---------+----------+-----------+-----------+------+----------+
        |           |  Latency (cycles) | Iteration|  Initiation Interval  | Trip |          |
        | Loop Name |   min   |   max   |  Latency |  achieved |   target  | Count| Pipelined|
        +-----------+---------+---------+----------+-----------+-----------+------+----------+
        |- Row_Col  |       84|       84|        13|          3|          1|    25|       yes|
        +-----------+---------+---------+----------+-----------+-----------+------+----------+



================================================================
== Utilization Estimates
================================================================
* Summary: 
+-----------------+---------+-----+--------+-------+-----+
|       Name      | BRAM_18K| DSP |   FF   |  LUT  | URAM|
+-----------------+---------+-----+--------+-------+-----+
|DSP              |        -|    3|       -|      -|    -|
|Expression       |        -|    -|       0|    238|    -|
|FIFO             |        -|    -|       -|      -|    -|
|Instance         |        -|    2|       0|      0|    -|
|Memory           |        -|    -|       -|      -|    -|
|Multiplexer      |        -|    -|       -|    205|    -|
|Register         |        -|    -|     310|     32|    -|
+-----------------+---------+-----+--------+-------+-----+
|Total            |        0|    5|     310|    475|    0|
+-----------------+---------+-----+--------+-------+-----+
|Available        |      280|  220|  106400|  53200|    0|
+-----------------+---------+-----+--------+-------+-----+
|Utilization (%)  |        0|    2|      ~0|     ~0|    0|
+-----------------+---------+-----+--------+-------+-----+

+ Detail: 
    * Instance: 
    +---------------------+------------------+---------+----+---+----+-----+
    |       Instance      |      Module      | BRAM_18K| DSP| FF| LUT| URAM|
    +---------------------+------------------+---------+----+---+----+-----+
    |mul_8s_8s_16_3_1_U1  |mul_8s_8s_16_3_1  |        0|   1|  0|   0|    0|
    |mul_8s_8s_16_3_1_U2  |mul_8s_8s_16_3_1  |        0|   1|  0|   0|    0|
    +---------------------+------------------+---------+----+---+----+-----+
    |Total                |                  |        0|   2|  0|   0|    0|
    +---------------------+------------------+---------+----+---+----+-----+

    * DSP: 
    +---------------------------------+------------------------------+--------------+
    |             Instance            |            Module            |  Expression  |
    +---------------------------------+------------------------------+--------------+
    |mac_muladd_8s_8s_16ns_16_4_1_U5  |mac_muladd_8s_8s_16ns_16_4_1  |  i0 + i1 * i2|
    |mac_muladd_8s_8s_16s_16_4_1_U3   |mac_muladd_8s_8s_16s_16_4_1   |  i0 + i1 * i2|
    |mac_muladd_8s_8s_16s_16_4_1_U4   |mac_muladd_8s_8s_16s_16_4_1   |  i0 + i1 * i2|
    +---------------------------------+------------------------------+--------------+

    * Memory: 
    N/A

    * FIFO: 
    N/A

    * Expression: 
    +-------------------------+----------+----+---+----+------------+------------+
    |      Variable Name      | Operation| DSP| FF| LUT| Bitwidth P0| Bitwidth P1|
    +-------------------------+----------+----+---+----+------------+------------+
    |add_ln10_1_fu_314_p2     |         +|   0|  0|  13|           5|           1|
    |add_ln10_2_fu_419_p2     |         +|   0|  0|  13|           5|           2|
    |add_ln10_3_fu_320_p2     |         +|   0|  0|  13|           5|           2|
    |add_ln10_4_fu_367_p2     |         +|   0|  0|  13|           5|           3|
    |add_ln10_5_fu_252_p2     |         +|   0|  0|  13|           5|           1|
    |add_ln10_fu_261_p2       |         +|   0|  0|  11|           3|           1|
    |add_ln12_fu_344_p2       |         +|   0|  0|  11|           3|           1|
    |add_ln16_3_fu_492_p2     |         +|   0|  0|  23|          16|          16|
    |add_ln16_4_fu_457_p2     |         +|   0|  0|   7|           5|           5|
    |add_ln16_5_fu_332_p2     |         +|   0|  0|  13|           4|           3|
    |add_ln16_6_fu_428_p2     |         +|   0|  0|  13|           5|           4|
    |add_ln16_7_fu_338_p2     |         +|   0|  0|  13|           5|           4|
    |add_ln16_8_fu_380_p2     |         +|   0|  0|  13|           5|           5|
    |add_ln16_9_fu_475_p2     |         +|   0|  0|   7|           5|           5|
    |empty_7_fu_293_p2        |         +|   0|  0|  13|           5|           5|
    |empty_fu_240_p2          |         +|   0|  0|  13|           5|           5|
    |ap_condition_150         |       and|   0|  0|   2|           1|           1|
    |ap_condition_292         |       and|   0|  0|   2|           1|           1|
    |ap_condition_573         |       and|   0|  0|   2|           1|           1|
    |icmp_ln10_fu_246_p2      |      icmp|   0|  0|   9|           5|           4|
    |icmp_ln12_fu_267_p2      |      icmp|   0|  0|   8|           3|           3|
    |select_ln10_1_fu_304_p3  |    select|   0|  0|   3|           1|           3|
    |select_ln10_2_fu_309_p3  |    select|   0|  0|   5|           1|           5|
    |select_ln10_fu_273_p3    |    select|   0|  0|   3|           1|           1|
    |ap_enable_pp0            |       xor|   0|  0|   2|           1|           2|
    +-------------------------+----------+----+---+----+------------+------------+
    |Total                    |          |   0|  0| 238|         101|          84|
    +-------------------------+----------+----+---+----+------------+------------+

    * Multiplexer: 
    +--------------------------------------+----+-----------+-----+-----------+
    |                 Name                 | LUT| Input Size| Bits| Total Bits|
    +--------------------------------------+----+-----------+-----+-----------+
    |a_address0                            |  20|          4|    5|         20|
    |a_address1                            |  14|          3|    5|         15|
    |ap_NS_fsm                             |  20|          4|    1|          4|
    |ap_done_int                           |   9|          2|    1|          2|
    |ap_enable_reg_pp0_iter0               |   9|          2|    1|          2|
    |ap_enable_reg_pp0_iter1               |   9|          2|    1|          2|
    |ap_enable_reg_pp0_iter4               |   9|          2|    1|          2|
    |ap_loop_exit_ready_pp0_iter1_reg      |   9|          2|    1|          2|
    |ap_loop_exit_ready_pp0_iter2_reg      |   9|          2|    1|          2|
    |ap_loop_exit_ready_pp0_iter3_reg      |   9|          2|    1|          2|
    |ap_sig_allocacmp_i_1                  |   9|          2|    3|          6|
    |ap_sig_allocacmp_indvar_flatten_load  |   9|          2|    5|         10|
    |ap_sig_allocacmp_j_load               |   9|          2|    3|          6|
    |b_address0                            |  20|          4|    5|         20|
    |b_address1                            |  14|          3|    5|         15|
    |i_fu_72                               |   9|          2|    3|          6|
    |indvar_flatten_fu_76                  |   9|          2|    5|         10|
    |j_fu_68                               |   9|          2|    3|          6|
    +--------------------------------------+----+-----------+-----+-----------+
    |Total                                 | 205|         44|   50|        132|
    +--------------------------------------+----+-----------+-----+-----------+

    * Register: 
    +-------------------------------------+----+----+-----+-----------+
    |                 Name                | FF | LUT| Bits| Const Bits|
    +-------------------------------------+----+----+-----+-----------+
    |add_ln10_1_reg_593                   |   5|   0|    5|          0|
    |add_ln10_2_reg_685                   |   5|   0|    5|          0|
    |add_ln10_3_reg_598                   |   5|   0|    5|          0|
    |add_ln10_4_reg_630                   |   5|   0|    5|          0|
    |add_ln10_reg_556                     |   3|   0|    3|          0|
    |add_ln16_1_reg_755                   |  16|   0|   16|          0|
    |add_ln16_2_reg_765                   |  16|   0|   16|          0|
    |add_ln16_3_reg_770                   |  16|   0|   16|          0|
    |add_ln16_5_reg_610                   |   4|   0|    4|          0|
    |add_ln16_6_reg_695                   |   5|   0|    5|          0|
    |add_ln16_7_reg_615                   |   5|   0|    5|          0|
    |add_ln16_8_reg_645                   |   5|   0|    5|          0|
    |add_ln16_9_reg_725                   |   5|   0|    5|          0|
    |add_ln16_9_reg_725_pp0_iter3_reg     |   5|   0|    5|          0|
    |add_ln16_reg_760                     |  16|   0|   16|          0|
    |ap_CS_fsm                            |   3|   0|    3|          0|
    |ap_done_reg                          |   1|   0|    1|          0|
    |ap_enable_reg_pp0_iter0_reg          |   1|   0|    1|          0|
    |ap_enable_reg_pp0_iter1              |   1|   0|    1|          0|
    |ap_enable_reg_pp0_iter2              |   1|   0|    1|          0|
    |ap_enable_reg_pp0_iter3              |   1|   0|    1|          0|
    |ap_enable_reg_pp0_iter4              |   1|   0|    1|          0|
    |ap_loop_exit_ready_pp0_iter1_reg     |   1|   0|    1|          0|
    |ap_loop_exit_ready_pp0_iter2_reg     |   1|   0|    1|          0|
    |ap_loop_exit_ready_pp0_iter3_reg     |   1|   0|    1|          0|
    |empty_7_reg_575                      |   5|   0|    5|          0|
    |empty_reg_547                        |   5|   0|    5|          0|
    |i_1_reg_542                          |   3|   0|    3|          0|
    |i_fu_72                              |   3|   0|    3|          0|
    |icmp_ln10_reg_552                    |   1|   0|    1|          0|
    |icmp_ln12_reg_561                    |   1|   0|    1|          0|
    |indvar_flatten_fu_76                 |   5|   0|    5|          0|
    |j_fu_68                              |   3|   0|    3|          0|
    |mul_ln16_1_reg_745                   |  16|   0|   16|          0|
    |mul_ln16_3_reg_735                   |  16|   0|   16|          0|
    |reg_191                              |   8|   0|    8|          0|
    |reg_195                              |   8|   0|    8|          0|
    |reg_199                              |   8|   0|    8|          0|
    |reg_203                              |   8|   0|    8|          0|
    |select_ln10_1_reg_580                |   3|   0|    3|          0|
    |select_ln10_1_reg_580_pp0_iter1_reg  |   3|   0|    3|          0|
    |select_ln10_2_reg_586                |   5|   0|    5|          0|
    |select_ln10_2_reg_586_pp0_iter1_reg  |   5|   0|    5|          0|
    |select_ln10_reg_567                  |   3|   0|    3|          0|
    |select_ln10_reg_567_pp0_iter1_reg    |   3|   0|    3|          0|
    |zext_ln16_1_reg_603                  |   3|   0|    5|          2|
    |zext_ln16_1_reg_603_pp0_iter1_reg    |   3|   0|    5|          2|
    |icmp_ln10_reg_552                    |  64|  32|    1|          0|
    +-------------------------------------+----+----+-----+-----------+
    |Total                                | 310|  32|  251|          4|
    +-------------------------------------+----+----+-----+-----------+



================================================================
== Interface
================================================================
* Summary: 
+---------------+-----+-----+------------+--------------+--------------+
|   RTL Ports   | Dir | Bits|  Protocol  | Source Object|    C Type    |
+---------------+-----+-----+------------+--------------+--------------+
|ap_clk         |   in|    1|  ap_ctrl_hs|   matrix_mult|  return value|
|ap_rst         |   in|    1|  ap_ctrl_hs|   matrix_mult|  return value|
|ap_start       |   in|    1|  ap_ctrl_hs|   matrix_mult|  return value|
|ap_done        |  out|    1|  ap_ctrl_hs|   matrix_mult|  return value|
|ap_idle        |  out|    1|  ap_ctrl_hs|   matrix_mult|  return value|
|ap_ready       |  out|    1|  ap_ctrl_hs|   matrix_mult|  return value|
|a_address0     |  out|    5|   ap_memory|             a|         array|
|a_ce0          |  out|    1|   ap_memory|             a|         array|
|a_q0           |   in|    8|   ap_memory|             a|         array|
|a_address1     |  out|    5|   ap_memory|             a|         array|
|a_ce1          |  out|    1|   ap_memory|             a|         array|
|a_q1           |   in|    8|   ap_memory|             a|         array|
|b_address0     |  out|    5|   ap_memory|             b|         array|
|b_ce0          |  out|    1|   ap_memory|             b|         array|
|b_q0           |   in|    8|   ap_memory|             b|         array|
|b_address1     |  out|    5|   ap_memory|             b|         array|
|b_ce1          |  out|    1|   ap_memory|             b|         array|
|b_q1           |   in|    8|   ap_memory|             b|         array|
|prod_address0  |  out|    5|   ap_memory|          prod|         array|
|prod_ce0       |  out|    1|   ap_memory|          prod|         array|
|prod_we0       |  out|    1|   ap_memory|          prod|         array|
|prod_d0        |  out|   16|   ap_memory|          prod|         array|
+---------------+-----+-----+------------+--------------+--------------+

