

================================================================
== Synthesis Summary Report of 'matrix_mult'
================================================================
+ General Information: 
    * Date:           Mon May 25 14:54:02 2026
    * Version:        2022.2 (Build 3670227 on Oct 13 2022)
    * Project:        matrix_mult_prj
    * Solution:       solution5 (Vivado IP Flow Target)
    * Product family: zynq
    * Target device:  xc7z020-clg484-1
    

+ Performance & Resource Estimates: 
    
    PS: '+' for module; 'o' for loop; '*' for dataflow
    +---------------+------+------+---------+---------+----------+---------+------+----------+------+-----------+-----------+----------+-----+
    |    Modules    | Issue|      | Latency | Latency | Iteration|         | Trip |          |      |           |           |          |     |
    |    & Loops    | Type | Slack| (cycles)|   (ns)  |  Latency | Interval| Count| Pipelined| BRAM |    DSP    |     FF    |    LUT   | URAM|
    +---------------+------+------+---------+---------+----------+---------+------+----------+------+-----------+-----------+----------+-----+
    |+ matrix_mult  |    II|  0.71|       26|  130.000|         -|       13|     -|       yes|     -|  125 (56%)|  3560 (3%)|  988 (1%)|    -|
    +---------------+------+------+---------+---------+----------+---------+------+----------+------+-----------+-----------+----------+-----+


================================================================
== HW Interfaces
================================================================
* AP_MEMORY
+---------------+----------+
| Interface     | Bitwidth |
+---------------+----------+
| a_address0    | 3        |
| a_address1    | 3        |
| a_q0          | 40       |
| a_q1          | 40       |
| b_address0    | 3        |
| b_address1    | 3        |
| b_q0          | 40       |
| b_q1          | 40       |
| prod_address0 | 5        |
| prod_address1 | 5        |
| prod_d0       | 16       |
| prod_d1       | 16       |
+---------------+----------+

* TOP LEVEL CONTROL
+-----------+------------+-----------------------------------+
| Interface | Type       | Ports                             |
+-----------+------------+-----------------------------------+
| ap_clk    | clock      | ap_clk                            |
| ap_rst    | reset      | ap_rst                            |
| ap_ctrl   | ap_ctrl_hs | ap_done ap_idle ap_ready ap_start |
+-----------+------------+-----------------------------------+


================================================================
== SW I/O Information
================================================================
* Top Function Arguments
+----------+-----------+----------+
| Argument | Direction | Datatype |
+----------+-----------+----------+
| a        | in        | char*    |
| b        | in        | char*    |
| prod     | out       | short*   |
+----------+-----------+----------+

* SW-to-HW Mapping
+----------+---------------+---------+----------+
| Argument | HW Interface  | HW Type | HW Usage |
+----------+---------------+---------+----------+
| a        | a_address0    | port    | offset   |
| a        | a_ce0         | port    |          |
| a        | a_q0          | port    |          |
| a        | a_address1    | port    | offset   |
| a        | a_ce1         | port    |          |
| a        | a_q1          | port    |          |
| b        | b_address0    | port    | offset   |
| b        | b_ce0         | port    |          |
| b        | b_q0          | port    |          |
| b        | b_address1    | port    | offset   |
| b        | b_ce1         | port    |          |
| b        | b_q1          | port    |          |
| prod     | prod_address0 | port    | offset   |
| prod     | prod_ce0      | port    |          |
| prod     | prod_we0      | port    |          |
| prod     | prod_d0       | port    |          |
| prod     | prod_address1 | port    | offset   |
| prod     | prod_ce1      | port    |          |
| prod     | prod_we1      | port    |          |
| prod     | prod_d1       | port    |          |
+----------+---------------+---------+----------+


================================================================
== Bind Op Report
================================================================
+-------------------------------------+-----+--------+--------------+-----+--------+---------+
| Name                                | DSP | Pragma | Variable     | Op  | Impl   | Latency |
+-------------------------------------+-----+--------+--------------+-----+--------+---------+
| + matrix_mult                       | 125 |        |              |     |        |         |
|   mac_muladd_8s_8s_16s_16_4_1_U83   | 1   |        | mul_ln16     | mul | dsp48  | 3       |
|   mul_8s_8s_16_3_1_U25              | 1   |        | mul_ln16_1   | mul | dsp    | 2       |
|   mac_muladd_8s_8s_16ns_16_4_1_U59  | 1   |        | mul_ln16_2   | mul | dsp48  | 3       |
|   mul_8s_8s_16_3_1_U1               | 1   |        | mul_ln16_3   | mul | dsp    | 2       |
|   mac_muladd_8s_8s_16s_16_4_1_U51   | 1   |        | mul_ln16_4   | mul | dsp48  | 3       |
|   mac_muladd_8s_8s_16s_16_4_1_U83   | 1   |        | add_ln16     | add | dsp48  | 3       |
|   mac_muladd_8s_8s_16s_16_4_1_U51   | 1   |        | add_ln16_1   | add | dsp48  | 3       |
|   mac_muladd_8s_8s_16ns_16_4_1_U59  | 1   |        | add_ln16_2   | add | dsp48  | 3       |
|   add_ln16_3_fu_1021_p2             | -   |        | add_ln16_3   | add | fabric | 0       |
|   mac_muladd_8s_8s_16s_16_4_1_U84   | 1   |        | mul_ln16_5   | mul | dsp48  | 3       |
|   mul_8s_8s_16_3_1_U26              | 1   |        | mul_ln16_6   | mul | dsp    | 2       |
|   mac_muladd_8s_8s_16ns_16_4_1_U60  | 1   |        | mul_ln16_7   | mul | dsp48  | 3       |
|   mul_8s_8s_16_3_1_U2               | 1   |        | mul_ln16_8   | mul | dsp    | 2       |
|   mac_muladd_8s_8s_16s_16_4_1_U52   | 1   |        | mul_ln16_9   | mul | dsp48  | 3       |
|   mac_muladd_8s_8s_16s_16_4_1_U84   | 1   |        | add_ln16_4   | add | dsp48  | 3       |
|   mac_muladd_8s_8s_16s_16_4_1_U52   | 1   |        | add_ln16_5   | add | dsp48  | 3       |
|   mac_muladd_8s_8s_16ns_16_4_1_U60  | 1   |        | add_ln16_6   | add | dsp48  | 3       |
|   add_ln16_7_fu_1025_p2             | -   |        | add_ln16_7   | add | fabric | 0       |
|   mac_muladd_8s_8s_16s_16_4_1_U85   | 1   |        | mul_ln16_10  | mul | dsp48  | 3       |
|   mul_8s_8s_16_3_1_U27              | 1   |        | mul_ln16_11  | mul | dsp    | 2       |
|   mac_muladd_8s_8s_16ns_16_4_1_U65  | 1   |        | mul_ln16_12  | mul | dsp48  | 3       |
|   mul_8s_8s_16_3_1_U5               | 1   |        | mul_ln16_13  | mul | dsp    | 2       |
|   mac_muladd_8s_8s_16s_16_4_1_U55   | 1   |        | mul_ln16_14  | mul | dsp48  | 3       |
|   mac_muladd_8s_8s_16s_16_4_1_U85   | 1   |        | add_ln16_8   | add | dsp48  | 3       |
|   mac_muladd_8s_8s_16s_16_4_1_U55   | 1   |        | add_ln16_9   | add | dsp48  | 3       |
|   mac_muladd_8s_8s_16ns_16_4_1_U65  | 1   |        | add_ln16_10  | add | dsp48  | 3       |
|   add_ln16_11_fu_1029_p2            | -   |        | add_ln16_11  | add | fabric | 0       |
|   mac_muladd_8s_8s_16s_16_4_1_U89   | 1   |        | mul_ln16_15  | mul | dsp48  | 3       |
|   mul_8s_8s_16_3_1_U29              | 1   |        | mul_ln16_16  | mul | dsp    | 2       |
|   mac_muladd_8s_8s_16ns_16_4_1_U66  | 1   |        | mul_ln16_17  | mul | dsp48  | 3       |
|   mul_8s_8s_16_3_1_U6               | 1   |        | mul_ln16_18  | mul | dsp    | 2       |
|   mac_muladd_8s_8s_16s_16_4_1_U56   | 1   |        | mul_ln16_19  | mul | dsp48  | 3       |
|   mac_muladd_8s_8s_16s_16_4_1_U89   | 1   |        | add_ln16_12  | add | dsp48  | 3       |
|   mac_muladd_8s_8s_16s_16_4_1_U56   | 1   |        | add_ln16_13  | add | dsp48  | 3       |
|   mac_muladd_8s_8s_16ns_16_4_1_U66  | 1   |        | add_ln16_14  | add | dsp48  | 3       |
|   add_ln16_15_fu_1058_p2            | -   |        | add_ln16_15  | add | fabric | 0       |
|   mac_muladd_8s_8s_16s_16_4_1_U90   | 1   |        | mul_ln16_20  | mul | dsp48  | 3       |
|   mul_8s_8s_16_3_1_U30              | 1   |        | mul_ln16_21  | mul | dsp    | 2       |
|   mac_muladd_8s_8s_16ns_16_4_1_U71  | 1   |        | mul_ln16_22  | mul | dsp48  | 3       |
|   mul_8s_8s_16_3_1_U9               | 1   |        | mul_ln16_23  | mul | dsp    | 2       |
|   mac_muladd_8s_8s_16s_16_4_1_U61   | 1   |        | mul_ln16_24  | mul | dsp48  | 3       |
|   mac_muladd_8s_8s_16s_16_4_1_U90   | 1   |        | add_ln16_16  | add | dsp48  | 3       |
|   mac_muladd_8s_8s_16s_16_4_1_U61   | 1   |        | add_ln16_17  | add | dsp48  | 3       |
|   mac_muladd_8s_8s_16ns_16_4_1_U71  | 1   |        | add_ln16_18  | add | dsp48  | 3       |
|   add_ln16_19_fu_1062_p2            | -   |        | add_ln16_19  | add | fabric | 0       |
|   mac_muladd_8s_8s_16s_16_4_1_U91   | 1   |        | mul_ln16_25  | mul | dsp48  | 3       |
|   mul_8s_8s_16_3_1_U31              | 1   |        | mul_ln16_26  | mul | dsp    | 2       |
|   mac_muladd_8s_8s_16ns_16_4_1_U72  | 1   |        | mul_ln16_27  | mul | dsp48  | 3       |
|   mul_8s_8s_16_3_1_U3               | 1   |        | mul_ln16_28  | mul | dsp    | 2       |
|   mac_muladd_8s_8s_16s_16_4_1_U53   | 1   |        | mul_ln16_29  | mul | dsp48  | 3       |
|   mac_muladd_8s_8s_16s_16_4_1_U91   | 1   |        | add_ln16_20  | add | dsp48  | 3       |
|   mac_muladd_8s_8s_16s_16_4_1_U53   | 1   |        | add_ln16_21  | add | dsp48  | 3       |
|   mac_muladd_8s_8s_16ns_16_4_1_U72  | 1   |        | add_ln16_22  | add | dsp48  | 3       |
|   add_ln16_23_fu_1066_p2            | -   |        | add_ln16_23  | add | fabric | 0       |
|   mac_muladd_8s_8s_16s_16_4_1_U92   | 1   |        | mul_ln16_30  | mul | dsp48  | 3       |
|   mul_8s_8s_16_3_1_U32              | 1   |        | mul_ln16_31  | mul | dsp    | 2       |
|   mac_muladd_8s_8s_16ns_16_4_1_U77  | 1   |        | mul_ln16_32  | mul | dsp48  | 3       |
|   mul_8s_8s_16_3_1_U4               | 1   |        | mul_ln16_33  | mul | dsp    | 2       |
|   mac_muladd_8s_8s_16s_16_4_1_U54   | 1   |        | mul_ln16_34  | mul | dsp48  | 3       |
|   mac_muladd_8s_8s_16s_16_4_1_U92   | 1   |        | add_ln16_24  | add | dsp48  | 3       |
|   mac_muladd_8s_8s_16s_16_4_1_U54   | 1   |        | add_ln16_25  | add | dsp48  | 3       |
|   mac_muladd_8s_8s_16ns_16_4_1_U77  | 1   |        | add_ln16_26  | add | dsp48  | 3       |
|   add_ln16_27_fu_1070_p2            | -   |        | add_ln16_27  | add | fabric | 0       |
|   mac_muladd_8s_8s_16s_16_4_1_U95   | 1   |        | mul_ln16_35  | mul | dsp48  | 3       |
|   mul_8s_8s_16_3_1_U33              | 1   |        | mul_ln16_36  | mul | dsp    | 2       |
|   mac_muladd_8s_8s_16ns_16_4_1_U78  | 1   |        | mul_ln16_37  | mul | dsp48  | 3       |
|   mul_8s_8s_16_3_1_U7               | 1   |        | mul_ln16_38  | mul | dsp    | 2       |
|   mac_muladd_8s_8s_16s_16_4_1_U57   | 1   |        | mul_ln16_39  | mul | dsp48  | 3       |
|   mac_muladd_8s_8s_16s_16_4_1_U95   | 1   |        | add_ln16_28  | add | dsp48  | 3       |
|   mac_muladd_8s_8s_16s_16_4_1_U57   | 1   |        | add_ln16_29  | add | dsp48  | 3       |
|   mac_muladd_8s_8s_16ns_16_4_1_U78  | 1   |        | add_ln16_30  | add | dsp48  | 3       |
|   add_ln16_31_fu_1085_p2            | -   |        | add_ln16_31  | add | fabric | 0       |
|   mac_muladd_8s_8s_16s_16_4_1_U96   | 1   |        | mul_ln16_40  | mul | dsp48  | 3       |
|   mul_8s_8s_16_3_1_U34              | 1   |        | mul_ln16_41  | mul | dsp    | 2       |
|   mac_muladd_8s_8s_16ns_16_4_1_U86  | 1   |        | mul_ln16_42  | mul | dsp48  | 3       |
|   mul_8s_8s_16_3_1_U8               | 1   |        | mul_ln16_43  | mul | dsp    | 2       |
|   mac_muladd_8s_8s_16s_16_4_1_U58   | 1   |        | mul_ln16_44  | mul | dsp48  | 3       |
|   mac_muladd_8s_8s_16s_16_4_1_U96   | 1   |        | add_ln16_32  | add | dsp48  | 3       |
|   mac_muladd_8s_8s_16s_16_4_1_U58   | 1   |        | add_ln16_33  | add | dsp48  | 3       |
|   mac_muladd_8s_8s_16ns_16_4_1_U86  | 1   |        | add_ln16_34  | add | dsp48  | 3       |
|   add_ln16_35_fu_1089_p2            | -   |        | add_ln16_35  | add | fabric | 0       |
|   mac_muladd_8s_8s_16s_16_4_1_U97   | 1   |        | mul_ln16_45  | mul | dsp48  | 3       |
|   mul_8s_8s_16_3_1_U35              | 1   |        | mul_ln16_46  | mul | dsp    | 2       |
|   mac_muladd_8s_8s_16ns_16_4_1_U87  | 1   |        | mul_ln16_47  | mul | dsp48  | 3       |
|   mul_8s_8s_16_3_1_U10              | 1   |        | mul_ln16_48  | mul | dsp    | 2       |
|   mac_muladd_8s_8s_16s_16_4_1_U62   | 1   |        | mul_ln16_49  | mul | dsp48  | 3       |
|   mac_muladd_8s_8s_16s_16_4_1_U97   | 1   |        | add_ln16_36  | add | dsp48  | 3       |
|   mac_muladd_8s_8s_16s_16_4_1_U62   | 1   |        | add_ln16_37  | add | dsp48  | 3       |
|   mac_muladd_8s_8s_16ns_16_4_1_U87  | 1   |        | add_ln16_38  | add | dsp48  | 3       |
|   add_ln16_39_fu_1093_p2            | -   |        | add_ln16_39  | add | fabric | 0       |
|   mac_muladd_8s_8s_16s_16_4_1_U98   | 1   |        | mul_ln16_50  | mul | dsp48  | 3       |
|   mul_8s_8s_16_3_1_U36              | 1   |        | mul_ln16_51  | mul | dsp    | 2       |
|   mac_muladd_8s_8s_16ns_16_4_1_U93  | 1   |        | mul_ln16_52  | mul | dsp48  | 3       |
|   mul_8s_8s_16_3_1_U11              | 1   |        | mul_ln16_53  | mul | dsp    | 2       |
|   mac_muladd_8s_8s_16s_16_4_1_U63   | 1   |        | mul_ln16_54  | mul | dsp48  | 3       |
|   mac_muladd_8s_8s_16s_16_4_1_U98   | 1   |        | add_ln16_40  | add | dsp48  | 3       |
|   mac_muladd_8s_8s_16s_16_4_1_U63   | 1   |        | add_ln16_41  | add | dsp48  | 3       |
|   mac_muladd_8s_8s_16ns_16_4_1_U93  | 1   |        | add_ln16_42  | add | dsp48  | 3       |
|   add_ln16_43_fu_1097_p2            | -   |        | add_ln16_43  | add | fabric | 0       |
|   mac_muladd_8s_8s_16s_16_4_1_U101  | 1   |        | mul_ln16_55  | mul | dsp48  | 3       |
|   mul_8s_8s_16_3_1_U37              | 1   |        | mul_ln16_56  | mul | dsp    | 2       |
|   mac_muladd_8s_8s_16ns_16_4_1_U94  | 1   |        | mul_ln16_57  | mul | dsp48  | 3       |
|   mul_8s_8s_16_3_1_U12              | 1   |        | mul_ln16_58  | mul | dsp    | 2       |
|   mac_muladd_8s_8s_16s_16_4_1_U64   | 1   |        | mul_ln16_59  | mul | dsp48  | 3       |
|   mac_muladd_8s_8s_16s_16_4_1_U101  | 1   |        | add_ln16_44  | add | dsp48  | 3       |
|   mac_muladd_8s_8s_16s_16_4_1_U64   | 1   |        | add_ln16_45  | add | dsp48  | 3       |
|   mac_muladd_8s_8s_16ns_16_4_1_U94  | 1   |        | add_ln16_46  | add | dsp48  | 3       |
|   add_ln16_47_fu_1104_p2            | -   |        | add_ln16_47  | add | fabric | 0       |
|   mac_muladd_8s_8s_16s_16_4_1_U102  | 1   |        | mul_ln16_60  | mul | dsp48  | 3       |
|   mul_8s_8s_16_3_1_U38              | 1   |        | mul_ln16_61  | mul | dsp    | 2       |
|   mac_muladd_8s_8s_16ns_16_4_1_U99  | 1   |        | mul_ln16_62  | mul | dsp48  | 3       |
|   mul_8s_8s_16_3_1_U13              | 1   |        | mul_ln16_63  | mul | dsp    | 2       |
|   mac_muladd_8s_8s_16s_16_4_1_U67   | 1   |        | mul_ln16_64  | mul | dsp48  | 3       |
|   mac_muladd_8s_8s_16s_16_4_1_U102  | 1   |        | add_ln16_48  | add | dsp48  | 3       |
|   mac_muladd_8s_8s_16s_16_4_1_U67   | 1   |        | add_ln16_49  | add | dsp48  | 3       |
|   mac_muladd_8s_8s_16ns_16_4_1_U99  | 1   |        | add_ln16_50  | add | dsp48  | 3       |
|   add_ln16_51_fu_1108_p2            | -   |        | add_ln16_51  | add | fabric | 0       |
|   mac_muladd_8s_8s_16s_16_4_1_U103  | 1   |        | mul_ln16_65  | mul | dsp48  | 3       |
|   mul_8s_8s_16_3_1_U39              | 1   |        | mul_ln16_66  | mul | dsp    | 2       |
|   mac_muladd_8s_8s_16ns_16_4_1_U100 | 1   |        | mul_ln16_67  | mul | dsp48  | 3       |
|   mul_8s_8s_16_3_1_U14              | 1   |        | mul_ln16_68  | mul | dsp    | 2       |
|   mac_muladd_8s_8s_16s_16_4_1_U68   | 1   |        | mul_ln16_69  | mul | dsp48  | 3       |
|   mac_muladd_8s_8s_16s_16_4_1_U103  | 1   |        | add_ln16_52  | add | dsp48  | 3       |
|   mac_muladd_8s_8s_16s_16_4_1_U68   | 1   |        | add_ln16_53  | add | dsp48  | 3       |
|   mac_muladd_8s_8s_16ns_16_4_1_U100 | 1   |        | add_ln16_54  | add | dsp48  | 3       |
|   add_ln16_55_fu_1112_p2            | -   |        | add_ln16_55  | add | fabric | 0       |
|   mac_muladd_8s_8s_16s_16_4_1_U104  | 1   |        | mul_ln16_70  | mul | dsp48  | 3       |
|   mul_8s_8s_16_3_1_U40              | 1   |        | mul_ln16_71  | mul | dsp    | 2       |
|   mac_muladd_8s_8s_16ns_16_4_1_U105 | 1   |        | mul_ln16_72  | mul | dsp48  | 3       |
|   mul_8s_8s_16_3_1_U15              | 1   |        | mul_ln16_73  | mul | dsp    | 2       |
|   mac_muladd_8s_8s_16s_16_4_1_U69   | 1   |        | mul_ln16_74  | mul | dsp48  | 3       |
|   mac_muladd_8s_8s_16s_16_4_1_U104  | 1   |        | add_ln16_56  | add | dsp48  | 3       |
|   mac_muladd_8s_8s_16s_16_4_1_U69   | 1   |        | add_ln16_57  | add | dsp48  | 3       |
|   mac_muladd_8s_8s_16ns_16_4_1_U105 | 1   |        | add_ln16_58  | add | dsp48  | 3       |
|   add_ln16_59_fu_1116_p2            | -   |        | add_ln16_59  | add | fabric | 0       |
|   mac_muladd_8s_8s_16s_16_4_1_U107  | 1   |        | mul_ln16_75  | mul | dsp48  | 3       |
|   mul_8s_8s_16_3_1_U41              | 1   |        | mul_ln16_76  | mul | dsp    | 2       |
|   mac_muladd_8s_8s_16ns_16_4_1_U106 | 1   |        | mul_ln16_77  | mul | dsp48  | 3       |
|   mul_8s_8s_16_3_1_U16              | 1   |        | mul_ln16_78  | mul | dsp    | 2       |
|   mac_muladd_8s_8s_16s_16_4_1_U70   | 1   |        | mul_ln16_79  | mul | dsp48  | 3       |
|   mac_muladd_8s_8s_16s_16_4_1_U107  | 1   |        | add_ln16_60  | add | dsp48  | 3       |
|   mac_muladd_8s_8s_16s_16_4_1_U70   | 1   |        | add_ln16_61  | add | dsp48  | 3       |
|   mac_muladd_8s_8s_16ns_16_4_1_U106 | 1   |        | add_ln16_62  | add | dsp48  | 3       |
|   add_ln16_63_fu_1120_p2            | -   |        | add_ln16_63  | add | fabric | 0       |
|   mac_muladd_8s_8s_16s_16_4_1_U108  | 1   |        | mul_ln16_80  | mul | dsp48  | 3       |
|   mul_8s_8s_16_3_1_U42              | 1   |        | mul_ln16_81  | mul | dsp    | 2       |
|   mac_muladd_8s_8s_16ns_16_4_1_U109 | 1   |        | mul_ln16_82  | mul | dsp48  | 3       |
|   mul_8s_8s_16_3_1_U17              | 1   |        | mul_ln16_83  | mul | dsp    | 2       |
|   mac_muladd_8s_8s_16s_16_4_1_U73   | 1   |        | mul_ln16_84  | mul | dsp48  | 3       |
|   mac_muladd_8s_8s_16s_16_4_1_U108  | 1   |        | add_ln16_64  | add | dsp48  | 3       |
|   mac_muladd_8s_8s_16s_16_4_1_U73   | 1   |        | add_ln16_65  | add | dsp48  | 3       |
|   mac_muladd_8s_8s_16ns_16_4_1_U109 | 1   |        | add_ln16_66  | add | dsp48  | 3       |
|   add_ln16_67_fu_1124_p2            | -   |        | add_ln16_67  | add | fabric | 0       |
|   mac_muladd_8s_8s_16s_16_4_1_U110  | 1   |        | mul_ln16_85  | mul | dsp48  | 3       |
|   mul_8s_8s_16_3_1_U43              | 1   |        | mul_ln16_86  | mul | dsp    | 2       |
|   mac_muladd_8s_8s_16ns_16_4_1_U111 | 1   |        | mul_ln16_87  | mul | dsp48  | 3       |
|   mul_8s_8s_16_3_1_U18              | 1   |        | mul_ln16_88  | mul | dsp    | 2       |
|   mac_muladd_8s_8s_16s_16_4_1_U74   | 1   |        | mul_ln16_89  | mul | dsp48  | 3       |
|   mac_muladd_8s_8s_16s_16_4_1_U110  | 1   |        | add_ln16_68  | add | dsp48  | 3       |
|   mac_muladd_8s_8s_16s_16_4_1_U74   | 1   |        | add_ln16_69  | add | dsp48  | 3       |
|   mac_muladd_8s_8s_16ns_16_4_1_U111 | 1   |        | add_ln16_70  | add | dsp48  | 3       |
|   add_ln16_71_fu_1128_p2            | -   |        | add_ln16_71  | add | fabric | 0       |
|   mac_muladd_8s_8s_16s_16_4_1_U112  | 1   |        | mul_ln16_90  | mul | dsp48  | 3       |
|   mul_8s_8s_16_3_1_U44              | 1   |        | mul_ln16_91  | mul | dsp    | 2       |
|   mac_muladd_8s_8s_16ns_16_4_1_U113 | 1   |        | mul_ln16_92  | mul | dsp48  | 3       |
|   mul_8s_8s_16_3_1_U19              | 1   |        | mul_ln16_93  | mul | dsp    | 2       |
|   mac_muladd_8s_8s_16s_16_4_1_U75   | 1   |        | mul_ln16_94  | mul | dsp48  | 3       |
|   mac_muladd_8s_8s_16s_16_4_1_U112  | 1   |        | add_ln16_72  | add | dsp48  | 3       |
|   mac_muladd_8s_8s_16s_16_4_1_U75   | 1   |        | add_ln16_73  | add | dsp48  | 3       |
|   mac_muladd_8s_8s_16ns_16_4_1_U113 | 1   |        | add_ln16_74  | add | dsp48  | 3       |
|   add_ln16_75_fu_1132_p2            | -   |        | add_ln16_75  | add | fabric | 0       |
|   mac_muladd_8s_8s_16s_16_4_1_U114  | 1   |        | mul_ln16_95  | mul | dsp48  | 3       |
|   mul_8s_8s_16_3_1_U45              | 1   |        | mul_ln16_96  | mul | dsp    | 2       |
|   mac_muladd_8s_8s_16ns_16_4_1_U115 | 1   |        | mul_ln16_97  | mul | dsp48  | 3       |
|   mul_8s_8s_16_3_1_U20              | 1   |        | mul_ln16_98  | mul | dsp    | 2       |
|   mac_muladd_8s_8s_16s_16_4_1_U76   | 1   |        | mul_ln16_99  | mul | dsp48  | 3       |
|   mac_muladd_8s_8s_16s_16_4_1_U114  | 1   |        | add_ln16_76  | add | dsp48  | 3       |
|   mac_muladd_8s_8s_16s_16_4_1_U76   | 1   |        | add_ln16_77  | add | dsp48  | 3       |
|   mac_muladd_8s_8s_16ns_16_4_1_U115 | 1   |        | add_ln16_78  | add | dsp48  | 3       |
|   add_ln16_79_fu_1136_p2            | -   |        | add_ln16_79  | add | fabric | 0       |
|   mac_muladd_8s_8s_16s_16_4_1_U116  | 1   |        | mul_ln16_100 | mul | dsp48  | 3       |
|   mul_8s_8s_16_3_1_U46              | 1   |        | mul_ln16_101 | mul | dsp    | 2       |
|   mac_muladd_8s_8s_16ns_16_4_1_U119 | 1   |        | mul_ln16_102 | mul | dsp48  | 3       |
|   mul_8s_8s_16_3_1_U21              | 1   |        | mul_ln16_103 | mul | dsp    | 2       |
|   mac_muladd_8s_8s_16s_16_4_1_U79   | 1   |        | mul_ln16_104 | mul | dsp48  | 3       |
|   mac_muladd_8s_8s_16s_16_4_1_U116  | 1   |        | add_ln16_80  | add | dsp48  | 3       |
|   mac_muladd_8s_8s_16s_16_4_1_U79   | 1   |        | add_ln16_81  | add | dsp48  | 3       |
|   mac_muladd_8s_8s_16ns_16_4_1_U119 | 1   |        | add_ln16_82  | add | dsp48  | 3       |
|   add_ln16_83_fu_1140_p2            | -   |        | add_ln16_83  | add | fabric | 0       |
|   mac_muladd_8s_8s_16s_16_4_1_U117  | 1   |        | mul_ln16_105 | mul | dsp48  | 3       |
|   mul_8s_8s_16_3_1_U47              | 1   |        | mul_ln16_106 | mul | dsp    | 2       |
|   mac_muladd_8s_8s_16ns_16_4_1_U120 | 1   |        | mul_ln16_107 | mul | dsp48  | 3       |
|   mul_8s_8s_16_3_1_U22              | 1   |        | mul_ln16_108 | mul | dsp    | 2       |
|   mac_muladd_8s_8s_16s_16_4_1_U80   | 1   |        | mul_ln16_109 | mul | dsp48  | 3       |
|   mac_muladd_8s_8s_16s_16_4_1_U117  | 1   |        | add_ln16_84  | add | dsp48  | 3       |
|   mac_muladd_8s_8s_16s_16_4_1_U80   | 1   |        | add_ln16_85  | add | dsp48  | 3       |
|   mac_muladd_8s_8s_16ns_16_4_1_U120 | 1   |        | add_ln16_86  | add | dsp48  | 3       |
|   add_ln16_87_fu_1144_p2            | -   |        | add_ln16_87  | add | fabric | 0       |
|   mac_muladd_8s_8s_16s_16_4_1_U118  | 1   |        | mul_ln16_110 | mul | dsp48  | 3       |
|   mul_8s_8s_16_3_1_U48              | 1   |        | mul_ln16_111 | mul | dsp    | 2       |
|   mac_muladd_8s_8s_16ns_16_4_1_U121 | 1   |        | mul_ln16_112 | mul | dsp48  | 3       |
|   mul_8s_8s_16_3_1_U23              | 1   |        | mul_ln16_113 | mul | dsp    | 2       |
|   mac_muladd_8s_8s_16s_16_4_1_U81   | 1   |        | mul_ln16_114 | mul | dsp48  | 3       |
|   mac_muladd_8s_8s_16s_16_4_1_U118  | 1   |        | add_ln16_88  | add | dsp48  | 3       |
|   mac_muladd_8s_8s_16s_16_4_1_U81   | 1   |        | add_ln16_89  | add | dsp48  | 3       |
|   mac_muladd_8s_8s_16ns_16_4_1_U121 | 1   |        | add_ln16_90  | add | dsp48  | 3       |
|   add_ln16_91_fu_1148_p2            | -   |        | add_ln16_91  | add | fabric | 0       |
|   mac_muladd_8s_8s_16s_16_4_1_U122  | 1   |        | mul_ln16_115 | mul | dsp48  | 3       |
|   mul_8s_8s_16_3_1_U49              | 1   |        | mul_ln16_116 | mul | dsp    | 2       |
|   mac_muladd_8s_8s_16ns_16_4_1_U123 | 1   |        | mul_ln16_117 | mul | dsp48  | 3       |
|   mul_8s_8s_16_3_1_U24              | 1   |        | mul_ln16_118 | mul | dsp    | 2       |
|   mac_muladd_8s_8s_16s_16_4_1_U82   | 1   |        | mul_ln16_119 | mul | dsp48  | 3       |
|   mac_muladd_8s_8s_16s_16_4_1_U122  | 1   |        | add_ln16_92  | add | dsp48  | 3       |
|   mac_muladd_8s_8s_16s_16_4_1_U82   | 1   |        | add_ln16_93  | add | dsp48  | 3       |
|   mac_muladd_8s_8s_16ns_16_4_1_U123 | 1   |        | add_ln16_94  | add | dsp48  | 3       |
|   add_ln16_95_fu_1152_p2            | -   |        | add_ln16_95  | add | fabric | 0       |
|   mac_muladd_8s_8s_16s_16_4_1_U124  | 1   |        | mul_ln16_120 | mul | dsp48  | 3       |
|   mul_8s_8s_16_3_1_U50              | 1   |        | mul_ln16_121 | mul | dsp    | 2       |
|   mac_muladd_8s_8s_16ns_16_4_1_U125 | 1   |        | mul_ln16_122 | mul | dsp48  | 3       |
|   mul_8s_8s_16_3_1_U28              | 1   |        | mul_ln16_123 | mul | dsp    | 2       |
|   mac_muladd_8s_8s_16s_16_4_1_U88   | 1   |        | mul_ln16_124 | mul | dsp48  | 3       |
|   mac_muladd_8s_8s_16s_16_4_1_U124  | 1   |        | add_ln16_96  | add | dsp48  | 3       |
|   mac_muladd_8s_8s_16s_16_4_1_U88   | 1   |        | add_ln16_97  | add | dsp48  | 3       |
|   mac_muladd_8s_8s_16ns_16_4_1_U125 | 1   |        | add_ln16_98  | add | dsp48  | 3       |
|   add_ln16_99_fu_1156_p2            | -   |        | add_ln16_99  | add | fabric | 0       |
+-------------------------------------+-----+--------+--------------+-----+--------+---------+


================================================================
== Bind Storage Report
================================================================
  No bind storage info in design

================================================================
== Pragma Report
================================================================
* Valid Pragma Syntax
+---------------+---------------------------+--------------------------------------------------------------+
| Type          | Options                   | Location                                                     |
+---------------+---------------------------+--------------------------------------------------------------+
| array_reshape | complete dim=2 variable=a | matrix_mult_prj/solution5/directives.tcl:7 in matrix_mult, a |
| array_reshape | complete dim=1 variable=b | matrix_mult_prj/solution5/directives.tcl:8 in matrix_mult, b |
| pipeline      |                           | matrix_mult_prj/solution5/directives.tcl:6 in matrix_mult    |
+---------------+---------------------------+--------------------------------------------------------------+


