

================================================================
== Synthesis Summary Report of 'matrix_mult'
================================================================
+ General Information: 
    * Date:           Mon May 25 14:49:36 2026
    * Version:        2022.2 (Build 3670227 on Oct 13 2022)
    * Project:        matrix_mult_prj
    * Solution:       solution4 (Vivado IP Flow Target)
    * Product family: zynq
    * Target device:  xc7z020-clg484-1
    

+ Performance & Resource Estimates: 
    
    PS: '+' for module; 'o' for loop; '*' for dataflow
    +---------------+------+------+---------+---------+----------+---------+------+----------+------+--------+-----------+-----------+-----+
    |    Modules    | Issue|      | Latency | Latency | Iteration|         | Trip |          |      |        |           |           |     |
    |    & Loops    | Type | Slack| (cycles)|   (ns)  |  Latency | Interval| Count| Pipelined| BRAM |   DSP  |     FF    |    LUT    | URAM|
    +---------------+------+------+---------+---------+----------+---------+------+----------+------+--------+-----------+-----------+-----+
    |+ matrix_mult  |     -|  0.08|       61|  305.000|         -|       62|     -|        no|     -|  5 (2%)|  357 (~0%)|  282 (~0%)|    -|
    | o Row_Col     |    II|  3.65|       59|  295.000|        12|        2|    25|       yes|     -|       -|          -|          -|    -|
    +---------------+------+------+---------+---------+----------+---------+------+----------+------+--------+-----------+-----------+-----+


================================================================
== HW Interfaces
================================================================
* AP_MEMORY
+---------------+----------+
| Interface     | Bitwidth |
+---------------+----------+
| a_address0    | 3        |
| a_q0          | 40       |
| b_address0    | 3        |
| b_q0          | 40       |
| prod_address0 | 5        |
| prod_d0       | 16       |
+---------------+----------+

* TOP LEVEL CONTROL
+-----------+------------+-----------------------------------+
| Interface | Type       | Ports                             |
+-----------+------------+-----------------------------------+
| ap_clk    | clock      | ap_clk                            |
| ap_rst    | reset      | ap_rst                            |
| ap_ctrl   | ap_ctrl_hs | ap_done ap_idle ap_ready ap_start |
+-----------+------------+-----------------------------------+


================================================================
== SW I/O Information
================================================================
* Top Function Arguments
+----------+-----------+----------+
| Argument | Direction | Datatype |
+----------+-----------+----------+
| a        | in        | char*    |
| b        | in        | char*    |
| prod     | out       | short*   |
+----------+-----------+----------+

* SW-to-HW Mapping
+----------+---------------+---------+----------+
| Argument | HW Interface  | HW Type | HW Usage |
+----------+---------------+---------+----------+
| a        | a_address0    | port    | offset   |
| a        | a_ce0         | port    |          |
| a        | a_q0          | port    |          |
| b        | b_address0    | port    | offset   |
| b        | b_ce0         | port    |          |
| b        | b_q0          | port    |          |
| prod     | prod_address0 | port    | offset   |
| prod     | prod_ce0      | port    |          |
| prod     | prod_we0      | port    |          |
| prod     | prod_d0       | port    |          |
+----------+---------------+---------+----------+


================================================================
== Bind Op Report
================================================================
+-----------------------------------+-----+--------+------------+-----+--------+---------+
| Name                              | DSP | Pragma | Variable   | Op  | Impl   | Latency |
+-----------------------------------+-----+--------+------------+-----+--------+---------+
| + matrix_mult                     | 5   |        |            |     |        |         |
|   add_ln10_1_fu_234_p2            | -   |        | add_ln10_1 | add | fabric | 0       |
|   add_ln10_fu_206_p2              | -   |        | add_ln10   | add | fabric | 0       |
|   mac_muladd_8s_8s_16s_16_4_1_U4  | 1   |        | mul_ln16   | mul | dsp48  | 3       |
|   mul_8s_8s_16_3_1_U2             | 1   |        | mul_ln16_1 | mul | dsp    | 2       |
|   mac_muladd_8s_8s_16ns_16_4_1_U5 | 1   |        | mul_ln16_2 | mul | dsp48  | 3       |
|   mul_8s_8s_16_3_1_U1             | 1   |        | mul_ln16_3 | mul | dsp    | 2       |
|   mac_muladd_8s_8s_16s_16_4_1_U3  | 1   |        | mul_ln16_4 | mul | dsp48  | 3       |
|   mac_muladd_8s_8s_16s_16_4_1_U4  | 1   |        | add_ln16   | add | dsp48  | 3       |
|   mac_muladd_8s_8s_16s_16_4_1_U3  | 1   |        | add_ln16_1 | add | dsp48  | 3       |
|   mac_muladd_8s_8s_16ns_16_4_1_U5 | 1   |        | add_ln16_2 | add | dsp48  | 3       |
|   add_ln16_3_fu_415_p2            | -   |        | add_ln16_3 | add | fabric | 0       |
|   add_ln12_fu_276_p2              | -   |        | add_ln12   | add | fabric | 0       |
+-----------------------------------+-----+--------+------------+-----+--------+---------+


================================================================
== Bind Storage Report
================================================================
  No bind storage info in design

================================================================
== Pragma Report
================================================================
* Valid Pragma Syntax
+---------------+---------------------------+--------------------------------------------------------------+
| Type          | Options                   | Location                                                     |
+---------------+---------------------------+--------------------------------------------------------------+
| array_reshape | complete dim=2 variable=a | matrix_mult_prj/solution4/directives.tcl:8 in matrix_mult, a |
| array_reshape | complete dim=1 variable=b | matrix_mult_prj/solution4/directives.tcl:9 in matrix_mult, b |
| pipeline      |                           | matrix_mult_prj/solution4/directives.tcl:7 in matrix_mult    |
+---------------+---------------------------+--------------------------------------------------------------+


