

================================================================
== Vitis HLS Report for 'matrix_mult'
================================================================
* Date:           Mon May 25 14:49:36 2026

* Version:        2022.2 (Build 3670227 on Oct 13 2022)
* Project:        matrix_mult_prj
* Solution:       solution4 (Vivado IP Flow Target)
* Product family: zynq
* Target device:  xc7z020-clg484-1


================================================================
== Performance Estimates
================================================================
+ Timing: 
    * Summary: 
    +--------+---------+----------+------------+
    |  Clock |  Target | Estimated| Uncertainty|
    +--------+---------+----------+------------+
    |ap_clk  |  5.00 ns|  3.570 ns|     1.35 ns|
    +--------+---------+----------+------------+

+ Latency: 
    * Summary: 
    +---------+---------+----------+----------+-----+-----+---------+
    |  Latency (cycles) |  Latency (absolute) |  Interval | Pipeline|
    |   min   |   max   |    min   |    max   | min | max |   Type  |
    +---------+---------+----------+----------+-----+-----+---------+
    |       61|       61|  0.305 us|  0.305 us|   62|   62|       no|
    +---------+---------+----------+----------+-----+-----+---------+

    + Detail: 
        * Instance: 
        N/A

        * Loop: 
        +-----------+---------+---------+----------+-----------+-----------+------+----------+
        |           |  Latency (cycles) | Iteration|  Initiation Interval  | Trip |          |
        | Loop Name |   min   |   max   |  Latency |  achieved |   target  | Count| Pipelined|
        +-----------+---------+---------+----------+-----------+-----------+------+----------+
        |- Row_Col  |       59|       59|        12|          2|          1|    25|       yes|
        +-----------+---------+---------+----------+-----------+-----------+------+----------+



================================================================
== Utilization Estimates
================================================================
* Summary: 
+-----------------+---------+-----+--------+-------+-----+
|       Name      | BRAM_18K| DSP |   FF   |  LUT  | URAM|
+-----------------+---------+-----+--------+-------+-----+
|DSP              |        -|    3|       -|      -|    -|
|Expression       |        -|    -|       0|    141|    -|
|FIFO             |        -|    -|       -|      -|    -|
|Instance         |        -|    2|       0|      0|    -|
|Memory           |        -|    -|       -|      -|    -|
|Multiplexer      |        -|    -|       -|    109|    -|
|Register         |        -|    -|     357|     32|    -|
+-----------------+---------+-----+--------+-------+-----+
|Total            |        0|    5|     357|    282|    0|
+-----------------+---------+-----+--------+-------+-----+
|Available        |      280|  220|  106400|  53200|    0|
+-----------------+---------+-----+--------+-------+-----+
|Utilization (%)  |        0|    2|      ~0|     ~0|    0|
+-----------------+---------+-----+--------+-------+-----+

+ Detail: 
    * Instance: 
    +---------------------+------------------+---------+----+---+----+-----+
    |       Instance      |      Module      | BRAM_18K| DSP| FF| LUT| URAM|
    +---------------------+------------------+---------+----+---+----+-----+
    |mul_8s_8s_16_3_1_U1  |mul_8s_8s_16_3_1  |        0|   1|  0|   0|    0|
    |mul_8s_8s_16_3_1_U2  |mul_8s_8s_16_3_1  |        0|   1|  0|   0|    0|
    +---------------------+------------------+---------+----+---+----+-----+
    |Total                |                  |        0|   2|  0|   0|    0|
    +---------------------+------------------+---------+----+---+----+-----+

    * DSP: 
    +---------------------------------+------------------------------+--------------+
    |             Instance            |            Module            |  Expression  |
    +---------------------------------+------------------------------+--------------+
    |mac_muladd_8s_8s_16ns_16_4_1_U5  |mac_muladd_8s_8s_16ns_16_4_1  |  i0 + i1 * i2|
    |mac_muladd_8s_8s_16s_16_4_1_U3   |mac_muladd_8s_8s_16s_16_4_1   |  i0 + i1 * i2|
    |mac_muladd_8s_8s_16s_16_4_1_U4   |mac_muladd_8s_8s_16s_16_4_1   |  i0 + i1 * i2|
    +---------------------------------+------------------------------+--------------+

    * Memory: 
    N/A

    * FIFO: 
    N/A

    * Expression: 
    +-------------------------+----------+----+---+----+------------+------------+
    |      Variable Name      | Operation| DSP| FF| LUT| Bitwidth P0| Bitwidth P1|
    +-------------------------+----------+----+---+----+------------+------------+
    |add_ln10_1_fu_234_p2     |         +|   0|  0|  13|           5|           1|
    |add_ln10_fu_206_p2       |         +|   0|  0|  11|           3|           1|
    |add_ln12_fu_276_p2       |         +|   0|  0|  11|           3|           1|
    |add_ln16_3_fu_415_p2     |         +|   0|  0|  23|          16|          16|
    |add_ln16_4_fu_253_p2     |         +|   0|  0|   7|           5|           5|
    |add_ln16_5_fu_270_p2     |         +|   0|  0|   7|           5|           5|
    |ap_condition_136         |       and|   0|  0|   2|           1|           1|
    |ap_condition_506         |       and|   0|  0|   2|           1|           1|
    |icmp_ln10_fu_197_p2      |      icmp|   0|  0|   9|           5|           4|
    |icmp_ln12_fu_212_p2      |      icmp|   0|  0|   8|           3|           3|
    |select_ln10_1_fu_226_p3  |    select|   0|  0|   3|           1|           3|
    |select_ln10_2_fu_299_p3  |    select|   0|  0|   8|           1|           8|
    |select_ln10_3_fu_305_p3  |    select|   0|  0|   8|           1|           8|
    |select_ln10_4_fu_311_p3  |    select|   0|  0|   8|           1|           8|
    |select_ln10_5_fu_317_p3  |    select|   0|  0|   8|           1|           8|
    |select_ln10_6_fu_323_p3  |    select|   0|  0|   8|           1|           8|
    |select_ln10_fu_218_p3    |    select|   0|  0|   3|           1|           1|
    |ap_enable_pp0            |       xor|   0|  0|   2|           1|           2|
    +-------------------------+----------+----+---+----+------------+------------+
    |Total                    |          |   0|  0| 141|          55|          84|
    +-------------------------+----------+----+---+----+------------+------------+

    * Multiplexer: 
    +--------------------------------------+----+-----------+-----+-----------+
    |                 Name                 | LUT| Input Size| Bits| Total Bits|
    +--------------------------------------+----+-----------+-----+-----------+
    |a_address0                            |  14|          3|    3|          9|
    |ap_NS_fsm                             |  14|          3|    1|          3|
    |ap_done_int                           |   9|          2|    1|          2|
    |ap_enable_reg_pp0_iter0               |   9|          2|    1|          2|
    |ap_enable_reg_pp0_iter1               |   9|          2|    1|          2|
    |ap_sig_allocacmp_i_1                  |   9|          2|    3|          6|
    |ap_sig_allocacmp_indvar_flatten_load  |   9|          2|    5|         10|
    |ap_sig_allocacmp_j_load               |   9|          2|    3|          6|
    |i_fu_76                               |   9|          2|    3|          6|
    |indvar_flatten_fu_80                  |   9|          2|    5|         10|
    |j_fu_72                               |   9|          2|    3|          6|
    +--------------------------------------+----+-----------+-----+-----------+
    |Total                                 | 109|         24|   29|         62|
    +--------------------------------------+----+-----------+-----+-----------+

    * Register: 
    +-------------------------------------+----+----+-----+-----------+
    |                 Name                | FF | LUT| Bits| Const Bits|
    +-------------------------------------+----+----+-----+-----------+
    |add_ln10_reg_479                     |   3|   0|    3|          0|
    |add_ln16_1_reg_657                   |  16|   0|   16|          0|
    |add_ln16_2_reg_667                   |  16|   0|   16|          0|
    |add_ln16_3_reg_672                   |  16|   0|   16|          0|
    |add_ln16_5_reg_537                   |   5|   0|    5|          0|
    |add_ln16_reg_662                     |  16|   0|   16|          0|
    |ap_CS_fsm                            |   2|   0|    2|          0|
    |ap_done_reg                          |   1|   0|    1|          0|
    |ap_enable_reg_pp0_iter0_reg          |   1|   0|    1|          0|
    |ap_enable_reg_pp0_iter1              |   1|   0|    1|          0|
    |ap_enable_reg_pp0_iter2              |   1|   0|    1|          0|
    |ap_enable_reg_pp0_iter3              |   1|   0|    1|          0|
    |ap_enable_reg_pp0_iter4              |   1|   0|    1|          0|
    |ap_enable_reg_pp0_iter5              |   1|   0|    1|          0|
    |ap_loop_exit_ready_pp0_iter1_reg     |   1|   0|    1|          0|
    |ap_loop_exit_ready_pp0_iter2_reg     |   1|   0|    1|          0|
    |ap_loop_exit_ready_pp0_iter3_reg     |   1|   0|    1|          0|
    |ap_loop_exit_ready_pp0_iter4_reg     |   1|   0|    1|          0|
    |i_fu_76                              |   3|   0|    3|          0|
    |icmp_ln10_reg_475                    |   1|   0|    1|          0|
    |icmp_ln12_reg_484                    |   1|   0|    1|          0|
    |indvar_flatten_fu_80                 |   5|   0|    5|          0|
    |indvar_flatten_load_reg_465          |   5|   0|    5|          0|
    |j_fu_72                              |   3|   0|    3|          0|
    |mul_ln16_1_reg_647                   |  16|   0|   16|          0|
    |mul_ln16_3_reg_637                   |  16|   0|   16|          0|
    |select_ln10_1_reg_500                |   3|   0|    3|          0|
    |select_ln10_2_reg_547                |   8|   0|    8|          0|
    |select_ln10_2_reg_547_pp0_iter2_reg  |   8|   0|    8|          0|
    |select_ln10_3_reg_552                |   8|   0|    8|          0|
    |select_ln10_4_reg_557                |   8|   0|    8|          0|
    |select_ln10_4_reg_557_pp0_iter2_reg  |   8|   0|    8|          0|
    |select_ln10_5_reg_562                |   8|   0|    8|          0|
    |select_ln10_6_reg_567                |   8|   0|    8|          0|
    |select_ln10_reg_493                  |   3|   0|    3|          0|
    |tmp_1_reg_517                        |   8|   0|    8|          0|
    |tmp_2_reg_522                        |   8|   0|    8|          0|
    |tmp_3_reg_577                        |   8|   0|    8|          0|
    |tmp_4_reg_582                        |   8|   0|    8|          0|
    |tmp_4_reg_582_pp0_iter2_reg          |   8|   0|    8|          0|
    |tmp_5_reg_587                        |   8|   0|    8|          0|
    |tmp_6_reg_592                        |   8|   0|    8|          0|
    |tmp_reg_507                          |   8|   0|    8|          0|
    |tmp_s_reg_512                        |   8|   0|    8|          0|
    |trunc_ln10_1_reg_532                 |   8|   0|    8|          0|
    |trunc_ln16_reg_572                   |   8|   0|    8|          0|
    |trunc_ln16_reg_572_pp0_iter2_reg     |   8|   0|    8|          0|
    |add_ln16_5_reg_537                   |  64|  32|    5|          0|
    +-------------------------------------+----+----+-----+-----------+
    |Total                                | 357|  32|  298|          0|
    +-------------------------------------+----+----+-----+-----------+



================================================================
== Interface
================================================================
* Summary: 
+---------------+-----+-----+------------+--------------+--------------+
|   RTL Ports   | Dir | Bits|  Protocol  | Source Object|    C Type    |
+---------------+-----+-----+------------+--------------+--------------+
|ap_clk         |   in|    1|  ap_ctrl_hs|   matrix_mult|  return value|
|ap_rst         |   in|    1|  ap_ctrl_hs|   matrix_mult|  return value|
|ap_start       |   in|    1|  ap_ctrl_hs|   matrix_mult|  return value|
|ap_done        |  out|    1|  ap_ctrl_hs|   matrix_mult|  return value|
|ap_idle        |  out|    1|  ap_ctrl_hs|   matrix_mult|  return value|
|ap_ready       |  out|    1|  ap_ctrl_hs|   matrix_mult|  return value|
|a_address0     |  out|    3|   ap_memory|             a|         array|
|a_ce0          |  out|    1|   ap_memory|             a|         array|
|a_q0           |   in|   40|   ap_memory|             a|         array|
|b_address0     |  out|    3|   ap_memory|             b|         array|
|b_ce0          |  out|    1|   ap_memory|             b|         array|
|b_q0           |   in|   40|   ap_memory|             b|         array|
|prod_address0  |  out|    5|   ap_memory|          prod|         array|
|prod_ce0       |  out|    1|   ap_memory|          prod|         array|
|prod_we0       |  out|    1|   ap_memory|          prod|         array|
|prod_d0        |  out|   16|   ap_memory|          prod|         array|
+---------------+-----+-----+------------+--------------+--------------+

