Test passed!

C:\HOC\HW_SW\zynq-book-master\hls\tut3A\matrix_mult_prj\solution1\sim\vhdl>set PATH= 

C:\HOC\HW_SW\zynq-book-master\hls\tut3A\matrix_mult_prj\solution1\sim\vhdl>call C:/APP/VIVADO/Vivado/2022.2/bin/xelab xil_defaultlib.apatb_matrix_mult_top glbl -Oenable_linking_all_libraries  -prj matrix_mult.prj -L smartconnect_v1_0 -L axi_protocol_checker_v1_1_12 -L axi_protocol_checker_v1_1_13 -L axis_protocol_checker_v1_1_11 -L axis_protocol_checker_v1_1_12 -L xil_defaultlib -L unisims -L unisims_ver -L xpm  -L floating_point_v7_0_20 -L floating_point_v7_1_15 --lib "ieee_proposed=./ieee_proposed" -s matrix_mult  
Vivado Simulator v2022.2
Copyright 1986-1999, 2001-2022 Xilinx, Inc. All Rights Reserved.
Running: C:/APP/VIVADO/Vivado/2022.2/bin/unwrapped/win64.o/xelab.exe xil_defaultlib.apatb_matrix_mult_top glbl -Oenable_linking_all_libraries -prj matrix_mult.prj -L smartconnect_v1_0 -L axi_protocol_checker_v1_1_12 -L axi_protocol_checker_v1_1_13 -L axis_protocol_checker_v1_1_11 -L axis_protocol_checker_v1_1_12 -L xil_defaultlib -L unisims -L unisims_ver -L xpm -L floating_point_v7_0_20 -L floating_point_v7_1_15 --lib ieee_proposed=./ieee_proposed -s matrix_mult 
Multi-threading is on. Using 14 slave threads.
Determining compilation order of HDL files.
INFO: [VRFC 10-2263] Analyzing SystemVerilog file "C:/HOC/HW_SW/zynq-book-master/hls/tut3A/matrix_mult_prj/solution1/sim/vhdl/glbl.v" into library work
INFO: [VRFC 10-311] analyzing module glbl
INFO: [VRFC 10-163] Analyzing VHDL file "C:/HOC/HW_SW/zynq-book-master/hls/tut3A/matrix_mult_prj/solution1/sim/vhdl/AESL_sim_pkg.vhd" into library xil_defaultlib
INFO: [VRFC 10-163] Analyzing VHDL file "C:/HOC/HW_SW/zynq-book-master/hls/tut3A/matrix_mult_prj/solution1/sim/vhdl/AESL_automem_a.vhd" into library xil_defaultlib
INFO: [VRFC 10-3107] analyzing entity 'AESL_automem_a'
INFO: [VRFC 10-163] Analyzing VHDL file "C:/HOC/HW_SW/zynq-book-master/hls/tut3A/matrix_mult_prj/solution1/sim/vhdl/AESL_automem_b.vhd" into library xil_defaultlib
INFO: [VRFC 10-3107] analyzing entity 'AESL_automem_b'
INFO: [VRFC 10-163] Analyzing VHDL file "C:/HOC/HW_SW/zynq-book-master/hls/tut3A/matrix_mult_prj/solution1/sim/vhdl/AESL_automem_prod.vhd" into library xil_defaultlib
INFO: [VRFC 10-3107] analyzing entity 'AESL_automem_prod'
INFO: [VRFC 10-163] Analyzing VHDL file "C:/HOC/HW_SW/zynq-book-master/hls/tut3A/matrix_mult_prj/solution1/sim/vhdl/matrix_mult.autotb.vhd" into library xil_defaultlib
INFO: [VRFC 10-3107] analyzing entity 'apatb_matrix_mult_top'
INFO: [VRFC 10-163] Analyzing VHDL file "C:/HOC/HW_SW/zynq-book-master/hls/tut3A/matrix_mult_prj/solution1/sim/vhdl/matrix_mult.vhd" into library xil_defaultlib
INFO: [VRFC 10-3107] analyzing entity 'matrix_mult'
INFO: [VRFC 10-163] Analyzing VHDL file "C:/HOC/HW_SW/zynq-book-master/hls/tut3A/matrix_mult_prj/solution1/sim/vhdl/matrix_mult_flow_control_loop_pipe.vhd" into library xil_defaultlib
INFO: [VRFC 10-3107] analyzing entity 'matrix_mult_flow_control_loop_pipe'
INFO: [VRFC 10-163] Analyzing VHDL file "C:/HOC/HW_SW/zynq-book-master/hls/tut3A/matrix_mult_prj/solution1/sim/vhdl/matrix_mult_mac_muladd_8s_8s_16ns_16_4_1.vhd" into library xil_defaultlib
INFO: [VRFC 10-3107] analyzing entity 'matrix_mult_mac_muladd_8s_8s_16ns_16_4_1_DSP48_1'
INFO: [VRFC 10-3107] analyzing entity 'matrix_mult_mac_muladd_8s_8s_16ns_16_4_1'
INFO: [VRFC 10-163] Analyzing VHDL file "C:/HOC/HW_SW/zynq-book-master/hls/tut3A/matrix_mult_prj/solution1/sim/vhdl/matrix_mult_mac_muladd_8s_8s_16s_16_4_1.vhd" into library xil_defaultlib
INFO: [VRFC 10-3107] analyzing entity 'matrix_mult_mac_muladd_8s_8s_16s_16_4_1_DSP48_0'
INFO: [VRFC 10-3107] analyzing entity 'matrix_mult_mac_muladd_8s_8s_16s_16_4_1'
INFO: [VRFC 10-163] Analyzing VHDL file "C:/HOC/HW_SW/zynq-book-master/hls/tut3A/matrix_mult_prj/solution1/sim/vhdl/matrix_mult_mul_8s_8s_16_3_1.vhd" into library xil_defaultlib
INFO: [VRFC 10-3107] analyzing entity 'matrix_mult_mul_8s_8s_16_3_1'
Starting static elaboration
Pass Through NonSizing Optimizer
Completed static elaboration
Starting simulation data flow analysis
Completed simulation data flow analysis
Time Resolution for simulation is 1ps
Compiling package std.standard
Compiling package std.textio
Compiling package ieee.std_logic_1164
Compiling package ieee.std_logic_arith
Compiling package ieee.std_logic_unsigned
Compiling package ieee.numeric_std
Compiling package ieee.std_logic_textio
Compiling module work.glbl
Compiling architecture behav of entity xil_defaultlib.matrix_mult_mul_8s_8s_16_3_1 [\matrix_mult_mul_8s_8s_16_3_1(nu...]
Compiling architecture behav of entity xil_defaultlib.matrix_mult_mac_muladd_8s_8s_16s_16_4_1_DSP48_0 [matrix_mult_mac_muladd_8s_8s_16s...]
Compiling architecture arch of entity xil_defaultlib.matrix_mult_mac_muladd_8s_8s_16s_16_4_1 [\matrix_mult_mac_muladd_8s_8s_16...]
Compiling architecture behav of entity xil_defaultlib.matrix_mult_mac_muladd_8s_8s_16ns_16_4_1_DSP48_1 [matrix_mult_mac_muladd_8s_8s_16n...]
Compiling architecture arch of entity xil_defaultlib.matrix_mult_mac_muladd_8s_8s_16ns_16_4_1 [\matrix_mult_mac_muladd_8s_8s_16...]
Compiling architecture behav of entity xil_defaultlib.matrix_mult_flow_control_loop_pipe [matrix_mult_flow_control_loop_pi...]
Compiling architecture behav of entity xil_defaultlib.matrix_mult [matrix_mult_default]
Compiling architecture behav of entity xil_defaultlib.AESL_automem_a [aesl_automem_a_default]
Compiling architecture behav of entity xil_defaultlib.AESL_automem_b [aesl_automem_b_default]
Compiling architecture behav of entity xil_defaultlib.AESL_automem_prod [aesl_automem_prod_default]
Compiling architecture behav of entity xil_defaultlib.apatb_matrix_mult_top
Built simulation snapshot matrix_mult

****** xsim v2022.2 (64-bit)
  **** SW Build 3671981 on Fri Oct 14 05:00:03 MDT 2022
  **** IP Build 3669848 on Fri Oct 14 08:30:02 MDT 2022
    ** Copyright 1986-2022 Xilinx, Inc. All Rights Reserved.

source xsim.dir/matrix_mult/xsim_script.tcl
# xsim {matrix_mult} -autoloadwcfg -tclbatch {matrix_mult.tcl}
Time resolution is 1 ps
source matrix_mult.tcl
## run all
Note: simulation done!
Time: 577500 ps  Iteration: 1  Process: /apatb_matrix_mult_top/generate_sim_done_proc  File: C:/HOC/HW_SW/zynq-book-master/hls/tut3A/matrix_mult_prj/solution1/sim/vhdl/matrix_mult.autotb.vhd
Failure: NORMAL EXIT (note: failure is to force the simulator to stop)
Time: 577500 ps  Iteration: 1  Process: /apatb_matrix_mult_top/generate_sim_done_proc  File: C:/HOC/HW_SW/zynq-book-master/hls/tut3A/matrix_mult_prj/solution1/sim/vhdl/matrix_mult.autotb.vhd
$finish called at time : 577500 ps
## quit
INFO: [Common 17-206] Exiting xsim at Mon May 25 14:01:39 2026...
Test passed!
