remark: matrix_mult.cpp:10:9: Loop 'Row' is marked as complete unroll implied by the pipeline pragma
remark: matrix_mult.cpp:12:12: Loop 'Col' is marked as complete unroll implied by the pipeline pragma
remark: matrix_mult.cpp:15:19: Loop 'Product' is marked as complete unroll implied by the pipeline pragma
remark: matrix_mult.cpp:8:0: Unrolling loop 'Row' (matrix_mult.cpp:10:9) in function 'matrix_mult' completely with a factor of 5
remark: matrix_mult.cpp:8:0: Unrolling loop 'Col' (matrix_mult.cpp:12:12) in function 'matrix_mult' completely with a factor of 5
remark: matrix_mult.cpp:8:0: Pipeline directive for loop 'Col' (matrix_mult.cpp:12:12) in function 'matrix_mult' has been removed because the loop is unrolled completely
remark: matrix_mult.cpp:8:0: Unrolling loop 'Product' (matrix_mult.cpp:15:19) in function 'matrix_mult' completely with a factor of 5
remark: matrix_mult.cpp:8:0: Unrolling loop 'Product' (matrix_mult.cpp:15:19) in function 'matrix_mult' completely with a factor of 5
remark: matrix_mult.cpp:8:0: Unrolling loop 'Product' (matrix_mult.cpp:15:19) in function 'matrix_mult' completely with a factor of 5
remark: matrix_mult.cpp:8:0: Unrolling loop 'Product' (matrix_mult.cpp:15:19) in function 'matrix_mult' completely with a factor of 5
remark: matrix_mult.cpp:8:0: Unrolling loop 'Product' (matrix_mult.cpp:15:19) in function 'matrix_mult' completely with a factor of 5
remark: matrix_mult.cpp:8:0: Unrolling loop 'Col' (matrix_mult.cpp:12:12) in function 'matrix_mult' completely with a factor of 5
remark: matrix_mult.cpp:8:0: Pipeline directive for loop 'Col' (matrix_mult.cpp:12:12) in function 'matrix_mult' has been removed because the loop is unrolled completely
remark: matrix_mult.cpp:8:0: Unrolling loop 'Product' (matrix_mult.cpp:15:19) in function 'matrix_mult' completely with a factor of 5
remark: matrix_mult.cpp:8:0: Unrolling loop 'Product' (matrix_mult.cpp:15:19) in function 'matrix_mult' completely with a factor of 5
remark: matrix_mult.cpp:8:0: Unrolling loop 'Product' (matrix_mult.cpp:15:19) in function 'matrix_mult' completely with a factor of 5
remark: matrix_mult.cpp:8:0: Unrolling loop 'Product' (matrix_mult.cpp:15:19) in function 'matrix_mult' completely with a factor of 5
remark: matrix_mult.cpp:8:0: Unrolling loop 'Product' (matrix_mult.cpp:15:19) in function 'matrix_mult' completely with a factor of 5
remark: matrix_mult.cpp:8:0: Unrolling loop 'Col' (matrix_mult.cpp:12:12) in function 'matrix_mult' completely with a factor of 5
remark: matrix_mult.cpp:8:0: Pipeline directive for loop 'Col' (matrix_mult.cpp:12:12) in function 'matrix_mult' has been removed because the loop is unrolled completely
remark: matrix_mult.cpp:8:0: Unrolling loop 'Product' (matrix_mult.cpp:15:19) in function 'matrix_mult' completely with a factor of 5
remark: matrix_mult.cpp:8:0: Unrolling loop 'Product' (matrix_mult.cpp:15:19) in function 'matrix_mult' completely with a factor of 5
remark: matrix_mult.cpp:8:0: Unrolling loop 'Product' (matrix_mult.cpp:15:19) in function 'matrix_mult' completely with a factor of 5
remark: matrix_mult.cpp:8:0: Unrolling loop 'Product' (matrix_mult.cpp:15:19) in function 'matrix_mult' completely with a factor of 5
remark: matrix_mult.cpp:8:0: Unrolling loop 'Product' (matrix_mult.cpp:15:19) in function 'matrix_mult' completely with a factor of 5
remark: matrix_mult.cpp:8:0: Unrolling loop 'Col' (matrix_mult.cpp:12:12) in function 'matrix_mult' completely with a factor of 5
remark: matrix_mult.cpp:8:0: Pipeline directive for loop 'Col' (matrix_mult.cpp:12:12) in function 'matrix_mult' has been removed because the loop is unrolled completely
remark: matrix_mult.cpp:8:0: Unrolling loop 'Product' (matrix_mult.cpp:15:19) in function 'matrix_mult' completely with a factor of 5
remark: matrix_mult.cpp:8:0: Unrolling loop 'Product' (matrix_mult.cpp:15:19) in function 'matrix_mult' completely with a factor of 5
remark: matrix_mult.cpp:8:0: Unrolling loop 'Product' (matrix_mult.cpp:15:19) in function 'matrix_mult' completely with a factor of 5
remark: matrix_mult.cpp:8:0: Unrolling loop 'Product' (matrix_mult.cpp:15:19) in function 'matrix_mult' completely with a factor of 5
remark: matrix_mult.cpp:8:0: Unrolling loop 'Product' (matrix_mult.cpp:15:19) in function 'matrix_mult' completely with a factor of 5
remark: matrix_mult.cpp:8:0: Unrolling loop 'Col' (matrix_mult.cpp:12:12) in function 'matrix_mult' completely with a factor of 5
remark: matrix_mult.cpp:8:0: Pipeline directive for loop 'Col' (matrix_mult.cpp:12:12) in function 'matrix_mult' has been removed because the loop is unrolled completely
remark: matrix_mult.cpp:8:0: Unrolling loop 'Product' (matrix_mult.cpp:15:19) in function 'matrix_mult' completely with a factor of 5
remark: matrix_mult.cpp:8:0: Unrolling loop 'Product' (matrix_mult.cpp:15:19) in function 'matrix_mult' completely with a factor of 5
remark: matrix_mult.cpp:8:0: Unrolling loop 'Product' (matrix_mult.cpp:15:19) in function 'matrix_mult' completely with a factor of 5
remark: matrix_mult.cpp:8:0: Unrolling loop 'Product' (matrix_mult.cpp:15:19) in function 'matrix_mult' completely with a factor of 5
remark: matrix_mult.cpp:8:0: Unrolling loop 'Product' (matrix_mult.cpp:15:19) in function 'matrix_mult' completely with a factor of 5
remark: matrix_mult.cpp:8:0: Applying array_reshape to 'a': Complete reshaping on dimension 2.
remark: matrix_mult.cpp:8:0: Applying array_reshape to 'b': Complete reshaping on dimension 1.
