

================================================================
== Vitis HLS Report for 'matrix_mult'
================================================================
* Date:           Mon May 25 13:54:00 2026

* Version:        2022.2 (Build 3670227 on Oct 13 2022)
* Project:        matrix_mult_prj
* Solution:       solution1 (Vivado IP Flow Target)
* Product family: zynq
* Target device:  xc7z020-clg484-1


================================================================
== Performance Estimates
================================================================
+ Timing: 
    * Summary: 
    +--------+---------+----------+------------+
    |  Clock |  Target | Estimated| Uncertainty|
    +--------+---------+----------+------------+
    |ap_clk  |  5.00 ns|  3.430 ns|     1.35 ns|
    +--------+---------+----------+------------+

+ Latency: 
    * Summary: 
    +---------+---------+----------+----------+-----+-----+---------+
    |  Latency (cycles) |  Latency (absolute) |  Interval | Pipeline|
    |   min   |   max   |    min   |    max   | min | max |   Type  |
    +---------+---------+----------+----------+-----+-----+---------+
    |       86|       86|  0.430 us|  0.430 us|   87|   87|       no|
    +---------+---------+----------+----------+-----+-----+---------+

    + Detail: 
        * Instance: 
        N/A

        * Loop: 
        +-----------+---------+---------+----------+-----------+-----------+------+----------+
        |           |  Latency (cycles) | Iteration|  Initiation Interval  | Trip |          |
        | Loop Name |   min   |   max   |  Latency |  achieved |   target  | Count| Pipelined|
        +-----------+---------+---------+----------+-----------+-----------+------+----------+
        |- Row_Col  |       84|       84|        13|          3|          1|    25|       yes|
        +-----------+---------+---------+----------+-----------+-----------+------+----------+

============================================================
+ Verbose Summary: Synthesis Manager
============================================================
InlineROM: 1
ExposeGlobal: 0
============================================================
+ Verbose Summary: CDFG Model
============================================================
IsTopModel: 1
ResetActiveHigh: 1
IsCombinational: 0
IsDatapathOnly: 0
HasWiredReturn: 1
HasMFsm: 2
HasVarLatency: 1
IsPipeline: 0
IsRtlPipelined: 0
IsInstanceOverlapped: 0
IsDontTouch: 0
HasImplIP: 0
IsGatedGlobalClock: 0

+ Individual pipeline summary: 
  * Pipeline-0: initiation interval (II) = 3, depth = 13


============================================================
+ Verbose Summary: Schedule
============================================================
* Number of FSM states : 13
* Pipeline : 1
  Pipeline-0 : II = 3, D = 13, States = { 1 2 3 4 5 6 7 8 9 10 11 12 13 }
* Dataflow Pipeline: 0

* FSM state transitions: 
1 --> 2 
2 --> 3 
3 --> 4 
4 --> 5 
5 --> 6 
6 --> 7 
7 --> 8 
8 --> 9 
9 --> 10 
10 --> 11 
11 --> 12 
12 --> 13 
13 --> 

* FSM state operations: 

State 1 <SV = 0> <Delay = 3.43>
ST_1 : Operation 16 [1/1] (0.00ns)   --->   "%j = alloca i32 1"   --->   Operation 16 'alloca' 'j' <Predicate = true> <Delay = 0.00>
ST_1 : Operation 17 [1/1] (0.00ns)   --->   "%i = alloca i32 1"   --->   Operation 17 'alloca' 'i' <Predicate = true> <Delay = 0.00>
ST_1 : Operation 18 [1/1] (0.00ns)   --->   "%indvar_flatten = alloca i32 1"   --->   Operation 18 'alloca' 'indvar_flatten' <Predicate = true> <Delay = 0.00>
ST_1 : Operation 19 [1/1] (0.00ns)   --->   "%spectopmodule_ln4 = spectopmodule void @_ssdm_op_SpecTopModule, void @empty_1" [matrix_mult.cpp:4]   --->   Operation 19 'spectopmodule' 'spectopmodule_ln4' <Predicate = true> <Delay = 0.00>
ST_1 : Operation 20 [1/1] (0.00ns)   --->   "%specinterface_ln0 = specinterface void @_ssdm_op_SpecInterface, i8 %a, void @empty, i32 0, i32 0, void @empty_0, i32 4294967295, i32 0, void @empty_0, void @empty_0, void @empty_0, i32 0, i32 0, i32 0, i32 0, void @empty_0, void @empty_0, i32 4294967295, i32 0"   --->   Operation 20 'specinterface' 'specinterface_ln0' <Predicate = true> <Delay = 0.00>
ST_1 : Operation 21 [1/1] (0.00ns)   --->   "%specbitsmap_ln0 = specbitsmap void @_ssdm_op_SpecBitsMap, i8 %a"   --->   Operation 21 'specbitsmap' 'specbitsmap_ln0' <Predicate = true> <Delay = 0.00>
ST_1 : Operation 22 [1/1] (0.00ns)   --->   "%specinterface_ln0 = specinterface void @_ssdm_op_SpecInterface, i8 %b, void @empty, i32 0, i32 0, void @empty_0, i32 4294967295, i32 0, void @empty_0, void @empty_0, void @empty_0, i32 0, i32 0, i32 0, i32 0, void @empty_0, void @empty_0, i32 4294967295, i32 0"   --->   Operation 22 'specinterface' 'specinterface_ln0' <Predicate = true> <Delay = 0.00>
ST_1 : Operation 23 [1/1] (0.00ns)   --->   "%specbitsmap_ln0 = specbitsmap void @_ssdm_op_SpecBitsMap, i8 %b"   --->   Operation 23 'specbitsmap' 'specbitsmap_ln0' <Predicate = true> <Delay = 0.00>
ST_1 : Operation 24 [1/1] (0.00ns)   --->   "%specinterface_ln0 = specinterface void @_ssdm_op_SpecInterface, i16 %prod, void @empty, i32 0, i32 0, void @empty_0, i32 4294967295, i32 0, void @empty_0, void @empty_0, void @empty_0, i32 0, i32 0, i32 0, i32 0, void @empty_0, void @empty_0, i32 4294967295, i32 0"   --->   Operation 24 'specinterface' 'specinterface_ln0' <Predicate = true> <Delay = 0.00>
ST_1 : Operation 25 [1/1] (0.00ns)   --->   "%specbitsmap_ln0 = specbitsmap void @_ssdm_op_SpecBitsMap, i16 %prod"   --->   Operation 25 'specbitsmap' 'specbitsmap_ln0' <Predicate = true> <Delay = 0.00>
ST_1 : Operation 26 [1/1] (1.58ns)   --->   "%store_ln10 = store i5 0, i5 %indvar_flatten" [matrix_mult.cpp:10]   --->   Operation 26 'store' 'store_ln10' <Predicate = true> <Delay = 1.58>
ST_1 : Operation 27 [1/1] (1.58ns)   --->   "%store_ln10 = store i3 0, i3 %i" [matrix_mult.cpp:10]   --->   Operation 27 'store' 'store_ln10' <Predicate = true> <Delay = 1.58>
ST_1 : Operation 28 [1/1] (1.58ns)   --->   "%store_ln10 = store i3 0, i3 %j" [matrix_mult.cpp:10]   --->   Operation 28 'store' 'store_ln10' <Predicate = true> <Delay = 1.58>
ST_1 : Operation 29 [1/1] (0.00ns)   --->   "%br_ln10 = br void %Product" [matrix_mult.cpp:10]   --->   Operation 29 'br' 'br_ln10' <Predicate = true> <Delay = 0.00>
ST_1 : Operation 30 [1/1] (0.00ns)   --->   "%i_1 = load i3 %i" [matrix_mult.cpp:10]   --->   Operation 30 'load' 'i_1' <Predicate = true> <Delay = 0.00>
ST_1 : Operation 31 [1/1] (0.00ns)   --->   "%indvar_flatten_load = load i5 %indvar_flatten" [matrix_mult.cpp:10]   --->   Operation 31 'load' 'indvar_flatten_load' <Predicate = true> <Delay = 0.00>
ST_1 : Operation 32 [1/1] (0.00ns)   --->   "%zext_ln16 = zext i3 %i_1" [matrix_mult.cpp:16]   --->   Operation 32 'zext' 'zext_ln16' <Predicate = true> <Delay = 0.00>
ST_1 : Operation 33 [1/1] (0.00ns)   --->   "%tmp = bitconcatenate i5 @_ssdm_op_BitConcatenate.i5.i3.i2, i3 %i_1, i2 0" [matrix_mult.cpp:16]   --->   Operation 33 'bitconcatenate' 'tmp' <Predicate = true> <Delay = 0.00>
ST_1 : Operation 34 [1/1] (1.78ns)   --->   "%add_ln16_4 = add i5 %tmp, i5 %zext_ln16" [matrix_mult.cpp:16]   --->   Operation 34 'add' 'add_ln16_4' <Predicate = true> <Delay = 1.78> <CoreInst = "Adder">   --->   Core 1 'Adder' <Latency = 0> <II = 1> <Delay = 1.78> <FuncUnit> <Opcode : 'add' 'sub'> <InPorts = 2> <OutPorts = 1>
ST_1 : Operation 35 [1/1] (0.00ns)   --->   "%specpipeline_ln0 = specpipeline void @_ssdm_op_SpecPipeline, i32 4294967295, i32 0, i32 1, i32 0, void @p_str"   --->   Operation 35 'specpipeline' 'specpipeline_ln0' <Predicate = true> <Delay = 0.00>
ST_1 : Operation 36 [1/1] (1.36ns)   --->   "%icmp_ln10 = icmp_eq  i5 %indvar_flatten_load, i5 25" [matrix_mult.cpp:10]   --->   Operation 36 'icmp' 'icmp_ln10' <Predicate = true> <Delay = 1.36> <CoreInst = "Cmp">   --->   Core 9 'Cmp' <Latency = 0> <II = 1> <Delay = 1.36> <FuncUnit> <Opcode : 'icmp'> <InPorts = 2> <OutPorts = 1>
ST_1 : Operation 37 [1/1] (1.78ns)   --->   "%add_ln10_5 = add i5 %indvar_flatten_load, i5 1" [matrix_mult.cpp:10]   --->   Operation 37 'add' 'add_ln10_5' <Predicate = true> <Delay = 1.78> <CoreInst = "Adder">   --->   Core 1 'Adder' <Latency = 0> <II = 1> <Delay = 1.78> <FuncUnit> <Opcode : 'add' 'sub'> <InPorts = 2> <OutPorts = 1>
ST_1 : Operation 38 [1/1] (0.00ns)   --->   "%br_ln10 = br i1 %icmp_ln10, void %for.inc29, void %for.end31" [matrix_mult.cpp:10]   --->   Operation 38 'br' 'br_ln10' <Predicate = true> <Delay = 0.00>
ST_1 : Operation 39 [1/1] (0.00ns)   --->   "%j_load = load i3 %j" [matrix_mult.cpp:12]   --->   Operation 39 'load' 'j_load' <Predicate = (!icmp_ln10)> <Delay = 0.00>
ST_1 : Operation 40 [1/1] (1.65ns)   --->   "%add_ln10 = add i3 %i_1, i3 1" [matrix_mult.cpp:10]   --->   Operation 40 'add' 'add_ln10' <Predicate = (!icmp_ln10)> <Delay = 1.65> <CoreInst = "Adder">   --->   Core 1 'Adder' <Latency = 0> <II = 1> <Delay = 1.65> <FuncUnit> <Opcode : 'add' 'sub'> <InPorts = 2> <OutPorts = 1>
ST_1 : Operation 41 [1/1] (1.13ns)   --->   "%icmp_ln12 = icmp_eq  i3 %j_load, i3 5" [matrix_mult.cpp:12]   --->   Operation 41 'icmp' 'icmp_ln12' <Predicate = (!icmp_ln10)> <Delay = 1.13> <CoreInst = "Cmp">   --->   Core 9 'Cmp' <Latency = 0> <II = 1> <Delay = 1.13> <FuncUnit> <Opcode : 'icmp'> <InPorts = 2> <OutPorts = 1>
ST_1 : Operation 42 [1/1] (0.98ns)   --->   "%select_ln10 = select i1 %icmp_ln12, i3 0, i3 %j_load" [matrix_mult.cpp:10]   --->   Operation 42 'select' 'select_ln10' <Predicate = (!icmp_ln10)> <Delay = 0.98> <CoreInst = "Sel">   --->   Core 73 'Sel' <Latency = 0> <II = 1> <Delay = 0.98> <FuncUnit> <Opcode : 'select'> <InPorts = 3> <OutPorts = 1>
ST_1 : Operation 43 [1/1] (0.00ns)   --->   "%zext_ln16_1 = zext i3 %add_ln10" [matrix_mult.cpp:16]   --->   Operation 43 'zext' 'zext_ln16_1' <Predicate = (!icmp_ln10)> <Delay = 0.00>
ST_1 : Operation 44 [1/1] (0.00ns)   --->   "%tmp_1 = bitconcatenate i5 @_ssdm_op_BitConcatenate.i5.i3.i2, i3 %add_ln10, i2 0" [matrix_mult.cpp:16]   --->   Operation 44 'bitconcatenate' 'tmp_1' <Predicate = (!icmp_ln10)> <Delay = 0.00>
ST_1 : Operation 45 [1/1] (1.78ns)   --->   "%add_ln16_5 = add i5 %tmp_1, i5 %zext_ln16_1" [matrix_mult.cpp:16]   --->   Operation 45 'add' 'add_ln16_5' <Predicate = (!icmp_ln10)> <Delay = 1.78> <CoreInst = "Adder">   --->   Core 1 'Adder' <Latency = 0> <II = 1> <Delay = 1.78> <FuncUnit> <Opcode : 'add' 'sub'> <InPorts = 2> <OutPorts = 1>
ST_1 : Operation 46 [1/1] (1.58ns)   --->   "%store_ln12 = store i5 %add_ln10_5, i5 %indvar_flatten" [matrix_mult.cpp:12]   --->   Operation 46 'store' 'store_ln12' <Predicate = (!icmp_ln10)> <Delay = 1.58>

State 2 <SV = 1> <Delay = 3.23>
ST_2 : Operation 47 [1/1] (0.98ns)   --->   "%select_ln10_1 = select i1 %icmp_ln12, i3 %add_ln10, i3 %i_1" [matrix_mult.cpp:10]   --->   Operation 47 'select' 'select_ln10_1' <Predicate = (!icmp_ln10)> <Delay = 0.98> <CoreInst = "Sel">   --->   Core 73 'Sel' <Latency = 0> <II = 1> <Delay = 0.98> <FuncUnit> <Opcode : 'select'> <InPorts = 3> <OutPorts = 1>
ST_2 : Operation 48 [1/1] (1.21ns)   --->   "%select_ln10_2 = select i1 %icmp_ln12, i5 %add_ln16_5, i5 %add_ln16_4" [matrix_mult.cpp:10]   --->   Operation 48 'select' 'select_ln10_2' <Predicate = (!icmp_ln10)> <Delay = 1.21> <CoreInst = "Sel">   --->   Core 73 'Sel' <Latency = 0> <II = 1> <Delay = 1.21> <FuncUnit> <Opcode : 'select'> <InPorts = 3> <OutPorts = 1>
ST_2 : Operation 49 [1/1] (1.78ns)   --->   "%add_ln10_1 = add i5 %select_ln10_2, i5 1" [matrix_mult.cpp:10]   --->   Operation 49 'add' 'add_ln10_1' <Predicate = (!icmp_ln10)> <Delay = 1.78> <CoreInst = "Adder">   --->   Core 1 'Adder' <Latency = 0> <II = 1> <Delay = 1.78> <FuncUnit> <Opcode : 'add' 'sub'> <InPorts = 2> <OutPorts = 1>
ST_2 : Operation 50 [1/1] (1.78ns)   --->   "%add_ln10_3 = add i5 %select_ln10_2, i5 3" [matrix_mult.cpp:10]   --->   Operation 50 'add' 'add_ln10_3' <Predicate = (!icmp_ln10)> <Delay = 1.78> <CoreInst = "Adder">   --->   Core 1 'Adder' <Latency = 0> <II = 1> <Delay = 1.78> <FuncUnit> <Opcode : 'add' 'sub'> <InPorts = 2> <OutPorts = 1>
ST_2 : Operation 51 [1/1] (0.00ns)   --->   "%zext_ln16_7 = zext i3 %select_ln10" [matrix_mult.cpp:16]   --->   Operation 51 'zext' 'zext_ln16_7' <Predicate = (!icmp_ln10)> <Delay = 0.00>
ST_2 : Operation 52 [1/1] (0.00ns)   --->   "%zext_ln16_8 = zext i3 %select_ln10" [matrix_mult.cpp:16]   --->   Operation 52 'zext' 'zext_ln16_8' <Predicate = (!icmp_ln10)> <Delay = 0.00>
ST_2 : Operation 53 [1/1] (1.73ns)   --->   "%add_ln16_6 = add i4 %zext_ln16_8, i4 5" [matrix_mult.cpp:16]   --->   Operation 53 'add' 'add_ln16_6' <Predicate = (!icmp_ln10)> <Delay = 1.73> <CoreInst = "Adder">   --->   Core 1 'Adder' <Latency = 0> <II = 1> <Delay = 1.73> <FuncUnit> <Opcode : 'add' 'sub'> <InPorts = 2> <OutPorts = 1>
ST_2 : Operation 54 [1/1] (1.78ns)   --->   "%add_ln16_8 = add i5 %zext_ln16_7, i5 15" [matrix_mult.cpp:16]   --->   Operation 54 'add' 'add_ln16_8' <Predicate = (!icmp_ln10)> <Delay = 1.78> <CoreInst = "Adder">   --->   Core 1 'Adder' <Latency = 0> <II = 1> <Delay = 1.78> <FuncUnit> <Opcode : 'add' 'sub'> <InPorts = 2> <OutPorts = 1>
ST_2 : Operation 55 [1/1] (1.65ns)   --->   "%add_ln12 = add i3 %select_ln10, i3 1" [matrix_mult.cpp:12]   --->   Operation 55 'add' 'add_ln12' <Predicate = (!icmp_ln10)> <Delay = 1.65> <CoreInst = "Adder">   --->   Core 1 'Adder' <Latency = 0> <II = 1> <Delay = 1.65> <FuncUnit> <Opcode : 'add' 'sub'> <InPorts = 2> <OutPorts = 1>
ST_2 : Operation 56 [1/1] (1.58ns)   --->   "%store_ln12 = store i3 %select_ln10_1, i3 %i" [matrix_mult.cpp:12]   --->   Operation 56 'store' 'store_ln12' <Predicate = (!icmp_ln10)> <Delay = 1.58>
ST_2 : Operation 57 [1/1] (1.58ns)   --->   "%store_ln12 = store i3 %add_ln12, i3 %j" [matrix_mult.cpp:12]   --->   Operation 57 'store' 'store_ln12' <Predicate = (!icmp_ln10)> <Delay = 1.58>

State 3 <SV = 2> <Delay = 2.32>
ST_3 : Operation 58 [1/1] (0.00ns)   --->   "%zext_ln16_3 = zext i5 %add_ln10_1" [matrix_mult.cpp:16]   --->   Operation 58 'zext' 'zext_ln16_3' <Predicate = (!icmp_ln10)> <Delay = 0.00>
ST_3 : Operation 59 [1/1] (0.00ns)   --->   "%a_addr_1 = getelementptr i8 %a, i64 0, i64 %zext_ln16_3" [matrix_mult.cpp:16]   --->   Operation 59 'getelementptr' 'a_addr_1' <Predicate = (!icmp_ln10)> <Delay = 0.00>
ST_3 : Operation 60 [2/2] (2.32ns)   --->   "%a_load_1 = load i5 %a_addr_1" [matrix_mult.cpp:10]   --->   Operation 60 'load' 'a_load_1' <Predicate = (!icmp_ln10)> <Delay = 2.32> <CoreInst = "RAM">   --->   Core 82 'RAM' <Latency = 1> <II = 1> <Delay = 2.32> <Storage> <Opcode : 'load' 'store'> <Ports = 2> <Width = 8> <Depth = 25> <RAM>
ST_3 : Operation 61 [1/1] (0.00ns)   --->   "%zext_ln16_5 = zext i5 %add_ln10_3" [matrix_mult.cpp:16]   --->   Operation 61 'zext' 'zext_ln16_5' <Predicate = (!icmp_ln10)> <Delay = 0.00>
ST_3 : Operation 62 [1/1] (0.00ns)   --->   "%a_addr_3 = getelementptr i8 %a, i64 0, i64 %zext_ln16_5" [matrix_mult.cpp:16]   --->   Operation 62 'getelementptr' 'a_addr_3' <Predicate = (!icmp_ln10)> <Delay = 0.00>
ST_3 : Operation 63 [2/2] (2.32ns)   --->   "%a_load_3 = load i5 %a_addr_3" [matrix_mult.cpp:10]   --->   Operation 63 'load' 'a_load_3' <Predicate = (!icmp_ln10)> <Delay = 2.32> <CoreInst = "RAM">   --->   Core 82 'RAM' <Latency = 1> <II = 1> <Delay = 2.32> <Storage> <Opcode : 'load' 'store'> <Ports = 2> <Width = 8> <Depth = 25> <RAM>
ST_3 : Operation 64 [1/1] (1.78ns)   --->   "%add_ln10_4 = add i5 %select_ln10_2, i5 4" [matrix_mult.cpp:10]   --->   Operation 64 'add' 'add_ln10_4' <Predicate = (!icmp_ln10)> <Delay = 1.78> <CoreInst = "Adder">   --->   Core 1 'Adder' <Latency = 0> <II = 1> <Delay = 1.78> <FuncUnit> <Opcode : 'add' 'sub'> <InPorts = 2> <OutPorts = 1>
ST_3 : Operation 65 [1/1] (0.00ns)   --->   "%zext_ln16_9 = zext i4 %add_ln16_6" [matrix_mult.cpp:16]   --->   Operation 65 'zext' 'zext_ln16_9' <Predicate = (!icmp_ln10)> <Delay = 0.00>
ST_3 : Operation 66 [1/1] (0.00ns)   --->   "%b_addr_1 = getelementptr i8 %b, i64 0, i64 %zext_ln16_9" [matrix_mult.cpp:16]   --->   Operation 66 'getelementptr' 'b_addr_1' <Predicate = (!icmp_ln10)> <Delay = 0.00>
ST_3 : Operation 67 [1/1] (0.00ns)   --->   "%zext_ln16_11 = zext i5 %add_ln16_8" [matrix_mult.cpp:16]   --->   Operation 67 'zext' 'zext_ln16_11' <Predicate = (!icmp_ln10)> <Delay = 0.00>
ST_3 : Operation 68 [1/1] (0.00ns)   --->   "%b_addr_3 = getelementptr i8 %b, i64 0, i64 %zext_ln16_11" [matrix_mult.cpp:16]   --->   Operation 68 'getelementptr' 'b_addr_3' <Predicate = (!icmp_ln10)> <Delay = 0.00>
ST_3 : Operation 69 [1/1] (1.78ns)   --->   "%add_ln16_9 = add i5 %zext_ln16_7, i5 20" [matrix_mult.cpp:16]   --->   Operation 69 'add' 'add_ln16_9' <Predicate = (!icmp_ln10)> <Delay = 1.78> <CoreInst = "Adder">   --->   Core 1 'Adder' <Latency = 0> <II = 1> <Delay = 1.78> <FuncUnit> <Opcode : 'add' 'sub'> <InPorts = 2> <OutPorts = 1>
ST_3 : Operation 70 [2/2] (2.32ns)   --->   "%b_load_1 = load i5 %b_addr_1" [matrix_mult.cpp:16]   --->   Operation 70 'load' 'b_load_1' <Predicate = (!icmp_ln10)> <Delay = 2.32> <CoreInst = "RAM">   --->   Core 82 'RAM' <Latency = 1> <II = 1> <Delay = 2.32> <Storage> <Opcode : 'load' 'store'> <Ports = 2> <Width = 8> <Depth = 25> <RAM>
ST_3 : Operation 71 [2/2] (2.32ns)   --->   "%b_load_3 = load i5 %b_addr_3" [matrix_mult.cpp:16]   --->   Operation 71 'load' 'b_load_3' <Predicate = (!icmp_ln10)> <Delay = 2.32> <CoreInst = "RAM">   --->   Core 82 'RAM' <Latency = 1> <II = 1> <Delay = 2.32> <Storage> <Opcode : 'load' 'store'> <Ports = 2> <Width = 8> <Depth = 25> <RAM>

State 4 <SV = 3> <Delay = 2.32>
ST_4 : Operation 72 [1/2] (2.32ns)   --->   "%a_load_1 = load i5 %a_addr_1" [matrix_mult.cpp:10]   --->   Operation 72 'load' 'a_load_1' <Predicate = true> <Delay = 2.32> <CoreInst = "RAM">   --->   Core 82 'RAM' <Latency = 1> <II = 1> <Delay = 2.32> <Storage> <Opcode : 'load' 'store'> <Ports = 2> <Width = 8> <Depth = 25> <RAM>
ST_4 : Operation 73 [1/2] (2.32ns)   --->   "%a_load_3 = load i5 %a_addr_3" [matrix_mult.cpp:10]   --->   Operation 73 'load' 'a_load_3' <Predicate = true> <Delay = 2.32> <CoreInst = "RAM">   --->   Core 82 'RAM' <Latency = 1> <II = 1> <Delay = 2.32> <Storage> <Opcode : 'load' 'store'> <Ports = 2> <Width = 8> <Depth = 25> <RAM>
ST_4 : Operation 74 [1/1] (0.00ns)   --->   "%zext_ln16_6 = zext i5 %add_ln10_4" [matrix_mult.cpp:16]   --->   Operation 74 'zext' 'zext_ln16_6' <Predicate = true> <Delay = 0.00>
ST_4 : Operation 75 [1/1] (0.00ns)   --->   "%a_addr_4 = getelementptr i8 %a, i64 0, i64 %zext_ln16_6" [matrix_mult.cpp:16]   --->   Operation 75 'getelementptr' 'a_addr_4' <Predicate = true> <Delay = 0.00>
ST_4 : Operation 76 [2/2] (2.32ns)   --->   "%a_load_4 = load i5 %a_addr_4" [matrix_mult.cpp:10]   --->   Operation 76 'load' 'a_load_4' <Predicate = true> <Delay = 2.32> <CoreInst = "RAM">   --->   Core 82 'RAM' <Latency = 1> <II = 1> <Delay = 2.32> <Storage> <Opcode : 'load' 'store'> <Ports = 2> <Width = 8> <Depth = 25> <RAM>
ST_4 : Operation 77 [1/1] (0.00ns)   --->   "%zext_ln16_12 = zext i5 %add_ln16_9" [matrix_mult.cpp:16]   --->   Operation 77 'zext' 'zext_ln16_12' <Predicate = true> <Delay = 0.00>
ST_4 : Operation 78 [1/1] (0.00ns)   --->   "%b_addr_4 = getelementptr i8 %b, i64 0, i64 %zext_ln16_12" [matrix_mult.cpp:16]   --->   Operation 78 'getelementptr' 'b_addr_4' <Predicate = true> <Delay = 0.00>
ST_4 : Operation 79 [1/2] (2.32ns)   --->   "%b_load_1 = load i5 %b_addr_1" [matrix_mult.cpp:16]   --->   Operation 79 'load' 'b_load_1' <Predicate = true> <Delay = 2.32> <CoreInst = "RAM">   --->   Core 82 'RAM' <Latency = 1> <II = 1> <Delay = 2.32> <Storage> <Opcode : 'load' 'store'> <Ports = 2> <Width = 8> <Depth = 25> <RAM>
ST_4 : Operation 80 [1/2] (2.32ns)   --->   "%b_load_3 = load i5 %b_addr_3" [matrix_mult.cpp:16]   --->   Operation 80 'load' 'b_load_3' <Predicate = true> <Delay = 2.32> <CoreInst = "RAM">   --->   Core 82 'RAM' <Latency = 1> <II = 1> <Delay = 2.32> <Storage> <Opcode : 'load' 'store'> <Ports = 2> <Width = 8> <Depth = 25> <RAM>
ST_4 : Operation 81 [2/2] (2.32ns)   --->   "%b_load_4 = load i5 %b_addr_4" [matrix_mult.cpp:16]   --->   Operation 81 'load' 'b_load_4' <Predicate = true> <Delay = 2.32> <CoreInst = "RAM">   --->   Core 82 'RAM' <Latency = 1> <II = 1> <Delay = 2.32> <Storage> <Opcode : 'load' 'store'> <Ports = 2> <Width = 8> <Depth = 25> <RAM>

State 5 <SV = 4> <Delay = 2.93>
ST_5 : Operation 82 [1/1] (0.00ns)   --->   "%zext_ln16_2 = zext i5 %select_ln10_2" [matrix_mult.cpp:16]   --->   Operation 82 'zext' 'zext_ln16_2' <Predicate = true> <Delay = 0.00>
ST_5 : Operation 83 [1/1] (0.00ns)   --->   "%a_addr = getelementptr i8 %a, i64 0, i64 %zext_ln16_2" [matrix_mult.cpp:16]   --->   Operation 83 'getelementptr' 'a_addr' <Predicate = true> <Delay = 0.00>
ST_5 : Operation 84 [2/2] (2.32ns)   --->   "%a_load = load i5 %a_addr" [matrix_mult.cpp:10]   --->   Operation 84 'load' 'a_load' <Predicate = true> <Delay = 2.32> <CoreInst = "RAM">   --->   Core 82 'RAM' <Latency = 1> <II = 1> <Delay = 2.32> <Storage> <Opcode : 'load' 'store'> <Ports = 2> <Width = 8> <Depth = 25> <RAM>
ST_5 : Operation 85 [1/1] (0.00ns)   --->   "%sext_ln10_3 = sext i8 %a_load_3" [matrix_mult.cpp:10]   --->   Operation 85 'sext' 'sext_ln10_3' <Predicate = true> <Delay = 0.00>
ST_5 : Operation 86 [1/2] (2.32ns)   --->   "%a_load_4 = load i5 %a_addr_4" [matrix_mult.cpp:10]   --->   Operation 86 'load' 'a_load_4' <Predicate = true> <Delay = 2.32> <CoreInst = "RAM">   --->   Core 82 'RAM' <Latency = 1> <II = 1> <Delay = 2.32> <Storage> <Opcode : 'load' 'store'> <Ports = 2> <Width = 8> <Depth = 25> <RAM>
ST_5 : Operation 87 [1/1] (0.00ns)   --->   "%j_cast = zext i3 %select_ln10" [matrix_mult.cpp:10]   --->   Operation 87 'zext' 'j_cast' <Predicate = true> <Delay = 0.00>
ST_5 : Operation 88 [1/1] (0.00ns)   --->   "%b_addr = getelementptr i8 %b, i64 0, i64 %j_cast" [matrix_mult.cpp:16]   --->   Operation 88 'getelementptr' 'b_addr' <Predicate = true> <Delay = 0.00>
ST_5 : Operation 89 [2/2] (2.32ns)   --->   "%b_load = load i5 %b_addr" [matrix_mult.cpp:16]   --->   Operation 89 'load' 'b_load' <Predicate = true> <Delay = 2.32> <CoreInst = "RAM">   --->   Core 82 'RAM' <Latency = 1> <II = 1> <Delay = 2.32> <Storage> <Opcode : 'load' 'store'> <Ports = 2> <Width = 8> <Depth = 25> <RAM>
ST_5 : Operation 90 [1/1] (0.00ns)   --->   "%sext_ln16_3 = sext i8 %b_load_3" [matrix_mult.cpp:16]   --->   Operation 90 'sext' 'sext_ln16_3' <Predicate = true> <Delay = 0.00>
ST_5 : Operation 91 [3/3] (2.93ns)   --->   "%mul_ln16_3 = mul i16 %sext_ln16_3, i16 %sext_ln10_3" [matrix_mult.cpp:16]   --->   Operation 91 'mul' 'mul_ln16_3' <Predicate = true> <Delay = 2.93> <CoreInst = "Mul_DSP">   --->   Core 5 'Mul_DSP' <Latency = 2> <II = 1> <Delay = 2.93> <FuncUnit> <Opcode : 'mul'> <InPorts = 2> <OutPorts = 1>
ST_5 : Operation 92 [1/2] (2.32ns)   --->   "%b_load_4 = load i5 %b_addr_4" [matrix_mult.cpp:16]   --->   Operation 92 'load' 'b_load_4' <Predicate = true> <Delay = 2.32> <CoreInst = "RAM">   --->   Core 82 'RAM' <Latency = 1> <II = 1> <Delay = 2.32> <Storage> <Opcode : 'load' 'store'> <Ports = 2> <Width = 8> <Depth = 25> <RAM>

State 6 <SV = 5> <Delay = 2.93>
ST_6 : Operation 93 [1/2] (2.32ns)   --->   "%a_load = load i5 %a_addr" [matrix_mult.cpp:10]   --->   Operation 93 'load' 'a_load' <Predicate = true> <Delay = 2.32> <CoreInst = "RAM">   --->   Core 82 'RAM' <Latency = 1> <II = 1> <Delay = 2.32> <Storage> <Opcode : 'load' 'store'> <Ports = 2> <Width = 8> <Depth = 25> <RAM>
ST_6 : Operation 94 [1/1] (0.00ns)   --->   "%sext_ln10_1 = sext i8 %a_load_1" [matrix_mult.cpp:10]   --->   Operation 94 'sext' 'sext_ln10_1' <Predicate = true> <Delay = 0.00>
ST_6 : Operation 95 [1/1] (1.78ns)   --->   "%add_ln10_2 = add i5 %select_ln10_2, i5 2" [matrix_mult.cpp:10]   --->   Operation 95 'add' 'add_ln10_2' <Predicate = true> <Delay = 1.78> <CoreInst = "Adder">   --->   Core 1 'Adder' <Latency = 0> <II = 1> <Delay = 1.78> <FuncUnit> <Opcode : 'add' 'sub'> <InPorts = 2> <OutPorts = 1>
ST_6 : Operation 96 [1/1] (0.00ns)   --->   "%sext_ln10_4 = sext i8 %a_load_4" [matrix_mult.cpp:10]   --->   Operation 96 'sext' 'sext_ln10_4' <Predicate = true> <Delay = 0.00>
ST_6 : Operation 97 [1/1] (1.78ns)   --->   "%add_ln16_7 = add i5 %zext_ln16_7, i5 10" [matrix_mult.cpp:16]   --->   Operation 97 'add' 'add_ln16_7' <Predicate = true> <Delay = 1.78> <CoreInst = "Adder">   --->   Core 1 'Adder' <Latency = 0> <II = 1> <Delay = 1.78> <FuncUnit> <Opcode : 'add' 'sub'> <InPorts = 2> <OutPorts = 1>
ST_6 : Operation 98 [1/2] (2.32ns)   --->   "%b_load = load i5 %b_addr" [matrix_mult.cpp:16]   --->   Operation 98 'load' 'b_load' <Predicate = true> <Delay = 2.32> <CoreInst = "RAM">   --->   Core 82 'RAM' <Latency = 1> <II = 1> <Delay = 2.32> <Storage> <Opcode : 'load' 'store'> <Ports = 2> <Width = 8> <Depth = 25> <RAM>
ST_6 : Operation 99 [1/1] (0.00ns)   --->   "%sext_ln16_1 = sext i8 %b_load_1" [matrix_mult.cpp:16]   --->   Operation 99 'sext' 'sext_ln16_1' <Predicate = true> <Delay = 0.00>
ST_6 : Operation 100 [3/3] (2.93ns)   --->   "%mul_ln16_1 = mul i16 %sext_ln16_1, i16 %sext_ln10_1" [matrix_mult.cpp:16]   --->   Operation 100 'mul' 'mul_ln16_1' <Predicate = true> <Delay = 2.93> <CoreInst = "Mul_DSP">   --->   Core 5 'Mul_DSP' <Latency = 2> <II = 1> <Delay = 2.93> <FuncUnit> <Opcode : 'mul'> <InPorts = 2> <OutPorts = 1>
ST_6 : Operation 101 [2/3] (2.93ns)   --->   "%mul_ln16_3 = mul i16 %sext_ln16_3, i16 %sext_ln10_3" [matrix_mult.cpp:16]   --->   Operation 101 'mul' 'mul_ln16_3' <Predicate = true> <Delay = 2.93> <CoreInst = "Mul_DSP">   --->   Core 5 'Mul_DSP' <Latency = 2> <II = 1> <Delay = 2.93> <FuncUnit> <Opcode : 'mul'> <InPorts = 2> <OutPorts = 1>
ST_6 : Operation 102 [1/1] (0.00ns)   --->   "%sext_ln16_4 = sext i8 %b_load_4" [matrix_mult.cpp:16]   --->   Operation 102 'sext' 'sext_ln16_4' <Predicate = true> <Delay = 0.00>
ST_6 : Operation 103 [3/3] (1.05ns) (grouped into DSP with root node add_ln16_1)   --->   "%mul_ln16_4 = mul i16 %sext_ln16_4, i16 %sext_ln10_4" [matrix_mult.cpp:16]   --->   Operation 103 'mul' 'mul_ln16_4' <Predicate = true> <Delay = 1.05> <CoreInst = "DSP48">   --->   Core 119 'DSP48' <Latency = 3> <II = 1> <Delay = 2.15> <IPBlock> <Opcode : 'mul' 'add' 'sub' 'select'> <InPorts = 0> <OutPorts = 1> <Sync> <CReg>

State 7 <SV = 6> <Delay = 3.40>
ST_7 : Operation 104 [1/1] (0.00ns)   --->   "%zext_ln13 = zext i3 %select_ln10_1" [matrix_mult.cpp:13]   --->   Operation 104 'zext' 'zext_ln13' <Predicate = true> <Delay = 0.00>
ST_7 : Operation 105 [1/1] (0.00ns)   --->   "%tmp_2 = bitconcatenate i5 @_ssdm_op_BitConcatenate.i5.i3.i2, i3 %select_ln10_1, i2 0" [matrix_mult.cpp:13]   --->   Operation 105 'bitconcatenate' 'tmp_2' <Predicate = true> <Delay = 0.00>
ST_7 : Operation 106 [1/1] (0.00ns) (grouped into TernaryAdder)   --->   "%add_ln13 = add i5 %tmp_2, i5 %zext_ln13" [matrix_mult.cpp:13]   --->   Operation 106 'add' 'add_ln13' <Predicate = true> <Delay = 0.00> <CoreInst = "TAddSub">   --->   Core 10 'TAddSub' <Latency = 0> <II = 1> <Delay = 1.70> <IPBlock> <Opcode : 'add' 'sub'> <InPorts = 3> <OutPorts = 1> <Sync> <CReg>
ST_7 : Operation 107 [1/1] (0.00ns)   --->   "%sext_ln10 = sext i8 %a_load" [matrix_mult.cpp:10]   --->   Operation 107 'sext' 'sext_ln10' <Predicate = true> <Delay = 0.00>
ST_7 : Operation 108 [1/1] (0.00ns)   --->   "%zext_ln16_4 = zext i5 %add_ln10_2" [matrix_mult.cpp:16]   --->   Operation 108 'zext' 'zext_ln16_4' <Predicate = true> <Delay = 0.00>
ST_7 : Operation 109 [1/1] (0.00ns)   --->   "%a_addr_2 = getelementptr i8 %a, i64 0, i64 %zext_ln16_4" [matrix_mult.cpp:16]   --->   Operation 109 'getelementptr' 'a_addr_2' <Predicate = true> <Delay = 0.00>
ST_7 : Operation 110 [2/2] (2.32ns)   --->   "%a_load_2 = load i5 %a_addr_2" [matrix_mult.cpp:10]   --->   Operation 110 'load' 'a_load_2' <Predicate = true> <Delay = 2.32> <CoreInst = "RAM">   --->   Core 82 'RAM' <Latency = 1> <II = 1> <Delay = 2.32> <Storage> <Opcode : 'load' 'store'> <Ports = 2> <Width = 8> <Depth = 25> <RAM>
ST_7 : Operation 111 [1/1] (0.00ns)   --->   "%zext_ln16_10 = zext i5 %add_ln16_7" [matrix_mult.cpp:16]   --->   Operation 111 'zext' 'zext_ln16_10' <Predicate = true> <Delay = 0.00>
ST_7 : Operation 112 [1/1] (0.00ns)   --->   "%b_addr_2 = getelementptr i8 %b, i64 0, i64 %zext_ln16_10" [matrix_mult.cpp:16]   --->   Operation 112 'getelementptr' 'b_addr_2' <Predicate = true> <Delay = 0.00>
ST_7 : Operation 113 [1/1] (3.40ns) (root node of TernaryAdder)   --->   "%add_ln13_1 = add i5 %add_ln13, i5 %zext_ln16_7" [matrix_mult.cpp:13]   --->   Operation 113 'add' 'add_ln13_1' <Predicate = true> <Delay = 3.40> <CoreInst = "TAddSub">   --->   Core 10 'TAddSub' <Latency = 0> <II = 1> <Delay = 1.70> <IPBlock> <Opcode : 'add' 'sub'> <InPorts = 3> <OutPorts = 1> <Sync> <CReg>
ST_7 : Operation 114 [1/1] (0.00ns)   --->   "%sext_ln16 = sext i8 %b_load" [matrix_mult.cpp:16]   --->   Operation 114 'sext' 'sext_ln16' <Predicate = true> <Delay = 0.00>
ST_7 : Operation 115 [3/3] (1.05ns) (grouped into DSP with root node add_ln16)   --->   "%mul_ln16 = mul i16 %sext_ln16, i16 %sext_ln10" [matrix_mult.cpp:16]   --->   Operation 115 'mul' 'mul_ln16' <Predicate = true> <Delay = 1.05> <CoreInst = "DSP48">   --->   Core 119 'DSP48' <Latency = 3> <II = 1> <Delay = 2.15> <IPBlock> <Opcode : 'mul' 'add' 'sub' 'select'> <InPorts = 0> <OutPorts = 1> <Sync> <CReg>
ST_7 : Operation 116 [2/3] (2.93ns)   --->   "%mul_ln16_1 = mul i16 %sext_ln16_1, i16 %sext_ln10_1" [matrix_mult.cpp:16]   --->   Operation 116 'mul' 'mul_ln16_1' <Predicate = true> <Delay = 2.93> <CoreInst = "Mul_DSP">   --->   Core 5 'Mul_DSP' <Latency = 2> <II = 1> <Delay = 2.93> <FuncUnit> <Opcode : 'mul'> <InPorts = 2> <OutPorts = 1>
ST_7 : Operation 117 [2/2] (2.32ns)   --->   "%b_load_2 = load i5 %b_addr_2" [matrix_mult.cpp:16]   --->   Operation 117 'load' 'b_load_2' <Predicate = true> <Delay = 2.32> <CoreInst = "RAM">   --->   Core 82 'RAM' <Latency = 1> <II = 1> <Delay = 2.32> <Storage> <Opcode : 'load' 'store'> <Ports = 2> <Width = 8> <Depth = 25> <RAM>
ST_7 : Operation 118 [1/3] (2.93ns)   --->   "%mul_ln16_3 = mul i16 %sext_ln16_3, i16 %sext_ln10_3" [matrix_mult.cpp:16]   --->   Operation 118 'mul' 'mul_ln16_3' <Predicate = true> <Delay = 2.93> <CoreInst = "Mul_DSP">   --->   Core 5 'Mul_DSP' <Latency = 2> <II = 1> <Delay = 2.93> <FuncUnit> <Opcode : 'mul'> <InPorts = 2> <OutPorts = 1>
ST_7 : Operation 119 [2/3] (1.05ns) (grouped into DSP with root node add_ln16_1)   --->   "%mul_ln16_4 = mul i16 %sext_ln16_4, i16 %sext_ln10_4" [matrix_mult.cpp:16]   --->   Operation 119 'mul' 'mul_ln16_4' <Predicate = true> <Delay = 1.05> <CoreInst = "DSP48">   --->   Core 119 'DSP48' <Latency = 3> <II = 1> <Delay = 2.15> <IPBlock> <Opcode : 'mul' 'add' 'sub' 'select'> <InPorts = 0> <OutPorts = 1> <Sync> <CReg>

State 8 <SV = 7> <Delay = 3.37>
ST_8 : Operation 120 [1/2] (2.32ns)   --->   "%a_load_2 = load i5 %a_addr_2" [matrix_mult.cpp:10]   --->   Operation 120 'load' 'a_load_2' <Predicate = true> <Delay = 2.32> <CoreInst = "RAM">   --->   Core 82 'RAM' <Latency = 1> <II = 1> <Delay = 2.32> <Storage> <Opcode : 'load' 'store'> <Ports = 2> <Width = 8> <Depth = 25> <RAM>
ST_8 : Operation 121 [1/1] (0.00ns)   --->   "%sext_ln10_2 = sext i8 %a_load_2" [matrix_mult.cpp:10]   --->   Operation 121 'sext' 'sext_ln10_2' <Predicate = true> <Delay = 0.00>
ST_8 : Operation 122 [2/3] (1.05ns) (grouped into DSP with root node add_ln16)   --->   "%mul_ln16 = mul i16 %sext_ln16, i16 %sext_ln10" [matrix_mult.cpp:16]   --->   Operation 122 'mul' 'mul_ln16' <Predicate = true> <Delay = 1.05> <CoreInst = "DSP48">   --->   Core 119 'DSP48' <Latency = 3> <II = 1> <Delay = 2.15> <IPBlock> <Opcode : 'mul' 'add' 'sub' 'select'> <InPorts = 0> <OutPorts = 1> <Sync> <CReg>
ST_8 : Operation 123 [1/3] (2.93ns)   --->   "%mul_ln16_1 = mul i16 %sext_ln16_1, i16 %sext_ln10_1" [matrix_mult.cpp:16]   --->   Operation 123 'mul' 'mul_ln16_1' <Predicate = true> <Delay = 2.93> <CoreInst = "Mul_DSP">   --->   Core 5 'Mul_DSP' <Latency = 2> <II = 1> <Delay = 2.93> <FuncUnit> <Opcode : 'mul'> <InPorts = 2> <OutPorts = 1>
ST_8 : Operation 124 [1/2] (2.32ns)   --->   "%b_load_2 = load i5 %b_addr_2" [matrix_mult.cpp:16]   --->   Operation 124 'load' 'b_load_2' <Predicate = true> <Delay = 2.32> <CoreInst = "RAM">   --->   Core 82 'RAM' <Latency = 1> <II = 1> <Delay = 2.32> <Storage> <Opcode : 'load' 'store'> <Ports = 2> <Width = 8> <Depth = 25> <RAM>
ST_8 : Operation 125 [1/1] (0.00ns)   --->   "%sext_ln16_2 = sext i8 %b_load_2" [matrix_mult.cpp:16]   --->   Operation 125 'sext' 'sext_ln16_2' <Predicate = true> <Delay = 0.00>
ST_8 : Operation 126 [3/3] (1.05ns) (grouped into DSP with root node add_ln16_2)   --->   "%mul_ln16_2 = mul i16 %sext_ln16_2, i16 %sext_ln10_2" [matrix_mult.cpp:16]   --->   Operation 126 'mul' 'mul_ln16_2' <Predicate = true> <Delay = 1.05> <CoreInst = "DSP48">   --->   Core 119 'DSP48' <Latency = 3> <II = 1> <Delay = 2.15> <IPBlock> <Opcode : 'mul' 'add' 'sub' 'select'> <InPorts = 0> <OutPorts = 1> <Sync> <CReg>
ST_8 : Operation 127 [1/3] (0.00ns) (grouped into DSP with root node add_ln16_1)   --->   "%mul_ln16_4 = mul i16 %sext_ln16_4, i16 %sext_ln10_4" [matrix_mult.cpp:16]   --->   Operation 127 'mul' 'mul_ln16_4' <Predicate = true> <Delay = 0.00> <CoreInst = "DSP48">   --->   Core 119 'DSP48' <Latency = 3> <II = 1> <Delay = 2.15> <IPBlock> <Opcode : 'mul' 'add' 'sub' 'select'> <InPorts = 0> <OutPorts = 1> <Sync> <CReg>
ST_8 : Operation 128 [2/2] (2.10ns) (root node of the DSP)   --->   "%add_ln16_1 = add i16 %mul_ln16_3, i16 %mul_ln16_4" [matrix_mult.cpp:16]   --->   Operation 128 'add' 'add_ln16_1' <Predicate = true> <Delay = 2.10> <CoreInst = "DSP48">   --->   Core 119 'DSP48' <Latency = 3> <II = 1> <Delay = 2.15> <IPBlock> <Opcode : 'mul' 'add' 'sub' 'select'> <InPorts = 0> <OutPorts = 1> <Sync> <CReg>

State 9 <SV = 8> <Delay = 2.10>
ST_9 : Operation 129 [1/3] (0.00ns) (grouped into DSP with root node add_ln16)   --->   "%mul_ln16 = mul i16 %sext_ln16, i16 %sext_ln10" [matrix_mult.cpp:16]   --->   Operation 129 'mul' 'mul_ln16' <Predicate = true> <Delay = 0.00> <CoreInst = "DSP48">   --->   Core 119 'DSP48' <Latency = 3> <II = 1> <Delay = 2.15> <IPBlock> <Opcode : 'mul' 'add' 'sub' 'select'> <InPorts = 0> <OutPorts = 1> <Sync> <CReg>
ST_9 : Operation 130 [2/3] (1.05ns) (grouped into DSP with root node add_ln16_2)   --->   "%mul_ln16_2 = mul i16 %sext_ln16_2, i16 %sext_ln10_2" [matrix_mult.cpp:16]   --->   Operation 130 'mul' 'mul_ln16_2' <Predicate = true> <Delay = 1.05> <CoreInst = "DSP48">   --->   Core 119 'DSP48' <Latency = 3> <II = 1> <Delay = 2.15> <IPBlock> <Opcode : 'mul' 'add' 'sub' 'select'> <InPorts = 0> <OutPorts = 1> <Sync> <CReg>
ST_9 : Operation 131 [2/2] (2.10ns) (root node of the DSP)   --->   "%add_ln16 = add i16 %mul_ln16_1, i16 %mul_ln16" [matrix_mult.cpp:16]   --->   Operation 131 'add' 'add_ln16' <Predicate = true> <Delay = 2.10> <CoreInst = "DSP48">   --->   Core 119 'DSP48' <Latency = 3> <II = 1> <Delay = 2.15> <IPBlock> <Opcode : 'mul' 'add' 'sub' 'select'> <InPorts = 0> <OutPorts = 1> <Sync> <CReg>
ST_9 : Operation 132 [1/2] (2.10ns) (root node of the DSP)   --->   "%add_ln16_1 = add i16 %mul_ln16_3, i16 %mul_ln16_4" [matrix_mult.cpp:16]   --->   Operation 132 'add' 'add_ln16_1' <Predicate = true> <Delay = 2.10> <CoreInst = "DSP48">   --->   Core 119 'DSP48' <Latency = 3> <II = 1> <Delay = 2.15> <IPBlock> <Opcode : 'mul' 'add' 'sub' 'select'> <InPorts = 0> <OutPorts = 1> <Sync> <CReg>

State 10 <SV = 9> <Delay = 2.10>
ST_10 : Operation 133 [1/3] (0.00ns) (grouped into DSP with root node add_ln16_2)   --->   "%mul_ln16_2 = mul i16 %sext_ln16_2, i16 %sext_ln10_2" [matrix_mult.cpp:16]   --->   Operation 133 'mul' 'mul_ln16_2' <Predicate = true> <Delay = 0.00> <CoreInst = "DSP48">   --->   Core 119 'DSP48' <Latency = 3> <II = 1> <Delay = 2.15> <IPBlock> <Opcode : 'mul' 'add' 'sub' 'select'> <InPorts = 0> <OutPorts = 1> <Sync> <CReg>
ST_10 : Operation 134 [1/2] (2.10ns) (root node of the DSP)   --->   "%add_ln16 = add i16 %mul_ln16_1, i16 %mul_ln16" [matrix_mult.cpp:16]   --->   Operation 134 'add' 'add_ln16' <Predicate = true> <Delay = 2.10> <CoreInst = "DSP48">   --->   Core 119 'DSP48' <Latency = 3> <II = 1> <Delay = 2.15> <IPBlock> <Opcode : 'mul' 'add' 'sub' 'select'> <InPorts = 0> <OutPorts = 1> <Sync> <CReg>
ST_10 : Operation 135 [2/2] (2.10ns) (root node of the DSP)   --->   "%add_ln16_2 = add i16 %add_ln16_1, i16 %mul_ln16_2" [matrix_mult.cpp:16]   --->   Operation 135 'add' 'add_ln16_2' <Predicate = true> <Delay = 2.10> <CoreInst = "DSP48">   --->   Core 119 'DSP48' <Latency = 3> <II = 1> <Delay = 2.15> <IPBlock> <Opcode : 'mul' 'add' 'sub' 'select'> <InPorts = 0> <OutPorts = 1> <Sync> <CReg>
ST_10 : Operation 146 [1/1] (0.00ns)   --->   "%ret_ln21 = ret" [matrix_mult.cpp:21]   --->   Operation 146 'ret' 'ret_ln21' <Predicate = (icmp_ln10)> <Delay = 0.00>

State 11 <SV = 10> <Delay = 2.10>
ST_11 : Operation 136 [1/2] (2.10ns) (root node of the DSP)   --->   "%add_ln16_2 = add i16 %add_ln16_1, i16 %mul_ln16_2" [matrix_mult.cpp:16]   --->   Operation 136 'add' 'add_ln16_2' <Predicate = true> <Delay = 2.10> <CoreInst = "DSP48">   --->   Core 119 'DSP48' <Latency = 3> <II = 1> <Delay = 2.15> <IPBlock> <Opcode : 'mul' 'add' 'sub' 'select'> <InPorts = 0> <OutPorts = 1> <Sync> <CReg>

State 12 <SV = 11> <Delay = 2.07>
ST_12 : Operation 137 [1/1] (2.07ns)   --->   "%add_ln16_3 = add i16 %add_ln16_2, i16 %add_ln16" [matrix_mult.cpp:16]   --->   Operation 137 'add' 'add_ln16_3' <Predicate = true> <Delay = 2.07> <CoreInst = "Adder">   --->   Core 1 'Adder' <Latency = 0> <II = 1> <Delay = 2.07> <FuncUnit> <Opcode : 'add' 'sub'> <InPorts = 2> <OutPorts = 1>

State 13 <SV = 12> <Delay = 2.32>
ST_13 : Operation 138 [1/1] (0.00ns)   --->   "%specloopname_ln0 = specloopname void @_ssdm_op_SpecLoopName, void @Row_Col_str"   --->   Operation 138 'specloopname' 'specloopname_ln0' <Predicate = true> <Delay = 0.00>
ST_13 : Operation 139 [1/1] (0.00ns)   --->   "%empty = speclooptripcount i32 @_ssdm_op_SpecLoopTripCount, i64 25, i64 25, i64 25"   --->   Operation 139 'speclooptripcount' 'empty' <Predicate = true> <Delay = 0.00>
ST_13 : Operation 140 [1/1] (0.00ns)   --->   "%specpipeline_ln0 = specpipeline void @_ssdm_op_SpecPipeline, i32 4294967295, i32 0, i32 1, i32 0, void @p_str"   --->   Operation 140 'specpipeline' 'specpipeline_ln0' <Predicate = true> <Delay = 0.00>
ST_13 : Operation 141 [1/1] (0.00ns)   --->   "%zext_ln13_1 = zext i5 %add_ln13_1" [matrix_mult.cpp:13]   --->   Operation 141 'zext' 'zext_ln13_1' <Predicate = true> <Delay = 0.00>
ST_13 : Operation 142 [1/1] (0.00ns)   --->   "%prod_addr = getelementptr i16 %prod, i64 0, i64 %zext_ln13_1" [matrix_mult.cpp:13]   --->   Operation 142 'getelementptr' 'prod_addr' <Predicate = true> <Delay = 0.00>
ST_13 : Operation 143 [1/1] (0.00ns)   --->   "%specloopname_ln12 = specloopname void @_ssdm_op_SpecLoopName, void @empty_2" [matrix_mult.cpp:12]   --->   Operation 143 'specloopname' 'specloopname_ln12' <Predicate = true> <Delay = 0.00>
ST_13 : Operation 144 [1/1] (2.32ns)   --->   "%store_ln16 = store i16 %add_ln16_3, i5 %prod_addr" [matrix_mult.cpp:16]   --->   Operation 144 'store' 'store_ln16' <Predicate = true> <Delay = 2.32> <CoreInst = "RAM">   --->   Core 82 'RAM' <Latency = 1> <II = 1> <Delay = 2.32> <Storage> <Opcode : 'load' 'store'> <Ports = 2> <Width = 16> <Depth = 25> <RAM>
ST_13 : Operation 145 [1/1] (0.00ns)   --->   "%br_ln12 = br void %Product" [matrix_mult.cpp:12]   --->   Operation 145 'br' 'br_ln12' <Predicate = true> <Delay = 0.00>


============================================================
+ Verbose Summary: Timing violations
============================================================
Target clock period: 5ns, clock uncertainty: 1.35ns.

 <State 1>: 3.43ns
The critical path consists of the following:
	'alloca' operation ('i') [5]  (0 ns)
	'load' operation ('i', matrix_mult.cpp:10) on local variable 'i' [19]  (0 ns)
	'add' operation ('add_ln10', matrix_mult.cpp:10) [30]  (1.65 ns)
	'add' operation ('add_ln16_5', matrix_mult.cpp:16) [37]  (1.78 ns)

 <State 2>: 3.24ns
The critical path consists of the following:
	'add' operation ('add_ln12', matrix_mult.cpp:12) [108]  (1.65 ns)
	'store' operation ('store_ln12', matrix_mult.cpp:12) of variable 'add_ln12', matrix_mult.cpp:12 on local variable 'j' [111]  (1.59 ns)

 <State 3>: 2.32ns
The critical path consists of the following:
	'getelementptr' operation ('a_addr_1', matrix_mult.cpp:16) [49]  (0 ns)
	'load' operation ('a_load_1', matrix_mult.cpp:10) on array 'a' [50]  (2.32 ns)

 <State 4>: 2.32ns
The critical path consists of the following:
	'load' operation ('a_load_1', matrix_mult.cpp:10) on array 'a' [50]  (2.32 ns)

 <State 5>: 2.94ns
The critical path consists of the following:
	'mul' operation ('mul_ln16_3', matrix_mult.cpp:16) [99]  (2.94 ns)

 <State 6>: 2.94ns
The critical path consists of the following:
	'mul' operation ('mul_ln16_1', matrix_mult.cpp:16) [93]  (2.94 ns)

 <State 7>: 3.4ns
The critical path consists of the following:
	'add' operation ('add_ln13', matrix_mult.cpp:13) [41]  (0 ns)
	'add' operation ('add_ln13_1', matrix_mult.cpp:13) [84]  (3.4 ns)

 <State 8>: 3.37ns
The critical path consists of the following:
	'load' operation ('a_load_2', matrix_mult.cpp:10) on array 'a' [55]  (2.32 ns)
	'mul' operation of DSP[105] ('mul_ln16_2', matrix_mult.cpp:16) [96]  (1.05 ns)

 <State 9>: 2.1ns
The critical path consists of the following:
	'mul' operation of DSP[103] ('mul_ln16', matrix_mult.cpp:16) [90]  (0 ns)
	'add' operation of DSP[103] ('add_ln16', matrix_mult.cpp:16) [103]  (2.1 ns)

 <State 10>: 2.1ns
The critical path consists of the following:
	'add' operation of DSP[103] ('add_ln16', matrix_mult.cpp:16) [103]  (2.1 ns)

 <State 11>: 2.1ns
The critical path consists of the following:
	'add' operation of DSP[105] ('add_ln16_2', matrix_mult.cpp:16) [105]  (2.1 ns)

 <State 12>: 2.08ns
The critical path consists of the following:
	'add' operation ('add_ln16_3', matrix_mult.cpp:16) [106]  (2.08 ns)

 <State 13>: 2.32ns
The critical path consists of the following:
	'getelementptr' operation ('prod_addr', matrix_mult.cpp:13) [86]  (0 ns)
	'store' operation ('store_ln16', matrix_mult.cpp:16) of variable 'add_ln16_3', matrix_mult.cpp:16 on array 'prod' [107]  (2.32 ns)


============================================================
+ Verbose Summary: Binding
============================================================
N/A
* FSMD analyzer results:
  - Output states:
 - Input state : 
  - Chain level:
	State 1
	State 2
	State 3
	State 4
	State 5
	State 6
	State 7
	State 8
	State 9
	State 10
	State 11
	State 12
	State 13


============================================================
+ Verbose Summary: Datapath Resource usage 
============================================================
N/A
