

================================================================
== Synthesis Summary Report of 'matrix_mult'
================================================================
+ General Information: 
    * Date:           Mon May 25 13:54:01 2026
    * Version:        2022.2 (Build 3670227 on Oct 13 2022)
    * Project:        matrix_mult_prj
    * Solution:       solution1 (Vivado IP Flow Target)
    * Product family: zynq
    * Target device:  xc7z020-clg484-1
    

+ Performance & Resource Estimates: 
    
    PS: '+' for module; 'o' for loop; '*' for dataflow
    +---------------+------+------+---------+---------+----------+---------+------+----------+------+--------+-----------+-----------+-----+
    |    Modules    | Issue|      | Latency | Latency | Iteration|         | Trip |          |      |        |           |           |     |
    |    & Loops    | Type | Slack| (cycles)|   (ns)  |  Latency | Interval| Count| Pipelined| BRAM |   DSP  |     FF    |    LUT    | URAM|
    +---------------+------+------+---------+---------+----------+---------+------+----------+------+--------+-----------+-----------+-----+
    |+ matrix_mult  |     -|  0.22|       86|  430.000|         -|       87|     -|        no|     -|  5 (2%)|  310 (~0%)|  475 (~0%)|    -|
    | o Row_Col     |    II|  3.65|       84|  420.000|        13|        3|    25|       yes|     -|       -|          -|          -|    -|
    +---------------+------+------+---------+---------+----------+---------+------+----------+------+--------+-----------+-----------+-----+


================================================================
== HW Interfaces
================================================================
* AP_MEMORY
+---------------+----------+
| Interface     | Bitwidth |
+---------------+----------+
| a_address0    | 5        |
| a_address1    | 5        |
| a_q0          | 8        |
| a_q1          | 8        |
| b_address0    | 5        |
| b_address1    | 5        |
| b_q0          | 8        |
| b_q1          | 8        |
| prod_address0 | 5        |
| prod_d0       | 16       |
+---------------+----------+

* TOP LEVEL CONTROL
+-----------+------------+-----------------------------------+
| Interface | Type       | Ports                             |
+-----------+------------+-----------------------------------+
| ap_clk    | clock      | ap_clk                            |
| ap_rst    | reset      | ap_rst                            |
| ap_ctrl   | ap_ctrl_hs | ap_done ap_idle ap_ready ap_start |
+-----------+------------+-----------------------------------+


================================================================
== SW I/O Information
================================================================
* Top Function Arguments
+----------+-----------+----------+
| Argument | Direction | Datatype |
+----------+-----------+----------+
| a        | in        | char*    |
| b        | in        | char*    |
| prod     | out       | short*   |
+----------+-----------+----------+

* SW-to-HW Mapping
+----------+---------------+---------+----------+
| Argument | HW Interface  | HW Type | HW Usage |
+----------+---------------+---------+----------+
| a        | a_address0    | port    | offset   |
| a        | a_ce0         | port    |          |
| a        | a_q0          | port    |          |
| a        | a_address1    | port    | offset   |
| a        | a_ce1         | port    |          |
| a        | a_q1          | port    |          |
| b        | b_address0    | port    | offset   |
| b        | b_ce0         | port    |          |
| b        | b_q0          | port    |          |
| b        | b_address1    | port    | offset   |
| b        | b_ce1         | port    |          |
| b        | b_q1          | port    |          |
| prod     | prod_address0 | port    | offset   |
| prod     | prod_ce0      | port    |          |
| prod     | prod_we0      | port    |          |
| prod     | prod_d0       | port    |          |
+----------+---------------+---------+----------+


================================================================
== Bind Op Report
================================================================
+-----------------------------------+-----+--------+------------+-----+--------+---------+
| Name                              | DSP | Pragma | Variable   | Op  | Impl   | Latency |
+-----------------------------------+-----+--------+------------+-----+--------+---------+
| + matrix_mult                     | 5   |        |            |     |        |         |
|   add_ln16_4_fu_242_p2            | -   |        | add_ln16_4 | add | fabric | 0       |
|   add_ln10_5_fu_254_p2            | -   |        | add_ln10_5 | add | fabric | 0       |
|   add_ln10_fu_263_p2              | -   |        | add_ln10   | add | fabric | 0       |
|   add_ln16_5_fu_295_p2            | -   |        | add_ln16_5 | add | fabric | 0       |
|   add_ln10_1_fu_316_p2            | -   |        | add_ln10_1 | add | fabric | 0       |
|   add_ln10_2_fu_421_p2            | -   |        | add_ln10_2 | add | fabric | 0       |
|   add_ln10_3_fu_322_p2            | -   |        | add_ln10_3 | add | fabric | 0       |
|   add_ln10_4_fu_369_p2            | -   |        | add_ln10_4 | add | fabric | 0       |
|   add_ln16_6_fu_334_p2            | -   |        | add_ln16_6 | add | fabric | 0       |
|   add_ln16_7_fu_430_p2            | -   |        | add_ln16_7 | add | fabric | 0       |
|   add_ln16_8_fu_340_p2            | -   |        | add_ln16_8 | add | fabric | 0       |
|   add_ln16_9_fu_382_p2            | -   |        | add_ln16_9 | add | fabric | 0       |
|   mac_muladd_8s_8s_16s_16_4_1_U4  | 1   |        | mul_ln16   | mul | dsp48  | 3       |
|   mul_8s_8s_16_3_1_U2             | 1   |        | mul_ln16_1 | mul | dsp    | 2       |
|   mac_muladd_8s_8s_16ns_16_4_1_U5 | 1   |        | mul_ln16_2 | mul | dsp48  | 3       |
|   mul_8s_8s_16_3_1_U1             | 1   |        | mul_ln16_3 | mul | dsp    | 2       |
|   mac_muladd_8s_8s_16s_16_4_1_U3  | 1   |        | mul_ln16_4 | mul | dsp48  | 3       |
|   mac_muladd_8s_8s_16s_16_4_1_U4  | 1   |        | add_ln16   | add | dsp48  | 3       |
|   mac_muladd_8s_8s_16s_16_4_1_U3  | 1   |        | add_ln16_1 | add | dsp48  | 3       |
|   mac_muladd_8s_8s_16ns_16_4_1_U5 | 1   |        | add_ln16_2 | add | dsp48  | 3       |
|   add_ln16_3_fu_494_p2            | -   |        | add_ln16_3 | add | fabric | 0       |
|   add_ln12_fu_346_p2              | -   |        | add_ln12   | add | fabric | 0       |
+-----------------------------------+-----+--------+------------+-----+--------+---------+


================================================================
== Bind Storage Report
================================================================
  No bind storage info in design

================================================================
== Pragma Report
================================================================
  No pragmas found

