Copyright 1986-2022 Xilinx, Inc. All Rights Reserved.
-----------------------------------------------------------------------------------------------
| Tool Version : Vivado v.2022.2 (win64) Build 3671981 Fri Oct 14 05:00:03 MDT 2022
| Date         : Fri May 29 08:00:46 2026
| Host         : DESKTOP-GV6BOLL running 64-bit major release  (build 9200)
| Command      : report_timing -max_paths 10 -file ./report/matrix_mult_timing_paths_synth.rpt
| Design       : bd_0_wrapper
| Device       : 7z020-clg484
| Speed File   : -1  PRODUCTION 1.12 2019-11-22
-----------------------------------------------------------------------------------------------

Timing Report

Slack (MET) :             0.772ns  (required time - arrival time)
  Source:                 bd_0_i/hls_inst/inst/ap_CS_fsm_reg[0]/C
                            (rising edge-triggered cell FDSE clocked by ap_clk  {rise@0.000ns fall@2.500ns period=5.000ns})
  Destination:            bd_0_i/hls_inst/inst/mac_muladd_8s_8s_16ns_16_4_1_U1/matrix_mult_mac_muladd_8s_8s_16ns_16_4_1_DSP48_0_U/p_reg_reg/C[0]
                            (rising edge-triggered cell DSP48E1 clocked by ap_clk  {rise@0.000ns fall@2.500ns period=5.000ns})
  Path Group:             ap_clk
  Path Type:              Setup (Max at Slow Process Corner)
  Requirement:            5.000ns  (ap_clk rise@5.000ns - ap_clk rise@0.000ns)
  Data Path Delay:        2.443ns  (logic 0.813ns (33.283%)  route 1.630ns (66.717%))
  Logic Levels:           1  (LUT5=1)
  Clock Path Skew:        -0.049ns (DCD - SCD + CPR)
    Destination Clock Delay (DCD):    0.924ns = ( 5.924 - 5.000 ) 
    Source Clock Delay      (SCD):    0.973ns
    Clock Pessimism Removal (CPR):    0.000ns
  Clock Uncertainty:      0.035ns  ((TSJ^2 + TIJ^2)^1/2 + DJ) / 2 + PE
    Total System Jitter     (TSJ):    0.071ns
    Total Input Jitter      (TIJ):    0.000ns
    Discrete Jitter          (DJ):    0.000ns
    Phase Error              (PE):    0.000ns

    Location             Delay type                Incr(ns)  Path(ns)    Netlist Resource(s)
  -------------------------------------------------------------------    -------------------
                         (clock ap_clk rise edge)     0.000     0.000 r  
                                                      0.000     0.000 r  ap_clk (IN)
                         net (fo=122, unset)          0.973     0.973    bd_0_i/hls_inst/inst/ap_clk
                         FDSE                                         r  bd_0_i/hls_inst/inst/ap_CS_fsm_reg[0]/C
  -------------------------------------------------------------------    -------------------
                         FDSE (Prop_fdse_C_Q)         0.518     1.491 r  bd_0_i/hls_inst/inst/ap_CS_fsm_reg[0]/Q
                         net (fo=66, unplaced)        0.830     2.321    bd_0_i/hls_inst/inst/mac_muladd_8s_8s_16ns_16_4_1_U1/matrix_mult_mac_muladd_8s_8s_16ns_16_4_1_DSP48_0_U/Q[0]
                         LUT5 (Prop_lut5_I2_O)        0.295     2.616 r  bd_0_i/hls_inst/inst/mac_muladd_8s_8s_16ns_16_4_1_U1/matrix_mult_mac_muladd_8s_8s_16ns_16_4_1_DSP48_0_U/p_reg_reg_i_16/O
                         net (fo=1, unplaced)         0.800     3.416    bd_0_i/hls_inst/inst/mac_muladd_8s_8s_16ns_16_4_1_U1/matrix_mult_mac_muladd_8s_8s_16ns_16_4_1_DSP48_0_U/grp_fu_385_p2[0]
                         DSP48E1                                      r  bd_0_i/hls_inst/inst/mac_muladd_8s_8s_16ns_16_4_1_U1/matrix_mult_mac_muladd_8s_8s_16ns_16_4_1_DSP48_0_U/p_reg_reg/C[0]
  -------------------------------------------------------------------    -------------------

                         (clock ap_clk rise edge)     5.000     5.000 r  
                                                      0.000     5.000 r  ap_clk (IN)
                         net (fo=122, unset)          0.924     5.924    bd_0_i/hls_inst/inst/mac_muladd_8s_8s_16ns_16_4_1_U1/matrix_mult_mac_muladd_8s_8s_16ns_16_4_1_DSP48_0_U/ap_clk
                         DSP48E1                                      r  bd_0_i/hls_inst/inst/mac_muladd_8s_8s_16ns_16_4_1_U1/matrix_mult_mac_muladd_8s_8s_16ns_16_4_1_DSP48_0_U/p_reg_reg/CLK
                         clock pessimism              0.000     5.924    
                         clock uncertainty           -0.035     5.889    
                         DSP48E1 (Setup_dsp48e1_CLK_C[0])
                                                     -1.701     4.188    bd_0_i/hls_inst/inst/mac_muladd_8s_8s_16ns_16_4_1_U1/matrix_mult_mac_muladd_8s_8s_16ns_16_4_1_DSP48_0_U/p_reg_reg
  -------------------------------------------------------------------
                         required time                          4.188    
                         arrival time                          -3.416    
  -------------------------------------------------------------------
                         slack                                  0.772    

Slack (MET) :             0.772ns  (required time - arrival time)
  Source:                 bd_0_i/hls_inst/inst/ap_CS_fsm_reg[0]/C
                            (rising edge-triggered cell FDSE clocked by ap_clk  {rise@0.000ns fall@2.500ns period=5.000ns})
  Destination:            bd_0_i/hls_inst/inst/mac_muladd_8s_8s_16ns_16_4_1_U1/matrix_mult_mac_muladd_8s_8s_16ns_16_4_1_DSP48_0_U/p_reg_reg/C[10]
                            (rising edge-triggered cell DSP48E1 clocked by ap_clk  {rise@0.000ns fall@2.500ns period=5.000ns})
  Path Group:             ap_clk
  Path Type:              Setup (Max at Slow Process Corner)
  Requirement:            5.000ns  (ap_clk rise@5.000ns - ap_clk rise@0.000ns)
  Data Path Delay:        2.443ns  (logic 0.813ns (33.283%)  route 1.630ns (66.717%))
  Logic Levels:           1  (LUT5=1)
  Clock Path Skew:        -0.049ns (DCD - SCD + CPR)
    Destination Clock Delay (DCD):    0.924ns = ( 5.924 - 5.000 ) 
    Source Clock Delay      (SCD):    0.973ns
    Clock Pessimism Removal (CPR):    0.000ns
  Clock Uncertainty:      0.035ns  ((TSJ^2 + TIJ^2)^1/2 + DJ) / 2 + PE
    Total System Jitter     (TSJ):    0.071ns
    Total Input Jitter      (TIJ):    0.000ns
    Discrete Jitter          (DJ):    0.000ns
    Phase Error              (PE):    0.000ns

    Location             Delay type                Incr(ns)  Path(ns)    Netlist Resource(s)
  -------------------------------------------------------------------    -------------------
                         (clock ap_clk rise edge)     0.000     0.000 r  
                                                      0.000     0.000 r  ap_clk (IN)
                         net (fo=122, unset)          0.973     0.973    bd_0_i/hls_inst/inst/ap_clk
                         FDSE                                         r  bd_0_i/hls_inst/inst/ap_CS_fsm_reg[0]/C
  -------------------------------------------------------------------    -------------------
                         FDSE (Prop_fdse_C_Q)         0.518     1.491 r  bd_0_i/hls_inst/inst/ap_CS_fsm_reg[0]/Q
                         net (fo=66, unplaced)        0.830     2.321    bd_0_i/hls_inst/inst/mac_muladd_8s_8s_16ns_16_4_1_U1/matrix_mult_mac_muladd_8s_8s_16ns_16_4_1_DSP48_0_U/Q[0]
                         LUT5 (Prop_lut5_I2_O)        0.295     2.616 r  bd_0_i/hls_inst/inst/mac_muladd_8s_8s_16ns_16_4_1_U1/matrix_mult_mac_muladd_8s_8s_16ns_16_4_1_DSP48_0_U/p_reg_reg_i_6/O
                         net (fo=1, unplaced)         0.800     3.416    bd_0_i/hls_inst/inst/mac_muladd_8s_8s_16ns_16_4_1_U1/matrix_mult_mac_muladd_8s_8s_16ns_16_4_1_DSP48_0_U/grp_fu_385_p2[10]
                         DSP48E1                                      r  bd_0_i/hls_inst/inst/mac_muladd_8s_8s_16ns_16_4_1_U1/matrix_mult_mac_muladd_8s_8s_16ns_16_4_1_DSP48_0_U/p_reg_reg/C[10]
  -------------------------------------------------------------------    -------------------

                         (clock ap_clk rise edge)     5.000     5.000 r  
                                                      0.000     5.000 r  ap_clk (IN)
                         net (fo=122, unset)          0.924     5.924    bd_0_i/hls_inst/inst/mac_muladd_8s_8s_16ns_16_4_1_U1/matrix_mult_mac_muladd_8s_8s_16ns_16_4_1_DSP48_0_U/ap_clk
                         DSP48E1                                      r  bd_0_i/hls_inst/inst/mac_muladd_8s_8s_16ns_16_4_1_U1/matrix_mult_mac_muladd_8s_8s_16ns_16_4_1_DSP48_0_U/p_reg_reg/CLK
                         clock pessimism              0.000     5.924    
                         clock uncertainty           -0.035     5.889    
                         DSP48E1 (Setup_dsp48e1_CLK_C[10])
                                                     -1.701     4.188    bd_0_i/hls_inst/inst/mac_muladd_8s_8s_16ns_16_4_1_U1/matrix_mult_mac_muladd_8s_8s_16ns_16_4_1_DSP48_0_U/p_reg_reg
  -------------------------------------------------------------------
                         required time                          4.188    
                         arrival time                          -3.416    
  -------------------------------------------------------------------
                         slack                                  0.772    

Slack (MET) :             0.772ns  (required time - arrival time)
  Source:                 bd_0_i/hls_inst/inst/ap_CS_fsm_reg[0]/C
                            (rising edge-triggered cell FDSE clocked by ap_clk  {rise@0.000ns fall@2.500ns period=5.000ns})
  Destination:            bd_0_i/hls_inst/inst/mac_muladd_8s_8s_16ns_16_4_1_U1/matrix_mult_mac_muladd_8s_8s_16ns_16_4_1_DSP48_0_U/p_reg_reg/C[11]
                            (rising edge-triggered cell DSP48E1 clocked by ap_clk  {rise@0.000ns fall@2.500ns period=5.000ns})
  Path Group:             ap_clk
  Path Type:              Setup (Max at Slow Process Corner)
  Requirement:            5.000ns  (ap_clk rise@5.000ns - ap_clk rise@0.000ns)
  Data Path Delay:        2.443ns  (logic 0.813ns (33.283%)  route 1.630ns (66.717%))
  Logic Levels:           1  (LUT5=1)
  Clock Path Skew:        -0.049ns (DCD - SCD + CPR)
    Destination Clock Delay (DCD):    0.924ns = ( 5.924 - 5.000 ) 
    Source Clock Delay      (SCD):    0.973ns
    Clock Pessimism Removal (CPR):    0.000ns
  Clock Uncertainty:      0.035ns  ((TSJ^2 + TIJ^2)^1/2 + DJ) / 2 + PE
    Total System Jitter     (TSJ):    0.071ns
    Total Input Jitter      (TIJ):    0.000ns
    Discrete Jitter          (DJ):    0.000ns
    Phase Error              (PE):    0.000ns

    Location             Delay type                Incr(ns)  Path(ns)    Netlist Resource(s)
  -------------------------------------------------------------------    -------------------
                         (clock ap_clk rise edge)     0.000     0.000 r  
                                                      0.000     0.000 r  ap_clk (IN)
                         net (fo=122, unset)          0.973     0.973    bd_0_i/hls_inst/inst/ap_clk
                         FDSE                                         r  bd_0_i/hls_inst/inst/ap_CS_fsm_reg[0]/C
  -------------------------------------------------------------------    -------------------
                         FDSE (Prop_fdse_C_Q)         0.518     1.491 r  bd_0_i/hls_inst/inst/ap_CS_fsm_reg[0]/Q
                         net (fo=66, unplaced)        0.830     2.321    bd_0_i/hls_inst/inst/mac_muladd_8s_8s_16ns_16_4_1_U1/matrix_mult_mac_muladd_8s_8s_16ns_16_4_1_DSP48_0_U/Q[0]
                         LUT5 (Prop_lut5_I2_O)        0.295     2.616 r  bd_0_i/hls_inst/inst/mac_muladd_8s_8s_16ns_16_4_1_U1/matrix_mult_mac_muladd_8s_8s_16ns_16_4_1_DSP48_0_U/p_reg_reg_i_5/O
                         net (fo=1, unplaced)         0.800     3.416    bd_0_i/hls_inst/inst/mac_muladd_8s_8s_16ns_16_4_1_U1/matrix_mult_mac_muladd_8s_8s_16ns_16_4_1_DSP48_0_U/grp_fu_385_p2[11]
                         DSP48E1                                      r  bd_0_i/hls_inst/inst/mac_muladd_8s_8s_16ns_16_4_1_U1/matrix_mult_mac_muladd_8s_8s_16ns_16_4_1_DSP48_0_U/p_reg_reg/C[11]
  -------------------------------------------------------------------    -------------------

                         (clock ap_clk rise edge)     5.000     5.000 r  
                                                      0.000     5.000 r  ap_clk (IN)
                         net (fo=122, unset)          0.924     5.924    bd_0_i/hls_inst/inst/mac_muladd_8s_8s_16ns_16_4_1_U1/matrix_mult_mac_muladd_8s_8s_16ns_16_4_1_DSP48_0_U/ap_clk
                         DSP48E1                                      r  bd_0_i/hls_inst/inst/mac_muladd_8s_8s_16ns_16_4_1_U1/matrix_mult_mac_muladd_8s_8s_16ns_16_4_1_DSP48_0_U/p_reg_reg/CLK
                         clock pessimism              0.000     5.924    
                         clock uncertainty           -0.035     5.889    
                         DSP48E1 (Setup_dsp48e1_CLK_C[11])
                                                     -1.701     4.188    bd_0_i/hls_inst/inst/mac_muladd_8s_8s_16ns_16_4_1_U1/matrix_mult_mac_muladd_8s_8s_16ns_16_4_1_DSP48_0_U/p_reg_reg
  -------------------------------------------------------------------
                         required time                          4.188    
                         arrival time                          -3.416    
  -------------------------------------------------------------------
                         slack                                  0.772    

Slack (MET) :             0.772ns  (required time - arrival time)
  Source:                 bd_0_i/hls_inst/inst/ap_CS_fsm_reg[0]/C
                            (rising edge-triggered cell FDSE clocked by ap_clk  {rise@0.000ns fall@2.500ns period=5.000ns})
  Destination:            bd_0_i/hls_inst/inst/mac_muladd_8s_8s_16ns_16_4_1_U1/matrix_mult_mac_muladd_8s_8s_16ns_16_4_1_DSP48_0_U/p_reg_reg/C[12]
                            (rising edge-triggered cell DSP48E1 clocked by ap_clk  {rise@0.000ns fall@2.500ns period=5.000ns})
  Path Group:             ap_clk
  Path Type:              Setup (Max at Slow Process Corner)
  Requirement:            5.000ns  (ap_clk rise@5.000ns - ap_clk rise@0.000ns)
  Data Path Delay:        2.443ns  (logic 0.813ns (33.283%)  route 1.630ns (66.717%))
  Logic Levels:           1  (LUT5=1)
  Clock Path Skew:        -0.049ns (DCD - SCD + CPR)
    Destination Clock Delay (DCD):    0.924ns = ( 5.924 - 5.000 ) 
    Source Clock Delay      (SCD):    0.973ns
    Clock Pessimism Removal (CPR):    0.000ns
  Clock Uncertainty:      0.035ns  ((TSJ^2 + TIJ^2)^1/2 + DJ) / 2 + PE
    Total System Jitter     (TSJ):    0.071ns
    Total Input Jitter      (TIJ):    0.000ns
    Discrete Jitter          (DJ):    0.000ns
    Phase Error              (PE):    0.000ns

    Location             Delay type                Incr(ns)  Path(ns)    Netlist Resource(s)
  -------------------------------------------------------------------    -------------------
                         (clock ap_clk rise edge)     0.000     0.000 r  
                                                      0.000     0.000 r  ap_clk (IN)
                         net (fo=122, unset)          0.973     0.973    bd_0_i/hls_inst/inst/ap_clk
                         FDSE                                         r  bd_0_i/hls_inst/inst/ap_CS_fsm_reg[0]/C
  -------------------------------------------------------------------    -------------------
                         FDSE (Prop_fdse_C_Q)         0.518     1.491 r  bd_0_i/hls_inst/inst/ap_CS_fsm_reg[0]/Q
                         net (fo=66, unplaced)        0.830     2.321    bd_0_i/hls_inst/inst/mac_muladd_8s_8s_16ns_16_4_1_U1/matrix_mult_mac_muladd_8s_8s_16ns_16_4_1_DSP48_0_U/Q[0]
                         LUT5 (Prop_lut5_I2_O)        0.295     2.616 r  bd_0_i/hls_inst/inst/mac_muladd_8s_8s_16ns_16_4_1_U1/matrix_mult_mac_muladd_8s_8s_16ns_16_4_1_DSP48_0_U/p_reg_reg_i_4/O
                         net (fo=1, unplaced)         0.800     3.416    bd_0_i/hls_inst/inst/mac_muladd_8s_8s_16ns_16_4_1_U1/matrix_mult_mac_muladd_8s_8s_16ns_16_4_1_DSP48_0_U/grp_fu_385_p2[12]
                         DSP48E1                                      r  bd_0_i/hls_inst/inst/mac_muladd_8s_8s_16ns_16_4_1_U1/matrix_mult_mac_muladd_8s_8s_16ns_16_4_1_DSP48_0_U/p_reg_reg/C[12]
  -------------------------------------------------------------------    -------------------

                         (clock ap_clk rise edge)     5.000     5.000 r  
                                                      0.000     5.000 r  ap_clk (IN)
                         net (fo=122, unset)          0.924     5.924    bd_0_i/hls_inst/inst/mac_muladd_8s_8s_16ns_16_4_1_U1/matrix_mult_mac_muladd_8s_8s_16ns_16_4_1_DSP48_0_U/ap_clk
                         DSP48E1                                      r  bd_0_i/hls_inst/inst/mac_muladd_8s_8s_16ns_16_4_1_U1/matrix_mult_mac_muladd_8s_8s_16ns_16_4_1_DSP48_0_U/p_reg_reg/CLK
                         clock pessimism              0.000     5.924    
                         clock uncertainty           -0.035     5.889    
                         DSP48E1 (Setup_dsp48e1_CLK_C[12])
                                                     -1.701     4.188    bd_0_i/hls_inst/inst/mac_muladd_8s_8s_16ns_16_4_1_U1/matrix_mult_mac_muladd_8s_8s_16ns_16_4_1_DSP48_0_U/p_reg_reg
  -------------------------------------------------------------------
                         required time                          4.188    
                         arrival time                          -3.416    
  -------------------------------------------------------------------
                         slack                                  0.772    

Slack (MET) :             0.772ns  (required time - arrival time)
  Source:                 bd_0_i/hls_inst/inst/ap_CS_fsm_reg[0]/C
                            (rising edge-triggered cell FDSE clocked by ap_clk  {rise@0.000ns fall@2.500ns period=5.000ns})
  Destination:            bd_0_i/hls_inst/inst/mac_muladd_8s_8s_16ns_16_4_1_U1/matrix_mult_mac_muladd_8s_8s_16ns_16_4_1_DSP48_0_U/p_reg_reg/C[13]
                            (rising edge-triggered cell DSP48E1 clocked by ap_clk  {rise@0.000ns fall@2.500ns period=5.000ns})
  Path Group:             ap_clk
  Path Type:              Setup (Max at Slow Process Corner)
  Requirement:            5.000ns  (ap_clk rise@5.000ns - ap_clk rise@0.000ns)
  Data Path Delay:        2.443ns  (logic 0.813ns (33.283%)  route 1.630ns (66.717%))
  Logic Levels:           1  (LUT5=1)
  Clock Path Skew:        -0.049ns (DCD - SCD + CPR)
    Destination Clock Delay (DCD):    0.924ns = ( 5.924 - 5.000 ) 
    Source Clock Delay      (SCD):    0.973ns
    Clock Pessimism Removal (CPR):    0.000ns
  Clock Uncertainty:      0.035ns  ((TSJ^2 + TIJ^2)^1/2 + DJ) / 2 + PE
    Total System Jitter     (TSJ):    0.071ns
    Total Input Jitter      (TIJ):    0.000ns
    Discrete Jitter          (DJ):    0.000ns
    Phase Error              (PE):    0.000ns

    Location             Delay type                Incr(ns)  Path(ns)    Netlist Resource(s)
  -------------------------------------------------------------------    -------------------
                         (clock ap_clk rise edge)     0.000     0.000 r  
                                                      0.000     0.000 r  ap_clk (IN)
                         net (fo=122, unset)          0.973     0.973    bd_0_i/hls_inst/inst/ap_clk
                         FDSE                                         r  bd_0_i/hls_inst/inst/ap_CS_fsm_reg[0]/C
  -------------------------------------------------------------------    -------------------
                         FDSE (Prop_fdse_C_Q)         0.518     1.491 r  bd_0_i/hls_inst/inst/ap_CS_fsm_reg[0]/Q
                         net (fo=66, unplaced)        0.830     2.321    bd_0_i/hls_inst/inst/mac_muladd_8s_8s_16ns_16_4_1_U1/matrix_mult_mac_muladd_8s_8s_16ns_16_4_1_DSP48_0_U/Q[0]
                         LUT5 (Prop_lut5_I2_O)        0.295     2.616 r  bd_0_i/hls_inst/inst/mac_muladd_8s_8s_16ns_16_4_1_U1/matrix_mult_mac_muladd_8s_8s_16ns_16_4_1_DSP48_0_U/p_reg_reg_i_3/O
                         net (fo=1, unplaced)         0.800     3.416    bd_0_i/hls_inst/inst/mac_muladd_8s_8s_16ns_16_4_1_U1/matrix_mult_mac_muladd_8s_8s_16ns_16_4_1_DSP48_0_U/grp_fu_385_p2[13]
                         DSP48E1                                      r  bd_0_i/hls_inst/inst/mac_muladd_8s_8s_16ns_16_4_1_U1/matrix_mult_mac_muladd_8s_8s_16ns_16_4_1_DSP48_0_U/p_reg_reg/C[13]
  -------------------------------------------------------------------    -------------------

                         (clock ap_clk rise edge)     5.000     5.000 r  
                                                      0.000     5.000 r  ap_clk (IN)
                         net (fo=122, unset)          0.924     5.924    bd_0_i/hls_inst/inst/mac_muladd_8s_8s_16ns_16_4_1_U1/matrix_mult_mac_muladd_8s_8s_16ns_16_4_1_DSP48_0_U/ap_clk
                         DSP48E1                                      r  bd_0_i/hls_inst/inst/mac_muladd_8s_8s_16ns_16_4_1_U1/matrix_mult_mac_muladd_8s_8s_16ns_16_4_1_DSP48_0_U/p_reg_reg/CLK
                         clock pessimism              0.000     5.924    
                         clock uncertainty           -0.035     5.889    
                         DSP48E1 (Setup_dsp48e1_CLK_C[13])
                                                     -1.701     4.188    bd_0_i/hls_inst/inst/mac_muladd_8s_8s_16ns_16_4_1_U1/matrix_mult_mac_muladd_8s_8s_16ns_16_4_1_DSP48_0_U/p_reg_reg
  -------------------------------------------------------------------
                         required time                          4.188    
                         arrival time                          -3.416    
  -------------------------------------------------------------------
                         slack                                  0.772    

Slack (MET) :             0.772ns  (required time - arrival time)
  Source:                 bd_0_i/hls_inst/inst/ap_CS_fsm_reg[0]/C
                            (rising edge-triggered cell FDSE clocked by ap_clk  {rise@0.000ns fall@2.500ns period=5.000ns})
  Destination:            bd_0_i/hls_inst/inst/mac_muladd_8s_8s_16ns_16_4_1_U1/matrix_mult_mac_muladd_8s_8s_16ns_16_4_1_DSP48_0_U/p_reg_reg/C[14]
                            (rising edge-triggered cell DSP48E1 clocked by ap_clk  {rise@0.000ns fall@2.500ns period=5.000ns})
  Path Group:             ap_clk
  Path Type:              Setup (Max at Slow Process Corner)
  Requirement:            5.000ns  (ap_clk rise@5.000ns - ap_clk rise@0.000ns)
  Data Path Delay:        2.443ns  (logic 0.813ns (33.283%)  route 1.630ns (66.717%))
  Logic Levels:           1  (LUT5=1)
  Clock Path Skew:        -0.049ns (DCD - SCD + CPR)
    Destination Clock Delay (DCD):    0.924ns = ( 5.924 - 5.000 ) 
    Source Clock Delay      (SCD):    0.973ns
    Clock Pessimism Removal (CPR):    0.000ns
  Clock Uncertainty:      0.035ns  ((TSJ^2 + TIJ^2)^1/2 + DJ) / 2 + PE
    Total System Jitter     (TSJ):    0.071ns
    Total Input Jitter      (TIJ):    0.000ns
    Discrete Jitter          (DJ):    0.000ns
    Phase Error              (PE):    0.000ns

    Location             Delay type                Incr(ns)  Path(ns)    Netlist Resource(s)
  -------------------------------------------------------------------    -------------------
                         (clock ap_clk rise edge)     0.000     0.000 r  
                                                      0.000     0.000 r  ap_clk (IN)
                         net (fo=122, unset)          0.973     0.973    bd_0_i/hls_inst/inst/ap_clk
                         FDSE                                         r  bd_0_i/hls_inst/inst/ap_CS_fsm_reg[0]/C
  -------------------------------------------------------------------    -------------------
                         FDSE (Prop_fdse_C_Q)         0.518     1.491 r  bd_0_i/hls_inst/inst/ap_CS_fsm_reg[0]/Q
                         net (fo=66, unplaced)        0.830     2.321    bd_0_i/hls_inst/inst/mac_muladd_8s_8s_16ns_16_4_1_U1/matrix_mult_mac_muladd_8s_8s_16ns_16_4_1_DSP48_0_U/Q[0]
                         LUT5 (Prop_lut5_I2_O)        0.295     2.616 r  bd_0_i/hls_inst/inst/mac_muladd_8s_8s_16ns_16_4_1_U1/matrix_mult_mac_muladd_8s_8s_16ns_16_4_1_DSP48_0_U/p_reg_reg_i_2/O
                         net (fo=1, unplaced)         0.800     3.416    bd_0_i/hls_inst/inst/mac_muladd_8s_8s_16ns_16_4_1_U1/matrix_mult_mac_muladd_8s_8s_16ns_16_4_1_DSP48_0_U/grp_fu_385_p2[14]
                         DSP48E1                                      r  bd_0_i/hls_inst/inst/mac_muladd_8s_8s_16ns_16_4_1_U1/matrix_mult_mac_muladd_8s_8s_16ns_16_4_1_DSP48_0_U/p_reg_reg/C[14]
  -------------------------------------------------------------------    -------------------

                         (clock ap_clk rise edge)     5.000     5.000 r  
                                                      0.000     5.000 r  ap_clk (IN)
                         net (fo=122, unset)          0.924     5.924    bd_0_i/hls_inst/inst/mac_muladd_8s_8s_16ns_16_4_1_U1/matrix_mult_mac_muladd_8s_8s_16ns_16_4_1_DSP48_0_U/ap_clk
                         DSP48E1                                      r  bd_0_i/hls_inst/inst/mac_muladd_8s_8s_16ns_16_4_1_U1/matrix_mult_mac_muladd_8s_8s_16ns_16_4_1_DSP48_0_U/p_reg_reg/CLK
                         clock pessimism              0.000     5.924    
                         clock uncertainty           -0.035     5.889    
                         DSP48E1 (Setup_dsp48e1_CLK_C[14])
                                                     -1.701     4.188    bd_0_i/hls_inst/inst/mac_muladd_8s_8s_16ns_16_4_1_U1/matrix_mult_mac_muladd_8s_8s_16ns_16_4_1_DSP48_0_U/p_reg_reg
  -------------------------------------------------------------------
                         required time                          4.188    
                         arrival time                          -3.416    
  -------------------------------------------------------------------
                         slack                                  0.772    

Slack (MET) :             0.772ns  (required time - arrival time)
  Source:                 bd_0_i/hls_inst/inst/ap_CS_fsm_reg[0]/C
                            (rising edge-triggered cell FDSE clocked by ap_clk  {rise@0.000ns fall@2.500ns period=5.000ns})
  Destination:            bd_0_i/hls_inst/inst/mac_muladd_8s_8s_16ns_16_4_1_U1/matrix_mult_mac_muladd_8s_8s_16ns_16_4_1_DSP48_0_U/p_reg_reg/C[15]
                            (rising edge-triggered cell DSP48E1 clocked by ap_clk  {rise@0.000ns fall@2.500ns period=5.000ns})
  Path Group:             ap_clk
  Path Type:              Setup (Max at Slow Process Corner)
  Requirement:            5.000ns  (ap_clk rise@5.000ns - ap_clk rise@0.000ns)
  Data Path Delay:        2.443ns  (logic 0.813ns (33.283%)  route 1.630ns (66.717%))
  Logic Levels:           1  (LUT5=1)
  Clock Path Skew:        -0.049ns (DCD - SCD + CPR)
    Destination Clock Delay (DCD):    0.924ns = ( 5.924 - 5.000 ) 
    Source Clock Delay      (SCD):    0.973ns
    Clock Pessimism Removal (CPR):    0.000ns
  Clock Uncertainty:      0.035ns  ((TSJ^2 + TIJ^2)^1/2 + DJ) / 2 + PE
    Total System Jitter     (TSJ):    0.071ns
    Total Input Jitter      (TIJ):    0.000ns
    Discrete Jitter          (DJ):    0.000ns
    Phase Error              (PE):    0.000ns

    Location             Delay type                Incr(ns)  Path(ns)    Netlist Resource(s)
  -------------------------------------------------------------------    -------------------
                         (clock ap_clk rise edge)     0.000     0.000 r  
                                                      0.000     0.000 r  ap_clk (IN)
                         net (fo=122, unset)          0.973     0.973    bd_0_i/hls_inst/inst/ap_clk
                         FDSE                                         r  bd_0_i/hls_inst/inst/ap_CS_fsm_reg[0]/C
  -------------------------------------------------------------------    -------------------
                         FDSE (Prop_fdse_C_Q)         0.518     1.491 r  bd_0_i/hls_inst/inst/ap_CS_fsm_reg[0]/Q
                         net (fo=66, unplaced)        0.830     2.321    bd_0_i/hls_inst/inst/mac_muladd_8s_8s_16ns_16_4_1_U1/matrix_mult_mac_muladd_8s_8s_16ns_16_4_1_DSP48_0_U/Q[0]
                         LUT5 (Prop_lut5_I2_O)        0.295     2.616 r  bd_0_i/hls_inst/inst/mac_muladd_8s_8s_16ns_16_4_1_U1/matrix_mult_mac_muladd_8s_8s_16ns_16_4_1_DSP48_0_U/p_reg_reg_i_1/O
                         net (fo=1, unplaced)         0.800     3.416    bd_0_i/hls_inst/inst/mac_muladd_8s_8s_16ns_16_4_1_U1/matrix_mult_mac_muladd_8s_8s_16ns_16_4_1_DSP48_0_U/grp_fu_385_p2[15]
                         DSP48E1                                      r  bd_0_i/hls_inst/inst/mac_muladd_8s_8s_16ns_16_4_1_U1/matrix_mult_mac_muladd_8s_8s_16ns_16_4_1_DSP48_0_U/p_reg_reg/C[15]
  -------------------------------------------------------------------    -------------------

                         (clock ap_clk rise edge)     5.000     5.000 r  
                                                      0.000     5.000 r  ap_clk (IN)
                         net (fo=122, unset)          0.924     5.924    bd_0_i/hls_inst/inst/mac_muladd_8s_8s_16ns_16_4_1_U1/matrix_mult_mac_muladd_8s_8s_16ns_16_4_1_DSP48_0_U/ap_clk
                         DSP48E1                                      r  bd_0_i/hls_inst/inst/mac_muladd_8s_8s_16ns_16_4_1_U1/matrix_mult_mac_muladd_8s_8s_16ns_16_4_1_DSP48_0_U/p_reg_reg/CLK
                         clock pessimism              0.000     5.924    
                         clock uncertainty           -0.035     5.889    
                         DSP48E1 (Setup_dsp48e1_CLK_C[15])
                                                     -1.701     4.188    bd_0_i/hls_inst/inst/mac_muladd_8s_8s_16ns_16_4_1_U1/matrix_mult_mac_muladd_8s_8s_16ns_16_4_1_DSP48_0_U/p_reg_reg
  -------------------------------------------------------------------
                         required time                          4.188    
                         arrival time                          -3.416    
  -------------------------------------------------------------------
                         slack                                  0.772    

Slack (MET) :             0.772ns  (required time - arrival time)
  Source:                 bd_0_i/hls_inst/inst/ap_CS_fsm_reg[0]/C
                            (rising edge-triggered cell FDSE clocked by ap_clk  {rise@0.000ns fall@2.500ns period=5.000ns})
  Destination:            bd_0_i/hls_inst/inst/mac_muladd_8s_8s_16ns_16_4_1_U1/matrix_mult_mac_muladd_8s_8s_16ns_16_4_1_DSP48_0_U/p_reg_reg/C[1]
                            (rising edge-triggered cell DSP48E1 clocked by ap_clk  {rise@0.000ns fall@2.500ns period=5.000ns})
  Path Group:             ap_clk
  Path Type:              Setup (Max at Slow Process Corner)
  Requirement:            5.000ns  (ap_clk rise@5.000ns - ap_clk rise@0.000ns)
  Data Path Delay:        2.443ns  (logic 0.813ns (33.283%)  route 1.630ns (66.717%))
  Logic Levels:           1  (LUT5=1)
  Clock Path Skew:        -0.049ns (DCD - SCD + CPR)
    Destination Clock Delay (DCD):    0.924ns = ( 5.924 - 5.000 ) 
    Source Clock Delay      (SCD):    0.973ns
    Clock Pessimism Removal (CPR):    0.000ns
  Clock Uncertainty:      0.035ns  ((TSJ^2 + TIJ^2)^1/2 + DJ) / 2 + PE
    Total System Jitter     (TSJ):    0.071ns
    Total Input Jitter      (TIJ):    0.000ns
    Discrete Jitter          (DJ):    0.000ns
    Phase Error              (PE):    0.000ns

    Location             Delay type                Incr(ns)  Path(ns)    Netlist Resource(s)
  -------------------------------------------------------------------    -------------------
                         (clock ap_clk rise edge)     0.000     0.000 r  
                                                      0.000     0.000 r  ap_clk (IN)
                         net (fo=122, unset)          0.973     0.973    bd_0_i/hls_inst/inst/ap_clk
                         FDSE                                         r  bd_0_i/hls_inst/inst/ap_CS_fsm_reg[0]/C
  -------------------------------------------------------------------    -------------------
                         FDSE (Prop_fdse_C_Q)         0.518     1.491 r  bd_0_i/hls_inst/inst/ap_CS_fsm_reg[0]/Q
                         net (fo=66, unplaced)        0.830     2.321    bd_0_i/hls_inst/inst/mac_muladd_8s_8s_16ns_16_4_1_U1/matrix_mult_mac_muladd_8s_8s_16ns_16_4_1_DSP48_0_U/Q[0]
                         LUT5 (Prop_lut5_I2_O)        0.295     2.616 r  bd_0_i/hls_inst/inst/mac_muladd_8s_8s_16ns_16_4_1_U1/matrix_mult_mac_muladd_8s_8s_16ns_16_4_1_DSP48_0_U/p_reg_reg_i_15/O
                         net (fo=1, unplaced)         0.800     3.416    bd_0_i/hls_inst/inst/mac_muladd_8s_8s_16ns_16_4_1_U1/matrix_mult_mac_muladd_8s_8s_16ns_16_4_1_DSP48_0_U/grp_fu_385_p2[1]
                         DSP48E1                                      r  bd_0_i/hls_inst/inst/mac_muladd_8s_8s_16ns_16_4_1_U1/matrix_mult_mac_muladd_8s_8s_16ns_16_4_1_DSP48_0_U/p_reg_reg/C[1]
  -------------------------------------------------------------------    -------------------

                         (clock ap_clk rise edge)     5.000     5.000 r  
                                                      0.000     5.000 r  ap_clk (IN)
                         net (fo=122, unset)          0.924     5.924    bd_0_i/hls_inst/inst/mac_muladd_8s_8s_16ns_16_4_1_U1/matrix_mult_mac_muladd_8s_8s_16ns_16_4_1_DSP48_0_U/ap_clk
                         DSP48E1                                      r  bd_0_i/hls_inst/inst/mac_muladd_8s_8s_16ns_16_4_1_U1/matrix_mult_mac_muladd_8s_8s_16ns_16_4_1_DSP48_0_U/p_reg_reg/CLK
                         clock pessimism              0.000     5.924    
                         clock uncertainty           -0.035     5.889    
                         DSP48E1 (Setup_dsp48e1_CLK_C[1])
                                                     -1.701     4.188    bd_0_i/hls_inst/inst/mac_muladd_8s_8s_16ns_16_4_1_U1/matrix_mult_mac_muladd_8s_8s_16ns_16_4_1_DSP48_0_U/p_reg_reg
  -------------------------------------------------------------------
                         required time                          4.188    
                         arrival time                          -3.416    
  -------------------------------------------------------------------
                         slack                                  0.772    

Slack (MET) :             0.772ns  (required time - arrival time)
  Source:                 bd_0_i/hls_inst/inst/ap_CS_fsm_reg[0]/C
                            (rising edge-triggered cell FDSE clocked by ap_clk  {rise@0.000ns fall@2.500ns period=5.000ns})
  Destination:            bd_0_i/hls_inst/inst/mac_muladd_8s_8s_16ns_16_4_1_U1/matrix_mult_mac_muladd_8s_8s_16ns_16_4_1_DSP48_0_U/p_reg_reg/C[2]
                            (rising edge-triggered cell DSP48E1 clocked by ap_clk  {rise@0.000ns fall@2.500ns period=5.000ns})
  Path Group:             ap_clk
  Path Type:              Setup (Max at Slow Process Corner)
  Requirement:            5.000ns  (ap_clk rise@5.000ns - ap_clk rise@0.000ns)
  Data Path Delay:        2.443ns  (logic 0.813ns (33.283%)  route 1.630ns (66.717%))
  Logic Levels:           1  (LUT5=1)
  Clock Path Skew:        -0.049ns (DCD - SCD + CPR)
    Destination Clock Delay (DCD):    0.924ns = ( 5.924 - 5.000 ) 
    Source Clock Delay      (SCD):    0.973ns
    Clock Pessimism Removal (CPR):    0.000ns
  Clock Uncertainty:      0.035ns  ((TSJ^2 + TIJ^2)^1/2 + DJ) / 2 + PE
    Total System Jitter     (TSJ):    0.071ns
    Total Input Jitter      (TIJ):    0.000ns
    Discrete Jitter          (DJ):    0.000ns
    Phase Error              (PE):    0.000ns

    Location             Delay type                Incr(ns)  Path(ns)    Netlist Resource(s)
  -------------------------------------------------------------------    -------------------
                         (clock ap_clk rise edge)     0.000     0.000 r  
                                                      0.000     0.000 r  ap_clk (IN)
                         net (fo=122, unset)          0.973     0.973    bd_0_i/hls_inst/inst/ap_clk
                         FDSE                                         r  bd_0_i/hls_inst/inst/ap_CS_fsm_reg[0]/C
  -------------------------------------------------------------------    -------------------
                         FDSE (Prop_fdse_C_Q)         0.518     1.491 r  bd_0_i/hls_inst/inst/ap_CS_fsm_reg[0]/Q
                         net (fo=66, unplaced)        0.830     2.321    bd_0_i/hls_inst/inst/mac_muladd_8s_8s_16ns_16_4_1_U1/matrix_mult_mac_muladd_8s_8s_16ns_16_4_1_DSP48_0_U/Q[0]
                         LUT5 (Prop_lut5_I2_O)        0.295     2.616 r  bd_0_i/hls_inst/inst/mac_muladd_8s_8s_16ns_16_4_1_U1/matrix_mult_mac_muladd_8s_8s_16ns_16_4_1_DSP48_0_U/p_reg_reg_i_14/O
                         net (fo=1, unplaced)         0.800     3.416    bd_0_i/hls_inst/inst/mac_muladd_8s_8s_16ns_16_4_1_U1/matrix_mult_mac_muladd_8s_8s_16ns_16_4_1_DSP48_0_U/grp_fu_385_p2[2]
                         DSP48E1                                      r  bd_0_i/hls_inst/inst/mac_muladd_8s_8s_16ns_16_4_1_U1/matrix_mult_mac_muladd_8s_8s_16ns_16_4_1_DSP48_0_U/p_reg_reg/C[2]
  -------------------------------------------------------------------    -------------------

                         (clock ap_clk rise edge)     5.000     5.000 r  
                                                      0.000     5.000 r  ap_clk (IN)
                         net (fo=122, unset)          0.924     5.924    bd_0_i/hls_inst/inst/mac_muladd_8s_8s_16ns_16_4_1_U1/matrix_mult_mac_muladd_8s_8s_16ns_16_4_1_DSP48_0_U/ap_clk
                         DSP48E1                                      r  bd_0_i/hls_inst/inst/mac_muladd_8s_8s_16ns_16_4_1_U1/matrix_mult_mac_muladd_8s_8s_16ns_16_4_1_DSP48_0_U/p_reg_reg/CLK
                         clock pessimism              0.000     5.924    
                         clock uncertainty           -0.035     5.889    
                         DSP48E1 (Setup_dsp48e1_CLK_C[2])
                                                     -1.701     4.188    bd_0_i/hls_inst/inst/mac_muladd_8s_8s_16ns_16_4_1_U1/matrix_mult_mac_muladd_8s_8s_16ns_16_4_1_DSP48_0_U/p_reg_reg
  -------------------------------------------------------------------
                         required time                          4.188    
                         arrival time                          -3.416    
  -------------------------------------------------------------------
                         slack                                  0.772    

Slack (MET) :             0.772ns  (required time - arrival time)
  Source:                 bd_0_i/hls_inst/inst/ap_CS_fsm_reg[0]/C
                            (rising edge-triggered cell FDSE clocked by ap_clk  {rise@0.000ns fall@2.500ns period=5.000ns})
  Destination:            bd_0_i/hls_inst/inst/mac_muladd_8s_8s_16ns_16_4_1_U1/matrix_mult_mac_muladd_8s_8s_16ns_16_4_1_DSP48_0_U/p_reg_reg/C[3]
                            (rising edge-triggered cell DSP48E1 clocked by ap_clk  {rise@0.000ns fall@2.500ns period=5.000ns})
  Path Group:             ap_clk
  Path Type:              Setup (Max at Slow Process Corner)
  Requirement:            5.000ns  (ap_clk rise@5.000ns - ap_clk rise@0.000ns)
  Data Path Delay:        2.443ns  (logic 0.813ns (33.283%)  route 1.630ns (66.717%))
  Logic Levels:           1  (LUT5=1)
  Clock Path Skew:        -0.049ns (DCD - SCD + CPR)
    Destination Clock Delay (DCD):    0.924ns = ( 5.924 - 5.000 ) 
    Source Clock Delay      (SCD):    0.973ns
    Clock Pessimism Removal (CPR):    0.000ns
  Clock Uncertainty:      0.035ns  ((TSJ^2 + TIJ^2)^1/2 + DJ) / 2 + PE
    Total System Jitter     (TSJ):    0.071ns
    Total Input Jitter      (TIJ):    0.000ns
    Discrete Jitter          (DJ):    0.000ns
    Phase Error              (PE):    0.000ns

    Location             Delay type                Incr(ns)  Path(ns)    Netlist Resource(s)
  -------------------------------------------------------------------    -------------------
                         (clock ap_clk rise edge)     0.000     0.000 r  
                                                      0.000     0.000 r  ap_clk (IN)
                         net (fo=122, unset)          0.973     0.973    bd_0_i/hls_inst/inst/ap_clk
                         FDSE                                         r  bd_0_i/hls_inst/inst/ap_CS_fsm_reg[0]/C
  -------------------------------------------------------------------    -------------------
                         FDSE (Prop_fdse_C_Q)         0.518     1.491 r  bd_0_i/hls_inst/inst/ap_CS_fsm_reg[0]/Q
                         net (fo=66, unplaced)        0.830     2.321    bd_0_i/hls_inst/inst/mac_muladd_8s_8s_16ns_16_4_1_U1/matrix_mult_mac_muladd_8s_8s_16ns_16_4_1_DSP48_0_U/Q[0]
                         LUT5 (Prop_lut5_I2_O)        0.295     2.616 r  bd_0_i/hls_inst/inst/mac_muladd_8s_8s_16ns_16_4_1_U1/matrix_mult_mac_muladd_8s_8s_16ns_16_4_1_DSP48_0_U/p_reg_reg_i_13/O
                         net (fo=1, unplaced)         0.800     3.416    bd_0_i/hls_inst/inst/mac_muladd_8s_8s_16ns_16_4_1_U1/matrix_mult_mac_muladd_8s_8s_16ns_16_4_1_DSP48_0_U/grp_fu_385_p2[3]
                         DSP48E1                                      r  bd_0_i/hls_inst/inst/mac_muladd_8s_8s_16ns_16_4_1_U1/matrix_mult_mac_muladd_8s_8s_16ns_16_4_1_DSP48_0_U/p_reg_reg/C[3]
  -------------------------------------------------------------------    -------------------

                         (clock ap_clk rise edge)     5.000     5.000 r  
                                                      0.000     5.000 r  ap_clk (IN)
                         net (fo=122, unset)          0.924     5.924    bd_0_i/hls_inst/inst/mac_muladd_8s_8s_16ns_16_4_1_U1/matrix_mult_mac_muladd_8s_8s_16ns_16_4_1_DSP48_0_U/ap_clk
                         DSP48E1                                      r  bd_0_i/hls_inst/inst/mac_muladd_8s_8s_16ns_16_4_1_U1/matrix_mult_mac_muladd_8s_8s_16ns_16_4_1_DSP48_0_U/p_reg_reg/CLK
                         clock pessimism              0.000     5.924    
                         clock uncertainty           -0.035     5.889    
                         DSP48E1 (Setup_dsp48e1_CLK_C[3])
                                                     -1.701     4.188    bd_0_i/hls_inst/inst/mac_muladd_8s_8s_16ns_16_4_1_U1/matrix_mult_mac_muladd_8s_8s_16ns_16_4_1_DSP48_0_U/p_reg_reg
  -------------------------------------------------------------------
                         required time                          4.188    
                         arrival time                          -3.416    
  -------------------------------------------------------------------
                         slack                                  0.772    




