Copyright 1986-2022 Xilinx, Inc. All Rights Reserved.
-----------------------------------------------------------------------------------------------
| Tool Version : Vivado v.2022.2 (win64) Build 3671981 Fri Oct 14 05:00:03 MDT 2022
| Date         : Mon May 25 15:50:36 2026
| Host         : DESKTOP-GV6BOLL running 64-bit major release  (build 9200)
| Command      : report_timing -max_paths 10 -file ./report/matrix_mult_timing_paths_synth.rpt
| Design       : bd_0_wrapper
| Device       : 7z020-clg484
| Speed File   : -1  PRODUCTION 1.12 2019-11-22
-----------------------------------------------------------------------------------------------

Timing Report

Slack (MET) :             1.719ns  (required time - arrival time)
  Source:                 bd_0_i/hls_inst/inst/ap_CS_fsm_reg[1]/C
                            (rising edge-triggered cell FDRE clocked by ap_clk  {rise@0.000ns fall@2.500ns period=5.000ns})
  Destination:            bd_0_i/hls_inst/inst/mul_8s_8s_16_3_1_U8/buff0_reg/CEB1
                            (rising edge-triggered cell DSP48E1 clocked by ap_clk  {rise@0.000ns fall@2.500ns period=5.000ns})
  Path Group:             ap_clk
  Path Type:              Setup (Max at Slow Process Corner)
  Requirement:            5.000ns  (ap_clk rise@5.000ns - ap_clk rise@0.000ns)
  Data Path Delay:        2.683ns  (logic 0.813ns (30.305%)  route 1.870ns (69.695%))
  Logic Levels:           1  (LUT6=1)
  Clock Path Skew:        -0.049ns (DCD - SCD + CPR)
    Destination Clock Delay (DCD):    0.924ns = ( 5.924 - 5.000 ) 
    Source Clock Delay      (SCD):    0.973ns
    Clock Pessimism Removal (CPR):    0.000ns
  Clock Uncertainty:      0.035ns  ((TSJ^2 + TIJ^2)^1/2 + DJ) / 2 + PE
    Total System Jitter     (TSJ):    0.071ns
    Total Input Jitter      (TIJ):    0.000ns
    Discrete Jitter          (DJ):    0.000ns
    Phase Error              (PE):    0.000ns

    Location             Delay type                Incr(ns)  Path(ns)    Netlist Resource(s)
  -------------------------------------------------------------------    -------------------
                         (clock ap_clk rise edge)     0.000     0.000 r  
                                                      0.000     0.000 r  ap_clk (IN)
                         net (fo=1798, unset)         0.973     0.973    bd_0_i/hls_inst/inst/ap_clk
                         FDRE                                         r  bd_0_i/hls_inst/inst/ap_CS_fsm_reg[1]/C
  -------------------------------------------------------------------    -------------------
                         FDRE (Prop_fdre_C_Q)         0.518     1.491 r  bd_0_i/hls_inst/inst/ap_CS_fsm_reg[1]/Q
                         net (fo=126, unplaced)       1.070     2.561    bd_0_i/hls_inst/inst/mul_8s_8s_16_3_1_U6/Q[1]
                         LUT6 (Prop_lut6_I0_O)        0.295     2.856 r  bd_0_i/hls_inst/inst/mul_8s_8s_16_3_1_U6/reg_602[6]_i_1/O
                         net (fo=21, unplaced)        0.800     3.656    bd_0_i/hls_inst/inst/mul_8s_8s_16_3_1_U8/reg_6020
                         DSP48E1                                      r  bd_0_i/hls_inst/inst/mul_8s_8s_16_3_1_U8/buff0_reg/CEB1
  -------------------------------------------------------------------    -------------------

                         (clock ap_clk rise edge)     5.000     5.000 r  
                                                      0.000     5.000 r  ap_clk (IN)
                         net (fo=1798, unset)         0.924     5.924    bd_0_i/hls_inst/inst/mul_8s_8s_16_3_1_U8/ap_clk
                         DSP48E1                                      r  bd_0_i/hls_inst/inst/mul_8s_8s_16_3_1_U8/buff0_reg/CLK
                         clock pessimism              0.000     5.924    
                         clock uncertainty           -0.035     5.889    
                         DSP48E1 (Setup_dsp48e1_CLK_CEB1)
                                                     -0.514     5.375    bd_0_i/hls_inst/inst/mul_8s_8s_16_3_1_U8/buff0_reg
  -------------------------------------------------------------------
                         required time                          5.375    
                         arrival time                          -3.656    
  -------------------------------------------------------------------
                         slack                                  1.719    

Slack (MET) :             1.719ns  (required time - arrival time)
  Source:                 bd_0_i/hls_inst/inst/ap_CS_fsm_reg[1]/C
                            (rising edge-triggered cell FDRE clocked by ap_clk  {rise@0.000ns fall@2.500ns period=5.000ns})
  Destination:            bd_0_i/hls_inst/inst/mul_ln16_33_reg_1956_reg/CEB1
                            (rising edge-triggered cell DSP48E1 clocked by ap_clk  {rise@0.000ns fall@2.500ns period=5.000ns})
  Path Group:             ap_clk
  Path Type:              Setup (Max at Slow Process Corner)
  Requirement:            5.000ns  (ap_clk rise@5.000ns - ap_clk rise@0.000ns)
  Data Path Delay:        2.683ns  (logic 0.813ns (30.305%)  route 1.870ns (69.695%))
  Logic Levels:           1  (LUT6=1)
  Clock Path Skew:        -0.049ns (DCD - SCD + CPR)
    Destination Clock Delay (DCD):    0.924ns = ( 5.924 - 5.000 ) 
    Source Clock Delay      (SCD):    0.973ns
    Clock Pessimism Removal (CPR):    0.000ns
  Clock Uncertainty:      0.035ns  ((TSJ^2 + TIJ^2)^1/2 + DJ) / 2 + PE
    Total System Jitter     (TSJ):    0.071ns
    Total Input Jitter      (TIJ):    0.000ns
    Discrete Jitter          (DJ):    0.000ns
    Phase Error              (PE):    0.000ns

    Location             Delay type                Incr(ns)  Path(ns)    Netlist Resource(s)
  -------------------------------------------------------------------    -------------------
                         (clock ap_clk rise edge)     0.000     0.000 r  
                                                      0.000     0.000 r  ap_clk (IN)
                         net (fo=1798, unset)         0.973     0.973    bd_0_i/hls_inst/inst/ap_clk
                         FDRE                                         r  bd_0_i/hls_inst/inst/ap_CS_fsm_reg[1]/C
  -------------------------------------------------------------------    -------------------
                         FDRE (Prop_fdre_C_Q)         0.518     1.491 r  bd_0_i/hls_inst/inst/ap_CS_fsm_reg[1]/Q
                         net (fo=126, unplaced)       1.070     2.561    bd_0_i/hls_inst/inst/mul_8s_8s_16_3_1_U6/Q[1]
                         LUT6 (Prop_lut6_I0_O)        0.295     2.856 r  bd_0_i/hls_inst/inst/mul_8s_8s_16_3_1_U6/reg_602[6]_i_1/O
                         net (fo=21, unplaced)        0.800     3.656    bd_0_i/hls_inst/inst/reg_6020
                         DSP48E1                                      r  bd_0_i/hls_inst/inst/mul_ln16_33_reg_1956_reg/CEB1
  -------------------------------------------------------------------    -------------------

                         (clock ap_clk rise edge)     5.000     5.000 r  
                                                      0.000     5.000 r  ap_clk (IN)
                         net (fo=1798, unset)         0.924     5.924    bd_0_i/hls_inst/inst/ap_clk
                         DSP48E1                                      r  bd_0_i/hls_inst/inst/mul_ln16_33_reg_1956_reg/CLK
                         clock pessimism              0.000     5.924    
                         clock uncertainty           -0.035     5.889    
                         DSP48E1 (Setup_dsp48e1_CLK_CEB1)
                                                     -0.514     5.375    bd_0_i/hls_inst/inst/mul_ln16_33_reg_1956_reg
  -------------------------------------------------------------------
                         required time                          5.375    
                         arrival time                          -3.656    
  -------------------------------------------------------------------
                         slack                                  1.719    

Slack (MET) :             1.719ns  (required time - arrival time)
  Source:                 bd_0_i/hls_inst/inst/ap_CS_fsm_reg[1]/C
                            (rising edge-triggered cell FDRE clocked by ap_clk  {rise@0.000ns fall@2.500ns period=5.000ns})
  Destination:            bd_0_i/hls_inst/inst/mul_ln16_8_reg_1919_reg/CEB1
                            (rising edge-triggered cell DSP48E1 clocked by ap_clk  {rise@0.000ns fall@2.500ns period=5.000ns})
  Path Group:             ap_clk
  Path Type:              Setup (Max at Slow Process Corner)
  Requirement:            5.000ns  (ap_clk rise@5.000ns - ap_clk rise@0.000ns)
  Data Path Delay:        2.683ns  (logic 0.813ns (30.305%)  route 1.870ns (69.695%))
  Logic Levels:           1  (LUT6=1)
  Clock Path Skew:        -0.049ns (DCD - SCD + CPR)
    Destination Clock Delay (DCD):    0.924ns = ( 5.924 - 5.000 ) 
    Source Clock Delay      (SCD):    0.973ns
    Clock Pessimism Removal (CPR):    0.000ns
  Clock Uncertainty:      0.035ns  ((TSJ^2 + TIJ^2)^1/2 + DJ) / 2 + PE
    Total System Jitter     (TSJ):    0.071ns
    Total Input Jitter      (TIJ):    0.000ns
    Discrete Jitter          (DJ):    0.000ns
    Phase Error              (PE):    0.000ns

    Location             Delay type                Incr(ns)  Path(ns)    Netlist Resource(s)
  -------------------------------------------------------------------    -------------------
                         (clock ap_clk rise edge)     0.000     0.000 r  
                                                      0.000     0.000 r  ap_clk (IN)
                         net (fo=1798, unset)         0.973     0.973    bd_0_i/hls_inst/inst/ap_clk
                         FDRE                                         r  bd_0_i/hls_inst/inst/ap_CS_fsm_reg[1]/C
  -------------------------------------------------------------------    -------------------
                         FDRE (Prop_fdre_C_Q)         0.518     1.491 r  bd_0_i/hls_inst/inst/ap_CS_fsm_reg[1]/Q
                         net (fo=126, unplaced)       1.070     2.561    bd_0_i/hls_inst/inst/mul_8s_8s_16_3_1_U6/Q[1]
                         LUT6 (Prop_lut6_I0_O)        0.295     2.856 r  bd_0_i/hls_inst/inst/mul_8s_8s_16_3_1_U6/reg_602[6]_i_1/O
                         net (fo=21, unplaced)        0.800     3.656    bd_0_i/hls_inst/inst/reg_6020
                         DSP48E1                                      r  bd_0_i/hls_inst/inst/mul_ln16_8_reg_1919_reg/CEB1
  -------------------------------------------------------------------    -------------------

                         (clock ap_clk rise edge)     5.000     5.000 r  
                                                      0.000     5.000 r  ap_clk (IN)
                         net (fo=1798, unset)         0.924     5.924    bd_0_i/hls_inst/inst/ap_clk
                         DSP48E1                                      r  bd_0_i/hls_inst/inst/mul_ln16_8_reg_1919_reg/CLK
                         clock pessimism              0.000     5.924    
                         clock uncertainty           -0.035     5.889    
                         DSP48E1 (Setup_dsp48e1_CLK_CEB1)
                                                     -0.514     5.375    bd_0_i/hls_inst/inst/mul_ln16_8_reg_1919_reg
  -------------------------------------------------------------------
                         required time                          5.375    
                         arrival time                          -3.656    
  -------------------------------------------------------------------
                         slack                                  1.719    

Slack (MET) :             1.736ns  (required time - arrival time)
  Source:                 bd_0_i/hls_inst/inst/ap_CS_fsm_reg[1]/C
                            (rising edge-triggered cell FDRE clocked by ap_clk  {rise@0.000ns fall@2.500ns period=5.000ns})
  Destination:            bd_0_i/hls_inst/inst/mul_8s_8s_16_3_1_U6/buff0_reg/CEA1
                            (rising edge-triggered cell DSP48E1 clocked by ap_clk  {rise@0.000ns fall@2.500ns period=5.000ns})
  Path Group:             ap_clk
  Path Type:              Setup (Max at Slow Process Corner)
  Requirement:            5.000ns  (ap_clk rise@5.000ns - ap_clk rise@0.000ns)
  Data Path Delay:        2.683ns  (logic 0.813ns (30.305%)  route 1.870ns (69.695%))
  Logic Levels:           1  (LUT6=1)
  Clock Path Skew:        -0.049ns (DCD - SCD + CPR)
    Destination Clock Delay (DCD):    0.924ns = ( 5.924 - 5.000 ) 
    Source Clock Delay      (SCD):    0.973ns
    Clock Pessimism Removal (CPR):    0.000ns
  Clock Uncertainty:      0.035ns  ((TSJ^2 + TIJ^2)^1/2 + DJ) / 2 + PE
    Total System Jitter     (TSJ):    0.071ns
    Total Input Jitter      (TIJ):    0.000ns
    Discrete Jitter          (DJ):    0.000ns
    Phase Error              (PE):    0.000ns

    Location             Delay type                Incr(ns)  Path(ns)    Netlist Resource(s)
  -------------------------------------------------------------------    -------------------
                         (clock ap_clk rise edge)     0.000     0.000 r  
                                                      0.000     0.000 r  ap_clk (IN)
                         net (fo=1798, unset)         0.973     0.973    bd_0_i/hls_inst/inst/ap_clk
                         FDRE                                         r  bd_0_i/hls_inst/inst/ap_CS_fsm_reg[1]/C
  -------------------------------------------------------------------    -------------------
                         FDRE (Prop_fdre_C_Q)         0.518     1.491 r  bd_0_i/hls_inst/inst/ap_CS_fsm_reg[1]/Q
                         net (fo=126, unplaced)       1.070     2.561    bd_0_i/hls_inst/inst/mul_8s_8s_16_3_1_U6/Q[1]
                         LUT6 (Prop_lut6_I0_O)        0.295     2.856 r  bd_0_i/hls_inst/inst/mul_8s_8s_16_3_1_U6/reg_602[6]_i_1/O
                         net (fo=21, unplaced)        0.800     3.656    bd_0_i/hls_inst/inst/mul_8s_8s_16_3_1_U6/reg_6020
                         DSP48E1                                      r  bd_0_i/hls_inst/inst/mul_8s_8s_16_3_1_U6/buff0_reg/CEA1
  -------------------------------------------------------------------    -------------------

                         (clock ap_clk rise edge)     5.000     5.000 r  
                                                      0.000     5.000 r  ap_clk (IN)
                         net (fo=1798, unset)         0.924     5.924    bd_0_i/hls_inst/inst/mul_8s_8s_16_3_1_U6/ap_clk
                         DSP48E1                                      r  bd_0_i/hls_inst/inst/mul_8s_8s_16_3_1_U6/buff0_reg/CLK
                         clock pessimism              0.000     5.924    
                         clock uncertainty           -0.035     5.889    
                         DSP48E1 (Setup_dsp48e1_CLK_CEA1)
                                                     -0.497     5.392    bd_0_i/hls_inst/inst/mul_8s_8s_16_3_1_U6/buff0_reg
  -------------------------------------------------------------------
                         required time                          5.392    
                         arrival time                          -3.656    
  -------------------------------------------------------------------
                         slack                                  1.736    

Slack (MET) :             1.874ns  (required time - arrival time)
  Source:                 bd_0_i/hls_inst/inst/ap_CS_fsm_reg[3]/C
                            (rising edge-triggered cell FDRE clocked by ap_clk  {rise@0.000ns fall@2.500ns period=5.000ns})
  Destination:            bd_0_i/hls_inst/inst/mac_muladd_8s_8s_16s_16_4_1_U54/matrix_mult_mac_muladd_8s_8s_16s_16_4_1_DSP48_0_U/p_reg_reg/CEB1
                            (rising edge-triggered cell DSP48E1 clocked by ap_clk  {rise@0.000ns fall@2.500ns period=5.000ns})
  Path Group:             ap_clk
  Path Type:              Setup (Max at Slow Process Corner)
  Requirement:            5.000ns  (ap_clk rise@5.000ns - ap_clk rise@0.000ns)
  Data Path Delay:        2.528ns  (logic 0.813ns (32.163%)  route 1.715ns (67.837%))
  Logic Levels:           1  (LUT5=1)
  Clock Path Skew:        -0.049ns (DCD - SCD + CPR)
    Destination Clock Delay (DCD):    0.924ns = ( 5.924 - 5.000 ) 
    Source Clock Delay      (SCD):    0.973ns
    Clock Pessimism Removal (CPR):    0.000ns
  Clock Uncertainty:      0.035ns  ((TSJ^2 + TIJ^2)^1/2 + DJ) / 2 + PE
    Total System Jitter     (TSJ):    0.071ns
    Total Input Jitter      (TIJ):    0.000ns
    Discrete Jitter          (DJ):    0.000ns
    Phase Error              (PE):    0.000ns

    Location             Delay type                Incr(ns)  Path(ns)    Netlist Resource(s)
  -------------------------------------------------------------------    -------------------
                         (clock ap_clk rise edge)     0.000     0.000 r  
                                                      0.000     0.000 r  ap_clk (IN)
                         net (fo=1798, unset)         0.973     0.973    bd_0_i/hls_inst/inst/ap_clk
                         FDRE                                         r  bd_0_i/hls_inst/inst/ap_CS_fsm_reg[3]/C
  -------------------------------------------------------------------    -------------------
                         FDRE (Prop_fdre_C_Q)         0.518     1.491 r  bd_0_i/hls_inst/inst/ap_CS_fsm_reg[3]/Q
                         net (fo=148, unplaced)       0.915     2.406    bd_0_i/hls_inst/inst/mac_muladd_8s_8s_16s_16_4_1_U54/matrix_mult_mac_muladd_8s_8s_16s_16_4_1_DSP48_0_U/Q[2]
                         LUT5 (Prop_lut5_I0_O)        0.295     2.701 r  bd_0_i/hls_inst/inst/mac_muladd_8s_8s_16s_16_4_1_U54/matrix_mult_mac_muladd_8s_8s_16s_16_4_1_DSP48_0_U/reg_614[6]_i_1/O
                         net (fo=41, unplaced)        0.800     3.501    bd_0_i/hls_inst/inst/mac_muladd_8s_8s_16s_16_4_1_U54/matrix_mult_mac_muladd_8s_8s_16s_16_4_1_DSP48_0_U/p_0_in
                         DSP48E1                                      r  bd_0_i/hls_inst/inst/mac_muladd_8s_8s_16s_16_4_1_U54/matrix_mult_mac_muladd_8s_8s_16s_16_4_1_DSP48_0_U/p_reg_reg/CEB1
  -------------------------------------------------------------------    -------------------

                         (clock ap_clk rise edge)     5.000     5.000 r  
                                                      0.000     5.000 r  ap_clk (IN)
                         net (fo=1798, unset)         0.924     5.924    bd_0_i/hls_inst/inst/mac_muladd_8s_8s_16s_16_4_1_U54/matrix_mult_mac_muladd_8s_8s_16s_16_4_1_DSP48_0_U/ap_clk
                         DSP48E1                                      r  bd_0_i/hls_inst/inst/mac_muladd_8s_8s_16s_16_4_1_U54/matrix_mult_mac_muladd_8s_8s_16s_16_4_1_DSP48_0_U/p_reg_reg/CLK
                         clock pessimism              0.000     5.924    
                         clock uncertainty           -0.035     5.889    
                         DSP48E1 (Setup_dsp48e1_CLK_CEB1)
                                                     -0.514     5.375    bd_0_i/hls_inst/inst/mac_muladd_8s_8s_16s_16_4_1_U54/matrix_mult_mac_muladd_8s_8s_16s_16_4_1_DSP48_0_U/p_reg_reg
  -------------------------------------------------------------------
                         required time                          5.375    
                         arrival time                          -3.501    
  -------------------------------------------------------------------
                         slack                                  1.874    

Slack (MET) :             1.874ns  (required time - arrival time)
  Source:                 bd_0_i/hls_inst/inst/ap_CS_fsm_reg[3]/C
                            (rising edge-triggered cell FDRE clocked by ap_clk  {rise@0.000ns fall@2.500ns period=5.000ns})
  Destination:            bd_0_i/hls_inst/inst/mac_muladd_8s_8s_16s_16_4_1_U62/matrix_mult_mac_muladd_8s_8s_16s_16_4_1_DSP48_0_U/p_reg_reg/CEB1
                            (rising edge-triggered cell DSP48E1 clocked by ap_clk  {rise@0.000ns fall@2.500ns period=5.000ns})
  Path Group:             ap_clk
  Path Type:              Setup (Max at Slow Process Corner)
  Requirement:            5.000ns  (ap_clk rise@5.000ns - ap_clk rise@0.000ns)
  Data Path Delay:        2.528ns  (logic 0.813ns (32.163%)  route 1.715ns (67.837%))
  Logic Levels:           1  (LUT5=1)
  Clock Path Skew:        -0.049ns (DCD - SCD + CPR)
    Destination Clock Delay (DCD):    0.924ns = ( 5.924 - 5.000 ) 
    Source Clock Delay      (SCD):    0.973ns
    Clock Pessimism Removal (CPR):    0.000ns
  Clock Uncertainty:      0.035ns  ((TSJ^2 + TIJ^2)^1/2 + DJ) / 2 + PE
    Total System Jitter     (TSJ):    0.071ns
    Total Input Jitter      (TIJ):    0.000ns
    Discrete Jitter          (DJ):    0.000ns
    Phase Error              (PE):    0.000ns

    Location             Delay type                Incr(ns)  Path(ns)    Netlist Resource(s)
  -------------------------------------------------------------------    -------------------
                         (clock ap_clk rise edge)     0.000     0.000 r  
                                                      0.000     0.000 r  ap_clk (IN)
                         net (fo=1798, unset)         0.973     0.973    bd_0_i/hls_inst/inst/ap_clk
                         FDRE                                         r  bd_0_i/hls_inst/inst/ap_CS_fsm_reg[3]/C
  -------------------------------------------------------------------    -------------------
                         FDRE (Prop_fdre_C_Q)         0.518     1.491 r  bd_0_i/hls_inst/inst/ap_CS_fsm_reg[3]/Q
                         net (fo=148, unplaced)       0.915     2.406    bd_0_i/hls_inst/inst/mac_muladd_8s_8s_16s_16_4_1_U54/matrix_mult_mac_muladd_8s_8s_16s_16_4_1_DSP48_0_U/Q[2]
                         LUT5 (Prop_lut5_I0_O)        0.295     2.701 r  bd_0_i/hls_inst/inst/mac_muladd_8s_8s_16s_16_4_1_U54/matrix_mult_mac_muladd_8s_8s_16s_16_4_1_DSP48_0_U/reg_614[6]_i_1/O
                         net (fo=41, unplaced)        0.800     3.501    bd_0_i/hls_inst/inst/mac_muladd_8s_8s_16s_16_4_1_U62/matrix_mult_mac_muladd_8s_8s_16s_16_4_1_DSP48_0_U/p_0_in
                         DSP48E1                                      r  bd_0_i/hls_inst/inst/mac_muladd_8s_8s_16s_16_4_1_U62/matrix_mult_mac_muladd_8s_8s_16s_16_4_1_DSP48_0_U/p_reg_reg/CEB1
  -------------------------------------------------------------------    -------------------

                         (clock ap_clk rise edge)     5.000     5.000 r  
                                                      0.000     5.000 r  ap_clk (IN)
                         net (fo=1798, unset)         0.924     5.924    bd_0_i/hls_inst/inst/mac_muladd_8s_8s_16s_16_4_1_U62/matrix_mult_mac_muladd_8s_8s_16s_16_4_1_DSP48_0_U/ap_clk
                         DSP48E1                                      r  bd_0_i/hls_inst/inst/mac_muladd_8s_8s_16s_16_4_1_U62/matrix_mult_mac_muladd_8s_8s_16s_16_4_1_DSP48_0_U/p_reg_reg/CLK
                         clock pessimism              0.000     5.924    
                         clock uncertainty           -0.035     5.889    
                         DSP48E1 (Setup_dsp48e1_CLK_CEB1)
                                                     -0.514     5.375    bd_0_i/hls_inst/inst/mac_muladd_8s_8s_16s_16_4_1_U62/matrix_mult_mac_muladd_8s_8s_16s_16_4_1_DSP48_0_U/p_reg_reg
  -------------------------------------------------------------------
                         required time                          5.375    
                         arrival time                          -3.501    
  -------------------------------------------------------------------
                         slack                                  1.874    

Slack (MET) :             1.878ns  (required time - arrival time)
  Source:                 bd_0_i/hls_inst/inst/ap_CS_fsm_reg[1]/C
                            (rising edge-triggered cell FDRE clocked by ap_clk  {rise@0.000ns fall@2.500ns period=5.000ns})
  Destination:            bd_0_i/hls_inst/inst/mul_ln16_28_reg_1951_reg/CEB1
                            (rising edge-triggered cell DSP48E1 clocked by ap_clk  {rise@0.000ns fall@2.500ns period=5.000ns})
  Path Group:             ap_clk
  Path Type:              Setup (Max at Slow Process Corner)
  Requirement:            5.000ns  (ap_clk rise@5.000ns - ap_clk rise@0.000ns)
  Data Path Delay:        2.524ns  (logic 0.813ns (32.214%)  route 1.711ns (67.786%))
  Logic Levels:           1  (LUT5=1)
  Clock Path Skew:        -0.049ns (DCD - SCD + CPR)
    Destination Clock Delay (DCD):    0.924ns = ( 5.924 - 5.000 ) 
    Source Clock Delay      (SCD):    0.973ns
    Clock Pessimism Removal (CPR):    0.000ns
  Clock Uncertainty:      0.035ns  ((TSJ^2 + TIJ^2)^1/2 + DJ) / 2 + PE
    Total System Jitter     (TSJ):    0.071ns
    Total Input Jitter      (TIJ):    0.000ns
    Discrete Jitter          (DJ):    0.000ns
    Phase Error              (PE):    0.000ns

    Location             Delay type                Incr(ns)  Path(ns)    Netlist Resource(s)
  -------------------------------------------------------------------    -------------------
                         (clock ap_clk rise edge)     0.000     0.000 r  
                                                      0.000     0.000 r  ap_clk (IN)
                         net (fo=1798, unset)         0.973     0.973    bd_0_i/hls_inst/inst/ap_clk
                         FDRE                                         r  bd_0_i/hls_inst/inst/ap_CS_fsm_reg[1]/C
  -------------------------------------------------------------------    -------------------
                         FDRE (Prop_fdre_C_Q)         0.518     1.491 r  bd_0_i/hls_inst/inst/ap_CS_fsm_reg[1]/Q
                         net (fo=126, unplaced)       0.911     2.402    bd_0_i/hls_inst/inst/b_address1[1]
                         LUT5 (Prop_lut5_I0_O)        0.295     2.697 r  bd_0_i/hls_inst/inst/reg_598[6]_i_1/O
                         net (fo=61, unplaced)        0.800     3.497    bd_0_i/hls_inst/inst/reg_5940
                         DSP48E1                                      r  bd_0_i/hls_inst/inst/mul_ln16_28_reg_1951_reg/CEB1
  -------------------------------------------------------------------    -------------------

                         (clock ap_clk rise edge)     5.000     5.000 r  
                                                      0.000     5.000 r  ap_clk (IN)
                         net (fo=1798, unset)         0.924     5.924    bd_0_i/hls_inst/inst/ap_clk
                         DSP48E1                                      r  bd_0_i/hls_inst/inst/mul_ln16_28_reg_1951_reg/CLK
                         clock pessimism              0.000     5.924    
                         clock uncertainty           -0.035     5.889    
                         DSP48E1 (Setup_dsp48e1_CLK_CEB1)
                                                     -0.514     5.375    bd_0_i/hls_inst/inst/mul_ln16_28_reg_1951_reg
  -------------------------------------------------------------------
                         required time                          5.375    
                         arrival time                          -3.497    
  -------------------------------------------------------------------
                         slack                                  1.878    

Slack (MET) :             1.878ns  (required time - arrival time)
  Source:                 bd_0_i/hls_inst/inst/ap_CS_fsm_reg[1]/C
                            (rising edge-triggered cell FDRE clocked by ap_clk  {rise@0.000ns fall@2.500ns period=5.000ns})
  Destination:            bd_0_i/hls_inst/inst/mul_ln16_38_reg_2016_reg/CEB1
                            (rising edge-triggered cell DSP48E1 clocked by ap_clk  {rise@0.000ns fall@2.500ns period=5.000ns})
  Path Group:             ap_clk
  Path Type:              Setup (Max at Slow Process Corner)
  Requirement:            5.000ns  (ap_clk rise@5.000ns - ap_clk rise@0.000ns)
  Data Path Delay:        2.524ns  (logic 0.813ns (32.214%)  route 1.711ns (67.786%))
  Logic Levels:           1  (LUT5=1)
  Clock Path Skew:        -0.049ns (DCD - SCD + CPR)
    Destination Clock Delay (DCD):    0.924ns = ( 5.924 - 5.000 ) 
    Source Clock Delay      (SCD):    0.973ns
    Clock Pessimism Removal (CPR):    0.000ns
  Clock Uncertainty:      0.035ns  ((TSJ^2 + TIJ^2)^1/2 + DJ) / 2 + PE
    Total System Jitter     (TSJ):    0.071ns
    Total Input Jitter      (TIJ):    0.000ns
    Discrete Jitter          (DJ):    0.000ns
    Phase Error              (PE):    0.000ns

    Location             Delay type                Incr(ns)  Path(ns)    Netlist Resource(s)
  -------------------------------------------------------------------    -------------------
                         (clock ap_clk rise edge)     0.000     0.000 r  
                                                      0.000     0.000 r  ap_clk (IN)
                         net (fo=1798, unset)         0.973     0.973    bd_0_i/hls_inst/inst/ap_clk
                         FDRE                                         r  bd_0_i/hls_inst/inst/ap_CS_fsm_reg[1]/C
  -------------------------------------------------------------------    -------------------
                         FDRE (Prop_fdre_C_Q)         0.518     1.491 r  bd_0_i/hls_inst/inst/ap_CS_fsm_reg[1]/Q
                         net (fo=126, unplaced)       0.911     2.402    bd_0_i/hls_inst/inst/b_address1[1]
                         LUT5 (Prop_lut5_I0_O)        0.295     2.697 r  bd_0_i/hls_inst/inst/reg_598[6]_i_1/O
                         net (fo=61, unplaced)        0.800     3.497    bd_0_i/hls_inst/inst/reg_5940
                         DSP48E1                                      r  bd_0_i/hls_inst/inst/mul_ln16_38_reg_2016_reg/CEB1
  -------------------------------------------------------------------    -------------------

                         (clock ap_clk rise edge)     5.000     5.000 r  
                                                      0.000     5.000 r  ap_clk (IN)
                         net (fo=1798, unset)         0.924     5.924    bd_0_i/hls_inst/inst/ap_clk
                         DSP48E1                                      r  bd_0_i/hls_inst/inst/mul_ln16_38_reg_2016_reg/CLK
                         clock pessimism              0.000     5.924    
                         clock uncertainty           -0.035     5.889    
                         DSP48E1 (Setup_dsp48e1_CLK_CEB1)
                                                     -0.514     5.375    bd_0_i/hls_inst/inst/mul_ln16_38_reg_2016_reg
  -------------------------------------------------------------------
                         required time                          5.375    
                         arrival time                          -3.497    
  -------------------------------------------------------------------
                         slack                                  1.878    

Slack (MET) :             1.878ns  (required time - arrival time)
  Source:                 bd_0_i/hls_inst/inst/ap_CS_fsm_reg[1]/C
                            (rising edge-triggered cell FDRE clocked by ap_clk  {rise@0.000ns fall@2.500ns period=5.000ns})
  Destination:            bd_0_i/hls_inst/inst/mul_ln16_3_reg_1914_reg/CEB1
                            (rising edge-triggered cell DSP48E1 clocked by ap_clk  {rise@0.000ns fall@2.500ns period=5.000ns})
  Path Group:             ap_clk
  Path Type:              Setup (Max at Slow Process Corner)
  Requirement:            5.000ns  (ap_clk rise@5.000ns - ap_clk rise@0.000ns)
  Data Path Delay:        2.524ns  (logic 0.813ns (32.214%)  route 1.711ns (67.786%))
  Logic Levels:           1  (LUT5=1)
  Clock Path Skew:        -0.049ns (DCD - SCD + CPR)
    Destination Clock Delay (DCD):    0.924ns = ( 5.924 - 5.000 ) 
    Source Clock Delay      (SCD):    0.973ns
    Clock Pessimism Removal (CPR):    0.000ns
  Clock Uncertainty:      0.035ns  ((TSJ^2 + TIJ^2)^1/2 + DJ) / 2 + PE
    Total System Jitter     (TSJ):    0.071ns
    Total Input Jitter      (TIJ):    0.000ns
    Discrete Jitter          (DJ):    0.000ns
    Phase Error              (PE):    0.000ns

    Location             Delay type                Incr(ns)  Path(ns)    Netlist Resource(s)
  -------------------------------------------------------------------    -------------------
                         (clock ap_clk rise edge)     0.000     0.000 r  
                                                      0.000     0.000 r  ap_clk (IN)
                         net (fo=1798, unset)         0.973     0.973    bd_0_i/hls_inst/inst/ap_clk
                         FDRE                                         r  bd_0_i/hls_inst/inst/ap_CS_fsm_reg[1]/C
  -------------------------------------------------------------------    -------------------
                         FDRE (Prop_fdre_C_Q)         0.518     1.491 r  bd_0_i/hls_inst/inst/ap_CS_fsm_reg[1]/Q
                         net (fo=126, unplaced)       0.911     2.402    bd_0_i/hls_inst/inst/b_address1[1]
                         LUT5 (Prop_lut5_I0_O)        0.295     2.697 r  bd_0_i/hls_inst/inst/reg_598[6]_i_1/O
                         net (fo=61, unplaced)        0.800     3.497    bd_0_i/hls_inst/inst/reg_5940
                         DSP48E1                                      r  bd_0_i/hls_inst/inst/mul_ln16_3_reg_1914_reg/CEB1
  -------------------------------------------------------------------    -------------------

                         (clock ap_clk rise edge)     5.000     5.000 r  
                                                      0.000     5.000 r  ap_clk (IN)
                         net (fo=1798, unset)         0.924     5.924    bd_0_i/hls_inst/inst/ap_clk
                         DSP48E1                                      r  bd_0_i/hls_inst/inst/mul_ln16_3_reg_1914_reg/CLK
                         clock pessimism              0.000     5.924    
                         clock uncertainty           -0.035     5.889    
                         DSP48E1 (Setup_dsp48e1_CLK_CEB1)
                                                     -0.514     5.375    bd_0_i/hls_inst/inst/mul_ln16_3_reg_1914_reg
  -------------------------------------------------------------------
                         required time                          5.375    
                         arrival time                          -3.497    
  -------------------------------------------------------------------
                         slack                                  1.878    

Slack (MET) :             1.891ns  (required time - arrival time)
  Source:                 bd_0_i/hls_inst/inst/ap_CS_fsm_reg[3]/C
                            (rising edge-triggered cell FDRE clocked by ap_clk  {rise@0.000ns fall@2.500ns period=5.000ns})
  Destination:            bd_0_i/hls_inst/inst/mac_muladd_8s_8s_16s_16_4_1_U52/matrix_mult_mac_muladd_8s_8s_16s_16_4_1_DSP48_0_U/p_reg_reg/CEA1
                            (rising edge-triggered cell DSP48E1 clocked by ap_clk  {rise@0.000ns fall@2.500ns period=5.000ns})
  Path Group:             ap_clk
  Path Type:              Setup (Max at Slow Process Corner)
  Requirement:            5.000ns  (ap_clk rise@5.000ns - ap_clk rise@0.000ns)
  Data Path Delay:        2.528ns  (logic 0.813ns (32.163%)  route 1.715ns (67.837%))
  Logic Levels:           1  (LUT5=1)
  Clock Path Skew:        -0.049ns (DCD - SCD + CPR)
    Destination Clock Delay (DCD):    0.924ns = ( 5.924 - 5.000 ) 
    Source Clock Delay      (SCD):    0.973ns
    Clock Pessimism Removal (CPR):    0.000ns
  Clock Uncertainty:      0.035ns  ((TSJ^2 + TIJ^2)^1/2 + DJ) / 2 + PE
    Total System Jitter     (TSJ):    0.071ns
    Total Input Jitter      (TIJ):    0.000ns
    Discrete Jitter          (DJ):    0.000ns
    Phase Error              (PE):    0.000ns

    Location             Delay type                Incr(ns)  Path(ns)    Netlist Resource(s)
  -------------------------------------------------------------------    -------------------
                         (clock ap_clk rise edge)     0.000     0.000 r  
                                                      0.000     0.000 r  ap_clk (IN)
                         net (fo=1798, unset)         0.973     0.973    bd_0_i/hls_inst/inst/ap_clk
                         FDRE                                         r  bd_0_i/hls_inst/inst/ap_CS_fsm_reg[3]/C
  -------------------------------------------------------------------    -------------------
                         FDRE (Prop_fdre_C_Q)         0.518     1.491 r  bd_0_i/hls_inst/inst/ap_CS_fsm_reg[3]/Q
                         net (fo=148, unplaced)       0.915     2.406    bd_0_i/hls_inst/inst/mac_muladd_8s_8s_16s_16_4_1_U54/matrix_mult_mac_muladd_8s_8s_16s_16_4_1_DSP48_0_U/Q[2]
                         LUT5 (Prop_lut5_I0_O)        0.295     2.701 r  bd_0_i/hls_inst/inst/mac_muladd_8s_8s_16s_16_4_1_U54/matrix_mult_mac_muladd_8s_8s_16s_16_4_1_DSP48_0_U/reg_614[6]_i_1/O
                         net (fo=41, unplaced)        0.800     3.501    bd_0_i/hls_inst/inst/mac_muladd_8s_8s_16s_16_4_1_U52/matrix_mult_mac_muladd_8s_8s_16s_16_4_1_DSP48_0_U/p_0_in
                         DSP48E1                                      r  bd_0_i/hls_inst/inst/mac_muladd_8s_8s_16s_16_4_1_U52/matrix_mult_mac_muladd_8s_8s_16s_16_4_1_DSP48_0_U/p_reg_reg/CEA1
  -------------------------------------------------------------------    -------------------

                         (clock ap_clk rise edge)     5.000     5.000 r  
                                                      0.000     5.000 r  ap_clk (IN)
                         net (fo=1798, unset)         0.924     5.924    bd_0_i/hls_inst/inst/mac_muladd_8s_8s_16s_16_4_1_U52/matrix_mult_mac_muladd_8s_8s_16s_16_4_1_DSP48_0_U/ap_clk
                         DSP48E1                                      r  bd_0_i/hls_inst/inst/mac_muladd_8s_8s_16s_16_4_1_U52/matrix_mult_mac_muladd_8s_8s_16s_16_4_1_DSP48_0_U/p_reg_reg/CLK
                         clock pessimism              0.000     5.924    
                         clock uncertainty           -0.035     5.889    
                         DSP48E1 (Setup_dsp48e1_CLK_CEA1)
                                                     -0.497     5.392    bd_0_i/hls_inst/inst/mac_muladd_8s_8s_16s_16_4_1_U52/matrix_mult_mac_muladd_8s_8s_16s_16_4_1_DSP48_0_U/p_reg_reg
  -------------------------------------------------------------------
                         required time                          5.392    
                         arrival time                          -3.501    
  -------------------------------------------------------------------
                         slack                                  1.891    




