05/25/26 14:53:45: Running xcd server. This server was built by gradle.
05/25/26 14:53:45: Server was asked to start on port: '65123'
05/25/26 14:53:45: Server is using token UUID: 'ead068ba-35e4-4cc9-96c3-ff316f8f57a9'
05/25/26 14:53:45: SESSION_MGR: creating session with session uuid: '6d04a3e9-ade5-4ab9-8d63-1f78fcd2ec76' and name 'default'
05/25/26 14:53:45: Attempting to start server on port '65123'
05/25/26 14:53:45: Running Dispatch Server
05/25/26 14:53:45: Version 2.2.0
05/25/26 14:53:54: Dispatch Server: Accepted socket connection from client
05/25/26 14:53:54: Starting Socket connection
05/25/26 14:53:54: EXCHANGE_TOKEN received, server token: ead068ba-35e4-4cc9-96c3-ff316f8f57a9, passed token: ead068ba-35e4-4cc9-96c3-ff316f8f57a9
05/25/26 14:53:54: SESSION_MGR: creating session with session uuid: '38a1455e-12b0-4275-91b0-5b3d7e4a8e49' and name 'vitis_hls'
05/25/26 14:53:54: KERNEL_SVC: creating session with uuid: '38a1455e-12b0-4275-91b0-5b3d7e4a8e49' and name 'vitis_hls'
05/25/26 14:53:54: GUIDANCE_SMGR: creating guidance session with uuid: '38a1455e-12b0-4275-91b0-5b3d7e4a8e49' and name 'vitis_hls'
05/25/26 14:54:03: STOP_SERVER received, server token: ead068ba-35e4-4cc9-96c3-ff316f8f57a9, passed token: ead068ba-35e4-4cc9-96c3-ff316f8f57a9
05/25/26 14:54:03: Socket received request to stop server.
05/25/26 14:54:03: Dispatch Server: do_await_stop
05/25/26 14:54:03: SERVER: destructor for server bound to port 65123
05/25/26 14:54:03: Server exiting with status 0.
05/25/26 14:54:03: Closing log file.
05/25/26 15:48:45: Running xcd server. This server was built by gradle.
05/25/26 15:48:45: Server was asked to start on port: '52404'
05/25/26 15:48:45: Server is using token UUID: '65fb7893-f417-46ed-977f-af195b6e553f'
05/25/26 15:48:45: SESSION_MGR: creating session with session uuid: '6d04a3e9-ade5-4ab9-8d63-1f78fcd2ec76' and name 'default'
05/25/26 15:48:45: Attempting to start server on port '52404'
05/25/26 15:48:45: Running Dispatch Server
05/25/26 15:48:45: Version 2.2.0
05/25/26 15:48:54: Dispatch Server: Accepted socket connection from client
05/25/26 15:48:54: Starting Socket connection
05/25/26 15:48:54: EXCHANGE_TOKEN received, server token: 65fb7893-f417-46ed-977f-af195b6e553f, passed token: 65fb7893-f417-46ed-977f-af195b6e553f
05/25/26 15:48:54: SESSION_MGR: creating session with session uuid: '5ab9b789-ad8b-48b6-81f4-583476edcc60' and name 'vitis_hls'
05/25/26 15:48:54: KERNEL_SVC: creating session with uuid: '5ab9b789-ad8b-48b6-81f4-583476edcc60' and name 'vitis_hls'
05/25/26 15:48:54: GUIDANCE_SMGR: creating guidance session with uuid: '5ab9b789-ad8b-48b6-81f4-583476edcc60' and name 'vitis_hls'
05/25/26 15:49:19: Dispatch Server: Accepted socket connection from client
05/25/26 15:49:19: Starting Socket connection
05/25/26 15:50:05: Dispatch Server: Accepted socket connection from client
05/25/26 15:50:05: Starting Socket connection
05/25/26 15:50:39: STOP_SERVER received, server token: 65fb7893-f417-46ed-977f-af195b6e553f, passed token: 65fb7893-f417-46ed-977f-af195b6e553f
05/25/26 15:50:39: Socket received request to stop server.
05/25/26 15:50:39: Dispatch Server: do_await_stop
05/25/26 15:50:39: SERVER: destructor for server bound to port 52404
05/25/26 15:50:39: Server exiting with status 0.
05/25/26 15:50:39: Closing log file.
