05/25/26 14:36:19: Running xcd server. This server was built by gradle.
05/25/26 14:36:19: Server was asked to start on port: '59369'
05/25/26 14:36:19: Server is using token UUID: 'e355724a-ed85-4ab4-a511-80086497f0bd'
05/25/26 14:36:19: SESSION_MGR: creating session with session uuid: '6d04a3e9-ade5-4ab9-8d63-1f78fcd2ec76' and name 'default'
05/25/26 14:36:19: Attempting to start server on port '59369'
05/25/26 14:36:19: Running Dispatch Server
05/25/26 14:36:19: Version 2.2.0
05/25/26 14:36:28: Dispatch Server: Accepted socket connection from client
05/25/26 14:36:28: Starting Socket connection
05/25/26 14:36:28: EXCHANGE_TOKEN received, server token: e355724a-ed85-4ab4-a511-80086497f0bd, passed token: e355724a-ed85-4ab4-a511-80086497f0bd
05/25/26 14:36:28: SESSION_MGR: creating session with session uuid: 'aaacfc09-0c8a-4a8e-9875-0f3a76bbe38b' and name 'vitis_hls'
05/25/26 14:36:28: KERNEL_SVC: creating session with uuid: 'aaacfc09-0c8a-4a8e-9875-0f3a76bbe38b' and name 'vitis_hls'
05/25/26 14:36:28: GUIDANCE_SMGR: creating guidance session with uuid: 'aaacfc09-0c8a-4a8e-9875-0f3a76bbe38b' and name 'vitis_hls'
05/25/26 14:36:34: STOP_SERVER received, server token: e355724a-ed85-4ab4-a511-80086497f0bd, passed token: e355724a-ed85-4ab4-a511-80086497f0bd
05/25/26 14:36:34: Socket received request to stop server.
05/25/26 14:36:34: Dispatch Server: do_await_stop
05/25/26 14:36:34: SERVER: destructor for server bound to port 59369
05/25/26 14:36:34: Server exiting with status 0.
05/25/26 14:36:34: Closing log file.
05/25/26 15:44:03: Running xcd server. This server was built by gradle.
05/25/26 15:44:03: Server was asked to start on port: '58977'
05/25/26 15:44:03: Server is using token UUID: 'f94bf1b6-8847-4bf7-8465-79410b21ad8a'
05/25/26 15:44:03: SESSION_MGR: creating session with session uuid: '6d04a3e9-ade5-4ab9-8d63-1f78fcd2ec76' and name 'default'
05/25/26 15:44:03: Attempting to start server on port '58977'
05/25/26 15:44:03: Running Dispatch Server
05/25/26 15:44:03: Version 2.2.0
05/25/26 15:44:11: Dispatch Server: Accepted socket connection from client
05/25/26 15:44:11: Starting Socket connection
05/25/26 15:44:11: EXCHANGE_TOKEN received, server token: f94bf1b6-8847-4bf7-8465-79410b21ad8a, passed token: f94bf1b6-8847-4bf7-8465-79410b21ad8a
05/25/26 15:44:11: SESSION_MGR: creating session with session uuid: '5352caad-61a2-4266-b4d8-9a3d9b61c55b' and name 'vitis_hls'
05/25/26 15:44:11: KERNEL_SVC: creating session with uuid: '5352caad-61a2-4266-b4d8-9a3d9b61c55b' and name 'vitis_hls'
05/25/26 15:44:11: GUIDANCE_SMGR: creating guidance session with uuid: '5352caad-61a2-4266-b4d8-9a3d9b61c55b' and name 'vitis_hls'
05/25/26 15:44:41: Dispatch Server: Accepted socket connection from client
05/25/26 15:44:41: Starting Socket connection
05/25/26 15:45:13: Dispatch Server: Accepted socket connection from client
05/25/26 15:45:13: Starting Socket connection
05/25/26 15:45:48: STOP_SERVER received, server token: f94bf1b6-8847-4bf7-8465-79410b21ad8a, passed token: f94bf1b6-8847-4bf7-8465-79410b21ad8a
05/25/26 15:45:48: Socket received request to stop server.
05/25/26 15:45:48: Dispatch Server: do_await_stop
05/25/26 15:45:48: SERVER: destructor for server bound to port 58977
05/25/26 15:45:48: Server exiting with status 0.
05/25/26 15:45:48: Closing log file.
