================================================================
== Vivado RTL Synthesis Results
================================================================
+ General Information:
    * Date:            Mon May 25 15:50:39 +0700 2026
    * Version:         2022.2 (Build 3670227 on Oct 13 2022)
    * Project:         matrix_mult_prj
    * Solution:        solution5 (Vivado IP Flow Target)
    * Product family:  zynq
    * Target device:   xc7z020-clg484-1


================================================================
== Run Constraints & Options
================================================================
+ Design Constraints & Options:
    * RTL Synthesis target clock:  5 ns
    * C-Synthesis target clock:    5 ns
    * C-Synthesis uncertainty:     27%

+ RTL Synthesis Options:
    * config_export -vivado_synth_strategy:     default
    * config_export -vivado_synth_design_args:  -directive sdx_optimization_effort_high

+ Reporting Options:
    * config_export -vivado_report_level:      2
    * config_export -vivado_max_timing_paths:  10


================================================================
== RTL Synthesis Resource Summary
================================================================
LUT:              633
FF:               1676
DSP:              123
BRAM:             0
URAM:             0
SRL:              0


================================================================
== RTL Synthesis Timing Summary
================================================================
* Timing was met
+------------+-------------+
| Timing     | Period (ns) |
+------------+-------------+
| Target     | 5.000       |
| Post-Route | 3.884       |
+------------+-------------+


================================================================
== RTL Synthesis Resources
================================================================
+-------------------------------------+-----+------+-----+------+------+-----+--------+-------+---------+--------------+--------------------+
| Name                                | LUT | FF   | DSP | BRAM | URAM | SRL | Pragma | Impl  | Latency | Variable     | Source             |
+-------------------------------------+-----+------+-----+------+------+-----+--------+-------+---------+--------------+--------------------+
| inst                                | 633 | 1676 | 123 |      |      |     |        |       |         |              |                    |
|   (inst)                            | 621 | 1676 | 42  |      |      |     |        |       |         |              |                    |
|   mac_muladd_8s_8s_16ns_16_4_1_U100 | 1   |      | 1   |      |      |     |        |       |         |              |                    |
|     bind_op mul                     |     |      |     |      |      |     |        | dsp48 | 3       | mul_ln16_67  | matrix_mult.cpp:16 |
|     bind_op add                     |     |      |     |      |      |     |        | dsp48 | 3       | add_ln16_54  | matrix_mult.cpp:16 |
|   mac_muladd_8s_8s_16ns_16_4_1_U105 |     |      | 1   |      |      |     |        |       |         |              |                    |
|     bind_op mul                     |     |      |     |      |      |     |        | dsp48 | 3       | mul_ln16_72  | matrix_mult.cpp:16 |
|     bind_op add                     |     |      |     |      |      |     |        | dsp48 | 3       | add_ln16_58  | matrix_mult.cpp:16 |
|   mac_muladd_8s_8s_16ns_16_4_1_U106 |     |      | 1   |      |      |     |        |       |         |              |                    |
|     bind_op mul                     |     |      |     |      |      |     |        | dsp48 | 3       | mul_ln16_77  | matrix_mult.cpp:16 |
|     bind_op add                     |     |      |     |      |      |     |        | dsp48 | 3       | add_ln16_62  | matrix_mult.cpp:16 |
|   mac_muladd_8s_8s_16ns_16_4_1_U109 |     |      | 1   |      |      |     |        |       |         |              |                    |
|     bind_op mul                     |     |      |     |      |      |     |        | dsp48 | 3       | mul_ln16_82  | matrix_mult.cpp:16 |
|     bind_op add                     |     |      |     |      |      |     |        | dsp48 | 3       | add_ln16_66  | matrix_mult.cpp:16 |
|   mac_muladd_8s_8s_16ns_16_4_1_U111 | 1   |      | 1   |      |      |     |        |       |         |              |                    |
|     bind_op mul                     |     |      |     |      |      |     |        | dsp48 | 3       | mul_ln16_87  | matrix_mult.cpp:16 |
|     bind_op add                     |     |      |     |      |      |     |        | dsp48 | 3       | add_ln16_70  | matrix_mult.cpp:16 |
|   mac_muladd_8s_8s_16ns_16_4_1_U113 |     |      | 1   |      |      |     |        |       |         |              |                    |
|     bind_op mul                     |     |      |     |      |      |     |        | dsp48 | 3       | mul_ln16_92  | matrix_mult.cpp:16 |
|     bind_op add                     |     |      |     |      |      |     |        | dsp48 | 3       | add_ln16_74  | matrix_mult.cpp:16 |
|   mac_muladd_8s_8s_16ns_16_4_1_U115 |     |      | 1   |      |      |     |        |       |         |              |                    |
|     bind_op mul                     |     |      |     |      |      |     |        | dsp48 | 3       | mul_ln16_97  | matrix_mult.cpp:16 |
|     bind_op add                     |     |      |     |      |      |     |        | dsp48 | 3       | add_ln16_78  | matrix_mult.cpp:16 |
|   mac_muladd_8s_8s_16ns_16_4_1_U119 |     |      | 1   |      |      |     |        |       |         |              |                    |
|     bind_op mul                     |     |      |     |      |      |     |        | dsp48 | 3       | mul_ln16_102 | matrix_mult.cpp:16 |
|     bind_op add                     |     |      |     |      |      |     |        | dsp48 | 3       | add_ln16_82  | matrix_mult.cpp:16 |
|   mac_muladd_8s_8s_16ns_16_4_1_U120 | 2   |      | 1   |      |      |     |        |       |         |              |                    |
|     bind_op mul                     |     |      |     |      |      |     |        | dsp48 | 3       | mul_ln16_107 | matrix_mult.cpp:16 |
|     bind_op add                     |     |      |     |      |      |     |        | dsp48 | 3       | add_ln16_86  | matrix_mult.cpp:16 |
|   mac_muladd_8s_8s_16ns_16_4_1_U121 |     |      | 1   |      |      |     |        |       |         |              |                    |
|     bind_op mul                     |     |      |     |      |      |     |        | dsp48 | 3       | mul_ln16_112 | matrix_mult.cpp:16 |
|     bind_op add                     |     |      |     |      |      |     |        | dsp48 | 3       | add_ln16_90  | matrix_mult.cpp:16 |
|   mac_muladd_8s_8s_16ns_16_4_1_U123 |     |      | 1   |      |      |     |        |       |         |              |                    |
|     bind_op mul                     |     |      |     |      |      |     |        | dsp48 | 3       | mul_ln16_117 | matrix_mult.cpp:16 |
|     bind_op add                     |     |      |     |      |      |     |        | dsp48 | 3       | add_ln16_94  | matrix_mult.cpp:16 |
|   mac_muladd_8s_8s_16ns_16_4_1_U125 | 1   |      | 1   |      |      |     |        |       |         |              |                    |
|     bind_op mul                     |     |      |     |      |      |     |        | dsp48 | 3       | mul_ln16_122 | matrix_mult.cpp:16 |
|     bind_op add                     |     |      |     |      |      |     |        | dsp48 | 3       | add_ln16_98  | matrix_mult.cpp:16 |
|   mac_muladd_8s_8s_16ns_16_4_1_U59  | 2   |      | 1   |      |      |     |        |       |         |              |                    |
|     bind_op mul                     |     |      |     |      |      |     |        | dsp48 | 3       | mul_ln16_2   | matrix_mult.cpp:16 |
|     bind_op add                     |     |      |     |      |      |     |        | dsp48 | 3       | add_ln16_2   | matrix_mult.cpp:16 |
|   mac_muladd_8s_8s_16ns_16_4_1_U60  |     |      | 1   |      |      |     |        |       |         |              |                    |
|     bind_op mul                     |     |      |     |      |      |     |        | dsp48 | 3       | mul_ln16_7   | matrix_mult.cpp:16 |
|     bind_op add                     |     |      |     |      |      |     |        | dsp48 | 3       | add_ln16_6   | matrix_mult.cpp:16 |
|   mac_muladd_8s_8s_16ns_16_4_1_U65  |     |      | 1   |      |      |     |        |       |         |              |                    |
|     bind_op mul                     |     |      |     |      |      |     |        | dsp48 | 3       | mul_ln16_12  | matrix_mult.cpp:16 |
|     bind_op add                     |     |      |     |      |      |     |        | dsp48 | 3       | add_ln16_10  | matrix_mult.cpp:16 |
|   mac_muladd_8s_8s_16ns_16_4_1_U66  | 2   |      | 1   |      |      |     |        |       |         |              |                    |
|     bind_op mul                     |     |      |     |      |      |     |        | dsp48 | 3       | mul_ln16_17  | matrix_mult.cpp:16 |
|     bind_op add                     |     |      |     |      |      |     |        | dsp48 | 3       | add_ln16_14  | matrix_mult.cpp:16 |
|   mac_muladd_8s_8s_16ns_16_4_1_U71  |     |      | 1   |      |      |     |        |       |         |              |                    |
|     bind_op mul                     |     |      |     |      |      |     |        | dsp48 | 3       | mul_ln16_22  | matrix_mult.cpp:16 |
|     bind_op add                     |     |      |     |      |      |     |        | dsp48 | 3       | add_ln16_18  | matrix_mult.cpp:16 |
|   mac_muladd_8s_8s_16ns_16_4_1_U72  |     |      | 1   |      |      |     |        |       |         |              |                    |
|     bind_op mul                     |     |      |     |      |      |     |        | dsp48 | 3       | mul_ln16_27  | matrix_mult.cpp:16 |
|     bind_op add                     |     |      |     |      |      |     |        | dsp48 | 3       | add_ln16_22  | matrix_mult.cpp:16 |
|   mac_muladd_8s_8s_16ns_16_4_1_U77  |     |      | 1   |      |      |     |        |       |         |              |                    |
|     bind_op mul                     |     |      |     |      |      |     |        | dsp48 | 3       | mul_ln16_32  | matrix_mult.cpp:16 |
|     bind_op add                     |     |      |     |      |      |     |        | dsp48 | 3       | add_ln16_26  | matrix_mult.cpp:16 |
|   mac_muladd_8s_8s_16ns_16_4_1_U78  |     |      | 1   |      |      |     |        |       |         |              |                    |
|     bind_op mul                     |     |      |     |      |      |     |        | dsp48 | 3       | mul_ln16_37  | matrix_mult.cpp:16 |
|     bind_op add                     |     |      |     |      |      |     |        | dsp48 | 3       | add_ln16_30  | matrix_mult.cpp:16 |
|   mac_muladd_8s_8s_16ns_16_4_1_U86  |     |      | 1   |      |      |     |        |       |         |              |                    |
|     bind_op mul                     |     |      |     |      |      |     |        | dsp48 | 3       | mul_ln16_42  | matrix_mult.cpp:16 |
|     bind_op add                     |     |      |     |      |      |     |        | dsp48 | 3       | add_ln16_34  | matrix_mult.cpp:16 |
|   mac_muladd_8s_8s_16ns_16_4_1_U87  | 1   |      | 1   |      |      |     |        |       |         |              |                    |
|     bind_op mul                     |     |      |     |      |      |     |        | dsp48 | 3       | mul_ln16_47  | matrix_mult.cpp:16 |
|     bind_op add                     |     |      |     |      |      |     |        | dsp48 | 3       | add_ln16_38  | matrix_mult.cpp:16 |
|   mac_muladd_8s_8s_16ns_16_4_1_U93  |     |      | 1   |      |      |     |        |       |         |              |                    |
|     bind_op mul                     |     |      |     |      |      |     |        | dsp48 | 3       | mul_ln16_52  | matrix_mult.cpp:16 |
|     bind_op add                     |     |      |     |      |      |     |        | dsp48 | 3       | add_ln16_42  | matrix_mult.cpp:16 |
|   mac_muladd_8s_8s_16ns_16_4_1_U94  |     |      | 1   |      |      |     |        |       |         |              |                    |
|     bind_op mul                     |     |      |     |      |      |     |        | dsp48 | 3       | mul_ln16_57  | matrix_mult.cpp:16 |
|     bind_op add                     |     |      |     |      |      |     |        | dsp48 | 3       | add_ln16_46  | matrix_mult.cpp:16 |
|   mac_muladd_8s_8s_16ns_16_4_1_U99  |     |      | 1   |      |      |     |        |       |         |              |                    |
|     bind_op mul                     |     |      |     |      |      |     |        | dsp48 | 3       | mul_ln16_62  | matrix_mult.cpp:16 |
|     bind_op add                     |     |      |     |      |      |     |        | dsp48 | 3       | add_ln16_50  | matrix_mult.cpp:16 |
|   mac_muladd_8s_8s_16s_16_4_1_U101  |     |      | 1   |      |      |     |        |       |         |              |                    |
|     bind_op mul                     |     |      |     |      |      |     |        | dsp48 | 3       | mul_ln16_55  | matrix_mult.cpp:16 |
|     bind_op add                     |     |      |     |      |      |     |        | dsp48 | 3       | add_ln16_44  | matrix_mult.cpp:16 |
|   mac_muladd_8s_8s_16s_16_4_1_U102  |     |      | 1   |      |      |     |        |       |         |              |                    |
|     bind_op mul                     |     |      |     |      |      |     |        | dsp48 | 3       | mul_ln16_60  | matrix_mult.cpp:16 |
|     bind_op add                     |     |      |     |      |      |     |        | dsp48 | 3       | add_ln16_48  | matrix_mult.cpp:16 |
|   mac_muladd_8s_8s_16s_16_4_1_U103  |     |      | 1   |      |      |     |        |       |         |              |                    |
|     bind_op mul                     |     |      |     |      |      |     |        | dsp48 | 3       | mul_ln16_65  | matrix_mult.cpp:16 |
|     bind_op add                     |     |      |     |      |      |     |        | dsp48 | 3       | add_ln16_52  | matrix_mult.cpp:16 |
|   mac_muladd_8s_8s_16s_16_4_1_U104  |     |      | 1   |      |      |     |        |       |         |              |                    |
|     bind_op mul                     |     |      |     |      |      |     |        | dsp48 | 3       | mul_ln16_70  | matrix_mult.cpp:16 |
|     bind_op add                     |     |      |     |      |      |     |        | dsp48 | 3       | add_ln16_56  | matrix_mult.cpp:16 |
|   mac_muladd_8s_8s_16s_16_4_1_U107  |     |      | 1   |      |      |     |        |       |         |              |                    |
|     bind_op mul                     |     |      |     |      |      |     |        | dsp48 | 3       | mul_ln16_75  | matrix_mult.cpp:16 |
|     bind_op add                     |     |      |     |      |      |     |        | dsp48 | 3       | add_ln16_60  | matrix_mult.cpp:16 |
|   mac_muladd_8s_8s_16s_16_4_1_U108  |     |      | 1   |      |      |     |        |       |         |              |                    |
|     bind_op mul                     |     |      |     |      |      |     |        | dsp48 | 3       | mul_ln16_80  | matrix_mult.cpp:16 |
|     bind_op add                     |     |      |     |      |      |     |        | dsp48 | 3       | add_ln16_64  | matrix_mult.cpp:16 |
|   mac_muladd_8s_8s_16s_16_4_1_U110  |     |      | 1   |      |      |     |        |       |         |              |                    |
|     bind_op mul                     |     |      |     |      |      |     |        | dsp48 | 3       | mul_ln16_85  | matrix_mult.cpp:16 |
|     bind_op add                     |     |      |     |      |      |     |        | dsp48 | 3       | add_ln16_68  | matrix_mult.cpp:16 |
|   mac_muladd_8s_8s_16s_16_4_1_U112  |     |      | 1   |      |      |     |        |       |         |              |                    |
|     bind_op mul                     |     |      |     |      |      |     |        | dsp48 | 3       | mul_ln16_90  | matrix_mult.cpp:16 |
|     bind_op add                     |     |      |     |      |      |     |        | dsp48 | 3       | add_ln16_72  | matrix_mult.cpp:16 |
|   mac_muladd_8s_8s_16s_16_4_1_U114  |     |      | 1   |      |      |     |        |       |         |              |                    |
|     bind_op mul                     |     |      |     |      |      |     |        | dsp48 | 3       | mul_ln16_95  | matrix_mult.cpp:16 |
|     bind_op add                     |     |      |     |      |      |     |        | dsp48 | 3       | add_ln16_76  | matrix_mult.cpp:16 |
|   mac_muladd_8s_8s_16s_16_4_1_U116  |     |      | 1   |      |      |     |        |       |         |              |                    |
|     bind_op mul                     |     |      |     |      |      |     |        | dsp48 | 3       | mul_ln16_100 | matrix_mult.cpp:16 |
|     bind_op add                     |     |      |     |      |      |     |        | dsp48 | 3       | add_ln16_80  | matrix_mult.cpp:16 |
|   mac_muladd_8s_8s_16s_16_4_1_U117  |     |      | 1   |      |      |     |        |       |         |              |                    |
|     bind_op mul                     |     |      |     |      |      |     |        | dsp48 | 3       | mul_ln16_105 | matrix_mult.cpp:16 |
|     bind_op add                     |     |      |     |      |      |     |        | dsp48 | 3       | add_ln16_84  | matrix_mult.cpp:16 |
|   mac_muladd_8s_8s_16s_16_4_1_U118  |     |      | 1   |      |      |     |        |       |         |              |                    |
|     bind_op mul                     |     |      |     |      |      |     |        | dsp48 | 3       | mul_ln16_110 | matrix_mult.cpp:16 |
|     bind_op add                     |     |      |     |      |      |     |        | dsp48 | 3       | add_ln16_88  | matrix_mult.cpp:16 |
|   mac_muladd_8s_8s_16s_16_4_1_U122  |     |      | 1   |      |      |     |        |       |         |              |                    |
|     bind_op mul                     |     |      |     |      |      |     |        | dsp48 | 3       | mul_ln16_115 | matrix_mult.cpp:16 |
|     bind_op add                     |     |      |     |      |      |     |        | dsp48 | 3       | add_ln16_92  | matrix_mult.cpp:16 |
|   mac_muladd_8s_8s_16s_16_4_1_U124  |     |      | 1   |      |      |     |        |       |         |              |                    |
|     bind_op mul                     |     |      |     |      |      |     |        | dsp48 | 3       | mul_ln16_120 | matrix_mult.cpp:16 |
|     bind_op add                     |     |      |     |      |      |     |        | dsp48 | 3       | add_ln16_96  | matrix_mult.cpp:16 |
|   mac_muladd_8s_8s_16s_16_4_1_U51   |     |      | 1   |      |      |     |        |       |         |              |                    |
|     bind_op mul                     |     |      |     |      |      |     |        | dsp48 | 3       | mul_ln16_4   | matrix_mult.cpp:16 |
|     bind_op add                     |     |      |     |      |      |     |        | dsp48 | 3       | add_ln16_1   | matrix_mult.cpp:16 |
|   mac_muladd_8s_8s_16s_16_4_1_U52   |     |      | 1   |      |      |     |        |       |         |              |                    |
|     bind_op mul                     |     |      |     |      |      |     |        | dsp48 | 3       | mul_ln16_9   | matrix_mult.cpp:16 |
|     bind_op add                     |     |      |     |      |      |     |        | dsp48 | 3       | add_ln16_5   | matrix_mult.cpp:16 |
|   mac_muladd_8s_8s_16s_16_4_1_U53   |     |      | 1   |      |      |     |        |       |         |              |                    |
|     bind_op mul                     |     |      |     |      |      |     |        | dsp48 | 3       | mul_ln16_29  | matrix_mult.cpp:16 |
|     bind_op add                     |     |      |     |      |      |     |        | dsp48 | 3       | add_ln16_21  | matrix_mult.cpp:16 |
|   mac_muladd_8s_8s_16s_16_4_1_U54   | 1   |      | 1   |      |      |     |        |       |         |              |                    |
|     bind_op mul                     |     |      |     |      |      |     |        | dsp48 | 3       | mul_ln16_34  | matrix_mult.cpp:16 |
|     bind_op add                     |     |      |     |      |      |     |        | dsp48 | 3       | add_ln16_25  | matrix_mult.cpp:16 |
|   mac_muladd_8s_8s_16s_16_4_1_U55   |     |      | 1   |      |      |     |        |       |         |              |                    |
|     bind_op mul                     |     |      |     |      |      |     |        | dsp48 | 3       | mul_ln16_14  | matrix_mult.cpp:16 |
|     bind_op add                     |     |      |     |      |      |     |        | dsp48 | 3       | add_ln16_9   | matrix_mult.cpp:16 |
|   mac_muladd_8s_8s_16s_16_4_1_U56   |     |      | 1   |      |      |     |        |       |         |              |                    |
|     bind_op mul                     |     |      |     |      |      |     |        | dsp48 | 3       | mul_ln16_19  | matrix_mult.cpp:16 |
|     bind_op add                     |     |      |     |      |      |     |        | dsp48 | 3       | add_ln16_13  | matrix_mult.cpp:16 |
|   mac_muladd_8s_8s_16s_16_4_1_U57   |     |      | 1   |      |      |     |        |       |         |              |                    |
|     bind_op mul                     |     |      |     |      |      |     |        | dsp48 | 3       | mul_ln16_39  | matrix_mult.cpp:16 |
|     bind_op add                     |     |      |     |      |      |     |        | dsp48 | 3       | add_ln16_29  | matrix_mult.cpp:16 |
|   mac_muladd_8s_8s_16s_16_4_1_U58   |     |      | 1   |      |      |     |        |       |         |              |                    |
|     bind_op mul                     |     |      |     |      |      |     |        | dsp48 | 3       | mul_ln16_44  | matrix_mult.cpp:16 |
|     bind_op add                     |     |      |     |      |      |     |        | dsp48 | 3       | add_ln16_33  | matrix_mult.cpp:16 |
|   mac_muladd_8s_8s_16s_16_4_1_U61   |     |      | 1   |      |      |     |        |       |         |              |                    |
|     bind_op mul                     |     |      |     |      |      |     |        | dsp48 | 3       | mul_ln16_24  | matrix_mult.cpp:16 |
|     bind_op add                     |     |      |     |      |      |     |        | dsp48 | 3       | add_ln16_17  | matrix_mult.cpp:16 |
|   mac_muladd_8s_8s_16s_16_4_1_U62   |     |      | 1   |      |      |     |        |       |         |              |                    |
|     bind_op mul                     |     |      |     |      |      |     |        | dsp48 | 3       | mul_ln16_49  | matrix_mult.cpp:16 |
|     bind_op add                     |     |      |     |      |      |     |        | dsp48 | 3       | add_ln16_37  | matrix_mult.cpp:16 |
|   mac_muladd_8s_8s_16s_16_4_1_U63   |     |      | 1   |      |      |     |        |       |         |              |                    |
|     bind_op mul                     |     |      |     |      |      |     |        | dsp48 | 3       | mul_ln16_54  | matrix_mult.cpp:16 |
|     bind_op add                     |     |      |     |      |      |     |        | dsp48 | 3       | add_ln16_41  | matrix_mult.cpp:16 |
|   mac_muladd_8s_8s_16s_16_4_1_U64   |     |      | 1   |      |      |     |        |       |         |              |                    |
|     bind_op mul                     |     |      |     |      |      |     |        | dsp48 | 3       | mul_ln16_59  | matrix_mult.cpp:16 |
|     bind_op add                     |     |      |     |      |      |     |        | dsp48 | 3       | add_ln16_45  | matrix_mult.cpp:16 |
|   mac_muladd_8s_8s_16s_16_4_1_U67   |     |      | 1   |      |      |     |        |       |         |              |                    |
|     bind_op mul                     |     |      |     |      |      |     |        | dsp48 | 3       | mul_ln16_64  | matrix_mult.cpp:16 |
|     bind_op add                     |     |      |     |      |      |     |        | dsp48 | 3       | add_ln16_49  | matrix_mult.cpp:16 |
|   mac_muladd_8s_8s_16s_16_4_1_U68   |     |      | 1   |      |      |     |        |       |         |              |                    |
|     bind_op mul                     |     |      |     |      |      |     |        | dsp48 | 3       | mul_ln16_69  | matrix_mult.cpp:16 |
|     bind_op add                     |     |      |     |      |      |     |        | dsp48 | 3       | add_ln16_53  | matrix_mult.cpp:16 |
|   mac_muladd_8s_8s_16s_16_4_1_U69   |     |      | 1   |      |      |     |        |       |         |              |                    |
|     bind_op mul                     |     |      |     |      |      |     |        | dsp48 | 3       | mul_ln16_74  | matrix_mult.cpp:16 |
|     bind_op add                     |     |      |     |      |      |     |        | dsp48 | 3       | add_ln16_57  | matrix_mult.cpp:16 |
|   mac_muladd_8s_8s_16s_16_4_1_U70   |     |      | 1   |      |      |     |        |       |         |              |                    |
|     bind_op mul                     |     |      |     |      |      |     |        | dsp48 | 3       | mul_ln16_79  | matrix_mult.cpp:16 |
|     bind_op add                     |     |      |     |      |      |     |        | dsp48 | 3       | add_ln16_61  | matrix_mult.cpp:16 |
|   mac_muladd_8s_8s_16s_16_4_1_U73   |     |      | 1   |      |      |     |        |       |         |              |                    |
|     bind_op mul                     |     |      |     |      |      |     |        | dsp48 | 3       | mul_ln16_84  | matrix_mult.cpp:16 |
|     bind_op add                     |     |      |     |      |      |     |        | dsp48 | 3       | add_ln16_65  | matrix_mult.cpp:16 |
|   mac_muladd_8s_8s_16s_16_4_1_U74   |     |      | 1   |      |      |     |        |       |         |              |                    |
|     bind_op mul                     |     |      |     |      |      |     |        | dsp48 | 3       | mul_ln16_89  | matrix_mult.cpp:16 |
|     bind_op add                     |     |      |     |      |      |     |        | dsp48 | 3       | add_ln16_69  | matrix_mult.cpp:16 |
|   mac_muladd_8s_8s_16s_16_4_1_U75   |     |      | 1   |      |      |     |        |       |         |              |                    |
|     bind_op mul                     |     |      |     |      |      |     |        | dsp48 | 3       | mul_ln16_94  | matrix_mult.cpp:16 |
|     bind_op add                     |     |      |     |      |      |     |        | dsp48 | 3       | add_ln16_73  | matrix_mult.cpp:16 |
|   mac_muladd_8s_8s_16s_16_4_1_U76   |     |      | 1   |      |      |     |        |       |         |              |                    |
|     bind_op mul                     |     |      |     |      |      |     |        | dsp48 | 3       | mul_ln16_99  | matrix_mult.cpp:16 |
|     bind_op add                     |     |      |     |      |      |     |        | dsp48 | 3       | add_ln16_77  | matrix_mult.cpp:16 |
|   mac_muladd_8s_8s_16s_16_4_1_U79   |     |      | 1   |      |      |     |        |       |         |              |                    |
|     bind_op mul                     |     |      |     |      |      |     |        | dsp48 | 3       | mul_ln16_104 | matrix_mult.cpp:16 |
|     bind_op add                     |     |      |     |      |      |     |        | dsp48 | 3       | add_ln16_81  | matrix_mult.cpp:16 |
|   mac_muladd_8s_8s_16s_16_4_1_U80   |     |      | 1   |      |      |     |        |       |         |              |                    |
|     bind_op mul                     |     |      |     |      |      |     |        | dsp48 | 3       | mul_ln16_109 | matrix_mult.cpp:16 |
|     bind_op add                     |     |      |     |      |      |     |        | dsp48 | 3       | add_ln16_85  | matrix_mult.cpp:16 |
|   mac_muladd_8s_8s_16s_16_4_1_U81   |     |      | 1   |      |      |     |        |       |         |              |                    |
|     bind_op mul                     |     |      |     |      |      |     |        | dsp48 | 3       | mul_ln16_114 | matrix_mult.cpp:16 |
|     bind_op add                     |     |      |     |      |      |     |        | dsp48 | 3       | add_ln16_89  | matrix_mult.cpp:16 |
|   mac_muladd_8s_8s_16s_16_4_1_U82   |     |      | 1   |      |      |     |        |       |         |              |                    |
|     bind_op mul                     |     |      |     |      |      |     |        | dsp48 | 3       | mul_ln16_119 | matrix_mult.cpp:16 |
|     bind_op add                     |     |      |     |      |      |     |        | dsp48 | 3       | add_ln16_93  | matrix_mult.cpp:16 |
|   mac_muladd_8s_8s_16s_16_4_1_U83   |     |      | 1   |      |      |     |        |       |         |              |                    |
|     bind_op mul                     |     |      |     |      |      |     |        | dsp48 | 3       | mul_ln16     | matrix_mult.cpp:16 |
|     bind_op add                     |     |      |     |      |      |     |        | dsp48 | 3       | add_ln16     | matrix_mult.cpp:16 |
|   mac_muladd_8s_8s_16s_16_4_1_U84   |     |      | 1   |      |      |     |        |       |         |              |                    |
|     bind_op mul                     |     |      |     |      |      |     |        | dsp48 | 3       | mul_ln16_5   | matrix_mult.cpp:16 |
|     bind_op add                     |     |      |     |      |      |     |        | dsp48 | 3       | add_ln16_4   | matrix_mult.cpp:16 |
|   mac_muladd_8s_8s_16s_16_4_1_U85   |     |      | 1   |      |      |     |        |       |         |              |                    |
|     bind_op mul                     |     |      |     |      |      |     |        | dsp48 | 3       | mul_ln16_10  | matrix_mult.cpp:16 |
|     bind_op add                     |     |      |     |      |      |     |        | dsp48 | 3       | add_ln16_8   | matrix_mult.cpp:16 |
|   mac_muladd_8s_8s_16s_16_4_1_U88   |     |      | 1   |      |      |     |        |       |         |              |                    |
|     bind_op mul                     |     |      |     |      |      |     |        | dsp48 | 3       | mul_ln16_124 | matrix_mult.cpp:16 |
|     bind_op add                     |     |      |     |      |      |     |        | dsp48 | 3       | add_ln16_97  | matrix_mult.cpp:16 |
|   mac_muladd_8s_8s_16s_16_4_1_U89   |     |      | 1   |      |      |     |        |       |         |              |                    |
|     bind_op mul                     |     |      |     |      |      |     |        | dsp48 | 3       | mul_ln16_15  | matrix_mult.cpp:16 |
|     bind_op add                     |     |      |     |      |      |     |        | dsp48 | 3       | add_ln16_12  | matrix_mult.cpp:16 |
|   mac_muladd_8s_8s_16s_16_4_1_U90   |     |      | 1   |      |      |     |        |       |         |              |                    |
|     bind_op mul                     |     |      |     |      |      |     |        | dsp48 | 3       | mul_ln16_20  | matrix_mult.cpp:16 |
|     bind_op add                     |     |      |     |      |      |     |        | dsp48 | 3       | add_ln16_16  | matrix_mult.cpp:16 |
|   mac_muladd_8s_8s_16s_16_4_1_U91   |     |      | 1   |      |      |     |        |       |         |              |                    |
|     bind_op mul                     |     |      |     |      |      |     |        | dsp48 | 3       | mul_ln16_25  | matrix_mult.cpp:16 |
|     bind_op add                     |     |      |     |      |      |     |        | dsp48 | 3       | add_ln16_20  | matrix_mult.cpp:16 |
|   mac_muladd_8s_8s_16s_16_4_1_U92   |     |      | 1   |      |      |     |        |       |         |              |                    |
|     bind_op mul                     |     |      |     |      |      |     |        | dsp48 | 3       | mul_ln16_30  | matrix_mult.cpp:16 |
|     bind_op add                     |     |      |     |      |      |     |        | dsp48 | 3       | add_ln16_24  | matrix_mult.cpp:16 |
|   mac_muladd_8s_8s_16s_16_4_1_U95   |     |      | 1   |      |      |     |        |       |         |              |                    |
|     bind_op mul                     |     |      |     |      |      |     |        | dsp48 | 3       | mul_ln16_35  | matrix_mult.cpp:16 |
|     bind_op add                     |     |      |     |      |      |     |        | dsp48 | 3       | add_ln16_28  | matrix_mult.cpp:16 |
|   mac_muladd_8s_8s_16s_16_4_1_U96   |     |      | 1   |      |      |     |        |       |         |              |                    |
|     bind_op mul                     |     |      |     |      |      |     |        | dsp48 | 3       | mul_ln16_40  | matrix_mult.cpp:16 |
|     bind_op add                     |     |      |     |      |      |     |        | dsp48 | 3       | add_ln16_32  | matrix_mult.cpp:16 |
|   mac_muladd_8s_8s_16s_16_4_1_U97   |     |      | 1   |      |      |     |        |       |         |              |                    |
|     bind_op mul                     |     |      |     |      |      |     |        | dsp48 | 3       | mul_ln16_45  | matrix_mult.cpp:16 |
|     bind_op add                     |     |      |     |      |      |     |        | dsp48 | 3       | add_ln16_36  | matrix_mult.cpp:16 |
|   mac_muladd_8s_8s_16s_16_4_1_U98   |     |      | 1   |      |      |     |        |       |         |              |                    |
|     bind_op mul                     |     |      |     |      |      |     |        | dsp48 | 3       | mul_ln16_50  | matrix_mult.cpp:16 |
|     bind_op add                     |     |      |     |      |      |     |        | dsp48 | 3       | add_ln16_40  | matrix_mult.cpp:16 |
|   mul_8s_8s_16_3_1_U37              |     |      | 1   |      |      |     |        |       |         |              |                    |
|     bind_op mul                     |     |      |     |      |      |     |        | dsp   | 2       | mul_ln16_56  | matrix_mult.cpp:16 |
|   mul_8s_8s_16_3_1_U38              |     |      | 1   |      |      |     |        |       |         |              |                    |
|     bind_op mul                     |     |      |     |      |      |     |        | dsp   | 2       | mul_ln16_61  | matrix_mult.cpp:16 |
|   mul_8s_8s_16_3_1_U39              |     |      | 1   |      |      |     |        |       |         |              |                    |
|     bind_op mul                     |     |      |     |      |      |     |        | dsp   | 2       | mul_ln16_66  | matrix_mult.cpp:16 |
|   mul_8s_8s_16_3_1_U40              |     |      | 1   |      |      |     |        |       |         |              |                    |
|     bind_op mul                     |     |      |     |      |      |     |        | dsp   | 2       | mul_ln16_71  | matrix_mult.cpp:16 |
|   mul_8s_8s_16_3_1_U6               | 1   |      | 1   |      |      |     |        |       |         |              |                    |
|     bind_op mul                     |     |      |     |      |      |     |        | dsp   | 2       | mul_ln16_18  | matrix_mult.cpp:16 |
|   mul_8s_8s_16_3_1_U8               |     |      | 1   |      |      |     |        |       |         |              |                    |
|     bind_op mul                     |     |      |     |      |      |     |        | dsp   | 2       | mul_ln16_43  | matrix_mult.cpp:16 |
+-------------------------------------+-----+------+-----+------+------+-----+--------+-------+---------+--------------+--------------------+


================================================================
== RTL Synthesis Fail Fast
================================================================
+-----------------------------------------------------------+-----------+--------+--------+
| Criteria                                                  | Guideline | Actual | Status |
+-----------------------------------------------------------+-----------+--------+--------+
| LUT                                                       | 70%       | 1.19%  | OK     |
| FD                                                        | 50%       | 1.58%  | OK     |
| LUTRAM+SRL                                                | 25%       | 0.00%  | OK     |
| MUXF7                                                     | 15%       | 0.00%  | OK     |
| DSP                                                       | 80%       | 55.91% | OK     |
| RAMB/FIFO                                                 | 80%       | 0.00%  | OK     |
| DSP+RAMB+URAM (Avg)                                       | 70%       | 55.91% | OK     |
| BUFGCE* + BUFGCTRL                                        | 24        | 0      | OK     |
| DONT_TOUCH (cells/nets)                                   | 0         | 0      | OK     |
| MARK_DEBUG (nets)                                         | 0         | 0      | OK     |
| Control Sets                                              | 998       | 28     | OK     |
| Average Fanout for modules > 100k cells                   | 4         | 0      | OK     |
| Non-FD high fanout nets > 10k loads                       | 0         | 0      | OK     |
+-----------------------------------------------------------+-----------+--------+--------+
| TIMING-6 (No common primary clock between related clocks) | 0         | 0      | OK     |
| TIMING-7 (No common node between related clocks)          | 0         | 0      | OK     |
| TIMING-8 (No common period between related clocks)        | 0         | 0      | OK     |
| TIMING-14 (LUT on the clock tree)                         | 0         | 0      | OK     |
| TIMING-35 (No common node in paths with the same clock)   | 0         | 0      | OK     |
+-----------------------------------------------------------+-----------+--------+--------+
| Number of paths above max LUT budgeting (0.575ns)         | 0         | 0      | OK     |
| Number of paths above max Net budgeting (0.403ns)         | 0         | 0      | OK     |
+-----------------------------------------------------------+-----------+--------+--------+


================================================================
== RTL Synthesis Timing Paths
================================================================
* Timing was met
+-------+-------+--------------------+--------------------------------------------------------------------------------------------------+--------------+------------+----------------+----------------+--------------+
| Path  | SLACK | STARTPOINT PIN     | ENDPOINT PIN                                                                                     | LOGIC LEVELS | MAX FANOUT | DATAPATH DELAY | DATAPATH LOGIC | DATAPATH NET |
|       |       |                    |                                                                                                  |              |            |                |          DELAY |        DELAY |
+-------+-------+--------------------+--------------------------------------------------------------------------------------------------+--------------+------------+----------------+----------------+--------------+
| Path1 | 1.719 | ap_CS_fsm_reg[1]/C | mul_8s_8s_16_3_1_U8/buff0_reg/CEB1                                                               |            1 |        126 |          2.683 |          0.813 |        1.870 |
| Path2 | 1.719 | ap_CS_fsm_reg[1]/C | mul_ln16_33_reg_1956_reg/CEB1                                                                    |            1 |        126 |          2.683 |          0.813 |        1.870 |
| Path3 | 1.719 | ap_CS_fsm_reg[1]/C | mul_ln16_8_reg_1919_reg/CEB1                                                                     |            1 |        126 |          2.683 |          0.813 |        1.870 |
| Path4 | 1.736 | ap_CS_fsm_reg[1]/C | mul_8s_8s_16_3_1_U6/buff0_reg/CEA1                                                               |            1 |        126 |          2.683 |          0.813 |        1.870 |
| Path5 | 1.874 | ap_CS_fsm_reg[3]/C | mac_muladd_8s_8s_16s_16_4_1_U54/matrix_mult_mac_muladd_8s_8s_16s_16_4_1_DSP48_0_U/p_reg_reg/CEB1 |            1 |        148 |          2.528 |          0.813 |        1.715 |
+-------+-------+--------------------+--------------------------------------------------------------------------------------------------+--------------+------------+----------------+----------------+--------------+

    +------------------------------------+----------------------+
    | Path1 Cells                        | Primitive Type       |
    +------------------------------------+----------------------+
    | ap_CS_fsm_reg[1]                   | FLOP_LATCH.flop.FDRE |
    | mul_8s_8s_16_3_1_U6/reg_602[6]_i_1 | LUT.others.LUT6      |
    | mul_8s_8s_16_3_1_U8/buff0_reg      | MULT.dsp.DSP48E1     |
    +------------------------------------+----------------------+

    +------------------------------------+----------------------+
    | Path2 Cells                        | Primitive Type       |
    +------------------------------------+----------------------+
    | ap_CS_fsm_reg[1]                   | FLOP_LATCH.flop.FDRE |
    | mul_8s_8s_16_3_1_U6/reg_602[6]_i_1 | LUT.others.LUT6      |
    | mul_ln16_33_reg_1956_reg           | MULT.dsp.DSP48E1     |
    +------------------------------------+----------------------+

    +------------------------------------+----------------------+
    | Path3 Cells                        | Primitive Type       |
    +------------------------------------+----------------------+
    | ap_CS_fsm_reg[1]                   | FLOP_LATCH.flop.FDRE |
    | mul_8s_8s_16_3_1_U6/reg_602[6]_i_1 | LUT.others.LUT6      |
    | mul_ln16_8_reg_1919_reg            | MULT.dsp.DSP48E1     |
    +------------------------------------+----------------------+

    +------------------------------------+----------------------+
    | Path4 Cells                        | Primitive Type       |
    +------------------------------------+----------------------+
    | ap_CS_fsm_reg[1]                   | FLOP_LATCH.flop.FDRE |
    | mul_8s_8s_16_3_1_U6/reg_602[6]_i_1 | LUT.others.LUT6      |
    | mul_8s_8s_16_3_1_U6/buff0_reg      | MULT.dsp.DSP48E1     |
    +------------------------------------+----------------------+

    +--------------------------------------------------------------------------------------------------+----------------------+
    | Path5 Cells                                                                                      | Primitive Type       |
    +--------------------------------------------------------------------------------------------------+----------------------+
    | ap_CS_fsm_reg[3]                                                                                 | FLOP_LATCH.flop.FDRE |
    | mac_muladd_8s_8s_16s_16_4_1_U54/matrix_mult_mac_muladd_8s_8s_16s_16_4_1_DSP48_0_U/reg_614[6]_i_1 | LUT.others.LUT5      |
    | mac_muladd_8s_8s_16s_16_4_1_U54/matrix_mult_mac_muladd_8s_8s_16s_16_4_1_DSP48_0_U/p_reg_reg      | MULT.dsp.DSP48E1     |
    +--------------------------------------------------------------------------------------------------+----------------------+


================================================================
== RTL Synthesis Vivado Reports
================================================================
+--------------------------+--------------------------------------------------------------------+
| Report Type              | Report Location                                                    |
+--------------------------+--------------------------------------------------------------------+
| design_analysis          | impl/verilog/report/matrix_mult_design_analysis_synth.rpt          |
| failfast                 | impl/verilog/report/matrix_mult_failfast_synth.rpt                 |
| timing                   | impl/verilog/report/matrix_mult_timing_synth.rpt                   |
| timing_paths             | impl/verilog/report/matrix_mult_timing_paths_synth.rpt             |
| utilization              | impl/verilog/report/matrix_mult_utilization_synth.rpt              |
| utilization_hierarchical | impl/verilog/report/matrix_mult_utilization_hierarchical_synth.rpt |
+--------------------------+--------------------------------------------------------------------+


