================================================================
== Vivado RTL Synthesis Results
================================================================
+ General Information:
    * Date:            Fri May 29 08:00:49 +0700 2026
    * Version:         2022.2 (Build 3670227 on Oct 13 2022)
    * Project:         matrix_mult_prj
    * Solution:        solution2 (Vivado IP Flow Target)
    * Product family:  zynq
    * Target device:   xc7z020-clg484-1


================================================================
== Run Constraints & Options
================================================================
+ Design Constraints & Options:
    * RTL Synthesis target clock:  5 ns
    * C-Synthesis target clock:    5 ns
    * C-Synthesis uncertainty:     27%

+ RTL Synthesis Options:
    * config_export -vivado_synth_strategy:     default
    * config_export -vivado_synth_design_args:  -directive sdx_optimization_effort_high

+ Reporting Options:
    * config_export -vivado_report_level:      2
    * config_export -vivado_max_timing_paths:  10


================================================================
== RTL Synthesis Resource Summary
================================================================
LUT:              89
FF:               117
DSP:              1
BRAM:             0
URAM:             0
SRL:              5


================================================================
== RTL Synthesis Timing Summary
================================================================
* Timing was met
+------------+-------------+
| Timing     | Period (ns) |
+------------+-------------+
| Target     | 5.000       |
| Post-Route | 4.228       |
+------------+-------------+


================================================================
== RTL Synthesis Resources
================================================================
+-----------------------------------+-----+-----+-----+------+------+-----+--------+-------+---------+----------+--------------------+
| Name                              | LUT | FF  | DSP | BRAM | URAM | SRL | Pragma | Impl  | Latency | Variable | Source             |
+-----------------------------------+-----+-----+-----+------+------+-----+--------+-------+---------+----------+--------------------+
| inst                              | 89  | 117 | 1   |      |      |     |        |       |         |          |                    |
|   (inst)                          | 48  | 116 |     |      |      |     |        |       |         |          |                    |
|   flow_control_loop_pipe_U        | 25  | 1   |     |      |      |     |        |       |         |          |                    |
|   mac_muladd_8s_8s_16ns_16_4_1_U1 | 16  |     | 1   |      |      |     |        |       |         |          |                    |
|     bind_op mul                   |     |     |     |      |      |     |        | dsp48 | 3       | mul_ln16 | matrix_mult.cpp:16 |
|     bind_op add                   |     |     |     |      |      |     |        | dsp48 | 3       | add_ln16 | matrix_mult.cpp:16 |
+-----------------------------------+-----+-----+-----+------+------+-----+--------+-------+---------+----------+--------------------+


================================================================
== RTL Synthesis Fail Fast
================================================================
+-----------------------------------------------------------+-----------+--------+--------+
| Criteria                                                  | Guideline | Actual | Status |
+-----------------------------------------------------------+-----------+--------+--------+
| LUT                                                       | 70%       | 0.17%  | OK     |
| FD                                                        | 50%       | 0.11%  | OK     |
| LUTRAM+SRL                                                | 25%       | 0.03%  | OK     |
| MUXF7                                                     | 15%       | 0.00%  | OK     |
| DSP                                                       | 80%       | 0.45%  | OK     |
| RAMB/FIFO                                                 | 80%       | 0.00%  | OK     |
| DSP+RAMB+URAM (Avg)                                       | 70%       | 0.45%  | OK     |
| BUFGCE* + BUFGCTRL                                        | 24        | 0      | OK     |
| DONT_TOUCH (cells/nets)                                   | 0         | 0      | OK     |
| MARK_DEBUG (nets)                                         | 0         | 0      | OK     |
| Control Sets                                              | 998       | 12     | OK     |
| Average Fanout for modules > 100k cells                   | 4         | 0      | OK     |
| Non-FD high fanout nets > 10k loads                       | 0         | 0      | OK     |
+-----------------------------------------------------------+-----------+--------+--------+
| TIMING-6 (No common primary clock between related clocks) | 0         | 0      | OK     |
| TIMING-7 (No common node between related clocks)          | 0         | 0      | OK     |
| TIMING-8 (No common period between related clocks)        | 0         | 0      | OK     |
| TIMING-14 (LUT on the clock tree)                         | 0         | 0      | OK     |
| TIMING-35 (No common node in paths with the same clock)   | 0         | 0      | OK     |
+-----------------------------------------------------------+-----------+--------+--------+
| Number of paths above max LUT budgeting (0.575ns)         | 0         | 0      | OK     |
| Number of paths above max Net budgeting (0.403ns)         | 0         | 0      | OK     |
+-----------------------------------------------------------+-----------+--------+--------+


================================================================
== RTL Synthesis Timing Paths
================================================================
* Timing was met
+-------+-------+--------------------+----------------------------------------------------------------------------------------------------+--------------+------------+----------------+----------------+--------------+
| Path  | SLACK | STARTPOINT PIN     | ENDPOINT PIN                                                                                       | LOGIC LEVELS | MAX FANOUT | DATAPATH DELAY | DATAPATH LOGIC | DATAPATH NET |
|       |       |                    |                                                                                                    |              |            |                |          DELAY |        DELAY |
+-------+-------+--------------------+----------------------------------------------------------------------------------------------------+--------------+------------+----------------+----------------+--------------+
| Path1 | 0.772 | ap_CS_fsm_reg[0]/C | mac_muladd_8s_8s_16ns_16_4_1_U1/matrix_mult_mac_muladd_8s_8s_16ns_16_4_1_DSP48_0_U/p_reg_reg/C[0]  |            1 |         66 |          2.443 |          0.813 |        1.630 |
| Path2 | 0.772 | ap_CS_fsm_reg[0]/C | mac_muladd_8s_8s_16ns_16_4_1_U1/matrix_mult_mac_muladd_8s_8s_16ns_16_4_1_DSP48_0_U/p_reg_reg/C[10] |            1 |         66 |          2.443 |          0.813 |        1.630 |
| Path3 | 0.772 | ap_CS_fsm_reg[0]/C | mac_muladd_8s_8s_16ns_16_4_1_U1/matrix_mult_mac_muladd_8s_8s_16ns_16_4_1_DSP48_0_U/p_reg_reg/C[11] |            1 |         66 |          2.443 |          0.813 |        1.630 |
| Path4 | 0.772 | ap_CS_fsm_reg[0]/C | mac_muladd_8s_8s_16ns_16_4_1_U1/matrix_mult_mac_muladd_8s_8s_16ns_16_4_1_DSP48_0_U/p_reg_reg/C[12] |            1 |         66 |          2.443 |          0.813 |        1.630 |
| Path5 | 0.772 | ap_CS_fsm_reg[0]/C | mac_muladd_8s_8s_16ns_16_4_1_U1/matrix_mult_mac_muladd_8s_8s_16ns_16_4_1_DSP48_0_U/p_reg_reg/C[13] |            1 |         66 |          2.443 |          0.813 |        1.630 |
+-------+-------+--------------------+----------------------------------------------------------------------------------------------------+--------------+------------+----------------+----------------+--------------+

    +---------------------------------------------------------------------------------------------------+----------------------+
    | Path1 Cells                                                                                       | Primitive Type       |
    +---------------------------------------------------------------------------------------------------+----------------------+
    | ap_CS_fsm_reg[0]                                                                                  | FLOP_LATCH.flop.FDSE |
    | mac_muladd_8s_8s_16ns_16_4_1_U1/matrix_mult_mac_muladd_8s_8s_16ns_16_4_1_DSP48_0_U/p_reg_reg_i_16 | LUT.others.LUT5      |
    | mac_muladd_8s_8s_16ns_16_4_1_U1/matrix_mult_mac_muladd_8s_8s_16ns_16_4_1_DSP48_0_U/p_reg_reg      | MULT.dsp.DSP48E1     |
    +---------------------------------------------------------------------------------------------------+----------------------+

    +--------------------------------------------------------------------------------------------------+----------------------+
    | Path2 Cells                                                                                      | Primitive Type       |
    +--------------------------------------------------------------------------------------------------+----------------------+
    | ap_CS_fsm_reg[0]                                                                                 | FLOP_LATCH.flop.FDSE |
    | mac_muladd_8s_8s_16ns_16_4_1_U1/matrix_mult_mac_muladd_8s_8s_16ns_16_4_1_DSP48_0_U/p_reg_reg_i_6 | LUT.others.LUT5      |
    | mac_muladd_8s_8s_16ns_16_4_1_U1/matrix_mult_mac_muladd_8s_8s_16ns_16_4_1_DSP48_0_U/p_reg_reg     | MULT.dsp.DSP48E1     |
    +--------------------------------------------------------------------------------------------------+----------------------+

    +--------------------------------------------------------------------------------------------------+----------------------+
    | Path3 Cells                                                                                      | Primitive Type       |
    +--------------------------------------------------------------------------------------------------+----------------------+
    | ap_CS_fsm_reg[0]                                                                                 | FLOP_LATCH.flop.FDSE |
    | mac_muladd_8s_8s_16ns_16_4_1_U1/matrix_mult_mac_muladd_8s_8s_16ns_16_4_1_DSP48_0_U/p_reg_reg_i_5 | LUT.others.LUT5      |
    | mac_muladd_8s_8s_16ns_16_4_1_U1/matrix_mult_mac_muladd_8s_8s_16ns_16_4_1_DSP48_0_U/p_reg_reg     | MULT.dsp.DSP48E1     |
    +--------------------------------------------------------------------------------------------------+----------------------+

    +--------------------------------------------------------------------------------------------------+----------------------+
    | Path4 Cells                                                                                      | Primitive Type       |
    +--------------------------------------------------------------------------------------------------+----------------------+
    | ap_CS_fsm_reg[0]                                                                                 | FLOP_LATCH.flop.FDSE |
    | mac_muladd_8s_8s_16ns_16_4_1_U1/matrix_mult_mac_muladd_8s_8s_16ns_16_4_1_DSP48_0_U/p_reg_reg_i_4 | LUT.others.LUT5      |
    | mac_muladd_8s_8s_16ns_16_4_1_U1/matrix_mult_mac_muladd_8s_8s_16ns_16_4_1_DSP48_0_U/p_reg_reg     | MULT.dsp.DSP48E1     |
    +--------------------------------------------------------------------------------------------------+----------------------+

    +--------------------------------------------------------------------------------------------------+----------------------+
    | Path5 Cells                                                                                      | Primitive Type       |
    +--------------------------------------------------------------------------------------------------+----------------------+
    | ap_CS_fsm_reg[0]                                                                                 | FLOP_LATCH.flop.FDSE |
    | mac_muladd_8s_8s_16ns_16_4_1_U1/matrix_mult_mac_muladd_8s_8s_16ns_16_4_1_DSP48_0_U/p_reg_reg_i_3 | LUT.others.LUT5      |
    | mac_muladd_8s_8s_16ns_16_4_1_U1/matrix_mult_mac_muladd_8s_8s_16ns_16_4_1_DSP48_0_U/p_reg_reg     | MULT.dsp.DSP48E1     |
    +--------------------------------------------------------------------------------------------------+----------------------+


================================================================
== RTL Synthesis Vivado Reports
================================================================
+--------------------------+--------------------------------------------------------------------+
| Report Type              | Report Location                                                    |
+--------------------------+--------------------------------------------------------------------+
| design_analysis          | impl/verilog/report/matrix_mult_design_analysis_synth.rpt          |
| failfast                 | impl/verilog/report/matrix_mult_failfast_synth.rpt                 |
| timing                   | impl/verilog/report/matrix_mult_timing_synth.rpt                   |
| timing_paths             | impl/verilog/report/matrix_mult_timing_paths_synth.rpt             |
| utilization              | impl/verilog/report/matrix_mult_utilization_synth.rpt              |
| utilization_hierarchical | impl/verilog/report/matrix_mult_utilization_hierarchical_synth.rpt |
+--------------------------+--------------------------------------------------------------------+


