================================================================
== Vivado RTL Synthesis Results
================================================================
+ General Information:
    * Date:            Mon May 25 15:35:16 +0700 2026
    * Version:         2022.2 (Build 3670227 on Oct 13 2022)
    * Project:         matrix_mult_prj
    * Solution:        solution1 (Vivado IP Flow Target)
    * Product family:  zynq
    * Target device:   xc7z020-clg484-1


================================================================
== Run Constraints & Options
================================================================
+ Design Constraints & Options:
    * RTL Synthesis target clock:  5 ns
    * C-Synthesis target clock:    5 ns
    * C-Synthesis uncertainty:     27%

+ RTL Synthesis Options:
    * config_export -vivado_synth_strategy:     default
    * config_export -vivado_synth_design_args:  -directive sdx_optimization_effort_high

+ Reporting Options:
    * config_export -vivado_report_level:      2
    * config_export -vivado_max_timing_paths:  10


================================================================
== RTL Synthesis Resource Summary
================================================================
LUT:              104
FF:               161
DSP:              5
BRAM:             0
URAM:             0
SRL:              0


================================================================
== RTL Synthesis Timing Summary
================================================================
* Timing was met
+------------+-------------+
| Timing     | Period (ns) |
+------------+-------------+
| Target     | 5.000       |
| Post-Route | 3.191       |
+------------+-------------+


================================================================
== RTL Synthesis Resources
================================================================
+-----------------------------------+-----+-----+-----+------+------+-----+--------+-------+---------+------------+--------------------+
| Name                              | LUT | FF  | DSP | BRAM | URAM | SRL | Pragma | Impl  | Latency | Variable   | Source             |
+-----------------------------------+-----+-----+-----+------+------+-----+--------+-------+---------+------------+--------------------+
| inst                              | 104 | 161 | 5   |      |      |     |        |       |         |            |                    |
|   (inst)                          | 81  | 160 | 1   |      |      |     |        |       |         |            |                    |
|   flow_control_loop_pipe_U        | 20  | 1   |     |      |      |     |        |       |         |            |                    |
|   mac_muladd_8s_8s_16ns_16_4_1_U5 | 1   |     | 1   |      |      |     |        |       |         |            |                    |
|     bind_op mul                   |     |     |     |      |      |     |        | dsp48 | 3       | mul_ln16_2 | matrix_mult.cpp:16 |
|     bind_op add                   |     |     |     |      |      |     |        | dsp48 | 3       | add_ln16_2 | matrix_mult.cpp:16 |
|   mac_muladd_8s_8s_16s_16_4_1_U3  | 1   |     | 1   |      |      |     |        |       |         |            |                    |
|     bind_op mul                   |     |     |     |      |      |     |        | dsp48 | 3       | mul_ln16_4 | matrix_mult.cpp:16 |
|     bind_op add                   |     |     |     |      |      |     |        | dsp48 | 3       | add_ln16_1 | matrix_mult.cpp:16 |
|   mac_muladd_8s_8s_16s_16_4_1_U4  | 1   |     | 1   |      |      |     |        |       |         |            |                    |
|     bind_op mul                   |     |     |     |      |      |     |        | dsp48 | 3       | mul_ln16   | matrix_mult.cpp:16 |
|     bind_op add                   |     |     |     |      |      |     |        | dsp48 | 3       | add_ln16   | matrix_mult.cpp:16 |
|   mul_8s_8s_16_3_1_U1             |     |     | 1   |      |      |     |        |       |         |            |                    |
|     bind_op mul                   |     |     |     |      |      |     |        | dsp   | 2       | mul_ln16_3 | matrix_mult.cpp:16 |
+-----------------------------------+-----+-----+-----+------+------+-----+--------+-------+---------+------------+--------------------+


================================================================
== RTL Synthesis Fail Fast
================================================================
+-----------------------------------------------------------+-----------+--------+--------+
| Criteria                                                  | Guideline | Actual | Status |
+-----------------------------------------------------------+-----------+--------+--------+
| LUT                                                       | 70%       | 0.20%  | OK     |
| FD                                                        | 50%       | 0.15%  | OK     |
| LUTRAM+SRL                                                | 25%       | 0.00%  | OK     |
| MUXF7                                                     | 15%       | 0.00%  | OK     |
| DSP                                                       | 80%       | 2.27%  | OK     |
| RAMB/FIFO                                                 | 80%       | 0.00%  | OK     |
| DSP+RAMB+URAM (Avg)                                       | 70%       | 2.27%  | OK     |
| BUFGCE* + BUFGCTRL                                        | 24        | 0      | OK     |
| DONT_TOUCH (cells/nets)                                   | 0         | 0      | OK     |
| MARK_DEBUG (nets)                                         | 0         | 0      | OK     |
| Control Sets                                              | 998       | 13     | OK     |
| Average Fanout for modules > 100k cells                   | 4         | 0      | OK     |
| Non-FD high fanout nets > 10k loads                       | 0         | 0      | OK     |
+-----------------------------------------------------------+-----------+--------+--------+
| TIMING-6 (No common primary clock between related clocks) | 0         | 0      | OK     |
| TIMING-7 (No common node between related clocks)          | 0         | 0      | OK     |
| TIMING-8 (No common period between related clocks)        | 0         | 0      | OK     |
| TIMING-14 (LUT on the clock tree)                         | 0         | 0      | OK     |
| TIMING-35 (No common node in paths with the same clock)   | 0         | 0      | OK     |
+-----------------------------------------------------------+-----------+--------+--------+
| Number of paths above max LUT budgeting (0.575ns)         | 0         | 0      | OK     |
| Number of paths above max Net budgeting (0.403ns)         | 0         | 0      | OK     |
+-----------------------------------------------------------+-----------+--------+--------+


================================================================
== RTL Synthesis Timing Paths
================================================================
* Timing was met
+-------+-------+------------------------------------------+----------------------------------------+--------------+------------+----------------+----------------+--------------+
| Path  | SLACK | STARTPOINT PIN                           | ENDPOINT PIN                           | LOGIC LEVELS | MAX FANOUT | DATAPATH DELAY | DATAPATH LOGIC | DATAPATH NET |
|       |       |                                          |                                        |              |            |                |          DELAY |        DELAY |
+-------+-------+------------------------------------------+----------------------------------------+--------------+------------+----------------+----------------+--------------+
| Path1 | 1.809 | icmp_ln10_reg_554_pp0_iter2_reg_reg[0]/C | ap_loop_exit_ready_pp0_iter1_reg_reg/R |            1 |          3 |          2.583 |          0.813 |        1.770 |
| Path2 | 1.809 | icmp_ln10_reg_554_pp0_iter2_reg_reg[0]/C | ap_loop_exit_ready_pp0_iter2_reg_reg/R |            1 |          3 |          2.583 |          0.813 |        1.770 |
| Path3 | 1.809 | icmp_ln10_reg_554_pp0_iter2_reg_reg[0]/C | ap_loop_exit_ready_pp0_iter3_reg_reg/R |            1 |          3 |          2.583 |          0.813 |        1.770 |
| Path4 | 1.919 | ap_CS_fsm_reg[0]/C                       | i_fu_74_reg[0]/R                       |            1 |         60 |          2.473 |          0.837 |        1.636 |
| Path5 | 1.919 | ap_CS_fsm_reg[0]/C                       | i_fu_74_reg[1]/R                       |            1 |         60 |          2.473 |          0.837 |        1.636 |
+-------+-------+------------------------------------------+----------------------------------------+--------------+------------+----------------+----------------+--------------+

    +----------------------------------------+----------------------+
    | Path1 Cells                            | Primitive Type       |
    +----------------------------------------+----------------------+
    | icmp_ln10_reg_554_pp0_iter2_reg_reg[0] | FLOP_LATCH.flop.FDRE |
    | ap_loop_exit_ready_pp0_iter1_reg_i_1   | LUT.others.LUT6      |
    | ap_loop_exit_ready_pp0_iter1_reg_reg   | FLOP_LATCH.flop.FDRE |
    +----------------------------------------+----------------------+

    +----------------------------------------+----------------------+
    | Path2 Cells                            | Primitive Type       |
    +----------------------------------------+----------------------+
    | icmp_ln10_reg_554_pp0_iter2_reg_reg[0] | FLOP_LATCH.flop.FDRE |
    | ap_loop_exit_ready_pp0_iter1_reg_i_1   | LUT.others.LUT6      |
    | ap_loop_exit_ready_pp0_iter2_reg_reg   | FLOP_LATCH.flop.FDRE |
    +----------------------------------------+----------------------+

    +----------------------------------------+----------------------+
    | Path3 Cells                            | Primitive Type       |
    +----------------------------------------+----------------------+
    | icmp_ln10_reg_554_pp0_iter2_reg_reg[0] | FLOP_LATCH.flop.FDRE |
    | ap_loop_exit_ready_pp0_iter1_reg_i_1   | LUT.others.LUT6      |
    | ap_loop_exit_ready_pp0_iter3_reg_reg   | FLOP_LATCH.flop.FDRE |
    +----------------------------------------+----------------------+

    +-----------------------------------------+----------------------+
    | Path4 Cells                             | Primitive Type       |
    +-----------------------------------------+----------------------+
    | ap_CS_fsm_reg[0]                        | FLOP_LATCH.flop.FDSE |
    | flow_control_loop_pipe_U/j_fu_70[2]_i_1 | LUT.others.LUT3      |
    | i_fu_74_reg[0]                          | FLOP_LATCH.flop.FDRE |
    +-----------------------------------------+----------------------+

    +-----------------------------------------+----------------------+
    | Path5 Cells                             | Primitive Type       |
    +-----------------------------------------+----------------------+
    | ap_CS_fsm_reg[0]                        | FLOP_LATCH.flop.FDSE |
    | flow_control_loop_pipe_U/j_fu_70[2]_i_1 | LUT.others.LUT3      |
    | i_fu_74_reg[1]                          | FLOP_LATCH.flop.FDRE |
    +-----------------------------------------+----------------------+


================================================================
== RTL Synthesis Vivado Reports
================================================================
+--------------------------+--------------------------------------------------------------------+
| Report Type              | Report Location                                                    |
+--------------------------+--------------------------------------------------------------------+
| design_analysis          | impl/verilog/report/matrix_mult_design_analysis_synth.rpt          |
| failfast                 | impl/verilog/report/matrix_mult_failfast_synth.rpt                 |
| timing                   | impl/verilog/report/matrix_mult_timing_synth.rpt                   |
| timing_paths             | impl/verilog/report/matrix_mult_timing_paths_synth.rpt             |
| utilization              | impl/verilog/report/matrix_mult_utilization_synth.rpt              |
| utilization_hierarchical | impl/verilog/report/matrix_mult_utilization_hierarchical_synth.rpt |
+--------------------------+--------------------------------------------------------------------+


